[2025-03-19T11:42:48.496+0000] {taskinstance.py:1157} INFO - Dependencies all met for dep_context=non-requeueable deps ti=<TaskInstance: fraud_detection_pipeline.load_data_hive scheduled__2023-10-04T07:00:00+00:00 [queued]>
[2025-03-19T11:42:48.514+0000] {taskinstance.py:1157} INFO - Dependencies all met for dep_context=requeueable deps ti=<TaskInstance: fraud_detection_pipeline.load_data_hive scheduled__2023-10-04T07:00:00+00:00 [queued]>
[2025-03-19T11:42:48.515+0000] {taskinstance.py:1359} INFO - Starting attempt 2 of 2
[2025-03-19T11:42:48.547+0000] {taskinstance.py:1380} INFO - Executing <Task(BashOperator): load_data_hive> on 2023-10-04 07:00:00+00:00
[2025-03-19T11:42:48.555+0000] {standard_task_runner.py:57} INFO - Started process 7617 to run task
[2025-03-19T11:42:48.560+0000] {standard_task_runner.py:84} INFO - Running: ['***', 'tasks', 'run', 'fraud_detection_pipeline', 'load_data_hive', 'scheduled__2023-10-04T07:00:00+00:00', '--job-id', '277', '--raw', '--subdir', 'DAGS_FOLDER/dag_1.py', '--cfg-path', '/tmp/tmpd1tzrz80']
[2025-03-19T11:42:48.564+0000] {standard_task_runner.py:85} INFO - Job 277: Subtask load_data_hive
[2025-03-19T11:42:48.659+0000] {task_command.py:415} INFO - Running <TaskInstance: fraud_detection_pipeline.load_data_hive scheduled__2023-10-04T07:00:00+00:00 [running]> on host 0009f5fb76aa
[2025-03-19T11:42:48.816+0000] {taskinstance.py:1660} INFO - Exporting env vars: AIRFLOW_CTX_DAG_OWNER='***' AIRFLOW_CTX_DAG_ID='fraud_detection_pipeline' AIRFLOW_CTX_TASK_ID='load_data_hive' AIRFLOW_CTX_EXECUTION_DATE='2023-10-04T07:00:00+00:00' AIRFLOW_CTX_TRY_NUMBER='2' AIRFLOW_CTX_DAG_RUN_ID='scheduled__2023-10-04T07:00:00+00:00'
[2025-03-19T11:42:48.821+0000] {subprocess.py:63} INFO - Tmp dir root location: /tmp
[2025-03-19T11:42:48.822+0000] {subprocess.py:75} INFO - Running command: ['/bin/bash', '-c', 'hive -f /path/to/hive_script.hql']
[2025-03-19T11:42:48.838+0000] {subprocess.py:86} INFO - Output:
[2025-03-19T11:42:48.840+0000] {subprocess.py:93} INFO - /bin/bash: line 1: hive: command not found
[2025-03-19T11:42:48.842+0000] {subprocess.py:97} INFO - Command exited with return code 127
[2025-03-19T11:42:48.860+0000] {taskinstance.py:1935} ERROR - Task failed with exception
Traceback (most recent call last):
  File "/home/airflow/.local/lib/python3.8/site-packages/airflow/operators/bash.py", line 210, in execute
    raise AirflowException(
airflow.exceptions.AirflowException: Bash command failed. The command returned a non-zero exit code 127.
[2025-03-19T11:42:48.869+0000] {taskinstance.py:1398} INFO - Marking task as FAILED. dag_id=fraud_detection_pipeline, task_id=load_data_hive, execution_date=20231004T070000, start_date=20250319T114248, end_date=20250319T114248
[2025-03-19T11:42:48.900+0000] {standard_task_runner.py:104} ERROR - Failed to execute job 277 for task load_data_hive (Bash command failed. The command returned a non-zero exit code 127.; 7617)
[2025-03-19T11:42:48.947+0000] {local_task_job_runner.py:228} INFO - Task exited with return code 1
[2025-03-19T11:42:49.063+0000] {taskinstance.py:2776} INFO - 0 downstream tasks scheduled from follow-on schedule check
