[2025-03-19T15:07:55.789+0000] {taskinstance.py:1157} INFO - Dependencies all met for dep_context=non-requeueable deps ti=<TaskInstance: fraud_detection_pipeline.store_data_hdfs scheduled__2023-10-02T09:00:00+00:00 [queued]>
[2025-03-19T15:07:55.806+0000] {taskinstance.py:1157} INFO - Dependencies all met for dep_context=requeueable deps ti=<TaskInstance: fraud_detection_pipeline.store_data_hdfs scheduled__2023-10-02T09:00:00+00:00 [queued]>
[2025-03-19T15:07:55.807+0000] {taskinstance.py:1359} INFO - Starting attempt 1 of 2
[2025-03-19T15:07:55.835+0000] {taskinstance.py:1380} INFO - Executing <Task(BashOperator): store_data_hdfs> on 2023-10-02 09:00:00+00:00
[2025-03-19T15:07:55.843+0000] {standard_task_runner.py:57} INFO - Started process 7378 to run task
[2025-03-19T15:07:55.852+0000] {standard_task_runner.py:84} INFO - Running: ['***', 'tasks', 'run', 'fraud_detection_pipeline', 'store_data_hdfs', 'scheduled__2023-10-02T09:00:00+00:00', '--job-id', '1176', '--raw', '--subdir', 'DAGS_FOLDER/dag_1.py', '--cfg-path', '/tmp/tmpmf2pnu8b']
[2025-03-19T15:07:55.861+0000] {standard_task_runner.py:85} INFO - Job 1176: Subtask store_data_hdfs
[2025-03-19T15:07:55.960+0000] {task_command.py:415} INFO - Running <TaskInstance: fraud_detection_pipeline.store_data_hdfs scheduled__2023-10-02T09:00:00+00:00 [running]> on host 0009f5fb76aa
[2025-03-19T15:07:56.125+0000] {taskinstance.py:1660} INFO - Exporting env vars: AIRFLOW_CTX_DAG_OWNER='***' AIRFLOW_CTX_DAG_ID='fraud_detection_pipeline' AIRFLOW_CTX_TASK_ID='store_data_hdfs' AIRFLOW_CTX_EXECUTION_DATE='2023-10-02T09:00:00+00:00' AIRFLOW_CTX_TRY_NUMBER='1' AIRFLOW_CTX_DAG_RUN_ID='scheduled__2023-10-02T09:00:00+00:00'
[2025-03-19T15:07:56.130+0000] {subprocess.py:63} INFO - Tmp dir root location: /tmp
[2025-03-19T15:07:56.131+0000] {subprocess.py:75} INFO - Running command: ['/bin/bash', '-c', 'docker cp /tmp/transactions.json namenode:/tmp/transactions.json && docker cp /tmp/customers.json namenode:/tmp/customers.json && docker cp /tmp/external_data.json namenode:/tmp/external_data.json && docker exec namenode bash -c "hdfs dfs -mkdir -p /data && hdfs dfs -put -f /tmp/transactions.json /data/transactions/transactions.json && hdfs dfs -put -f /tmp/customers.json /data/customers/customers.json && hdfs dfs -put -f /tmp/external_data.json /data/external_data/external_data.json  "']
[2025-03-19T15:07:56.149+0000] {subprocess.py:86} INFO - Output:
[2025-03-19T15:08:04.656+0000] {subprocess.py:93} INFO - put: `/data/transactions/transactions.json': No such file or directory: `hdfs://namenode:9000/data/transactions/transactions.json'
[2025-03-19T15:08:05.232+0000] {subprocess.py:97} INFO - Command exited with return code 1
[2025-03-19T15:08:05.250+0000] {taskinstance.py:1935} ERROR - Task failed with exception
Traceback (most recent call last):
  File "/home/airflow/.local/lib/python3.8/site-packages/airflow/operators/bash.py", line 210, in execute
    raise AirflowException(
airflow.exceptions.AirflowException: Bash command failed. The command returned a non-zero exit code 1.
[2025-03-19T15:08:05.255+0000] {taskinstance.py:1398} INFO - Marking task as UP_FOR_RETRY. dag_id=fraud_detection_pipeline, task_id=store_data_hdfs, execution_date=20231002T090000, start_date=20250319T150755, end_date=20250319T150805
[2025-03-19T15:08:05.283+0000] {standard_task_runner.py:104} ERROR - Failed to execute job 1176 for task store_data_hdfs (Bash command failed. The command returned a non-zero exit code 1.; 7378)
[2025-03-19T15:08:05.292+0000] {local_task_job_runner.py:228} INFO - Task exited with return code 1
[2025-03-19T15:08:05.324+0000] {taskinstance.py:2776} INFO - 0 downstream tasks scheduled from follow-on schedule check
[2025-03-19T21:26:08.154+0000] {taskinstance.py:1157} INFO - Dependencies all met for dep_context=non-requeueable deps ti=<TaskInstance: fraud_detection_pipeline.store_data_hdfs scheduled__2023-10-02T09:00:00+00:00 [queued]>
[2025-03-19T21:26:08.203+0000] {taskinstance.py:1157} INFO - Dependencies all met for dep_context=requeueable deps ti=<TaskInstance: fraud_detection_pipeline.store_data_hdfs scheduled__2023-10-02T09:00:00+00:00 [queued]>
[2025-03-19T21:26:08.204+0000] {taskinstance.py:1359} INFO - Starting attempt 1 of 1
[2025-03-19T21:26:08.297+0000] {taskinstance.py:1380} INFO - Executing <Task(BashOperator): store_data_hdfs> on 2023-10-02 09:00:00+00:00
[2025-03-19T21:26:08.317+0000] {standard_task_runner.py:57} INFO - Started process 10035 to run task
[2025-03-19T21:26:08.345+0000] {standard_task_runner.py:84} INFO - Running: ['***', 'tasks', 'run', 'fraud_detection_pipeline', 'store_data_hdfs', 'scheduled__2023-10-02T09:00:00+00:00', '--job-id', '3424', '--raw', '--subdir', 'DAGS_FOLDER/dag_1.py', '--cfg-path', '/tmp/tmpqwkjktv2']
[2025-03-19T21:26:08.353+0000] {standard_task_runner.py:85} INFO - Job 3424: Subtask store_data_hdfs
[2025-03-19T21:26:08.627+0000] {task_command.py:415} INFO - Running <TaskInstance: fraud_detection_pipeline.store_data_hdfs scheduled__2023-10-02T09:00:00+00:00 [running]> on host 445fc0f18383
[2025-03-19T21:26:08.982+0000] {taskinstance.py:1660} INFO - Exporting env vars: AIRFLOW_CTX_DAG_OWNER='***' AIRFLOW_CTX_DAG_ID='fraud_detection_pipeline' AIRFLOW_CTX_TASK_ID='store_data_hdfs' AIRFLOW_CTX_EXECUTION_DATE='2023-10-02T09:00:00+00:00' AIRFLOW_CTX_TRY_NUMBER='1' AIRFLOW_CTX_DAG_RUN_ID='scheduled__2023-10-02T09:00:00+00:00'
[2025-03-19T21:26:08.996+0000] {subprocess.py:63} INFO - Tmp dir root location: /tmp
[2025-03-19T21:26:09.004+0000] {subprocess.py:75} INFO - Running command: ['/bin/bash', '-c', 'docker cp /tmp/transactions.csv namenode:/tmp/transactions.csv && docker cp /tmp/customers.csv namenode:/tmp/customers.csv && docker cp /tmp/external_data.csv namenode:/tmp/external_data.csv && docker exec namenode bash -c "hdfs dfs -mkdir -p /data/transactions && hdfs dfs -mkdir -p /data/customers && hdfs dfs -mkdir -p /data/external_data && hdfs dfs -put -f /tmp/transactions.csv /data/transactions/transactions.csv && hdfs dfs -put -f /tmp/customers.csv /data/customers/customers.csv && hdfs dfs -put -f /tmp/external_data.csv /data/external_data/external_data.csv && rm -rf /tmp/transactions.csv /tmp/customers.csv /tmp/external_data.csv"']
[2025-03-19T21:26:09.043+0000] {subprocess.py:86} INFO - Output:
[2025-03-19T21:26:58.937+0000] {subprocess.py:93} INFO - put: `/tmp/transactions.csv': No such file or directory
[2025-03-19T21:26:59.445+0000] {subprocess.py:97} INFO - Command exited with return code 1
[2025-03-19T21:26:59.459+0000] {taskinstance.py:1935} ERROR - Task failed with exception
Traceback (most recent call last):
  File "/home/airflow/.local/lib/python3.8/site-packages/airflow/operators/bash.py", line 210, in execute
    raise AirflowException(
airflow.exceptions.AirflowException: Bash command failed. The command returned a non-zero exit code 1.
[2025-03-19T21:26:59.465+0000] {taskinstance.py:1398} INFO - Marking task as FAILED. dag_id=fraud_detection_pipeline, task_id=store_data_hdfs, execution_date=20231002T090000, start_date=20250319T212608, end_date=20250319T212659
[2025-03-19T21:26:59.482+0000] {standard_task_runner.py:104} ERROR - Failed to execute job 3424 for task store_data_hdfs (Bash command failed. The command returned a non-zero exit code 1.; 10035)
[2025-03-19T21:26:59.503+0000] {local_task_job_runner.py:228} INFO - Task exited with return code 1
[2025-03-19T21:26:59.529+0000] {taskinstance.py:2776} INFO - 0 downstream tasks scheduled from follow-on schedule check
