[2025-03-22T19:40:46.535+0000] {taskinstance.py:1157} INFO - Dependencies all met for dep_context=non-requeueable deps ti=<TaskInstance: fraud_detection_pipeline.store_data_hdfs manual__2025-03-22T19:40:34+00:00 [queued]>
[2025-03-22T19:40:46.546+0000] {taskinstance.py:1157} INFO - Dependencies all met for dep_context=requeueable deps ti=<TaskInstance: fraud_detection_pipeline.store_data_hdfs manual__2025-03-22T19:40:34+00:00 [queued]>
[2025-03-22T19:40:46.547+0000] {taskinstance.py:1359} INFO - Starting attempt 1 of 4
[2025-03-22T19:40:46.566+0000] {taskinstance.py:1380} INFO - Executing <Task(BashOperator): store_data_hdfs> on 2025-03-22 19:40:34+00:00
[2025-03-22T19:40:46.572+0000] {standard_task_runner.py:57} INFO - Started process 1070 to run task
[2025-03-22T19:40:46.576+0000] {standard_task_runner.py:84} INFO - Running: ['***', 'tasks', 'run', 'fraud_detection_pipeline', 'store_data_hdfs', 'manual__2025-03-22T19:40:34+00:00', '--job-id', '37', '--raw', '--subdir', 'DAGS_FOLDER/dag_1.py', '--cfg-path', '/tmp/tmpnxnhsjum']
[2025-03-22T19:40:46.579+0000] {standard_task_runner.py:85} INFO - Job 37: Subtask store_data_hdfs
[2025-03-22T19:40:46.638+0000] {task_command.py:415} INFO - Running <TaskInstance: fraud_detection_pipeline.store_data_hdfs manual__2025-03-22T19:40:34+00:00 [running]> on host c18b752134e7
[2025-03-22T19:40:46.723+0000] {taskinstance.py:1660} INFO - Exporting env vars: AIRFLOW_CTX_DAG_EMAIL='abelchaguermohamed@gmail.com' AIRFLOW_CTX_DAG_OWNER='***' AIRFLOW_CTX_DAG_ID='fraud_detection_pipeline' AIRFLOW_CTX_TASK_ID='store_data_hdfs' AIRFLOW_CTX_EXECUTION_DATE='2025-03-22T19:40:34+00:00' AIRFLOW_CTX_TRY_NUMBER='1' AIRFLOW_CTX_DAG_RUN_ID='manual__2025-03-22T19:40:34+00:00'
[2025-03-22T19:40:46.725+0000] {subprocess.py:63} INFO - Tmp dir root location: /tmp
[2025-03-22T19:40:46.726+0000] {subprocess.py:75} INFO - Running command: ['/bin/bash', '-c', 'docker cp /tmp/transactions.csv namenode:/tmp/transactions.csv && docker cp /tmp/customers.csv namenode:/tmp/customers.csv && docker cp /tmp/external_data.csv namenode:/tmp/external_data.csv && docker exec namenode bash -c "hdfs dfs -mkdir -p /data/transactions && hdfs dfs -mkdir -p /data/customers && hdfs dfs -mkdir -p /data/external_data && hdfs dfs -put -f /tmp/transactions.csv /data/transactions/transactions.csv && hdfs dfs -put -f /tmp/customers.csv /data/customers/customers.csv && hdfs dfs -put -f /tmp/external_data.csv /data/external_data/external_data.csv && rm -rf /tmp/transactions.csv /tmp/customers.csv /tmp/external_data.csv"']
[2025-03-22T19:40:46.736+0000] {subprocess.py:86} INFO - Output:
[2025-03-22T19:40:55.874+0000] {subprocess.py:93} INFO - 2025-03-22 19:40:55,871 INFO sasl.SaslDataTransferClient: SASL encryption trust check: localHostTrusted = false, remoteHostTrusted = false
[2025-03-22T19:40:57.900+0000] {subprocess.py:93} INFO - 2025-03-22 19:40:57,898 INFO sasl.SaslDataTransferClient: SASL encryption trust check: localHostTrusted = false, remoteHostTrusted = false
[2025-03-22T19:41:00.217+0000] {subprocess.py:93} INFO - 2025-03-22 19:41:00,214 INFO sasl.SaslDataTransferClient: SASL encryption trust check: localHostTrusted = false, remoteHostTrusted = false
[2025-03-22T19:41:00.887+0000] {subprocess.py:97} INFO - Command exited with return code 0
[2025-03-22T19:41:00.916+0000] {taskinstance.py:1398} INFO - Marking task as SUCCESS. dag_id=fraud_detection_pipeline, task_id=store_data_hdfs, execution_date=20250322T194034, start_date=20250322T194046, end_date=20250322T194100
[2025-03-22T19:41:00.930+0000] {logging_mixin.py:151} WARNING - /home/***/.local/lib/python3.8/site-packages/***/utils/email.py:154 RemovedInAirflow3Warning: Fetching SMTP credentials from configuration variables will be deprecated in a future release. Please set credentials using a connection instead.
[2025-03-22T19:41:00.931+0000] {email.py:270} INFO - Email alerting: attempt 1
[2025-03-22T19:41:01.751+0000] {email.py:282} INFO - Sent an alert email to ['abelchaguermohamed@gmail.com']
[2025-03-22T19:41:02.775+0000] {local_task_job_runner.py:228} INFO - Task exited with return code 0
[2025-03-22T19:41:02.833+0000] {taskinstance.py:2776} INFO - 0 downstream tasks scheduled from follow-on schedule check
