[2025-03-19T21:26:07.069+0000] {taskinstance.py:1157} INFO - Dependencies all met for dep_context=non-requeueable deps ti=<TaskInstance: fraud_detection_pipeline.store_data_hdfs scheduled__2023-10-02T07:30:00+00:00 [queued]>
[2025-03-19T21:26:07.123+0000] {taskinstance.py:1157} INFO - Dependencies all met for dep_context=requeueable deps ti=<TaskInstance: fraud_detection_pipeline.store_data_hdfs scheduled__2023-10-02T07:30:00+00:00 [queued]>
[2025-03-19T21:26:07.124+0000] {taskinstance.py:1359} INFO - Starting attempt 1 of 1
[2025-03-19T21:26:07.178+0000] {taskinstance.py:1380} INFO - Executing <Task(BashOperator): store_data_hdfs> on 2023-10-02 07:30:00+00:00
[2025-03-19T21:26:07.219+0000] {standard_task_runner.py:57} INFO - Started process 10003 to run task
[2025-03-19T21:26:07.227+0000] {standard_task_runner.py:84} INFO - Running: ['***', 'tasks', 'run', 'fraud_detection_pipeline', 'store_data_hdfs', 'scheduled__2023-10-02T07:30:00+00:00', '--job-id', '3421', '--raw', '--subdir', 'DAGS_FOLDER/dag_1.py', '--cfg-path', '/tmp/tmp3twcqp01']
[2025-03-19T21:26:07.248+0000] {standard_task_runner.py:85} INFO - Job 3421: Subtask store_data_hdfs
[2025-03-19T21:26:07.456+0000] {task_command.py:415} INFO - Running <TaskInstance: fraud_detection_pipeline.store_data_hdfs scheduled__2023-10-02T07:30:00+00:00 [running]> on host 445fc0f18383
[2025-03-19T21:26:07.734+0000] {taskinstance.py:1660} INFO - Exporting env vars: AIRFLOW_CTX_DAG_OWNER='***' AIRFLOW_CTX_DAG_ID='fraud_detection_pipeline' AIRFLOW_CTX_TASK_ID='store_data_hdfs' AIRFLOW_CTX_EXECUTION_DATE='2023-10-02T07:30:00+00:00' AIRFLOW_CTX_TRY_NUMBER='1' AIRFLOW_CTX_DAG_RUN_ID='scheduled__2023-10-02T07:30:00+00:00'
[2025-03-19T21:26:07.738+0000] {subprocess.py:63} INFO - Tmp dir root location: /tmp
[2025-03-19T21:26:07.740+0000] {subprocess.py:75} INFO - Running command: ['/bin/bash', '-c', 'docker cp /tmp/transactions.csv namenode:/tmp/transactions.csv && docker cp /tmp/customers.csv namenode:/tmp/customers.csv && docker cp /tmp/external_data.csv namenode:/tmp/external_data.csv && docker exec namenode bash -c "hdfs dfs -mkdir -p /data/transactions && hdfs dfs -mkdir -p /data/customers && hdfs dfs -mkdir -p /data/external_data && hdfs dfs -put -f /tmp/transactions.csv /data/transactions/transactions.csv && hdfs dfs -put -f /tmp/customers.csv /data/customers/customers.csv && hdfs dfs -put -f /tmp/external_data.csv /data/external_data/external_data.csv && rm -rf /tmp/transactions.csv /tmp/customers.csv /tmp/external_data.csv"']
[2025-03-19T21:26:07.777+0000] {subprocess.py:86} INFO - Output:
[2025-03-19T21:26:58.878+0000] {subprocess.py:93} INFO - put: `/tmp/transactions.csv': No such file or directory
[2025-03-19T21:26:59.403+0000] {subprocess.py:97} INFO - Command exited with return code 1
[2025-03-19T21:26:59.417+0000] {taskinstance.py:1935} ERROR - Task failed with exception
Traceback (most recent call last):
  File "/home/airflow/.local/lib/python3.8/site-packages/airflow/operators/bash.py", line 210, in execute
    raise AirflowException(
airflow.exceptions.AirflowException: Bash command failed. The command returned a non-zero exit code 1.
[2025-03-19T21:26:59.421+0000] {taskinstance.py:1398} INFO - Marking task as FAILED. dag_id=fraud_detection_pipeline, task_id=store_data_hdfs, execution_date=20231002T073000, start_date=20250319T212607, end_date=20250319T212659
[2025-03-19T21:26:59.440+0000] {standard_task_runner.py:104} ERROR - Failed to execute job 3421 for task store_data_hdfs (Bash command failed. The command returned a non-zero exit code 1.; 10003)
[2025-03-19T21:26:59.457+0000] {local_task_job_runner.py:228} INFO - Task exited with return code 1
[2025-03-19T21:26:59.483+0000] {taskinstance.py:2776} INFO - 0 downstream tasks scheduled from follow-on schedule check
