[2025-03-19T12:33:37.118+0000] {taskinstance.py:1157} INFO - Dependencies all met for dep_context=non-requeueable deps ti=<TaskInstance: fraud_detection_pipeline.load_data_hive scheduled__2023-10-10T21:00:00+00:00 [queued]>
[2025-03-19T12:33:37.134+0000] {taskinstance.py:1157} INFO - Dependencies all met for dep_context=requeueable deps ti=<TaskInstance: fraud_detection_pipeline.load_data_hive scheduled__2023-10-10T21:00:00+00:00 [queued]>
[2025-03-19T12:33:37.135+0000] {taskinstance.py:1359} INFO - Starting attempt 1 of 2
[2025-03-19T12:33:37.161+0000] {taskinstance.py:1380} INFO - Executing <Task(BashOperator): load_data_hive> on 2023-10-10 21:00:00+00:00
[2025-03-19T12:33:37.170+0000] {standard_task_runner.py:57} INFO - Started process 8342 to run task
[2025-03-19T12:33:37.175+0000] {standard_task_runner.py:84} INFO - Running: ['***', 'tasks', 'run', 'fraud_detection_pipeline', 'load_data_hive', 'scheduled__2023-10-10T21:00:00+00:00', '--job-id', '770', '--raw', '--subdir', 'DAGS_FOLDER/dag_1.py', '--cfg-path', '/tmp/tmpyg19r2_n']
[2025-03-19T12:33:37.181+0000] {standard_task_runner.py:85} INFO - Job 770: Subtask load_data_hive
[2025-03-19T12:33:37.244+0000] {task_command.py:415} INFO - Running <TaskInstance: fraud_detection_pipeline.load_data_hive scheduled__2023-10-10T21:00:00+00:00 [running]> on host 0009f5fb76aa
[2025-03-19T12:33:37.332+0000] {taskinstance.py:1660} INFO - Exporting env vars: AIRFLOW_CTX_DAG_OWNER='***' AIRFLOW_CTX_DAG_ID='fraud_detection_pipeline' AIRFLOW_CTX_TASK_ID='load_data_hive' AIRFLOW_CTX_EXECUTION_DATE='2023-10-10T21:00:00+00:00' AIRFLOW_CTX_TRY_NUMBER='1' AIRFLOW_CTX_DAG_RUN_ID='scheduled__2023-10-10T21:00:00+00:00'
[2025-03-19T12:33:37.334+0000] {subprocess.py:63} INFO - Tmp dir root location: /tmp
[2025-03-19T12:33:37.335+0000] {subprocess.py:75} INFO - Running command: ['/bin/bash', '-c', 'docker exec hive hive -f /home/hive_script.hql']
[2025-03-19T12:33:37.348+0000] {subprocess.py:86} INFO - Output:
[2025-03-19T12:33:39.776+0000] {subprocess.py:93} INFO - SLF4J: Class path contains multiple SLF4J bindings.
[2025-03-19T12:33:39.777+0000] {subprocess.py:93} INFO - SLF4J: Found binding in [jar:file:/opt/hive/lib/log4j-slf4j-impl-2.6.2.jar!/org/slf4j/impl/StaticLoggerBinder.class]
[2025-03-19T12:33:39.778+0000] {subprocess.py:93} INFO - SLF4J: Found binding in [jar:file:/opt/hadoop-2.7.4/share/hadoop/common/lib/slf4j-log4j12-1.7.10.jar!/org/slf4j/impl/StaticLoggerBinder.class]
[2025-03-19T12:33:39.779+0000] {subprocess.py:93} INFO - SLF4J: See http://www.slf4j.org/codes.html#multiple_bindings for an explanation.
[2025-03-19T12:33:39.781+0000] {subprocess.py:93} INFO - SLF4J: Actual binding is of type [org.apache.logging.slf4j.Log4jLoggerFactory]
[2025-03-19T12:33:41.326+0000] {subprocess.py:93} INFO - 
[2025-03-19T12:33:41.327+0000] {subprocess.py:93} INFO - Logging initialized using configuration in file:/opt/hive/conf/hive-log4j2.properties Async: true
[2025-03-19T12:33:51.238+0000] {subprocess.py:93} INFO - OK
[2025-03-19T12:33:51.242+0000] {subprocess.py:93} INFO - Time taken: 8.859 seconds
[2025-03-19T12:33:51.497+0000] {subprocess.py:93} INFO - OK
[2025-03-19T12:33:51.498+0000] {subprocess.py:93} INFO - Time taken: 0.253 seconds
[2025-03-19T12:33:51.532+0000] {subprocess.py:93} INFO - OK
[2025-03-19T12:33:51.533+0000] {subprocess.py:93} INFO - Time taken: 0.033 seconds
[2025-03-19T12:33:51.640+0000] {subprocess.py:97} INFO - Command exited with return code 0
[2025-03-19T12:33:51.675+0000] {taskinstance.py:1398} INFO - Marking task as SUCCESS. dag_id=fraud_detection_pipeline, task_id=load_data_hive, execution_date=20231010T210000, start_date=20250319T123337, end_date=20250319T123351
[2025-03-19T12:33:51.724+0000] {local_task_job_runner.py:228} INFO - Task exited with return code 0
[2025-03-19T12:33:51.752+0000] {taskinstance.py:2776} INFO - 1 downstream tasks scheduled from follow-on schedule check
