[2025-03-19T21:09:19.703+0000] {taskinstance.py:1157} INFO - Dependencies all met for dep_context=non-requeueable deps ti=<TaskInstance: faud_detection_pipeline.load_data_hive scheduled__2023-10-20T04:00:00+00:00 [queued]>
[2025-03-19T21:09:19.715+0000] {taskinstance.py:1157} INFO - Dependencies all met for dep_context=requeueable deps ti=<TaskInstance: faud_detection_pipeline.load_data_hive scheduled__2023-10-20T04:00:00+00:00 [queued]>
[2025-03-19T21:09:19.716+0000] {taskinstance.py:1359} INFO - Starting attempt 1 of 1
[2025-03-19T21:09:19.733+0000] {taskinstance.py:1380} INFO - Executing <Task(BashOperator): load_data_hive> on 2023-10-20 04:00:00+00:00
[2025-03-19T21:09:19.740+0000] {standard_task_runner.py:57} INFO - Started process 2408 to run task
[2025-03-19T21:09:19.745+0000] {standard_task_runner.py:84} INFO - Running: ['***', 'tasks', 'run', 'faud_detection_pipeline', 'load_data_hive', 'scheduled__2023-10-20T04:00:00+00:00', '--job-id', '3030', '--raw', '--subdir', 'DAGS_FOLDER/dag_1.py', '--cfg-path', '/tmp/tmpr99a_7jx']
[2025-03-19T21:09:19.749+0000] {standard_task_runner.py:85} INFO - Job 3030: Subtask load_data_hive
[2025-03-19T21:09:19.821+0000] {task_command.py:415} INFO - Running <TaskInstance: faud_detection_pipeline.load_data_hive scheduled__2023-10-20T04:00:00+00:00 [running]> on host 445fc0f18383
[2025-03-19T21:09:19.967+0000] {taskinstance.py:1660} INFO - Exporting env vars: AIRFLOW_CTX_DAG_OWNER='***' AIRFLOW_CTX_DAG_ID='faud_detection_pipeline' AIRFLOW_CTX_TASK_ID='load_data_hive' AIRFLOW_CTX_EXECUTION_DATE='2023-10-20T04:00:00+00:00' AIRFLOW_CTX_TRY_NUMBER='1' AIRFLOW_CTX_DAG_RUN_ID='scheduled__2023-10-20T04:00:00+00:00'
[2025-03-19T21:09:19.971+0000] {subprocess.py:63} INFO - Tmp dir root location: /tmp
[2025-03-19T21:09:19.973+0000] {subprocess.py:75} INFO - Running command: ['/bin/bash', '-c', 'docker exec hive hive -f /home/hive_script.hql']
[2025-03-19T21:09:19.988+0000] {subprocess.py:86} INFO - Output:
[2025-03-19T21:09:23.320+0000] {subprocess.py:93} INFO - SLF4J: Class path contains multiple SLF4J bindings.
[2025-03-19T21:09:23.323+0000] {subprocess.py:93} INFO - SLF4J: Found binding in [jar:file:/opt/hive/lib/log4j-slf4j-impl-2.6.2.jar!/org/slf4j/impl/StaticLoggerBinder.class]
[2025-03-19T21:09:23.325+0000] {subprocess.py:93} INFO - SLF4J: Found binding in [jar:file:/opt/hadoop-2.7.4/share/hadoop/common/lib/slf4j-log4j12-1.7.10.jar!/org/slf4j/impl/StaticLoggerBinder.class]
[2025-03-19T21:09:23.327+0000] {subprocess.py:93} INFO - SLF4J: See http://www.slf4j.org/codes.html#multiple_bindings for an explanation.
[2025-03-19T21:09:23.329+0000] {subprocess.py:93} INFO - SLF4J: Actual binding is of type [org.apache.logging.slf4j.Log4jLoggerFactory]
[2025-03-19T21:09:26.286+0000] {subprocess.py:93} INFO - 
[2025-03-19T21:09:26.287+0000] {subprocess.py:93} INFO - Logging initialized using configuration in file:/opt/hive/conf/hive-log4j2.properties Async: true
[2025-03-19T21:09:50.281+0000] {subprocess.py:93} INFO - OK
[2025-03-19T21:09:50.299+0000] {subprocess.py:93} INFO - Time taken: 18.839 seconds
[2025-03-19T21:09:51.783+0000] {subprocess.py:93} INFO - OK
[2025-03-19T21:09:51.789+0000] {subprocess.py:93} INFO - Time taken: 1.397 seconds
[2025-03-19T21:09:52.114+0000] {subprocess.py:93} INFO - OK
[2025-03-19T21:09:52.160+0000] {subprocess.py:93} INFO - Time taken: 0.398 seconds
[2025-03-19T21:09:52.782+0000] {subprocess.py:97} INFO - Command exited with return code 0
[2025-03-19T21:09:52.942+0000] {taskinstance.py:1398} INFO - Marking task as SUCCESS. dag_id=faud_detection_pipeline, task_id=load_data_hive, execution_date=20231020T040000, start_date=20250319T210919, end_date=20250319T210952
[2025-03-19T21:09:53.244+0000] {local_task_job_runner.py:228} INFO - Task exited with return code 0
[2025-03-19T21:09:53.962+0000] {taskinstance.py:2776} INFO - 1 downstream tasks scheduled from follow-on schedule check
