[2025-03-19T15:14:23.841+0000] {taskinstance.py:1157} INFO - Dependencies all met for dep_context=non-requeueable deps ti=<TaskInstance: faud_detection_pipeline.store_data_hdfs manual__2025-03-19T15:08:37.920541+00:00 [queued]>
[2025-03-19T15:14:23.889+0000] {taskinstance.py:1157} INFO - Dependencies all met for dep_context=requeueable deps ti=<TaskInstance: faud_detection_pipeline.store_data_hdfs manual__2025-03-19T15:08:37.920541+00:00 [queued]>
[2025-03-19T15:14:23.891+0000] {taskinstance.py:1359} INFO - Starting attempt 2 of 2
[2025-03-19T15:14:23.962+0000] {taskinstance.py:1380} INFO - Executing <Task(BashOperator): store_data_hdfs> on 2025-03-19 15:08:37.920541+00:00
[2025-03-19T15:14:23.978+0000] {standard_task_runner.py:57} INFO - Started process 8831 to run task
[2025-03-19T15:14:23.981+0000] {standard_task_runner.py:84} INFO - Running: ['***', 'tasks', 'run', 'faud_detection_pipeline', 'store_data_hdfs', 'manual__2025-03-19T15:08:37.920541+00:00', '--job-id', '1223', '--raw', '--subdir', 'DAGS_FOLDER/dag_1.py', '--cfg-path', '/tmp/tmp5c2mxb7t']
[2025-03-19T15:14:23.989+0000] {standard_task_runner.py:85} INFO - Job 1223: Subtask store_data_hdfs
[2025-03-19T15:14:24.165+0000] {task_command.py:415} INFO - Running <TaskInstance: faud_detection_pipeline.store_data_hdfs manual__2025-03-19T15:08:37.920541+00:00 [running]> on host 0009f5fb76aa
[2025-03-19T15:14:24.448+0000] {taskinstance.py:1660} INFO - Exporting env vars: AIRFLOW_CTX_DAG_OWNER='***' AIRFLOW_CTX_DAG_ID='faud_detection_pipeline' AIRFLOW_CTX_TASK_ID='store_data_hdfs' AIRFLOW_CTX_EXECUTION_DATE='2025-03-19T15:08:37.920541+00:00' AIRFLOW_CTX_TRY_NUMBER='2' AIRFLOW_CTX_DAG_RUN_ID='manual__2025-03-19T15:08:37.920541+00:00'
[2025-03-19T15:14:24.454+0000] {subprocess.py:63} INFO - Tmp dir root location: /tmp
[2025-03-19T15:14:24.463+0000] {subprocess.py:75} INFO - Running command: ['/bin/bash', '-c', 'docker cp /tmp/transactions.json namenode:/tmp/transactions.json && docker cp /tmp/customers.json namenode:/tmp/customers.json && docker cp /tmp/external_data.json namenode:/tmp/external_data.json && docker exec namenode bash -c "hdfs dfs -mkdir -p /data && hdfs dfs -put -f /tmp/transactions.json /data/transactions/transactions.json && hdfs dfs -put -f /tmp/customers.json /data/customers/customers.json && hdfs dfs -put -f /tmp/external_data.json /data/external_data/external_data.json  "']
[2025-03-19T15:14:24.493+0000] {subprocess.py:86} INFO - Output:
[2025-03-19T15:14:34.062+0000] {subprocess.py:93} INFO - put: `/data/transactions/transactions.json': No such file or directory: `hdfs://namenode:9000/data/transactions/transactions.json'
[2025-03-19T15:14:34.722+0000] {subprocess.py:97} INFO - Command exited with return code 1
[2025-03-19T15:14:34.751+0000] {taskinstance.py:1935} ERROR - Task failed with exception
Traceback (most recent call last):
  File "/home/airflow/.local/lib/python3.8/site-packages/airflow/operators/bash.py", line 210, in execute
    raise AirflowException(
airflow.exceptions.AirflowException: Bash command failed. The command returned a non-zero exit code 1.
[2025-03-19T15:14:34.761+0000] {taskinstance.py:1398} INFO - Marking task as FAILED. dag_id=faud_detection_pipeline, task_id=store_data_hdfs, execution_date=20250319T150837, start_date=20250319T151423, end_date=20250319T151434
[2025-03-19T15:14:34.912+0000] {standard_task_runner.py:104} ERROR - Failed to execute job 1223 for task store_data_hdfs (Bash command failed. The command returned a non-zero exit code 1.; 8831)
[2025-03-19T15:14:34.962+0000] {local_task_job_runner.py:228} INFO - Task exited with return code 1
[2025-03-19T15:14:35.032+0000] {taskinstance.py:2776} INFO - 0 downstream tasks scheduled from follow-on schedule check
