[2025-03-23T15:01:58.635+0000] {taskinstance.py:1157} INFO - Dependencies all met for dep_context=non-requeueable deps ti=<TaskInstance: fraud_detection_pipeline_2.load_data_hive manual__2025-03-23T15:01:22+00:00 [queued]>
[2025-03-23T15:01:58.652+0000] {taskinstance.py:1157} INFO - Dependencies all met for dep_context=requeueable deps ti=<TaskInstance: fraud_detection_pipeline_2.load_data_hive manual__2025-03-23T15:01:22+00:00 [queued]>
[2025-03-23T15:01:58.653+0000] {taskinstance.py:1359} INFO - Starting attempt 1 of 4
[2025-03-23T15:01:58.674+0000] {taskinstance.py:1380} INFO - Executing <Task(BashOperator): load_data_hive> on 2025-03-23 15:01:22+00:00
[2025-03-23T15:01:58.681+0000] {standard_task_runner.py:57} INFO - Started process 11311 to run task
[2025-03-23T15:01:58.686+0000] {standard_task_runner.py:84} INFO - Running: ['***', 'tasks', 'run', 'fraud_detection_pipeline_2', 'load_data_hive', 'manual__2025-03-23T15:01:22+00:00', '--job-id', '155', '--raw', '--subdir', 'DAGS_FOLDER/dag_2.py', '--cfg-path', '/tmp/tmpf324wq2s']
[2025-03-23T15:01:58.690+0000] {standard_task_runner.py:85} INFO - Job 155: Subtask load_data_hive
[2025-03-23T15:01:58.756+0000] {task_command.py:415} INFO - Running <TaskInstance: fraud_detection_pipeline_2.load_data_hive manual__2025-03-23T15:01:22+00:00 [running]> on host 4ece88aec9a9
[2025-03-23T15:01:58.866+0000] {taskinstance.py:1660} INFO - Exporting env vars: AIRFLOW_CTX_DAG_EMAIL='abelchaguermohmaed@gmail.com' AIRFLOW_CTX_DAG_OWNER='***' AIRFLOW_CTX_DAG_ID='fraud_detection_pipeline_2' AIRFLOW_CTX_TASK_ID='load_data_hive' AIRFLOW_CTX_EXECUTION_DATE='2025-03-23T15:01:22+00:00' AIRFLOW_CTX_TRY_NUMBER='1' AIRFLOW_CTX_DAG_RUN_ID='manual__2025-03-23T15:01:22+00:00'
[2025-03-23T15:01:58.868+0000] {subprocess.py:63} INFO - Tmp dir root location: /tmp
[2025-03-23T15:01:58.869+0000] {subprocess.py:75} INFO - Running command: ['/bin/bash', '-c', 'docker exec hive hive -f /home/hive_script.hql']
[2025-03-23T15:01:58.882+0000] {subprocess.py:86} INFO - Output:
[2025-03-23T15:02:01.816+0000] {subprocess.py:93} INFO - SLF4J: Class path contains multiple SLF4J bindings.
[2025-03-23T15:02:01.817+0000] {subprocess.py:93} INFO - SLF4J: Found binding in [jar:file:/opt/hive/lib/log4j-slf4j-impl-2.6.2.jar!/org/slf4j/impl/StaticLoggerBinder.class]
[2025-03-23T15:02:01.818+0000] {subprocess.py:93} INFO - SLF4J: Found binding in [jar:file:/opt/hadoop-2.7.4/share/hadoop/common/lib/slf4j-log4j12-1.7.10.jar!/org/slf4j/impl/StaticLoggerBinder.class]
[2025-03-23T15:02:01.819+0000] {subprocess.py:93} INFO - SLF4J: See http://www.slf4j.org/codes.html#multiple_bindings for an explanation.
[2025-03-23T15:02:01.821+0000] {subprocess.py:93} INFO - SLF4J: Actual binding is of type [org.apache.logging.slf4j.Log4jLoggerFactory]
[2025-03-23T15:02:03.555+0000] {subprocess.py:93} INFO - 
[2025-03-23T15:02:03.556+0000] {subprocess.py:93} INFO - Logging initialized using configuration in file:/opt/hive/conf/hive-log4j2.properties Async: true
[2025-03-23T15:02:15.028+0000] {subprocess.py:93} INFO - OK
[2025-03-23T15:02:15.030+0000] {subprocess.py:93} INFO - Time taken: 8.932 seconds
[2025-03-23T15:02:15.256+0000] {subprocess.py:93} INFO - OK
[2025-03-23T15:02:15.257+0000] {subprocess.py:93} INFO - Time taken: 0.224 seconds
[2025-03-23T15:02:15.294+0000] {subprocess.py:93} INFO - OK
[2025-03-23T15:02:15.295+0000] {subprocess.py:93} INFO - Time taken: 0.036 seconds
[2025-03-23T15:02:15.330+0000] {subprocess.py:93} INFO - OK
[2025-03-23T15:02:15.331+0000] {subprocess.py:93} INFO - Time taken: 0.035 seconds
[2025-03-23T15:02:15.840+0000] {subprocess.py:97} INFO - Command exited with return code 0
[2025-03-23T15:02:15.877+0000] {taskinstance.py:1398} INFO - Marking task as SUCCESS. dag_id=fraud_detection_pipeline_2, task_id=load_data_hive, execution_date=20250323T150122, start_date=20250323T150158, end_date=20250323T150215
[2025-03-23T15:02:15.893+0000] {logging_mixin.py:151} WARNING - /home/***/.local/lib/python3.8/site-packages/***/utils/email.py:154 RemovedInAirflow3Warning: Fetching SMTP credentials from configuration variables will be deprecated in a future release. Please set credentials using a connection instead.
[2025-03-23T15:02:15.894+0000] {email.py:270} INFO - Email alerting: attempt 1
[2025-03-23T15:02:16.799+0000] {email.py:282} INFO - Sent an alert email to ['abelchaguermohmaed@gmail.com']
[2025-03-23T15:02:17.864+0000] {local_task_job_runner.py:228} INFO - Task exited with return code 0
[2025-03-23T15:02:17.897+0000] {taskinstance.py:2776} INFO - 1 downstream tasks scheduled from follow-on schedule check
