[2025-03-19T11:48:14.402+0000] {taskinstance.py:1157} INFO - Dependencies all met for dep_context=non-requeueable deps ti=<TaskInstance: fraud_detection_pipeline.store_data_hdfs scheduled__2023-10-05T17:00:00+00:00 [queued]>
[2025-03-19T11:48:14.448+0000] {taskinstance.py:1157} INFO - Dependencies all met for dep_context=requeueable deps ti=<TaskInstance: fraud_detection_pipeline.store_data_hdfs scheduled__2023-10-05T17:00:00+00:00 [queued]>
[2025-03-19T11:48:14.449+0000] {taskinstance.py:1359} INFO - Starting attempt 1 of 2
[2025-03-19T11:48:14.498+0000] {taskinstance.py:1380} INFO - Executing <Task(BashOperator): store_data_hdfs> on 2023-10-05 17:00:00+00:00
[2025-03-19T11:48:14.519+0000] {standard_task_runner.py:57} INFO - Started process 730 to run task
[2025-03-19T11:48:14.535+0000] {standard_task_runner.py:84} INFO - Running: ['***', 'tasks', 'run', 'fraud_detection_pipeline', 'store_data_hdfs', 'scheduled__2023-10-05T17:00:00+00:00', '--job-id', '328', '--raw', '--subdir', 'DAGS_FOLDER/dag_1.py', '--cfg-path', '/tmp/tmpqa_yxyu8']
[2025-03-19T11:48:14.567+0000] {standard_task_runner.py:85} INFO - Job 328: Subtask store_data_hdfs
[2025-03-19T11:48:14.836+0000] {task_command.py:415} INFO - Running <TaskInstance: fraud_detection_pipeline.store_data_hdfs scheduled__2023-10-05T17:00:00+00:00 [running]> on host 0009f5fb76aa
[2025-03-19T11:48:15.274+0000] {taskinstance.py:1660} INFO - Exporting env vars: AIRFLOW_CTX_DAG_OWNER='***' AIRFLOW_CTX_DAG_ID='fraud_detection_pipeline' AIRFLOW_CTX_TASK_ID='store_data_hdfs' AIRFLOW_CTX_EXECUTION_DATE='2023-10-05T17:00:00+00:00' AIRFLOW_CTX_TRY_NUMBER='1' AIRFLOW_CTX_DAG_RUN_ID='scheduled__2023-10-05T17:00:00+00:00'
[2025-03-19T11:48:15.283+0000] {subprocess.py:63} INFO - Tmp dir root location: /tmp
[2025-03-19T11:48:15.286+0000] {subprocess.py:75} INFO - Running command: ['/bin/bash', '-c', 'docker cp /tmp/transactions.json namenode:/tmp/transactions.json && docker cp /tmp/customers.json namenode:/tmp/customers.json && docker cp /tmp/external_data.json namenode:/tmp/external_data.json && rm -rf /tmp/external_data.json  && rm -rf /tmp/customers.json  && rm -rf /tmp/transactions.json  && docker exec namenode bash -c "hdfs dfs -mkdir -p /data && hdfs dfs -put -f /tmp/transactions.json /data/transactions.json && hdfs dfs -put -f /tmp/customers.json /data/customers.json && hdfs dfs -put -f /tmp/external_data.json /data/external_data.json && rm -rf /tmp/customers.json  && rm -rf /tmp/customers.json  && rm -rf /tmp/external_data.json "']
[2025-03-19T11:48:15.320+0000] {subprocess.py:86} INFO - Output:
[2025-03-19T11:48:29.799+0000] {subprocess.py:93} INFO - 2025-03-19 11:48:29,796 INFO sasl.SaslDataTransferClient: SASL encryption trust check: localHostTrusted = false, remoteHostTrusted = false
[2025-03-19T11:48:30.370+0000] {subprocess.py:93} INFO - put: File does not exist: /data/transactions.json._COPYING_ (inode 16419) Holder DFSClient_NONMAPREDUCE_1325643290_1 does not have any open files.
[2025-03-19T11:48:31.004+0000] {subprocess.py:97} INFO - Command exited with return code 1
[2025-03-19T11:48:31.035+0000] {taskinstance.py:1935} ERROR - Task failed with exception
Traceback (most recent call last):
  File "/home/airflow/.local/lib/python3.8/site-packages/airflow/operators/bash.py", line 210, in execute
    raise AirflowException(
airflow.exceptions.AirflowException: Bash command failed. The command returned a non-zero exit code 1.
[2025-03-19T11:48:31.048+0000] {taskinstance.py:1398} INFO - Marking task as UP_FOR_RETRY. dag_id=fraud_detection_pipeline, task_id=store_data_hdfs, execution_date=20231005T170000, start_date=20250319T114814, end_date=20250319T114831
[2025-03-19T11:48:31.099+0000] {standard_task_runner.py:104} ERROR - Failed to execute job 328 for task store_data_hdfs (Bash command failed. The command returned a non-zero exit code 1.; 730)
[2025-03-19T11:48:31.142+0000] {local_task_job_runner.py:228} INFO - Task exited with return code 1
[2025-03-19T11:48:31.218+0000] {taskinstance.py:2776} INFO - 0 downstream tasks scheduled from follow-on schedule check
