[2025-03-19T11:42:50.814+0000] {taskinstance.py:1157} INFO - Dependencies all met for dep_context=non-requeueable deps ti=<TaskInstance: fraud_detection_pipeline.load_data_hive scheduled__2023-10-04T22:00:00+00:00 [queued]>
[2025-03-19T11:42:50.825+0000] {taskinstance.py:1157} INFO - Dependencies all met for dep_context=requeueable deps ti=<TaskInstance: fraud_detection_pipeline.load_data_hive scheduled__2023-10-04T22:00:00+00:00 [queued]>
[2025-03-19T11:42:50.826+0000] {taskinstance.py:1359} INFO - Starting attempt 1 of 2
[2025-03-19T11:42:50.842+0000] {taskinstance.py:1380} INFO - Executing <Task(BashOperator): load_data_hive> on 2023-10-04 22:00:00+00:00
[2025-03-19T11:42:50.848+0000] {standard_task_runner.py:57} INFO - Started process 7620 to run task
[2025-03-19T11:42:50.852+0000] {standard_task_runner.py:84} INFO - Running: ['***', 'tasks', 'run', 'fraud_detection_pipeline', 'load_data_hive', 'scheduled__2023-10-04T22:00:00+00:00', '--job-id', '278', '--raw', '--subdir', 'DAGS_FOLDER/dag_1.py', '--cfg-path', '/tmp/tmps3z13wyf']
[2025-03-19T11:42:50.856+0000] {standard_task_runner.py:85} INFO - Job 278: Subtask load_data_hive
[2025-03-19T11:42:50.911+0000] {task_command.py:415} INFO - Running <TaskInstance: fraud_detection_pipeline.load_data_hive scheduled__2023-10-04T22:00:00+00:00 [running]> on host 0009f5fb76aa
[2025-03-19T11:42:50.996+0000] {taskinstance.py:1660} INFO - Exporting env vars: AIRFLOW_CTX_DAG_OWNER='***' AIRFLOW_CTX_DAG_ID='fraud_detection_pipeline' AIRFLOW_CTX_TASK_ID='load_data_hive' AIRFLOW_CTX_EXECUTION_DATE='2023-10-04T22:00:00+00:00' AIRFLOW_CTX_TRY_NUMBER='1' AIRFLOW_CTX_DAG_RUN_ID='scheduled__2023-10-04T22:00:00+00:00'
[2025-03-19T11:42:50.998+0000] {subprocess.py:63} INFO - Tmp dir root location: /tmp
[2025-03-19T11:42:51.000+0000] {subprocess.py:75} INFO - Running command: ['/bin/bash', '-c', 'hive -f /path/to/hive_script.hql']
[2025-03-19T11:42:51.011+0000] {subprocess.py:86} INFO - Output:
[2025-03-19T11:42:51.013+0000] {subprocess.py:93} INFO - /bin/bash: line 1: hive: command not found
[2025-03-19T11:42:51.014+0000] {subprocess.py:97} INFO - Command exited with return code 127
[2025-03-19T11:42:51.028+0000] {taskinstance.py:1935} ERROR - Task failed with exception
Traceback (most recent call last):
  File "/home/airflow/.local/lib/python3.8/site-packages/airflow/operators/bash.py", line 210, in execute
    raise AirflowException(
airflow.exceptions.AirflowException: Bash command failed. The command returned a non-zero exit code 127.
[2025-03-19T11:42:51.032+0000] {taskinstance.py:1398} INFO - Marking task as UP_FOR_RETRY. dag_id=fraud_detection_pipeline, task_id=load_data_hive, execution_date=20231004T220000, start_date=20250319T114250, end_date=20250319T114251
[2025-03-19T11:42:51.048+0000] {standard_task_runner.py:104} ERROR - Failed to execute job 278 for task load_data_hive (Bash command failed. The command returned a non-zero exit code 127.; 7620)
[2025-03-19T11:42:51.068+0000] {local_task_job_runner.py:228} INFO - Task exited with return code 1
[2025-03-19T11:42:51.094+0000] {taskinstance.py:2776} INFO - 0 downstream tasks scheduled from follow-on schedule check
