[2025-03-20T15:45:23.755+0000] {taskinstance.py:1157} INFO - Dependencies all met for dep_context=non-requeueable deps ti=<TaskInstance: fraud_detection_pipeline.load_data_hive manual__2025-03-20T15:45:07.713888+00:00 [queued]>
[2025-03-20T15:45:23.766+0000] {taskinstance.py:1157} INFO - Dependencies all met for dep_context=requeueable deps ti=<TaskInstance: fraud_detection_pipeline.load_data_hive manual__2025-03-20T15:45:07.713888+00:00 [queued]>
[2025-03-20T15:45:23.767+0000] {taskinstance.py:1359} INFO - Starting attempt 1 of 1
[2025-03-20T15:45:23.785+0000] {taskinstance.py:1380} INFO - Executing <Task(BashOperator): load_data_hive> on 2025-03-20 15:45:07.713888+00:00
[2025-03-20T15:45:23.790+0000] {standard_task_runner.py:57} INFO - Started process 24969 to run task
[2025-03-20T15:45:23.793+0000] {standard_task_runner.py:84} INFO - Running: ['***', 'tasks', 'run', 'fraud_detection_pipeline', 'load_data_hive', 'manual__2025-03-20T15:45:07.713888+00:00', '--job-id', '3541', '--raw', '--subdir', 'DAGS_FOLDER/dag_1.py', '--cfg-path', '/tmp/tmpz2smvrrb']
[2025-03-20T15:45:23.796+0000] {standard_task_runner.py:85} INFO - Job 3541: Subtask load_data_hive
[2025-03-20T15:45:23.850+0000] {task_command.py:415} INFO - Running <TaskInstance: fraud_detection_pipeline.load_data_hive manual__2025-03-20T15:45:07.713888+00:00 [running]> on host 445fc0f18383
[2025-03-20T15:45:23.938+0000] {taskinstance.py:1660} INFO - Exporting env vars: AIRFLOW_CTX_DAG_OWNER='***' AIRFLOW_CTX_DAG_ID='fraud_detection_pipeline' AIRFLOW_CTX_TASK_ID='load_data_hive' AIRFLOW_CTX_EXECUTION_DATE='2025-03-20T15:45:07.713888+00:00' AIRFLOW_CTX_TRY_NUMBER='1' AIRFLOW_CTX_DAG_RUN_ID='manual__2025-03-20T15:45:07.713888+00:00'
[2025-03-20T15:45:23.940+0000] {subprocess.py:63} INFO - Tmp dir root location: /tmp
[2025-03-20T15:45:23.941+0000] {subprocess.py:75} INFO - Running command: ['/bin/bash', '-c', 'docker exec hive hive -f /home/hive_script.hql']
[2025-03-20T15:45:23.949+0000] {subprocess.py:86} INFO - Output:
[2025-03-20T15:45:26.044+0000] {subprocess.py:93} INFO - SLF4J: Class path contains multiple SLF4J bindings.
[2025-03-20T15:45:26.045+0000] {subprocess.py:93} INFO - SLF4J: Found binding in [jar:file:/opt/hive/lib/log4j-slf4j-impl-2.6.2.jar!/org/slf4j/impl/StaticLoggerBinder.class]
[2025-03-20T15:45:26.046+0000] {subprocess.py:93} INFO - SLF4J: Found binding in [jar:file:/opt/hadoop-2.7.4/share/hadoop/common/lib/slf4j-log4j12-1.7.10.jar!/org/slf4j/impl/StaticLoggerBinder.class]
[2025-03-20T15:45:26.046+0000] {subprocess.py:93} INFO - SLF4J: See http://www.slf4j.org/codes.html#multiple_bindings for an explanation.
[2025-03-20T15:45:26.047+0000] {subprocess.py:93} INFO - SLF4J: Actual binding is of type [org.apache.logging.slf4j.Log4jLoggerFactory]
[2025-03-20T15:45:27.465+0000] {subprocess.py:93} INFO - 
[2025-03-20T15:45:27.466+0000] {subprocess.py:93} INFO - Logging initialized using configuration in file:/opt/hive/conf/hive-log4j2.properties Async: true
[2025-03-20T15:45:37.554+0000] {subprocess.py:93} INFO - OK
[2025-03-20T15:45:37.558+0000] {subprocess.py:93} INFO - Time taken: 8.043 seconds
[2025-03-20T15:45:37.646+0000] {subprocess.py:93} INFO - OK
[2025-03-20T15:45:37.647+0000] {subprocess.py:93} INFO - Time taken: 0.086 seconds
[2025-03-20T15:45:37.716+0000] {subprocess.py:93} INFO - OK
[2025-03-20T15:45:37.717+0000] {subprocess.py:93} INFO - Time taken: 0.069 seconds
[2025-03-20T15:45:37.761+0000] {subprocess.py:93} INFO - OK
[2025-03-20T15:45:37.761+0000] {subprocess.py:93} INFO - Time taken: 0.044 seconds
[2025-03-20T15:45:38.262+0000] {subprocess.py:97} INFO - Command exited with return code 0
[2025-03-20T15:45:38.294+0000] {taskinstance.py:1398} INFO - Marking task as SUCCESS. dag_id=fraud_detection_pipeline, task_id=load_data_hive, execution_date=20250320T154507, start_date=20250320T154523, end_date=20250320T154538
[2025-03-20T15:45:38.314+0000] {local_task_job_runner.py:228} INFO - Task exited with return code 0
[2025-03-20T15:45:38.343+0000] {taskinstance.py:2776} INFO - 1 downstream tasks scheduled from follow-on schedule check
