[2025-03-19T17:38:20.962+0000] {taskinstance.py:1157} INFO - Dependencies all met for dep_context=non-requeueable deps ti=<TaskInstance: faud_detection_pipeline.load_data_hive scheduled__2023-10-14T04:00:00+00:00 [queued]>
[2025-03-19T17:38:20.983+0000] {taskinstance.py:1157} INFO - Dependencies all met for dep_context=requeueable deps ti=<TaskInstance: faud_detection_pipeline.load_data_hive scheduled__2023-10-14T04:00:00+00:00 [queued]>
[2025-03-19T17:38:20.985+0000] {taskinstance.py:1359} INFO - Starting attempt 1 of 2
[2025-03-19T17:38:21.017+0000] {taskinstance.py:1380} INFO - Executing <Task(BashOperator): load_data_hive> on 2023-10-14 04:00:00+00:00
[2025-03-19T17:38:21.029+0000] {standard_task_runner.py:57} INFO - Started process 36296 to run task
[2025-03-19T17:38:21.037+0000] {standard_task_runner.py:84} INFO - Running: ['***', 'tasks', 'run', 'faud_detection_pipeline', 'load_data_hive', 'scheduled__2023-10-14T04:00:00+00:00', '--job-id', '2436', '--raw', '--subdir', 'DAGS_FOLDER/dag_1.py', '--cfg-path', '/tmp/tmpchic_o67']
[2025-03-19T17:38:21.044+0000] {standard_task_runner.py:85} INFO - Job 2436: Subtask load_data_hive
[2025-03-19T17:38:21.148+0000] {task_command.py:415} INFO - Running <TaskInstance: faud_detection_pipeline.load_data_hive scheduled__2023-10-14T04:00:00+00:00 [running]> on host 0009f5fb76aa
[2025-03-19T17:38:21.326+0000] {taskinstance.py:1660} INFO - Exporting env vars: AIRFLOW_CTX_DAG_OWNER='***' AIRFLOW_CTX_DAG_ID='faud_detection_pipeline' AIRFLOW_CTX_TASK_ID='load_data_hive' AIRFLOW_CTX_EXECUTION_DATE='2023-10-14T04:00:00+00:00' AIRFLOW_CTX_TRY_NUMBER='1' AIRFLOW_CTX_DAG_RUN_ID='scheduled__2023-10-14T04:00:00+00:00'
[2025-03-19T17:38:21.329+0000] {subprocess.py:63} INFO - Tmp dir root location: /tmp
[2025-03-19T17:38:21.331+0000] {subprocess.py:75} INFO - Running command: ['/bin/bash', '-c', 'docker exec hive hive -f /home/hive_script.hql']
[2025-03-19T17:38:21.357+0000] {subprocess.py:86} INFO - Output:
[2025-03-19T17:38:25.188+0000] {subprocess.py:93} INFO - SLF4J: Class path contains multiple SLF4J bindings.
[2025-03-19T17:38:25.189+0000] {subprocess.py:93} INFO - SLF4J: Found binding in [jar:file:/opt/hive/lib/log4j-slf4j-impl-2.6.2.jar!/org/slf4j/impl/StaticLoggerBinder.class]
[2025-03-19T17:38:25.190+0000] {subprocess.py:93} INFO - SLF4J: Found binding in [jar:file:/opt/hadoop-2.7.4/share/hadoop/common/lib/slf4j-log4j12-1.7.10.jar!/org/slf4j/impl/StaticLoggerBinder.class]
[2025-03-19T17:38:25.191+0000] {subprocess.py:93} INFO - SLF4J: See http://www.slf4j.org/codes.html#multiple_bindings for an explanation.
[2025-03-19T17:38:25.192+0000] {subprocess.py:93} INFO - SLF4J: Actual binding is of type [org.apache.logging.slf4j.Log4jLoggerFactory]
[2025-03-19T17:38:28.422+0000] {subprocess.py:93} INFO - 
[2025-03-19T17:38:28.425+0000] {subprocess.py:93} INFO - Logging initialized using configuration in file:/opt/hive/conf/hive-log4j2.properties Async: true
[2025-03-19T17:38:56.784+0000] {subprocess.py:93} INFO - OK
[2025-03-19T17:38:56.794+0000] {subprocess.py:93} INFO - Time taken: 25.54 seconds
[2025-03-19T17:38:58.450+0000] {subprocess.py:93} INFO - OK
[2025-03-19T17:38:58.451+0000] {subprocess.py:93} INFO - Time taken: 1.645 seconds
[2025-03-19T17:38:58.590+0000] {subprocess.py:93} INFO - OK
[2025-03-19T17:38:58.598+0000] {subprocess.py:93} INFO - Time taken: 0.146 seconds
[2025-03-19T17:38:59.455+0000] {subprocess.py:97} INFO - Command exited with return code 0
[2025-03-19T17:38:59.573+0000] {taskinstance.py:1398} INFO - Marking task as SUCCESS. dag_id=faud_detection_pipeline, task_id=load_data_hive, execution_date=20231014T040000, start_date=20250319T173820, end_date=20250319T173859
[2025-03-19T17:39:01.507+0000] {local_task_job_runner.py:228} INFO - Task exited with return code 0
[2025-03-19T17:39:01.583+0000] {taskinstance.py:2776} INFO - 0 downstream tasks scheduled from follow-on schedule check
