[2025-03-19T12:38:04.341+0000] {taskinstance.py:1157} INFO - Dependencies all met for dep_context=non-requeueable deps ti=<TaskInstance: fraud_detection_pipeline.load_data_hive scheduled__2023-10-11T08:00:00+00:00 [queued]>
[2025-03-19T12:38:04.356+0000] {taskinstance.py:1157} INFO - Dependencies all met for dep_context=requeueable deps ti=<TaskInstance: fraud_detection_pipeline.load_data_hive scheduled__2023-10-11T08:00:00+00:00 [queued]>
[2025-03-19T12:38:04.357+0000] {taskinstance.py:1359} INFO - Starting attempt 1 of 2
[2025-03-19T12:38:04.377+0000] {taskinstance.py:1380} INFO - Executing <Task(BashOperator): load_data_hive> on 2023-10-11 08:00:00+00:00
[2025-03-19T12:38:04.385+0000] {standard_task_runner.py:57} INFO - Started process 9212 to run task
[2025-03-19T12:38:04.389+0000] {standard_task_runner.py:84} INFO - Running: ['***', 'tasks', 'run', 'fraud_detection_pipeline', 'load_data_hive', 'scheduled__2023-10-11T08:00:00+00:00', '--job-id', '815', '--raw', '--subdir', 'DAGS_FOLDER/dag_1.py', '--cfg-path', '/tmp/tmpz6izxuae']
[2025-03-19T12:38:04.393+0000] {standard_task_runner.py:85} INFO - Job 815: Subtask load_data_hive
[2025-03-19T12:38:04.464+0000] {task_command.py:415} INFO - Running <TaskInstance: fraud_detection_pipeline.load_data_hive scheduled__2023-10-11T08:00:00+00:00 [running]> on host 0009f5fb76aa
[2025-03-19T12:38:04.595+0000] {taskinstance.py:1660} INFO - Exporting env vars: AIRFLOW_CTX_DAG_OWNER='***' AIRFLOW_CTX_DAG_ID='fraud_detection_pipeline' AIRFLOW_CTX_TASK_ID='load_data_hive' AIRFLOW_CTX_EXECUTION_DATE='2023-10-11T08:00:00+00:00' AIRFLOW_CTX_TRY_NUMBER='1' AIRFLOW_CTX_DAG_RUN_ID='scheduled__2023-10-11T08:00:00+00:00'
[2025-03-19T12:38:04.597+0000] {subprocess.py:63} INFO - Tmp dir root location: /tmp
[2025-03-19T12:38:04.599+0000] {subprocess.py:75} INFO - Running command: ['/bin/bash', '-c', 'docker exec hive hive -f /home/hive_script.hql']
[2025-03-19T12:38:04.618+0000] {subprocess.py:86} INFO - Output:
[2025-03-19T12:38:07.471+0000] {subprocess.py:93} INFO - SLF4J: Class path contains multiple SLF4J bindings.
[2025-03-19T12:38:07.473+0000] {subprocess.py:93} INFO - SLF4J: Found binding in [jar:file:/opt/hive/lib/log4j-slf4j-impl-2.6.2.jar!/org/slf4j/impl/StaticLoggerBinder.class]
[2025-03-19T12:38:07.475+0000] {subprocess.py:93} INFO - SLF4J: Found binding in [jar:file:/opt/hadoop-2.7.4/share/hadoop/common/lib/slf4j-log4j12-1.7.10.jar!/org/slf4j/impl/StaticLoggerBinder.class]
[2025-03-19T12:38:07.476+0000] {subprocess.py:93} INFO - SLF4J: See http://www.slf4j.org/codes.html#multiple_bindings for an explanation.
[2025-03-19T12:38:07.478+0000] {subprocess.py:93} INFO - SLF4J: Actual binding is of type [org.apache.logging.slf4j.Log4jLoggerFactory]
[2025-03-19T12:38:09.659+0000] {subprocess.py:93} INFO - 
[2025-03-19T12:38:09.660+0000] {subprocess.py:93} INFO - Logging initialized using configuration in file:/opt/hive/conf/hive-log4j2.properties Async: true
[2025-03-19T12:38:19.726+0000] {subprocess.py:93} INFO - OK
[2025-03-19T12:38:19.730+0000] {subprocess.py:93} INFO - Time taken: 8.811 seconds
[2025-03-19T12:38:20.016+0000] {subprocess.py:93} INFO - OK
[2025-03-19T12:38:20.018+0000] {subprocess.py:93} INFO - Time taken: 0.285 seconds
[2025-03-19T12:38:20.074+0000] {subprocess.py:93} INFO - OK
[2025-03-19T12:38:20.075+0000] {subprocess.py:93} INFO - Time taken: 0.055 seconds
[2025-03-19T12:38:20.155+0000] {subprocess.py:97} INFO - Command exited with return code 0
[2025-03-19T12:38:20.214+0000] {taskinstance.py:1398} INFO - Marking task as SUCCESS. dag_id=fraud_detection_pipeline, task_id=load_data_hive, execution_date=20231011T080000, start_date=20250319T123804, end_date=20250319T123820
[2025-03-19T12:38:20.286+0000] {local_task_job_runner.py:228} INFO - Task exited with return code 0
[2025-03-19T12:38:20.323+0000] {taskinstance.py:2776} INFO - 1 downstream tasks scheduled from follow-on schedule check
