[2025-03-19T17:33:20.726+0000] {taskinstance.py:1157} INFO - Dependencies all met for dep_context=non-requeueable deps ti=<TaskInstance: faud_detection_pipeline.load_data_hive scheduled__2023-10-13T18:00:00+00:00 [queued]>
[2025-03-19T17:33:20.748+0000] {taskinstance.py:1157} INFO - Dependencies all met for dep_context=requeueable deps ti=<TaskInstance: faud_detection_pipeline.load_data_hive scheduled__2023-10-13T18:00:00+00:00 [queued]>
[2025-03-19T17:33:20.749+0000] {taskinstance.py:1359} INFO - Starting attempt 1 of 2
[2025-03-19T17:33:20.776+0000] {taskinstance.py:1380} INFO - Executing <Task(BashOperator): load_data_hive> on 2023-10-13 18:00:00+00:00
[2025-03-19T17:33:20.787+0000] {standard_task_runner.py:57} INFO - Started process 35334 to run task
[2025-03-19T17:33:20.795+0000] {standard_task_runner.py:84} INFO - Running: ['***', 'tasks', 'run', 'faud_detection_pipeline', 'load_data_hive', 'scheduled__2023-10-13T18:00:00+00:00', '--job-id', '2394', '--raw', '--subdir', 'DAGS_FOLDER/dag_1.py', '--cfg-path', '/tmp/tmp6njebljq']
[2025-03-19T17:33:20.804+0000] {standard_task_runner.py:85} INFO - Job 2394: Subtask load_data_hive
[2025-03-19T17:33:20.900+0000] {task_command.py:415} INFO - Running <TaskInstance: faud_detection_pipeline.load_data_hive scheduled__2023-10-13T18:00:00+00:00 [running]> on host 0009f5fb76aa
[2025-03-19T17:33:21.071+0000] {taskinstance.py:1660} INFO - Exporting env vars: AIRFLOW_CTX_DAG_OWNER='***' AIRFLOW_CTX_DAG_ID='faud_detection_pipeline' AIRFLOW_CTX_TASK_ID='load_data_hive' AIRFLOW_CTX_EXECUTION_DATE='2023-10-13T18:00:00+00:00' AIRFLOW_CTX_TRY_NUMBER='1' AIRFLOW_CTX_DAG_RUN_ID='scheduled__2023-10-13T18:00:00+00:00'
[2025-03-19T17:33:21.074+0000] {subprocess.py:63} INFO - Tmp dir root location: /tmp
[2025-03-19T17:33:21.076+0000] {subprocess.py:75} INFO - Running command: ['/bin/bash', '-c', 'docker exec hive hive -f /home/hive_script.hql']
[2025-03-19T17:33:21.101+0000] {subprocess.py:86} INFO - Output:
[2025-03-19T17:33:23.658+0000] {subprocess.py:93} INFO - SLF4J: Class path contains multiple SLF4J bindings.
[2025-03-19T17:33:23.661+0000] {subprocess.py:93} INFO - SLF4J: Found binding in [jar:file:/opt/hive/lib/log4j-slf4j-impl-2.6.2.jar!/org/slf4j/impl/StaticLoggerBinder.class]
[2025-03-19T17:33:23.664+0000] {subprocess.py:93} INFO - SLF4J: Found binding in [jar:file:/opt/hadoop-2.7.4/share/hadoop/common/lib/slf4j-log4j12-1.7.10.jar!/org/slf4j/impl/StaticLoggerBinder.class]
[2025-03-19T17:33:23.665+0000] {subprocess.py:93} INFO - SLF4J: See http://www.slf4j.org/codes.html#multiple_bindings for an explanation.
[2025-03-19T17:33:23.672+0000] {subprocess.py:93} INFO - SLF4J: Actual binding is of type [org.apache.logging.slf4j.Log4jLoggerFactory]
[2025-03-19T17:33:28.191+0000] {subprocess.py:93} INFO - 
[2025-03-19T17:33:28.192+0000] {subprocess.py:93} INFO - Logging initialized using configuration in file:/opt/hive/conf/hive-log4j2.properties Async: true
[2025-03-19T17:33:49.852+0000] {subprocess.py:93} INFO - OK
[2025-03-19T17:33:49.859+0000] {subprocess.py:93} INFO - Time taken: 14.177 seconds
[2025-03-19T17:33:50.122+0000] {subprocess.py:93} INFO - OK
[2025-03-19T17:33:50.124+0000] {subprocess.py:93} INFO - Time taken: 0.261 seconds
[2025-03-19T17:33:50.165+0000] {subprocess.py:93} INFO - OK
[2025-03-19T17:33:50.166+0000] {subprocess.py:93} INFO - Time taken: 0.041 seconds
[2025-03-19T17:33:50.705+0000] {subprocess.py:97} INFO - Command exited with return code 0
[2025-03-19T17:33:50.767+0000] {taskinstance.py:1398} INFO - Marking task as SUCCESS. dag_id=faud_detection_pipeline, task_id=load_data_hive, execution_date=20231013T180000, start_date=20250319T173320, end_date=20250319T173350
[2025-03-19T17:33:50.824+0000] {local_task_job_runner.py:228} INFO - Task exited with return code 0
[2025-03-19T17:33:51.056+0000] {taskinstance.py:2776} INFO - 0 downstream tasks scheduled from follow-on schedule check
