[2025-03-19T15:28:00.201+0000] {taskinstance.py:1157} INFO - Dependencies all met for dep_context=non-requeueable deps ti=<TaskInstance: faud_detection_pipeline.store_data_hdfs scheduled__2023-10-02T22:00:00+00:00 [queued]>
[2025-03-19T15:28:00.250+0000] {taskinstance.py:1157} INFO - Dependencies all met for dep_context=requeueable deps ti=<TaskInstance: faud_detection_pipeline.store_data_hdfs scheduled__2023-10-02T22:00:00+00:00 [queued]>
[2025-03-19T15:28:00.251+0000] {taskinstance.py:1359} INFO - Starting attempt 1 of 2
[2025-03-19T15:28:00.310+0000] {taskinstance.py:1380} INFO - Executing <Task(BashOperator): store_data_hdfs> on 2023-10-02 22:00:00+00:00
[2025-03-19T15:28:00.324+0000] {standard_task_runner.py:57} INFO - Started process 12407 to run task
[2025-03-19T15:28:00.336+0000] {standard_task_runner.py:84} INFO - Running: ['***', 'tasks', 'run', 'faud_detection_pipeline', 'store_data_hdfs', 'scheduled__2023-10-02T22:00:00+00:00', '--job-id', '1350', '--raw', '--subdir', 'DAGS_FOLDER/dag_1.py', '--cfg-path', '/tmp/tmp2a8qjpy1']
[2025-03-19T15:28:00.349+0000] {standard_task_runner.py:85} INFO - Job 1350: Subtask store_data_hdfs
[2025-03-19T15:28:00.544+0000] {task_command.py:415} INFO - Running <TaskInstance: faud_detection_pipeline.store_data_hdfs scheduled__2023-10-02T22:00:00+00:00 [running]> on host 0009f5fb76aa
[2025-03-19T15:28:00.874+0000] {taskinstance.py:1660} INFO - Exporting env vars: AIRFLOW_CTX_DAG_OWNER='***' AIRFLOW_CTX_DAG_ID='faud_detection_pipeline' AIRFLOW_CTX_TASK_ID='store_data_hdfs' AIRFLOW_CTX_EXECUTION_DATE='2023-10-02T22:00:00+00:00' AIRFLOW_CTX_TRY_NUMBER='1' AIRFLOW_CTX_DAG_RUN_ID='scheduled__2023-10-02T22:00:00+00:00'
[2025-03-19T15:28:00.887+0000] {subprocess.py:63} INFO - Tmp dir root location: /tmp
[2025-03-19T15:28:00.889+0000] {subprocess.py:75} INFO - Running command: ['/bin/bash', '-c', 'docker cp /tmp/transactions.json namenode:/tmp/transactions.json && docker cp /tmp/customers.json namenode:/tmp/customers.json && docker cp /tmp/external_data.json namenode:/tmp/external_data.json && docker exec namenode bash -c "hdfs dfs -mkdir -p /data/transactions && hdfs dfs -mkdir -p /data/customers && hdfs dfs -mkdir -p /data/external_data && hdfs dfs -put -f /tmp/transactions.json /data/transactions/transactions.json && hdfs dfs -put -f /tmp/customers.json /data/customers/customers.json && hdfs dfs -put -f /tmp/external_data.json /data/external_data/external_data.json && rm -rf /tmp/transactions.json /tmp/customers.json /tmp/external_data.json"']
[2025-03-19T15:28:00.913+0000] {subprocess.py:86} INFO - Output:
[2025-03-19T15:38:24.816+0000] {subprocess.py:93} INFO - 2025-03-19 15:38:24,786 INFO sasl.SaslDataTransferClient: SASL encryption trust check: localHostTrusted = false, remoteHostTrusted = false
[2025-03-19T15:38:26.771+0000] {subprocess.py:93} INFO - put: File does not exist: /data/transactions/transactions.json._COPYING_ (inode 16753) Holder DFSClient_NONMAPREDUCE_-1757405129_1 does not have any open files.
[2025-03-19T15:38:26.794+0000] {local_task_job_runner.py:294} WARNING - State of this instance has been externally set to up_for_retry. Terminating instance.
[2025-03-19T15:38:26.821+0000] {process_utils.py:131} INFO - Sending 15 to group 12407. PIDs of all processes in the group: [12408, 12407]
[2025-03-19T15:38:26.829+0000] {process_utils.py:86} INFO - Sending the signal 15 to group 12407
[2025-03-19T15:38:26.832+0000] {taskinstance.py:1630} ERROR - Received SIGTERM. Terminating subprocesses.
[2025-03-19T15:38:26.837+0000] {subprocess.py:104} INFO - Sending SIGTERM signal to process group
[2025-03-19T15:38:26.894+0000] {taskinstance.py:1935} ERROR - Task failed with exception
Traceback (most recent call last):
  File "/home/airflow/.local/lib/python3.8/site-packages/airflow/operators/bash.py", line 201, in execute
    result = self.subprocess_hook.run_command(
  File "/home/airflow/.local/lib/python3.8/site-packages/airflow/hooks/subprocess.py", line 91, in run_command
    for raw_line in iter(self.sub_process.stdout.readline, b""):
  File "/home/airflow/.local/lib/python3.8/site-packages/airflow/models/taskinstance.py", line 1632, in signal_handler
    raise AirflowException("Task received SIGTERM signal")
airflow.exceptions.AirflowException: Task received SIGTERM signal
[2025-03-19T15:38:26.943+0000] {taskinstance.py:1398} INFO - Marking task as FAILED. dag_id=faud_detection_pipeline, task_id=store_data_hdfs, execution_date=20231002T220000, start_date=20250319T152800, end_date=20250319T153826
[2025-03-19T15:38:27.216+0000] {standard_task_runner.py:104} ERROR - Failed to execute job 1350 for task store_data_hdfs (Task received SIGTERM signal; 12407)
[2025-03-19T15:38:27.271+0000] {process_utils.py:79} INFO - Process psutil.Process(pid=12407, status='terminated', exitcode=1, started='15:27:59') (12407) terminated with exit code 1
[2025-03-19T15:38:27.273+0000] {process_utils.py:79} INFO - Process psutil.Process(pid=12408, status='terminated', started='15:28:00') (12408) terminated with exit code None
