[2025-03-19T19:26:44.947+0000] {taskinstance.py:1157} INFO - Dependencies all met for dep_context=non-requeueable deps ti=<TaskInstance: faud_detection_pipeline.load_data_hive scheduled__2023-10-15T20:00:00+00:00 [queued]>
[2025-03-19T19:26:45.070+0000] {taskinstance.py:1157} INFO - Dependencies all met for dep_context=requeueable deps ti=<TaskInstance: faud_detection_pipeline.load_data_hive scheduled__2023-10-15T20:00:00+00:00 [queued]>
[2025-03-19T19:26:45.085+0000] {taskinstance.py:1359} INFO - Starting attempt 1 of 2
[2025-03-19T19:26:45.185+0000] {taskinstance.py:1380} INFO - Executing <Task(BashOperator): load_data_hive> on 2023-10-15 20:00:00+00:00
[2025-03-19T19:26:45.199+0000] {standard_task_runner.py:57} INFO - Started process 40431 to run task
[2025-03-19T19:26:45.214+0000] {standard_task_runner.py:84} INFO - Running: ['***', 'tasks', 'run', 'faud_detection_pipeline', 'load_data_hive', 'scheduled__2023-10-15T20:00:00+00:00', '--job-id', '2599', '--raw', '--subdir', 'DAGS_FOLDER/dag_1.py', '--cfg-path', '/tmp/tmp7_lipkc4']
[2025-03-19T19:26:45.233+0000] {standard_task_runner.py:85} INFO - Job 2599: Subtask load_data_hive
[2025-03-19T19:26:45.515+0000] {task_command.py:415} INFO - Running <TaskInstance: faud_detection_pipeline.load_data_hive scheduled__2023-10-15T20:00:00+00:00 [running]> on host 0009f5fb76aa
[2025-03-19T19:26:45.971+0000] {taskinstance.py:1660} INFO - Exporting env vars: AIRFLOW_CTX_DAG_OWNER='***' AIRFLOW_CTX_DAG_ID='faud_detection_pipeline' AIRFLOW_CTX_TASK_ID='load_data_hive' AIRFLOW_CTX_EXECUTION_DATE='2023-10-15T20:00:00+00:00' AIRFLOW_CTX_TRY_NUMBER='1' AIRFLOW_CTX_DAG_RUN_ID='scheduled__2023-10-15T20:00:00+00:00'
[2025-03-19T19:26:45.976+0000] {subprocess.py:63} INFO - Tmp dir root location: /tmp
[2025-03-19T19:26:45.979+0000] {subprocess.py:75} INFO - Running command: ['/bin/bash', '-c', 'docker exec hive hive -f /home/hive_script.hql']
[2025-03-19T19:26:46.023+0000] {subprocess.py:86} INFO - Output:
[2025-03-19T19:26:52.877+0000] {subprocess.py:93} INFO - SLF4J: Class path contains multiple SLF4J bindings.
[2025-03-19T19:26:52.879+0000] {subprocess.py:93} INFO - SLF4J: Found binding in [jar:file:/opt/hive/lib/log4j-slf4j-impl-2.6.2.jar!/org/slf4j/impl/StaticLoggerBinder.class]
[2025-03-19T19:26:52.881+0000] {subprocess.py:93} INFO - SLF4J: Found binding in [jar:file:/opt/hadoop-2.7.4/share/hadoop/common/lib/slf4j-log4j12-1.7.10.jar!/org/slf4j/impl/StaticLoggerBinder.class]
[2025-03-19T19:26:52.882+0000] {subprocess.py:93} INFO - SLF4J: See http://www.slf4j.org/codes.html#multiple_bindings for an explanation.
[2025-03-19T19:26:52.884+0000] {subprocess.py:93} INFO - SLF4J: Actual binding is of type [org.apache.logging.slf4j.Log4jLoggerFactory]
[2025-03-19T19:26:58.081+0000] {subprocess.py:93} INFO - 
[2025-03-19T19:26:58.082+0000] {subprocess.py:93} INFO - Logging initialized using configuration in file:/opt/hive/conf/hive-log4j2.properties Async: true
[2025-03-19T19:27:25.798+0000] {subprocess.py:93} INFO - OK
[2025-03-19T19:27:25.804+0000] {subprocess.py:93} INFO - Time taken: 20.858 seconds
[2025-03-19T19:27:26.035+0000] {subprocess.py:93} INFO - OK
[2025-03-19T19:27:26.036+0000] {subprocess.py:93} INFO - Time taken: 0.228 seconds
[2025-03-19T19:27:26.071+0000] {subprocess.py:93} INFO - OK
[2025-03-19T19:27:26.072+0000] {subprocess.py:93} INFO - Time taken: 0.035 seconds
[2025-03-19T19:27:26.593+0000] {subprocess.py:97} INFO - Command exited with return code 0
[2025-03-19T19:27:26.632+0000] {taskinstance.py:1398} INFO - Marking task as SUCCESS. dag_id=faud_detection_pipeline, task_id=load_data_hive, execution_date=20231015T200000, start_date=20250319T192644, end_date=20250319T192726
[2025-03-19T19:27:26.693+0000] {local_task_job_runner.py:228} INFO - Task exited with return code 0
[2025-03-19T19:27:26.721+0000] {taskinstance.py:2776} INFO - 1 downstream tasks scheduled from follow-on schedule check
