[2025-03-19T15:07:56.123+0000] {taskinstance.py:1157} INFO - Dependencies all met for dep_context=non-requeueable deps ti=<TaskInstance: fraud_detection_pipeline.store_data_hdfs scheduled__2023-10-02T12:00:00+00:00 [queued]>
[2025-03-19T15:07:56.145+0000] {taskinstance.py:1157} INFO - Dependencies all met for dep_context=requeueable deps ti=<TaskInstance: fraud_detection_pipeline.store_data_hdfs scheduled__2023-10-02T12:00:00+00:00 [queued]>
[2025-03-19T15:07:56.147+0000] {taskinstance.py:1359} INFO - Starting attempt 1 of 2
[2025-03-19T15:07:56.186+0000] {taskinstance.py:1380} INFO - Executing <Task(BashOperator): store_data_hdfs> on 2023-10-02 12:00:00+00:00
[2025-03-19T15:07:56.201+0000] {standard_task_runner.py:57} INFO - Started process 7407 to run task
[2025-03-19T15:07:56.219+0000] {standard_task_runner.py:84} INFO - Running: ['***', 'tasks', 'run', 'fraud_detection_pipeline', 'store_data_hdfs', 'scheduled__2023-10-02T12:00:00+00:00', '--job-id', '1177', '--raw', '--subdir', 'DAGS_FOLDER/dag_1.py', '--cfg-path', '/tmp/tmpc5lxyrr6']
[2025-03-19T15:07:56.228+0000] {standard_task_runner.py:85} INFO - Job 1177: Subtask store_data_hdfs
[2025-03-19T15:07:56.435+0000] {task_command.py:415} INFO - Running <TaskInstance: fraud_detection_pipeline.store_data_hdfs scheduled__2023-10-02T12:00:00+00:00 [running]> on host 0009f5fb76aa
[2025-03-19T15:07:56.694+0000] {taskinstance.py:1660} INFO - Exporting env vars: AIRFLOW_CTX_DAG_OWNER='***' AIRFLOW_CTX_DAG_ID='fraud_detection_pipeline' AIRFLOW_CTX_TASK_ID='store_data_hdfs' AIRFLOW_CTX_EXECUTION_DATE='2023-10-02T12:00:00+00:00' AIRFLOW_CTX_TRY_NUMBER='1' AIRFLOW_CTX_DAG_RUN_ID='scheduled__2023-10-02T12:00:00+00:00'
[2025-03-19T15:07:56.701+0000] {subprocess.py:63} INFO - Tmp dir root location: /tmp
[2025-03-19T15:07:56.703+0000] {subprocess.py:75} INFO - Running command: ['/bin/bash', '-c', 'docker cp /tmp/transactions.json namenode:/tmp/transactions.json && docker cp /tmp/customers.json namenode:/tmp/customers.json && docker cp /tmp/external_data.json namenode:/tmp/external_data.json && docker exec namenode bash -c "hdfs dfs -mkdir -p /data && hdfs dfs -put -f /tmp/transactions.json /data/transactions/transactions.json && hdfs dfs -put -f /tmp/customers.json /data/customers/customers.json && hdfs dfs -put -f /tmp/external_data.json /data/external_data/external_data.json  "']
[2025-03-19T15:07:56.740+0000] {subprocess.py:86} INFO - Output:
[2025-03-19T15:08:05.155+0000] {subprocess.py:93} INFO - put: `/data/transactions/transactions.json': No such file or directory: `hdfs://namenode:9000/data/transactions/transactions.json'
[2025-03-19T15:08:05.635+0000] {subprocess.py:97} INFO - Command exited with return code 1
[2025-03-19T15:08:05.650+0000] {taskinstance.py:1935} ERROR - Task failed with exception
Traceback (most recent call last):
  File "/home/airflow/.local/lib/python3.8/site-packages/airflow/operators/bash.py", line 210, in execute
    raise AirflowException(
airflow.exceptions.AirflowException: Bash command failed. The command returned a non-zero exit code 1.
[2025-03-19T15:08:05.656+0000] {taskinstance.py:1398} INFO - Marking task as UP_FOR_RETRY. dag_id=fraud_detection_pipeline, task_id=store_data_hdfs, execution_date=20231002T120000, start_date=20250319T150756, end_date=20250319T150805
[2025-03-19T15:08:05.675+0000] {standard_task_runner.py:104} ERROR - Failed to execute job 1177 for task store_data_hdfs (Bash command failed. The command returned a non-zero exit code 1.; 7407)
[2025-03-19T15:08:05.711+0000] {local_task_job_runner.py:228} INFO - Task exited with return code 1
[2025-03-19T15:08:05.744+0000] {taskinstance.py:2776} INFO - 0 downstream tasks scheduled from follow-on schedule check
[2025-03-19T21:29:21.394+0000] {taskinstance.py:1157} INFO - Dependencies all met for dep_context=non-requeueable deps ti=<TaskInstance: fraud_detection_pipeline.store_data_hdfs scheduled__2023-10-02T12:00:00+00:00 [queued]>
[2025-03-19T21:29:21.480+0000] {taskinstance.py:1157} INFO - Dependencies all met for dep_context=requeueable deps ti=<TaskInstance: fraud_detection_pipeline.store_data_hdfs scheduled__2023-10-02T12:00:00+00:00 [queued]>
[2025-03-19T21:29:21.484+0000] {taskinstance.py:1359} INFO - Starting attempt 1 of 1
[2025-03-19T21:29:22.451+0000] {taskinstance.py:1380} INFO - Executing <Task(BashOperator): store_data_hdfs> on 2023-10-02 12:00:00+00:00
[2025-03-19T21:29:22.512+0000] {standard_task_runner.py:57} INFO - Started process 10437 to run task
[2025-03-19T21:29:22.541+0000] {standard_task_runner.py:84} INFO - Running: ['***', 'tasks', 'run', 'fraud_detection_pipeline', 'store_data_hdfs', 'scheduled__2023-10-02T12:00:00+00:00', '--job-id', '3441', '--raw', '--subdir', 'DAGS_FOLDER/dag_1.py', '--cfg-path', '/tmp/tmpqf9jxhb2']
[2025-03-19T21:29:22.585+0000] {standard_task_runner.py:85} INFO - Job 3441: Subtask store_data_hdfs
[2025-03-19T21:29:23.369+0000] {task_command.py:415} INFO - Running <TaskInstance: fraud_detection_pipeline.store_data_hdfs scheduled__2023-10-02T12:00:00+00:00 [running]> on host 445fc0f18383
[2025-03-19T21:29:23.876+0000] {taskinstance.py:1660} INFO - Exporting env vars: AIRFLOW_CTX_DAG_OWNER='***' AIRFLOW_CTX_DAG_ID='fraud_detection_pipeline' AIRFLOW_CTX_TASK_ID='store_data_hdfs' AIRFLOW_CTX_EXECUTION_DATE='2023-10-02T12:00:00+00:00' AIRFLOW_CTX_TRY_NUMBER='1' AIRFLOW_CTX_DAG_RUN_ID='scheduled__2023-10-02T12:00:00+00:00'
[2025-03-19T21:29:23.881+0000] {subprocess.py:63} INFO - Tmp dir root location: /tmp
[2025-03-19T21:29:23.889+0000] {subprocess.py:75} INFO - Running command: ['/bin/bash', '-c', 'docker cp /tmp/transactions.csv namenode:/tmp/transactions.csv && docker cp /tmp/customers.csv namenode:/tmp/customers.csv && docker cp /tmp/external_data.csv namenode:/tmp/external_data.csv && docker exec namenode bash -c "hdfs dfs -mkdir -p /data/transactions && hdfs dfs -mkdir -p /data/customers && hdfs dfs -mkdir -p /data/external_data && hdfs dfs -put -f /tmp/transactions.csv /data/transactions/transactions.csv && hdfs dfs -put -f /tmp/customers.csv /data/customers/customers.csv && hdfs dfs -put -f /tmp/external_data.csv /data/external_data/external_data.csv && rm -rf /tmp/transactions.csv /tmp/customers.csv /tmp/external_data.csv"']
[2025-03-19T21:29:23.975+0000] {subprocess.py:86} INFO - Output:
[2025-03-19T21:30:31.215+0000] {subprocess.py:93} INFO - 2025-03-19 21:30:31,212 INFO sasl.SaslDataTransferClient: SASL encryption trust check: localHostTrusted = false, remoteHostTrusted = false
[2025-03-19T21:30:32.064+0000] {subprocess.py:93} INFO - put: File does not exist: /data/transactions/transactions.csv._COPYING_ (inode 18171) Holder DFSClient_NONMAPREDUCE_2142143099_1 does not have any open files.
[2025-03-19T21:30:32.820+0000] {subprocess.py:97} INFO - Command exited with return code 1
[2025-03-19T21:30:32.865+0000] {taskinstance.py:1935} ERROR - Task failed with exception
Traceback (most recent call last):
  File "/home/airflow/.local/lib/python3.8/site-packages/airflow/operators/bash.py", line 210, in execute
    raise AirflowException(
airflow.exceptions.AirflowException: Bash command failed. The command returned a non-zero exit code 1.
[2025-03-19T21:30:32.874+0000] {taskinstance.py:1398} INFO - Marking task as FAILED. dag_id=fraud_detection_pipeline, task_id=store_data_hdfs, execution_date=20231002T120000, start_date=20250319T212921, end_date=20250319T213032
[2025-03-19T21:30:32.904+0000] {standard_task_runner.py:104} ERROR - Failed to execute job 3441 for task store_data_hdfs (Bash command failed. The command returned a non-zero exit code 1.; 10437)
[2025-03-19T21:30:32.952+0000] {local_task_job_runner.py:228} INFO - Task exited with return code 1
[2025-03-19T21:30:33.007+0000] {taskinstance.py:2776} INFO - 0 downstream tasks scheduled from follow-on schedule check
