[2025-03-19T19:47:58.300+0000] {taskinstance.py:1157} INFO - Dependencies all met for dep_context=non-requeueable deps ti=<TaskInstance: faud_detection_pipeline.store_data_hdfs scheduled__2023-10-18T00:00:00+00:00 [queued]>
[2025-03-19T19:47:58.333+0000] {taskinstance.py:1157} INFO - Dependencies all met for dep_context=requeueable deps ti=<TaskInstance: faud_detection_pipeline.store_data_hdfs scheduled__2023-10-18T00:00:00+00:00 [queued]>
[2025-03-19T19:47:58.336+0000] {taskinstance.py:1359} INFO - Starting attempt 1 of 2
[2025-03-19T19:47:58.387+0000] {taskinstance.py:1380} INFO - Executing <Task(BashOperator): store_data_hdfs> on 2023-10-18 00:00:00+00:00
[2025-03-19T19:47:58.399+0000] {standard_task_runner.py:57} INFO - Started process 44528 to run task
[2025-03-19T19:47:58.409+0000] {standard_task_runner.py:84} INFO - Running: ['***', 'tasks', 'run', 'faud_detection_pipeline', 'store_data_hdfs', 'scheduled__2023-10-18T00:00:00+00:00', '--job-id', '2770', '--raw', '--subdir', 'DAGS_FOLDER/dag_1.py', '--cfg-path', '/tmp/tmpb0ejtdoe']
[2025-03-19T19:47:58.414+0000] {standard_task_runner.py:85} INFO - Job 2770: Subtask store_data_hdfs
[2025-03-19T19:47:58.673+0000] {task_command.py:415} INFO - Running <TaskInstance: faud_detection_pipeline.store_data_hdfs scheduled__2023-10-18T00:00:00+00:00 [running]> on host 0009f5fb76aa
[2025-03-19T19:47:59.162+0000] {taskinstance.py:1660} INFO - Exporting env vars: AIRFLOW_CTX_DAG_OWNER='***' AIRFLOW_CTX_DAG_ID='faud_detection_pipeline' AIRFLOW_CTX_TASK_ID='store_data_hdfs' AIRFLOW_CTX_EXECUTION_DATE='2023-10-18T00:00:00+00:00' AIRFLOW_CTX_TRY_NUMBER='1' AIRFLOW_CTX_DAG_RUN_ID='scheduled__2023-10-18T00:00:00+00:00'
[2025-03-19T19:47:59.170+0000] {subprocess.py:63} INFO - Tmp dir root location: /tmp
[2025-03-19T19:47:59.176+0000] {subprocess.py:75} INFO - Running command: ['/bin/bash', '-c', 'docker cp /tmp/transactions.csv namenode:/tmp/transactions.csv && docker cp /tmp/customers.csv namenode:/tmp/customers.csv && docker cp /tmp/external_data.csv namenode:/tmp/external_data.csv && docker exec namenode bash -c "hdfs dfs -mkdir -p /data/transactions && hdfs dfs -mkdir -p /data/customers && hdfs dfs -mkdir -p /data/external_data && hdfs dfs -put -f /tmp/transactions.csv /data/transactions/transactions.csv && hdfs dfs -put -f /tmp/customers.csv /data/customers/customers.csv && hdfs dfs -put -f /tmp/external_data.csv /data/external_data/external_data.csv && rm -rf /tmp/transactions.csv /tmp/customers.csv /tmp/external_data.csv"']
[2025-03-19T19:47:59.223+0000] {subprocess.py:86} INFO - Output:
[2025-03-19T19:48:34.598+0000] {subprocess.py:93} INFO - 2025-03-19 19:48:34,583 INFO sasl.SaslDataTransferClient: SASL encryption trust check: localHostTrusted = false, remoteHostTrusted = false
[2025-03-19T19:48:35.658+0000] {subprocess.py:93} INFO - put: File does not exist: /data/transactions/transactions.csv._COPYING_ (inode 17846) Holder DFSClient_NONMAPREDUCE_2005711480_1 does not have any open files.
[2025-03-19T19:48:36.422+0000] {subprocess.py:97} INFO - Command exited with return code 1
[2025-03-19T19:48:36.450+0000] {taskinstance.py:1935} ERROR - Task failed with exception
Traceback (most recent call last):
  File "/home/airflow/.local/lib/python3.8/site-packages/airflow/operators/bash.py", line 210, in execute
    raise AirflowException(
airflow.exceptions.AirflowException: Bash command failed. The command returned a non-zero exit code 1.
[2025-03-19T19:48:36.461+0000] {taskinstance.py:1398} INFO - Marking task as UP_FOR_RETRY. dag_id=faud_detection_pipeline, task_id=store_data_hdfs, execution_date=20231018T000000, start_date=20250319T194758, end_date=20250319T194836
[2025-03-19T19:48:36.501+0000] {standard_task_runner.py:104} ERROR - Failed to execute job 2770 for task store_data_hdfs (Bash command failed. The command returned a non-zero exit code 1.; 44528)
[2025-03-19T19:48:39.000+0000] {local_task_job_runner.py:228} INFO - Task exited with return code 1
[2025-03-19T19:48:39.102+0000] {taskinstance.py:2776} INFO - 0 downstream tasks scheduled from follow-on schedule check
