[2025-03-23T14:56:22.814+0000] {taskinstance.py:1157} INFO - Dependencies all met for dep_context=non-requeueable deps ti=<TaskInstance: fraud_detection_pipeline_2.run_fraud_detection manual__2025-03-23T14:39:33+00:00 [queued]>
[2025-03-23T14:56:22.828+0000] {taskinstance.py:1157} INFO - Dependencies all met for dep_context=requeueable deps ti=<TaskInstance: fraud_detection_pipeline_2.run_fraud_detection manual__2025-03-23T14:39:33+00:00 [queued]>
[2025-03-23T14:56:22.829+0000] {taskinstance.py:1359} INFO - Starting attempt 1 of 4
[2025-03-23T14:56:22.849+0000] {taskinstance.py:1380} INFO - Executing <Task(PythonOperator): run_fraud_detection> on 2025-03-23 14:39:33+00:00
[2025-03-23T14:56:22.858+0000] {standard_task_runner.py:57} INFO - Started process 10886 to run task
[2025-03-23T14:56:22.861+0000] {standard_task_runner.py:84} INFO - Running: ['***', 'tasks', 'run', 'fraud_detection_pipeline_2', 'run_fraud_detection', 'manual__2025-03-23T14:39:33+00:00', '--job-id', '137', '--raw', '--subdir', 'DAGS_FOLDER/dag_2.py', '--cfg-path', '/tmp/tmp1m52tth0']
[2025-03-23T14:56:22.864+0000] {standard_task_runner.py:85} INFO - Job 137: Subtask run_fraud_detection
[2025-03-23T14:56:22.928+0000] {task_command.py:415} INFO - Running <TaskInstance: fraud_detection_pipeline_2.run_fraud_detection manual__2025-03-23T14:39:33+00:00 [running]> on host 4ece88aec9a9
[2025-03-23T14:56:23.031+0000] {taskinstance.py:1660} INFO - Exporting env vars: AIRFLOW_CTX_DAG_EMAIL='abelchaguermohmaed@gmail.com' AIRFLOW_CTX_DAG_OWNER='***' AIRFLOW_CTX_DAG_ID='fraud_detection_pipeline_2' AIRFLOW_CTX_TASK_ID='run_fraud_detection' AIRFLOW_CTX_EXECUTION_DATE='2025-03-23T14:39:33+00:00' AIRFLOW_CTX_TRY_NUMBER='1' AIRFLOW_CTX_DAG_RUN_ID='manual__2025-03-23T14:39:33+00:00'
[2025-03-23T14:56:23.044+0000] {taskinstance.py:1935} ERROR - Task failed with exception
Traceback (most recent call last):
  File "/home/airflow/.local/lib/python3.8/site-packages/airflow/operators/python.py", line 192, in execute
    return_value = self.execute_callable()
  File "/home/airflow/.local/lib/python3.8/site-packages/airflow/operators/python.py", line 209, in execute_callable
    return self.python_callable(*self.op_args, **self.op_kwargs)
  File "/opt/airflow/dags/dag_2.py", line 267, in run_fraud_detection
    result = subprocess.run([
  File "/usr/local/lib/python3.8/subprocess.py", line 493, in run
    with Popen(*popenargs, **kwargs) as process:
  File "/usr/local/lib/python3.8/subprocess.py", line 858, in __init__
    self._execute_child(args, executable, preexec_fn, close_fds,
  File "/usr/local/lib/python3.8/subprocess.py", line 1720, in _execute_child
    raise child_exception_type(errno_num, err_msg, err_filename)
PermissionError: [Errno 13] Permission denied: 'docker exec'
[2025-03-23T14:56:23.063+0000] {taskinstance.py:1398} INFO - Marking task as UP_FOR_RETRY. dag_id=fraud_detection_pipeline_2, task_id=run_fraud_detection, execution_date=20250323T143933, start_date=20250323T145622, end_date=20250323T145623
[2025-03-23T14:56:23.086+0000] {logging_mixin.py:151} WARNING - /home/***/.local/lib/python3.8/site-packages/***/utils/email.py:154 RemovedInAirflow3Warning: Fetching SMTP credentials from configuration variables will be deprecated in a future release. Please set credentials using a connection instead.
[2025-03-23T14:56:23.087+0000] {email.py:270} INFO - Email alerting: attempt 1
[2025-03-23T14:56:23.910+0000] {email.py:282} INFO - Sent an alert email to ['abelchaguermohmaed@gmail.com']
[2025-03-23T14:56:25.342+0000] {standard_task_runner.py:104} ERROR - Failed to execute job 137 for task run_fraud_detection ([Errno 13] Permission denied: 'docker exec'; 10886)
[2025-03-23T14:56:25.371+0000] {local_task_job_runner.py:228} INFO - Task exited with return code 1
[2025-03-23T14:56:25.395+0000] {taskinstance.py:2776} INFO - 0 downstream tasks scheduled from follow-on schedule check
