[2025-03-22T23:23:23.025+0000] {taskinstance.py:1157} INFO - Dependencies all met for dep_context=non-requeueable deps ti=<TaskInstance: fraud_detection_pipeline_2.load_data_hive manual__2025-03-22T23:22:53+00:00 [queued]>
[2025-03-22T23:23:23.036+0000] {taskinstance.py:1157} INFO - Dependencies all met for dep_context=requeueable deps ti=<TaskInstance: fraud_detection_pipeline_2.load_data_hive manual__2025-03-22T23:22:53+00:00 [queued]>
[2025-03-22T23:23:23.036+0000] {taskinstance.py:1359} INFO - Starting attempt 1 of 4
[2025-03-22T23:23:23.054+0000] {taskinstance.py:1380} INFO - Executing <Task(BashOperator): load_data_hive> on 2025-03-22 23:22:53+00:00
[2025-03-22T23:23:23.060+0000] {standard_task_runner.py:57} INFO - Started process 5121 to run task
[2025-03-22T23:23:23.064+0000] {standard_task_runner.py:84} INFO - Running: ['***', 'tasks', 'run', 'fraud_detection_pipeline_2', 'load_data_hive', 'manual__2025-03-22T23:22:53+00:00', '--job-id', '93', '--raw', '--subdir', 'DAGS_FOLDER/dag_2.py', '--cfg-path', '/tmp/tmp5tzsrv7e']
[2025-03-22T23:23:23.069+0000] {standard_task_runner.py:85} INFO - Job 93: Subtask load_data_hive
[2025-03-22T23:23:23.135+0000] {task_command.py:415} INFO - Running <TaskInstance: fraud_detection_pipeline_2.load_data_hive manual__2025-03-22T23:22:53+00:00 [running]> on host 4ece88aec9a9
[2025-03-22T23:23:23.222+0000] {taskinstance.py:1660} INFO - Exporting env vars: AIRFLOW_CTX_DAG_EMAIL='abelchaguerm@gmail.com' AIRFLOW_CTX_DAG_OWNER='***' AIRFLOW_CTX_DAG_ID='fraud_detection_pipeline_2' AIRFLOW_CTX_TASK_ID='load_data_hive' AIRFLOW_CTX_EXECUTION_DATE='2025-03-22T23:22:53+00:00' AIRFLOW_CTX_TRY_NUMBER='1' AIRFLOW_CTX_DAG_RUN_ID='manual__2025-03-22T23:22:53+00:00'
[2025-03-22T23:23:23.225+0000] {subprocess.py:63} INFO - Tmp dir root location: /tmp
[2025-03-22T23:23:23.226+0000] {subprocess.py:75} INFO - Running command: ['/bin/bash', '-c', 'docker exec hive hive -f /home/hive_script.hql']
[2025-03-22T23:23:23.236+0000] {subprocess.py:86} INFO - Output:
[2025-03-22T23:23:25.469+0000] {subprocess.py:93} INFO - SLF4J: Class path contains multiple SLF4J bindings.
[2025-03-22T23:23:25.470+0000] {subprocess.py:93} INFO - SLF4J: Found binding in [jar:file:/opt/hive/lib/log4j-slf4j-impl-2.6.2.jar!/org/slf4j/impl/StaticLoggerBinder.class]
[2025-03-22T23:23:25.470+0000] {subprocess.py:93} INFO - SLF4J: Found binding in [jar:file:/opt/hadoop-2.7.4/share/hadoop/common/lib/slf4j-log4j12-1.7.10.jar!/org/slf4j/impl/StaticLoggerBinder.class]
[2025-03-22T23:23:25.471+0000] {subprocess.py:93} INFO - SLF4J: See http://www.slf4j.org/codes.html#multiple_bindings for an explanation.
[2025-03-22T23:23:25.472+0000] {subprocess.py:93} INFO - SLF4J: Actual binding is of type [org.apache.logging.slf4j.Log4jLoggerFactory]
[2025-03-22T23:23:26.851+0000] {subprocess.py:93} INFO - 
[2025-03-22T23:23:26.852+0000] {subprocess.py:93} INFO - Logging initialized using configuration in file:/opt/hive/conf/hive-log4j2.properties Async: true
[2025-03-22T23:23:36.131+0000] {subprocess.py:93} INFO - OK
[2025-03-22T23:23:36.134+0000] {subprocess.py:93} INFO - Time taken: 7.173 seconds
[2025-03-22T23:23:36.371+0000] {subprocess.py:93} INFO - OK
[2025-03-22T23:23:36.372+0000] {subprocess.py:93} INFO - Time taken: 0.235 seconds
[2025-03-22T23:23:36.412+0000] {subprocess.py:93} INFO - OK
[2025-03-22T23:23:36.414+0000] {subprocess.py:93} INFO - Time taken: 0.039 seconds
[2025-03-22T23:23:36.455+0000] {subprocess.py:93} INFO - OK
[2025-03-22T23:23:36.456+0000] {subprocess.py:93} INFO - Time taken: 0.04 seconds
[2025-03-22T23:23:37.010+0000] {subprocess.py:97} INFO - Command exited with return code 0
[2025-03-22T23:23:37.035+0000] {taskinstance.py:1398} INFO - Marking task as SUCCESS. dag_id=fraud_detection_pipeline_2, task_id=load_data_hive, execution_date=20250322T232253, start_date=20250322T232323, end_date=20250322T232337
[2025-03-22T23:23:37.052+0000] {logging_mixin.py:151} WARNING - /home/***/.local/lib/python3.8/site-packages/***/utils/email.py:154 RemovedInAirflow3Warning: Fetching SMTP credentials from configuration variables will be deprecated in a future release. Please set credentials using a connection instead.
[2025-03-22T23:23:37.053+0000] {email.py:270} INFO - Email alerting: attempt 1
[2025-03-22T23:23:37.588+0000] {email.py:282} INFO - Sent an alert email to ['abelchaguermohamed@gmail.com']
[2025-03-22T23:23:38.375+0000] {local_task_job_runner.py:228} INFO - Task exited with return code 0
[2025-03-22T23:23:38.401+0000] {taskinstance.py:2776} INFO - 1 downstream tasks scheduled from follow-on schedule check
