[2025-03-20T15:19:47.087+0000] {taskinstance.py:1157} INFO - Dependencies all met for dep_context=non-requeueable deps ti=<TaskInstance: fraud_detection_pipeline.load_data_hive manual__2025-03-20T15:19:25.282909+00:00 [queued]>
[2025-03-20T15:19:47.104+0000] {taskinstance.py:1157} INFO - Dependencies all met for dep_context=requeueable deps ti=<TaskInstance: fraud_detection_pipeline.load_data_hive manual__2025-03-20T15:19:25.282909+00:00 [queued]>
[2025-03-20T15:19:47.105+0000] {taskinstance.py:1359} INFO - Starting attempt 1 of 1
[2025-03-20T15:19:47.128+0000] {taskinstance.py:1380} INFO - Executing <Task(BashOperator): load_data_hive> on 2025-03-20 15:19:25.282909+00:00
[2025-03-20T15:19:47.135+0000] {standard_task_runner.py:57} INFO - Started process 24574 to run task
[2025-03-20T15:19:47.140+0000] {standard_task_runner.py:84} INFO - Running: ['***', 'tasks', 'run', 'fraud_detection_pipeline', 'load_data_hive', 'manual__2025-03-20T15:19:25.282909+00:00', '--job-id', '3532', '--raw', '--subdir', 'DAGS_FOLDER/dag_1.py', '--cfg-path', '/tmp/tmpm73ngspk']
[2025-03-20T15:19:47.143+0000] {standard_task_runner.py:85} INFO - Job 3532: Subtask load_data_hive
[2025-03-20T15:19:47.196+0000] {task_command.py:415} INFO - Running <TaskInstance: fraud_detection_pipeline.load_data_hive manual__2025-03-20T15:19:25.282909+00:00 [running]> on host 445fc0f18383
[2025-03-20T15:19:47.288+0000] {taskinstance.py:1660} INFO - Exporting env vars: AIRFLOW_CTX_DAG_OWNER='***' AIRFLOW_CTX_DAG_ID='fraud_detection_pipeline' AIRFLOW_CTX_TASK_ID='load_data_hive' AIRFLOW_CTX_EXECUTION_DATE='2025-03-20T15:19:25.282909+00:00' AIRFLOW_CTX_TRY_NUMBER='1' AIRFLOW_CTX_DAG_RUN_ID='manual__2025-03-20T15:19:25.282909+00:00'
[2025-03-20T15:19:47.290+0000] {subprocess.py:63} INFO - Tmp dir root location: /tmp
[2025-03-20T15:19:47.292+0000] {subprocess.py:75} INFO - Running command: ['/bin/bash', '-c', 'docker exec hive hive -f /home/hive_script.hql']
[2025-03-20T15:19:47.302+0000] {subprocess.py:86} INFO - Output:
[2025-03-20T15:19:50.837+0000] {subprocess.py:93} INFO - SLF4J: Class path contains multiple SLF4J bindings.
[2025-03-20T15:19:50.838+0000] {subprocess.py:93} INFO - SLF4J: Found binding in [jar:file:/opt/hive/lib/log4j-slf4j-impl-2.6.2.jar!/org/slf4j/impl/StaticLoggerBinder.class]
[2025-03-20T15:19:50.839+0000] {subprocess.py:93} INFO - SLF4J: Found binding in [jar:file:/opt/hadoop-2.7.4/share/hadoop/common/lib/slf4j-log4j12-1.7.10.jar!/org/slf4j/impl/StaticLoggerBinder.class]
[2025-03-20T15:19:50.839+0000] {subprocess.py:93} INFO - SLF4J: See http://www.slf4j.org/codes.html#multiple_bindings for an explanation.
[2025-03-20T15:19:50.840+0000] {subprocess.py:93} INFO - SLF4J: Actual binding is of type [org.apache.logging.slf4j.Log4jLoggerFactory]
[2025-03-20T15:19:52.682+0000] {subprocess.py:93} INFO - 
[2025-03-20T15:19:52.683+0000] {subprocess.py:93} INFO - Logging initialized using configuration in file:/opt/hive/conf/hive-log4j2.properties Async: true
[2025-03-20T15:19:56.232+0000] {subprocess.py:93} INFO - NoViableAltException(347@[])
[2025-03-20T15:19:56.233+0000] {subprocess.py:93} INFO - 	at org.apache.hadoop.hive.ql.parse.HiveParser.columnNameTypeOrPKOrFK(HiveParser.java:33341)
[2025-03-20T15:19:56.234+0000] {subprocess.py:93} INFO - 	at org.apache.hadoop.hive.ql.parse.HiveParser.columnNameTypeOrPKOrFKList(HiveParser.java:29513)
[2025-03-20T15:19:56.235+0000] {subprocess.py:93} INFO - 	at org.apache.hadoop.hive.ql.parse.HiveParser.createTableStatement(HiveParser.java:6175)
[2025-03-20T15:19:56.235+0000] {subprocess.py:93} INFO - 	at org.apache.hadoop.hive.ql.parse.HiveParser.ddlStatement(HiveParser.java:3808)
[2025-03-20T15:19:56.236+0000] {subprocess.py:93} INFO - 	at org.apache.hadoop.hive.ql.parse.HiveParser.execStatement(HiveParser.java:2382)
[2025-03-20T15:19:56.236+0000] {subprocess.py:93} INFO - 	at org.apache.hadoop.hive.ql.parse.HiveParser.statement(HiveParser.java:1333)
[2025-03-20T15:19:56.237+0000] {subprocess.py:93} INFO - 	at org.apache.hadoop.hive.ql.parse.ParseDriver.parse(ParseDriver.java:208)
[2025-03-20T15:19:56.237+0000] {subprocess.py:93} INFO - 	at org.apache.hadoop.hive.ql.parse.ParseUtils.parse(ParseUtils.java:77)
[2025-03-20T15:19:56.238+0000] {subprocess.py:93} INFO - 	at org.apache.hadoop.hive.ql.parse.ParseUtils.parse(ParseUtils.java:70)
[2025-03-20T15:19:56.238+0000] {subprocess.py:93} INFO - 	at org.apache.hadoop.hive.ql.Driver.compile(Driver.java:468)
[2025-03-20T15:19:56.239+0000] {subprocess.py:93} INFO - 	at org.apache.hadoop.hive.ql.Driver.compileInternal(Driver.java:1317)
[2025-03-20T15:19:56.239+0000] {subprocess.py:93} INFO - 	at org.apache.hadoop.hive.ql.Driver.runInternal(Driver.java:1457)
[2025-03-20T15:19:56.239+0000] {subprocess.py:93} INFO - 	at org.apache.hadoop.hive.ql.Driver.run(Driver.java:1237)
[2025-03-20T15:19:56.240+0000] {subprocess.py:93} INFO - 	at org.apache.hadoop.hive.ql.Driver.run(Driver.java:1227)
[2025-03-20T15:19:56.240+0000] {subprocess.py:93} INFO - 	at org.apache.hadoop.hive.cli.CliDriver.processLocalCmd(CliDriver.java:233)
[2025-03-20T15:19:56.240+0000] {subprocess.py:93} INFO - 	at org.apache.hadoop.hive.cli.CliDriver.processCmd(CliDriver.java:184)
[2025-03-20T15:19:56.241+0000] {subprocess.py:93} INFO - 	at org.apache.hadoop.hive.cli.CliDriver.processLine(CliDriver.java:403)
[2025-03-20T15:19:56.241+0000] {subprocess.py:93} INFO - 	at org.apache.hadoop.hive.cli.CliDriver.processLine(CliDriver.java:336)
[2025-03-20T15:19:56.241+0000] {subprocess.py:93} INFO - 	at org.apache.hadoop.hive.cli.CliDriver.processReader(CliDriver.java:474)
[2025-03-20T15:19:56.241+0000] {subprocess.py:93} INFO - 	at org.apache.hadoop.hive.cli.CliDriver.processFile(CliDriver.java:490)
[2025-03-20T15:19:56.242+0000] {subprocess.py:93} INFO - 	at org.apache.hadoop.hive.cli.CliDriver.executeDriver(CliDriver.java:793)
[2025-03-20T15:19:56.242+0000] {subprocess.py:93} INFO - 	at org.apache.hadoop.hive.cli.CliDriver.run(CliDriver.java:759)
[2025-03-20T15:19:56.243+0000] {subprocess.py:93} INFO - 	at org.apache.hadoop.hive.cli.CliDriver.main(CliDriver.java:686)
[2025-03-20T15:19:56.243+0000] {subprocess.py:93} INFO - 	at sun.reflect.NativeMethodAccessorImpl.invoke0(Native Method)
[2025-03-20T15:19:56.243+0000] {subprocess.py:93} INFO - 	at sun.reflect.NativeMethodAccessorImpl.invoke(NativeMethodAccessorImpl.java:62)
[2025-03-20T15:19:56.244+0000] {subprocess.py:93} INFO - 	at sun.reflect.DelegatingMethodAccessorImpl.invoke(DelegatingMethodAccessorImpl.java:43)
[2025-03-20T15:19:56.244+0000] {subprocess.py:93} INFO - 	at java.lang.reflect.Method.invoke(Method.java:498)
[2025-03-20T15:19:56.245+0000] {subprocess.py:93} INFO - 	at org.apache.hadoop.util.RunJar.run(RunJar.java:221)
[2025-03-20T15:19:56.245+0000] {subprocess.py:93} INFO - 	at org.apache.hadoop.util.RunJar.main(RunJar.java:136)
[2025-03-20T15:19:56.262+0000] {subprocess.py:93} INFO - FAILED: ParseException line 10:0 cannot recognize input near ')' 'ROW' 'FORMAT' in column name or primary key or foreign key
[2025-03-20T15:20:02.741+0000] {subprocess.py:97} INFO - Command exited with return code 64
[2025-03-20T15:20:02.753+0000] {taskinstance.py:1935} ERROR - Task failed with exception
Traceback (most recent call last):
  File "/home/airflow/.local/lib/python3.8/site-packages/airflow/operators/bash.py", line 210, in execute
    raise AirflowException(
airflow.exceptions.AirflowException: Bash command failed. The command returned a non-zero exit code 64.
[2025-03-20T15:20:02.760+0000] {taskinstance.py:1398} INFO - Marking task as FAILED. dag_id=fraud_detection_pipeline, task_id=load_data_hive, execution_date=20250320T151925, start_date=20250320T151947, end_date=20250320T152002
[2025-03-20T15:20:02.781+0000] {standard_task_runner.py:104} ERROR - Failed to execute job 3532 for task load_data_hive (Bash command failed. The command returned a non-zero exit code 64.; 24574)
[2025-03-20T15:20:02.795+0000] {local_task_job_runner.py:228} INFO - Task exited with return code 1
[2025-03-20T15:20:02.820+0000] {taskinstance.py:2776} INFO - 0 downstream tasks scheduled from follow-on schedule check
