[2025-03-22T21:50:38.715+0000] {taskinstance.py:1157} INFO - Dependencies all met for dep_context=non-requeueable deps ti=<TaskInstance: fraud_detection_pipeline.store_data_hdfs manual__2025-03-22T21:50:28+00:00 [queued]>
[2025-03-22T21:50:38.725+0000] {taskinstance.py:1157} INFO - Dependencies all met for dep_context=requeueable deps ti=<TaskInstance: fraud_detection_pipeline.store_data_hdfs manual__2025-03-22T21:50:28+00:00 [queued]>
[2025-03-22T21:50:38.726+0000] {taskinstance.py:1359} INFO - Starting attempt 1 of 4
[2025-03-22T21:50:38.744+0000] {taskinstance.py:1380} INFO - Executing <Task(BashOperator): store_data_hdfs> on 2025-03-22 21:50:28+00:00
[2025-03-22T21:50:38.750+0000] {standard_task_runner.py:57} INFO - Started process 2664 to run task
[2025-03-22T21:50:38.753+0000] {standard_task_runner.py:84} INFO - Running: ['***', 'tasks', 'run', 'fraud_detection_pipeline', 'store_data_hdfs', 'manual__2025-03-22T21:50:28+00:00', '--job-id', '65', '--raw', '--subdir', 'DAGS_FOLDER/dag_1.py', '--cfg-path', '/tmp/tmplc8ha95b']
[2025-03-22T21:50:38.756+0000] {standard_task_runner.py:85} INFO - Job 65: Subtask store_data_hdfs
[2025-03-22T21:50:38.809+0000] {task_command.py:415} INFO - Running <TaskInstance: fraud_detection_pipeline.store_data_hdfs manual__2025-03-22T21:50:28+00:00 [running]> on host 4ece88aec9a9
[2025-03-22T21:50:38.902+0000] {taskinstance.py:1660} INFO - Exporting env vars: AIRFLOW_CTX_DAG_EMAIL='abelchaguermohamed@gmail.com' AIRFLOW_CTX_DAG_OWNER='***' AIRFLOW_CTX_DAG_ID='fraud_detection_pipeline' AIRFLOW_CTX_TASK_ID='store_data_hdfs' AIRFLOW_CTX_EXECUTION_DATE='2025-03-22T21:50:28+00:00' AIRFLOW_CTX_TRY_NUMBER='1' AIRFLOW_CTX_DAG_RUN_ID='manual__2025-03-22T21:50:28+00:00'
[2025-03-22T21:50:38.905+0000] {subprocess.py:63} INFO - Tmp dir root location: /tmp
[2025-03-22T21:50:38.906+0000] {subprocess.py:75} INFO - Running command: ['/bin/bash', '-c', 'docker cp /tmp/transactions.csv namenode:/tmp/transactions.csv && docker cp /tmp/customers.csv namenode:/tmp/customers.csv && docker cp /tmp/external_data.csv namenode:/tmp/external_data.csv && docker exec namenode bash -c "hdfs dfs -mkdir -p /data/transactions && hdfs dfs -mkdir -p /data/customers && hdfs dfs -mkdir -p /data/external_data && hdfs dfs -put -f /tmp/transactions.csv /data/transactions/transactions.csv && hdfs dfs -put -f /tmp/customers.csv /data/customers/customers.csv && hdfs dfs -put -f /tmp/external_data.csv /data/external_data/external_data.csv && rm -rf /tmp/transactions.csv /tmp/customers.csv /tmp/external_data.csv"']
[2025-03-22T21:50:38.922+0000] {subprocess.py:86} INFO - Output:
[2025-03-22T21:50:46.730+0000] {subprocess.py:93} INFO - 2025-03-22 21:50:46,728 INFO sasl.SaslDataTransferClient: SASL encryption trust check: localHostTrusted = false, remoteHostTrusted = false
[2025-03-22T21:50:48.831+0000] {subprocess.py:93} INFO - 2025-03-22 21:50:48,828 INFO sasl.SaslDataTransferClient: SASL encryption trust check: localHostTrusted = false, remoteHostTrusted = false
[2025-03-22T21:50:50.981+0000] {subprocess.py:93} INFO - 2025-03-22 21:50:50,978 INFO sasl.SaslDataTransferClient: SASL encryption trust check: localHostTrusted = false, remoteHostTrusted = false
[2025-03-22T21:50:51.598+0000] {subprocess.py:97} INFO - Command exited with return code 0
[2025-03-22T21:50:51.629+0000] {taskinstance.py:1398} INFO - Marking task as SUCCESS. dag_id=fraud_detection_pipeline, task_id=store_data_hdfs, execution_date=20250322T215028, start_date=20250322T215038, end_date=20250322T215051
[2025-03-22T21:50:51.648+0000] {logging_mixin.py:151} WARNING - /home/***/.local/lib/python3.8/site-packages/***/utils/email.py:154 RemovedInAirflow3Warning: Fetching SMTP credentials from configuration variables will be deprecated in a future release. Please set credentials using a connection instead.
[2025-03-22T21:50:51.649+0000] {email.py:270} INFO - Email alerting: attempt 1
[2025-03-22T21:50:52.159+0000] {email.py:282} INFO - Sent an alert email to ['abelchaguerm@gmail.com']
[2025-03-22T21:50:52.991+0000] {local_task_job_runner.py:228} INFO - Task exited with return code 0
[2025-03-22T21:50:53.024+0000] {taskinstance.py:2776} INFO - 1 downstream tasks scheduled from follow-on schedule check
