[2025-03-19T15:15:25.821+0000] {taskinstance.py:1157} INFO - Dependencies all met for dep_context=non-requeueable deps ti=<TaskInstance: faud_detection_pipeline.store_data_hdfs scheduled__2023-10-01T19:00:00+00:00 [queued]>
[2025-03-19T15:15:25.867+0000] {taskinstance.py:1157} INFO - Dependencies all met for dep_context=requeueable deps ti=<TaskInstance: faud_detection_pipeline.store_data_hdfs scheduled__2023-10-01T19:00:00+00:00 [queued]>
[2025-03-19T15:15:25.874+0000] {taskinstance.py:1359} INFO - Starting attempt 1 of 2
[2025-03-19T15:15:26.179+0000] {taskinstance.py:1380} INFO - Executing <Task(BashOperator): store_data_hdfs> on 2023-10-01 19:00:00+00:00
[2025-03-19T15:15:26.193+0000] {standard_task_runner.py:57} INFO - Started process 9557 to run task
[2025-03-19T15:15:26.219+0000] {standard_task_runner.py:84} INFO - Running: ['***', 'tasks', 'run', 'faud_detection_pipeline', 'store_data_hdfs', 'scheduled__2023-10-01T19:00:00+00:00', '--job-id', '1254', '--raw', '--subdir', 'DAGS_FOLDER/dag_1.py', '--cfg-path', '/tmp/tmp7wv145qi']
[2025-03-19T15:15:26.233+0000] {standard_task_runner.py:85} INFO - Job 1254: Subtask store_data_hdfs
[2025-03-19T15:15:26.441+0000] {task_command.py:415} INFO - Running <TaskInstance: faud_detection_pipeline.store_data_hdfs scheduled__2023-10-01T19:00:00+00:00 [running]> on host 0009f5fb76aa
[2025-03-19T15:15:26.941+0000] {taskinstance.py:1660} INFO - Exporting env vars: AIRFLOW_CTX_DAG_OWNER='***' AIRFLOW_CTX_DAG_ID='faud_detection_pipeline' AIRFLOW_CTX_TASK_ID='store_data_hdfs' AIRFLOW_CTX_EXECUTION_DATE='2023-10-01T19:00:00+00:00' AIRFLOW_CTX_TRY_NUMBER='1' AIRFLOW_CTX_DAG_RUN_ID='scheduled__2023-10-01T19:00:00+00:00'
[2025-03-19T15:15:26.954+0000] {subprocess.py:63} INFO - Tmp dir root location: /tmp
[2025-03-19T15:15:26.959+0000] {subprocess.py:75} INFO - Running command: ['/bin/bash', '-c', 'docker cp /tmp/transactions.json namenode:/tmp/transactions.json && docker cp /tmp/customers.json namenode:/tmp/customers.json && docker cp /tmp/external_data.json namenode:/tmp/external_data.json && docker exec namenode bash -c "hdfs dfs -mkdir -p /data && hdfs dfs -put -f /tmp/transactions.json /data/transactions/transactions.json && hdfs dfs -put -f /tmp/customers.json /data/customers/customers.json && hdfs dfs -put -f /tmp/external_data.json /data/external_data/external_data.json  "']
[2025-03-19T15:15:27.085+0000] {subprocess.py:86} INFO - Output:
[2025-03-19T15:15:57.269+0000] {subprocess.py:93} INFO - put: `/data/transactions/transactions.json': No such file or directory: `hdfs://namenode:9000/data/transactions/transactions.json'
[2025-03-19T15:15:57.924+0000] {subprocess.py:97} INFO - Command exited with return code 1
[2025-03-19T15:15:57.964+0000] {taskinstance.py:1935} ERROR - Task failed with exception
Traceback (most recent call last):
  File "/home/airflow/.local/lib/python3.8/site-packages/airflow/operators/bash.py", line 210, in execute
    raise AirflowException(
airflow.exceptions.AirflowException: Bash command failed. The command returned a non-zero exit code 1.
[2025-03-19T15:15:57.996+0000] {taskinstance.py:1398} INFO - Marking task as UP_FOR_RETRY. dag_id=faud_detection_pipeline, task_id=store_data_hdfs, execution_date=20231001T190000, start_date=20250319T151525, end_date=20250319T151557
[2025-03-19T15:15:58.436+0000] {standard_task_runner.py:104} ERROR - Failed to execute job 1254 for task store_data_hdfs (Bash command failed. The command returned a non-zero exit code 1.; 9557)
[2025-03-19T15:15:58.485+0000] {local_task_job_runner.py:228} INFO - Task exited with return code 1
[2025-03-19T15:15:59.110+0000] {taskinstance.py:2776} INFO - 0 downstream tasks scheduled from follow-on schedule check
