[2025-03-19T11:48:41.285+0000] {taskinstance.py:1157} INFO - Dependencies all met for dep_context=non-requeueable deps ti=<TaskInstance: fraud_detection_pipeline.load_data_hive scheduled__2023-10-05T13:00:00+00:00 [queued]>
[2025-03-19T11:48:41.322+0000] {taskinstance.py:1157} INFO - Dependencies all met for dep_context=requeueable deps ti=<TaskInstance: fraud_detection_pipeline.load_data_hive scheduled__2023-10-05T13:00:00+00:00 [queued]>
[2025-03-19T11:48:41.324+0000] {taskinstance.py:1359} INFO - Starting attempt 1 of 2
[2025-03-19T11:48:41.394+0000] {taskinstance.py:1380} INFO - Executing <Task(BashOperator): load_data_hive> on 2023-10-05 13:00:00+00:00
[2025-03-19T11:48:41.423+0000] {standard_task_runner.py:57} INFO - Started process 923 to run task
[2025-03-19T11:48:41.441+0000] {standard_task_runner.py:84} INFO - Running: ['***', 'tasks', 'run', 'fraud_detection_pipeline', 'load_data_hive', 'scheduled__2023-10-05T13:00:00+00:00', '--job-id', '340', '--raw', '--subdir', 'DAGS_FOLDER/dag_1.py', '--cfg-path', '/tmp/tmp50vckir7']
[2025-03-19T11:48:41.450+0000] {standard_task_runner.py:85} INFO - Job 340: Subtask load_data_hive
[2025-03-19T11:48:41.584+0000] {task_command.py:415} INFO - Running <TaskInstance: fraud_detection_pipeline.load_data_hive scheduled__2023-10-05T13:00:00+00:00 [running]> on host 0009f5fb76aa
[2025-03-19T11:48:41.773+0000] {taskinstance.py:1660} INFO - Exporting env vars: AIRFLOW_CTX_DAG_OWNER='***' AIRFLOW_CTX_DAG_ID='fraud_detection_pipeline' AIRFLOW_CTX_TASK_ID='load_data_hive' AIRFLOW_CTX_EXECUTION_DATE='2023-10-05T13:00:00+00:00' AIRFLOW_CTX_TRY_NUMBER='1' AIRFLOW_CTX_DAG_RUN_ID='scheduled__2023-10-05T13:00:00+00:00'
[2025-03-19T11:48:41.778+0000] {subprocess.py:63} INFO - Tmp dir root location: /tmp
[2025-03-19T11:48:41.787+0000] {subprocess.py:75} INFO - Running command: ['/bin/bash', '-c', 'hive -f /path/to/hive_script.hql']
[2025-03-19T11:48:41.832+0000] {subprocess.py:86} INFO - Output:
[2025-03-19T11:48:41.835+0000] {subprocess.py:93} INFO - /bin/bash: line 1: hive: command not found
[2025-03-19T11:48:41.849+0000] {subprocess.py:97} INFO - Command exited with return code 127
[2025-03-19T11:48:41.875+0000] {taskinstance.py:1935} ERROR - Task failed with exception
Traceback (most recent call last):
  File "/home/airflow/.local/lib/python3.8/site-packages/airflow/operators/bash.py", line 210, in execute
    raise AirflowException(
airflow.exceptions.AirflowException: Bash command failed. The command returned a non-zero exit code 127.
[2025-03-19T11:48:41.884+0000] {taskinstance.py:1398} INFO - Marking task as UP_FOR_RETRY. dag_id=fraud_detection_pipeline, task_id=load_data_hive, execution_date=20231005T130000, start_date=20250319T114841, end_date=20250319T114841
[2025-03-19T11:48:41.919+0000] {standard_task_runner.py:104} ERROR - Failed to execute job 340 for task load_data_hive (Bash command failed. The command returned a non-zero exit code 127.; 923)
[2025-03-19T11:48:41.940+0000] {local_task_job_runner.py:228} INFO - Task exited with return code 1
[2025-03-19T11:48:41.996+0000] {taskinstance.py:2776} INFO - 0 downstream tasks scheduled from follow-on schedule check
