[2025-03-19T15:38:53.463+0000] {taskinstance.py:1157} INFO - Dependencies all met for dep_context=non-requeueable deps ti=<TaskInstance: faud_detection_pipeline.store_data_hdfs scheduled__2023-10-03T09:00:00+00:00 [queued]>
[2025-03-19T15:38:53.494+0000] {taskinstance.py:1157} INFO - Dependencies all met for dep_context=requeueable deps ti=<TaskInstance: faud_detection_pipeline.store_data_hdfs scheduled__2023-10-03T09:00:00+00:00 [queued]>
[2025-03-19T15:38:53.497+0000] {taskinstance.py:1359} INFO - Starting attempt 1 of 2
[2025-03-19T15:38:53.585+0000] {taskinstance.py:1380} INFO - Executing <Task(BashOperator): store_data_hdfs> on 2023-10-03 09:00:00+00:00
[2025-03-19T15:38:53.674+0000] {standard_task_runner.py:57} INFO - Started process 12863 to run task
[2025-03-19T15:38:53.759+0000] {standard_task_runner.py:84} INFO - Running: ['***', 'tasks', 'run', 'faud_detection_pipeline', 'store_data_hdfs', 'scheduled__2023-10-03T09:00:00+00:00', '--job-id', '1383', '--raw', '--subdir', 'DAGS_FOLDER/dag_1.py', '--cfg-path', '/tmp/tmp9tcyx5cq']
[2025-03-19T15:38:53.820+0000] {standard_task_runner.py:85} INFO - Job 1383: Subtask store_data_hdfs
[2025-03-19T15:38:54.363+0000] {task_command.py:415} INFO - Running <TaskInstance: faud_detection_pipeline.store_data_hdfs scheduled__2023-10-03T09:00:00+00:00 [running]> on host 0009f5fb76aa
[2025-03-19T15:38:54.854+0000] {taskinstance.py:1660} INFO - Exporting env vars: AIRFLOW_CTX_DAG_OWNER='***' AIRFLOW_CTX_DAG_ID='faud_detection_pipeline' AIRFLOW_CTX_TASK_ID='store_data_hdfs' AIRFLOW_CTX_EXECUTION_DATE='2023-10-03T09:00:00+00:00' AIRFLOW_CTX_TRY_NUMBER='1' AIRFLOW_CTX_DAG_RUN_ID='scheduled__2023-10-03T09:00:00+00:00'
[2025-03-19T15:38:54.858+0000] {subprocess.py:63} INFO - Tmp dir root location: /tmp
[2025-03-19T15:38:54.860+0000] {subprocess.py:75} INFO - Running command: ['/bin/bash', '-c', 'docker cp /tmp/transactions.json namenode:/tmp/transactions.json && docker cp /tmp/customers.json namenode:/tmp/customers.json && docker cp /tmp/external_data.json namenode:/tmp/external_data.json && docker exec namenode bash -c "hdfs dfs -mkdir -p /data/transactions && hdfs dfs -mkdir -p /data/customers && hdfs dfs -mkdir -p /data/external_data && hdfs dfs -put -f /tmp/transactions.json /data/transactions/transactions.json && hdfs dfs -put -f /tmp/customers.json /data/customers/customers.json && hdfs dfs -put -f /tmp/external_data.json /data/external_data/external_data.json && rm -rf /tmp/transactions.json /tmp/customers.json /tmp/external_data.json"']
[2025-03-19T15:38:54.919+0000] {subprocess.py:86} INFO - Output:
[2025-03-19T15:39:46.602+0000] {subprocess.py:93} INFO - put: `/tmp/transactions.json': No such file or directory
[2025-03-19T15:39:47.234+0000] {subprocess.py:97} INFO - Command exited with return code 1
[2025-03-19T15:39:47.319+0000] {taskinstance.py:1935} ERROR - Task failed with exception
Traceback (most recent call last):
  File "/home/airflow/.local/lib/python3.8/site-packages/airflow/operators/bash.py", line 210, in execute
    raise AirflowException(
airflow.exceptions.AirflowException: Bash command failed. The command returned a non-zero exit code 1.
[2025-03-19T15:39:47.339+0000] {taskinstance.py:1398} INFO - Marking task as UP_FOR_RETRY. dag_id=faud_detection_pipeline, task_id=store_data_hdfs, execution_date=20231003T090000, start_date=20250319T153853, end_date=20250319T153947
[2025-03-19T15:39:47.403+0000] {standard_task_runner.py:104} ERROR - Failed to execute job 1383 for task store_data_hdfs (Bash command failed. The command returned a non-zero exit code 1.; 12863)
[2025-03-19T15:39:47.464+0000] {local_task_job_runner.py:228} INFO - Task exited with return code 1
[2025-03-19T15:39:47.557+0000] {taskinstance.py:2776} INFO - 0 downstream tasks scheduled from follow-on schedule check
