[2025-03-19T15:07:04.836+0000] {taskinstance.py:1157} INFO - Dependencies all met for dep_context=non-requeueable deps ti=<TaskInstance: fraud_detection_pipeline.store_data_hdfs scheduled__2023-10-01T16:00:00+00:00 [queued]>
[2025-03-19T15:07:04.852+0000] {taskinstance.py:1157} INFO - Dependencies all met for dep_context=requeueable deps ti=<TaskInstance: fraud_detection_pipeline.store_data_hdfs scheduled__2023-10-01T16:00:00+00:00 [queued]>
[2025-03-19T15:07:04.852+0000] {taskinstance.py:1359} INFO - Starting attempt 2 of 2
[2025-03-19T15:07:04.877+0000] {taskinstance.py:1380} INFO - Executing <Task(BashOperator): store_data_hdfs> on 2023-10-01 16:00:00+00:00
[2025-03-19T15:07:04.884+0000] {standard_task_runner.py:57} INFO - Started process 6944 to run task
[2025-03-19T15:07:04.889+0000] {standard_task_runner.py:84} INFO - Running: ['***', 'tasks', 'run', 'fraud_detection_pipeline', 'store_data_hdfs', 'scheduled__2023-10-01T16:00:00+00:00', '--job-id', '1160', '--raw', '--subdir', 'DAGS_FOLDER/dag_1.py', '--cfg-path', '/tmp/tmpx40f100n']
[2025-03-19T15:07:04.893+0000] {standard_task_runner.py:85} INFO - Job 1160: Subtask store_data_hdfs
[2025-03-19T15:07:04.979+0000] {task_command.py:415} INFO - Running <TaskInstance: fraud_detection_pipeline.store_data_hdfs scheduled__2023-10-01T16:00:00+00:00 [running]> on host 0009f5fb76aa
[2025-03-19T15:07:05.105+0000] {taskinstance.py:1660} INFO - Exporting env vars: AIRFLOW_CTX_DAG_OWNER='***' AIRFLOW_CTX_DAG_ID='fraud_detection_pipeline' AIRFLOW_CTX_TASK_ID='store_data_hdfs' AIRFLOW_CTX_EXECUTION_DATE='2023-10-01T16:00:00+00:00' AIRFLOW_CTX_TRY_NUMBER='2' AIRFLOW_CTX_DAG_RUN_ID='scheduled__2023-10-01T16:00:00+00:00'
[2025-03-19T15:07:05.108+0000] {subprocess.py:63} INFO - Tmp dir root location: /tmp
[2025-03-19T15:07:05.111+0000] {subprocess.py:75} INFO - Running command: ['/bin/bash', '-c', 'docker cp /tmp/transactions.json namenode:/tmp/transactions.json && docker cp /tmp/customers.json namenode:/tmp/customers.json && docker cp /tmp/external_data.json namenode:/tmp/external_data.json && docker exec namenode bash -c "hdfs dfs -mkdir -p /data && hdfs dfs -put -f /tmp/transactions.json /data/transactions/transactions.json && hdfs dfs -put -f /tmp/customers.json /data/customers/customers.json && hdfs dfs -put -f /tmp/external_data.json /data/external_data/external_data.json  "']
[2025-03-19T15:07:05.127+0000] {subprocess.py:86} INFO - Output:
[2025-03-19T15:07:13.375+0000] {subprocess.py:93} INFO - put: `/data/transactions/transactions.json': No such file or directory: `hdfs://namenode:9000/data/transactions/transactions.json'
[2025-03-19T15:07:13.887+0000] {subprocess.py:97} INFO - Command exited with return code 1
[2025-03-19T15:07:13.908+0000] {taskinstance.py:1935} ERROR - Task failed with exception
Traceback (most recent call last):
  File "/home/airflow/.local/lib/python3.8/site-packages/airflow/operators/bash.py", line 210, in execute
    raise AirflowException(
airflow.exceptions.AirflowException: Bash command failed. The command returned a non-zero exit code 1.
[2025-03-19T15:07:13.915+0000] {taskinstance.py:1398} INFO - Marking task as FAILED. dag_id=fraud_detection_pipeline, task_id=store_data_hdfs, execution_date=20231001T160000, start_date=20250319T150704, end_date=20250319T150713
[2025-03-19T15:07:13.943+0000] {standard_task_runner.py:104} ERROR - Failed to execute job 1160 for task store_data_hdfs (Bash command failed. The command returned a non-zero exit code 1.; 6944)
[2025-03-19T15:07:13.985+0000] {local_task_job_runner.py:228} INFO - Task exited with return code 1
[2025-03-19T15:07:14.026+0000] {taskinstance.py:2776} INFO - 0 downstream tasks scheduled from follow-on schedule check
[2025-03-19T21:24:14.624+0000] {taskinstance.py:1157} INFO - Dependencies all met for dep_context=non-requeueable deps ti=<TaskInstance: fraud_detection_pipeline.store_data_hdfs scheduled__2023-10-01T16:00:00+00:00 [queued]>
[2025-03-19T21:24:14.786+0000] {taskinstance.py:1157} INFO - Dependencies all met for dep_context=requeueable deps ti=<TaskInstance: fraud_detection_pipeline.store_data_hdfs scheduled__2023-10-01T16:00:00+00:00 [queued]>
[2025-03-19T21:24:14.788+0000] {taskinstance.py:1359} INFO - Starting attempt 2 of 2
[2025-03-19T21:24:14.954+0000] {taskinstance.py:1380} INFO - Executing <Task(BashOperator): store_data_hdfs> on 2023-10-01 16:00:00+00:00
[2025-03-19T21:24:15.075+0000] {standard_task_runner.py:57} INFO - Started process 8883 to run task
[2025-03-19T21:24:15.243+0000] {standard_task_runner.py:84} INFO - Running: ['***', 'tasks', 'run', 'fraud_detection_pipeline', 'store_data_hdfs', 'scheduled__2023-10-01T16:00:00+00:00', '--job-id', '3379', '--raw', '--subdir', 'DAGS_FOLDER/dag_1.py', '--cfg-path', '/tmp/tmp3ebzx3f2']
[2025-03-19T21:24:15.377+0000] {standard_task_runner.py:85} INFO - Job 3379: Subtask store_data_hdfs
[2025-03-19T21:24:16.124+0000] {task_command.py:415} INFO - Running <TaskInstance: fraud_detection_pipeline.store_data_hdfs scheduled__2023-10-01T16:00:00+00:00 [running]> on host 445fc0f18383
[2025-03-19T21:24:17.408+0000] {taskinstance.py:1660} INFO - Exporting env vars: AIRFLOW_CTX_DAG_OWNER='***' AIRFLOW_CTX_DAG_ID='fraud_detection_pipeline' AIRFLOW_CTX_TASK_ID='store_data_hdfs' AIRFLOW_CTX_EXECUTION_DATE='2023-10-01T16:00:00+00:00' AIRFLOW_CTX_TRY_NUMBER='2' AIRFLOW_CTX_DAG_RUN_ID='scheduled__2023-10-01T16:00:00+00:00'
[2025-03-19T21:24:17.442+0000] {subprocess.py:63} INFO - Tmp dir root location: /tmp
[2025-03-19T21:24:17.514+0000] {subprocess.py:75} INFO - Running command: ['/bin/bash', '-c', 'docker cp /tmp/transactions.csv namenode:/tmp/transactions.csv && docker cp /tmp/customers.csv namenode:/tmp/customers.csv && docker cp /tmp/external_data.csv namenode:/tmp/external_data.csv && docker exec namenode bash -c "hdfs dfs -mkdir -p /data/transactions && hdfs dfs -mkdir -p /data/customers && hdfs dfs -mkdir -p /data/external_data && hdfs dfs -put -f /tmp/transactions.csv /data/transactions/transactions.csv && hdfs dfs -put -f /tmp/customers.csv /data/customers/customers.csv && hdfs dfs -put -f /tmp/external_data.csv /data/external_data/external_data.csv && rm -rf /tmp/transactions.csv /tmp/customers.csv /tmp/external_data.csv"']
[2025-03-19T21:24:17.836+0000] {subprocess.py:86} INFO - Output:
[2025-03-19T21:25:35.779+0000] {subprocess.py:93} INFO - put: `/tmp/transactions.csv': No such file or directory
[2025-03-19T21:25:36.454+0000] {subprocess.py:97} INFO - Command exited with return code 1
[2025-03-19T21:25:36.479+0000] {taskinstance.py:1935} ERROR - Task failed with exception
Traceback (most recent call last):
  File "/home/airflow/.local/lib/python3.8/site-packages/airflow/operators/bash.py", line 210, in execute
    raise AirflowException(
airflow.exceptions.AirflowException: Bash command failed. The command returned a non-zero exit code 1.
[2025-03-19T21:25:36.495+0000] {taskinstance.py:1398} INFO - Marking task as FAILED. dag_id=fraud_detection_pipeline, task_id=store_data_hdfs, execution_date=20231001T160000, start_date=20250319T212414, end_date=20250319T212536
[2025-03-19T21:25:36.538+0000] {standard_task_runner.py:104} ERROR - Failed to execute job 3379 for task store_data_hdfs (Bash command failed. The command returned a non-zero exit code 1.; 8883)
[2025-03-19T21:25:36.559+0000] {local_task_job_runner.py:228} INFO - Task exited with return code 1
[2025-03-19T21:25:36.611+0000] {taskinstance.py:2776} INFO - 0 downstream tasks scheduled from follow-on schedule check
