[2025-03-19T15:07:05.225+0000] {taskinstance.py:1157} INFO - Dependencies all met for dep_context=non-requeueable deps ti=<TaskInstance: fraud_detection_pipeline.store_data_hdfs scheduled__2023-10-01T17:00:00+00:00 [queued]>
[2025-03-19T15:07:05.245+0000] {taskinstance.py:1157} INFO - Dependencies all met for dep_context=requeueable deps ti=<TaskInstance: fraud_detection_pipeline.store_data_hdfs scheduled__2023-10-01T17:00:00+00:00 [queued]>
[2025-03-19T15:07:05.246+0000] {taskinstance.py:1359} INFO - Starting attempt 2 of 2
[2025-03-19T15:07:05.281+0000] {taskinstance.py:1380} INFO - Executing <Task(BashOperator): store_data_hdfs> on 2023-10-01 17:00:00+00:00
[2025-03-19T15:07:05.293+0000] {standard_task_runner.py:57} INFO - Started process 6972 to run task
[2025-03-19T15:07:05.304+0000] {standard_task_runner.py:84} INFO - Running: ['***', 'tasks', 'run', 'fraud_detection_pipeline', 'store_data_hdfs', 'scheduled__2023-10-01T17:00:00+00:00', '--job-id', '1161', '--raw', '--subdir', 'DAGS_FOLDER/dag_1.py', '--cfg-path', '/tmp/tmp00o06why']
[2025-03-19T15:07:05.313+0000] {standard_task_runner.py:85} INFO - Job 1161: Subtask store_data_hdfs
[2025-03-19T15:07:05.427+0000] {task_command.py:415} INFO - Running <TaskInstance: fraud_detection_pipeline.store_data_hdfs scheduled__2023-10-01T17:00:00+00:00 [running]> on host 0009f5fb76aa
[2025-03-19T15:07:05.586+0000] {taskinstance.py:1660} INFO - Exporting env vars: AIRFLOW_CTX_DAG_OWNER='***' AIRFLOW_CTX_DAG_ID='fraud_detection_pipeline' AIRFLOW_CTX_TASK_ID='store_data_hdfs' AIRFLOW_CTX_EXECUTION_DATE='2023-10-01T17:00:00+00:00' AIRFLOW_CTX_TRY_NUMBER='2' AIRFLOW_CTX_DAG_RUN_ID='scheduled__2023-10-01T17:00:00+00:00'
[2025-03-19T15:07:05.589+0000] {subprocess.py:63} INFO - Tmp dir root location: /tmp
[2025-03-19T15:07:05.591+0000] {subprocess.py:75} INFO - Running command: ['/bin/bash', '-c', 'docker cp /tmp/transactions.json namenode:/tmp/transactions.json && docker cp /tmp/customers.json namenode:/tmp/customers.json && docker cp /tmp/external_data.json namenode:/tmp/external_data.json && docker exec namenode bash -c "hdfs dfs -mkdir -p /data && hdfs dfs -put -f /tmp/transactions.json /data/transactions/transactions.json && hdfs dfs -put -f /tmp/customers.json /data/customers/customers.json && hdfs dfs -put -f /tmp/external_data.json /data/external_data/external_data.json  "']
[2025-03-19T15:07:05.606+0000] {subprocess.py:86} INFO - Output:
[2025-03-19T15:07:13.860+0000] {subprocess.py:93} INFO - put: `/data/transactions/transactions.json': No such file or directory: `hdfs://namenode:9000/data/transactions/transactions.json'
[2025-03-19T15:07:14.367+0000] {subprocess.py:97} INFO - Command exited with return code 1
[2025-03-19T15:07:14.393+0000] {taskinstance.py:1935} ERROR - Task failed with exception
Traceback (most recent call last):
  File "/home/airflow/.local/lib/python3.8/site-packages/airflow/operators/bash.py", line 210, in execute
    raise AirflowException(
airflow.exceptions.AirflowException: Bash command failed. The command returned a non-zero exit code 1.
[2025-03-19T15:07:14.402+0000] {taskinstance.py:1398} INFO - Marking task as FAILED. dag_id=fraud_detection_pipeline, task_id=store_data_hdfs, execution_date=20231001T170000, start_date=20250319T150705, end_date=20250319T150714
[2025-03-19T15:07:14.596+0000] {standard_task_runner.py:104} ERROR - Failed to execute job 1161 for task store_data_hdfs (Bash command failed. The command returned a non-zero exit code 1.; 6972)
[2025-03-19T15:07:14.610+0000] {local_task_job_runner.py:228} INFO - Task exited with return code 1
[2025-03-19T15:07:14.652+0000] {taskinstance.py:2776} INFO - 0 downstream tasks scheduled from follow-on schedule check
[2025-03-19T21:24:16.209+0000] {taskinstance.py:1157} INFO - Dependencies all met for dep_context=non-requeueable deps ti=<TaskInstance: fraud_detection_pipeline.store_data_hdfs scheduled__2023-10-01T17:00:00+00:00 [queued]>
[2025-03-19T21:24:16.514+0000] {taskinstance.py:1157} INFO - Dependencies all met for dep_context=requeueable deps ti=<TaskInstance: fraud_detection_pipeline.store_data_hdfs scheduled__2023-10-01T17:00:00+00:00 [queued]>
[2025-03-19T21:24:16.524+0000] {taskinstance.py:1359} INFO - Starting attempt 2 of 2
[2025-03-19T21:24:16.788+0000] {taskinstance.py:1380} INFO - Executing <Task(BashOperator): store_data_hdfs> on 2023-10-01 17:00:00+00:00
[2025-03-19T21:24:17.036+0000] {standard_task_runner.py:57} INFO - Started process 8898 to run task
[2025-03-19T21:24:17.082+0000] {standard_task_runner.py:84} INFO - Running: ['***', 'tasks', 'run', 'fraud_detection_pipeline', 'store_data_hdfs', 'scheduled__2023-10-01T17:00:00+00:00', '--job-id', '3385', '--raw', '--subdir', 'DAGS_FOLDER/dag_1.py', '--cfg-path', '/tmp/tmp6i3iye6v']
[2025-03-19T21:24:17.120+0000] {standard_task_runner.py:85} INFO - Job 3385: Subtask store_data_hdfs
[2025-03-19T21:24:18.475+0000] {task_command.py:415} INFO - Running <TaskInstance: fraud_detection_pipeline.store_data_hdfs scheduled__2023-10-01T17:00:00+00:00 [running]> on host 445fc0f18383
[2025-03-19T21:24:20.077+0000] {taskinstance.py:1660} INFO - Exporting env vars: AIRFLOW_CTX_DAG_OWNER='***' AIRFLOW_CTX_DAG_ID='fraud_detection_pipeline' AIRFLOW_CTX_TASK_ID='store_data_hdfs' AIRFLOW_CTX_EXECUTION_DATE='2023-10-01T17:00:00+00:00' AIRFLOW_CTX_TRY_NUMBER='2' AIRFLOW_CTX_DAG_RUN_ID='scheduled__2023-10-01T17:00:00+00:00'
[2025-03-19T21:24:20.108+0000] {subprocess.py:63} INFO - Tmp dir root location: /tmp
[2025-03-19T21:24:20.154+0000] {subprocess.py:75} INFO - Running command: ['/bin/bash', '-c', 'docker cp /tmp/transactions.csv namenode:/tmp/transactions.csv && docker cp /tmp/customers.csv namenode:/tmp/customers.csv && docker cp /tmp/external_data.csv namenode:/tmp/external_data.csv && docker exec namenode bash -c "hdfs dfs -mkdir -p /data/transactions && hdfs dfs -mkdir -p /data/customers && hdfs dfs -mkdir -p /data/external_data && hdfs dfs -put -f /tmp/transactions.csv /data/transactions/transactions.csv && hdfs dfs -put -f /tmp/customers.csv /data/customers/customers.csv && hdfs dfs -put -f /tmp/external_data.csv /data/external_data/external_data.csv && rm -rf /tmp/transactions.csv /tmp/customers.csv /tmp/external_data.csv"']
[2025-03-19T21:24:20.471+0000] {subprocess.py:86} INFO - Output:
[2025-03-19T21:25:40.745+0000] {subprocess.py:93} INFO - put: `/tmp/transactions.csv': No such file or directory
[2025-03-19T21:25:41.237+0000] {subprocess.py:97} INFO - Command exited with return code 1
[2025-03-19T21:25:41.255+0000] {taskinstance.py:1935} ERROR - Task failed with exception
Traceback (most recent call last):
  File "/home/airflow/.local/lib/python3.8/site-packages/airflow/operators/bash.py", line 210, in execute
    raise AirflowException(
airflow.exceptions.AirflowException: Bash command failed. The command returned a non-zero exit code 1.
[2025-03-19T21:25:41.262+0000] {taskinstance.py:1398} INFO - Marking task as FAILED. dag_id=fraud_detection_pipeline, task_id=store_data_hdfs, execution_date=20231001T170000, start_date=20250319T212416, end_date=20250319T212541
[2025-03-19T21:25:41.281+0000] {standard_task_runner.py:104} ERROR - Failed to execute job 3385 for task store_data_hdfs (Bash command failed. The command returned a non-zero exit code 1.; 8898)
[2025-03-19T21:25:41.294+0000] {local_task_job_runner.py:228} INFO - Task exited with return code 1
[2025-03-19T21:25:41.344+0000] {taskinstance.py:2776} INFO - 0 downstream tasks scheduled from follow-on schedule check
