[2025-03-21T20:35:57.365+0000] {taskinstance.py:1157} INFO - Dependencies all met for dep_context=non-requeueable deps ti=<TaskInstance: fraud_detection_pipeline.load_data_hive manual__2025-03-21T20:35:30+00:00 [queued]>
[2025-03-21T20:35:57.379+0000] {taskinstance.py:1157} INFO - Dependencies all met for dep_context=requeueable deps ti=<TaskInstance: fraud_detection_pipeline.load_data_hive manual__2025-03-21T20:35:30+00:00 [queued]>
[2025-03-21T20:35:57.380+0000] {taskinstance.py:1359} INFO - Starting attempt 1 of 4
[2025-03-21T20:35:57.401+0000] {taskinstance.py:1380} INFO - Executing <Task(BashOperator): load_data_hive> on 2025-03-21 20:35:30+00:00
[2025-03-21T20:35:57.409+0000] {standard_task_runner.py:57} INFO - Started process 1009 to run task
[2025-03-21T20:35:57.413+0000] {standard_task_runner.py:84} INFO - Running: ['***', 'tasks', 'run', 'fraud_detection_pipeline', 'load_data_hive', 'manual__2025-03-21T20:35:30+00:00', '--job-id', '3647', '--raw', '--subdir', 'DAGS_FOLDER/dag_1.py', '--cfg-path', '/tmp/tmp50oxr2zt']
[2025-03-21T20:35:57.416+0000] {standard_task_runner.py:85} INFO - Job 3647: Subtask load_data_hive
[2025-03-21T20:35:57.478+0000] {task_command.py:415} INFO - Running <TaskInstance: fraud_detection_pipeline.load_data_hive manual__2025-03-21T20:35:30+00:00 [running]> on host f665883f3a95
[2025-03-21T20:35:57.579+0000] {taskinstance.py:1660} INFO - Exporting env vars: AIRFLOW_CTX_DAG_EMAIL='abelchaguermohamed@gmail.com' AIRFLOW_CTX_DAG_OWNER='***' AIRFLOW_CTX_DAG_ID='fraud_detection_pipeline' AIRFLOW_CTX_TASK_ID='load_data_hive' AIRFLOW_CTX_EXECUTION_DATE='2025-03-21T20:35:30+00:00' AIRFLOW_CTX_TRY_NUMBER='1' AIRFLOW_CTX_DAG_RUN_ID='manual__2025-03-21T20:35:30+00:00'
[2025-03-21T20:35:57.580+0000] {subprocess.py:63} INFO - Tmp dir root location: /tmp
[2025-03-21T20:35:57.582+0000] {subprocess.py:75} INFO - Running command: ['/bin/bash', '-c', 'docker exec hive hive -f /home/hive_script.hql']
[2025-03-21T20:35:57.595+0000] {subprocess.py:86} INFO - Output:
[2025-03-21T20:35:59.896+0000] {subprocess.py:93} INFO - SLF4J: Class path contains multiple SLF4J bindings.
[2025-03-21T20:35:59.897+0000] {subprocess.py:93} INFO - SLF4J: Found binding in [jar:file:/opt/hive/lib/log4j-slf4j-impl-2.6.2.jar!/org/slf4j/impl/StaticLoggerBinder.class]
[2025-03-21T20:35:59.898+0000] {subprocess.py:93} INFO - SLF4J: Found binding in [jar:file:/opt/hadoop-2.7.4/share/hadoop/common/lib/slf4j-log4j12-1.7.10.jar!/org/slf4j/impl/StaticLoggerBinder.class]
[2025-03-21T20:35:59.900+0000] {subprocess.py:93} INFO - SLF4J: See http://www.slf4j.org/codes.html#multiple_bindings for an explanation.
[2025-03-21T20:35:59.901+0000] {subprocess.py:93} INFO - SLF4J: Actual binding is of type [org.apache.logging.slf4j.Log4jLoggerFactory]
[2025-03-21T20:36:01.702+0000] {subprocess.py:93} INFO - 
[2025-03-21T20:36:01.704+0000] {subprocess.py:93} INFO - Logging initialized using configuration in file:/opt/hive/conf/hive-log4j2.properties Async: true
[2025-03-21T20:36:13.654+0000] {subprocess.py:93} INFO - OK
[2025-03-21T20:36:13.657+0000] {subprocess.py:93} INFO - Time taken: 9.238 seconds
[2025-03-21T20:36:13.914+0000] {subprocess.py:93} INFO - OK
[2025-03-21T20:36:13.915+0000] {subprocess.py:93} INFO - Time taken: 0.255 seconds
[2025-03-21T20:36:13.947+0000] {subprocess.py:93} INFO - OK
[2025-03-21T20:36:13.948+0000] {subprocess.py:93} INFO - Time taken: 0.031 seconds
[2025-03-21T20:36:13.974+0000] {subprocess.py:93} INFO - OK
[2025-03-21T20:36:13.975+0000] {subprocess.py:93} INFO - Time taken: 0.025 seconds
[2025-03-21T20:36:14.494+0000] {subprocess.py:97} INFO - Command exited with return code 0
[2025-03-21T20:36:14.532+0000] {taskinstance.py:1398} INFO - Marking task as SUCCESS. dag_id=fraud_detection_pipeline, task_id=load_data_hive, execution_date=20250321T203530, start_date=20250321T203557, end_date=20250321T203614
[2025-03-21T20:36:14.549+0000] {logging_mixin.py:151} WARNING - /home/***/.local/lib/python3.8/site-packages/***/utils/email.py:154 RemovedInAirflow3Warning: Fetching SMTP credentials from configuration variables will be deprecated in a future release. Please set credentials using a connection instead.
[2025-03-21T20:36:14.550+0000] {email.py:270} INFO - Email alerting: attempt 1
[2025-03-21T20:36:15.901+0000] {taskinstance.py:1703} ERROR - Error when executing notify_success callback
Traceback (most recent call last):
  File "/home/airflow/.local/lib/python3.8/site-packages/airflow/models/taskinstance.py", line 1700, in _run_finished_callback
    callback(context)
  File "/opt/airflow/dags/dag_1.py", line 29, in notify_success
    send_email(to=email, subject=subject, html_content=html_content)
  File "/home/airflow/.local/lib/python3.8/site-packages/airflow/utils/email.py", line 80, in send_email
    return backend(
  File "/home/airflow/.local/lib/python3.8/site-packages/airflow/utils/email.py", line 154, in send_email_smtp
    send_mime_email(e_from=mail_from, e_to=recipients, mime_msg=msg, conn_id=conn_id, dryrun=dryrun)
  File "/home/airflow/.local/lib/python3.8/site-packages/airflow/utils/email.py", line 281, in send_mime_email
    smtp_conn.login(smtp_user, smtp_password)
  File "/usr/local/lib/python3.8/smtplib.py", line 748, in login
    raise last_exception
  File "/usr/local/lib/python3.8/smtplib.py", line 737, in login
    (code, resp) = self.auth(
  File "/usr/local/lib/python3.8/smtplib.py", line 660, in auth
    raise SMTPAuthenticationError(code, resp)
smtplib.SMTPAuthenticationError: (535, b'5.7.8 Username and Password not accepted. For more information, go to\n5.7.8  https://support.google.com/mail/?p=BadCredentials 5b1f17b1804b1-43d4fd9e960sm36784355e9.29 - gsmtp')
[2025-03-21T20:36:15.968+0000] {local_task_job_runner.py:228} INFO - Task exited with return code 0
[2025-03-21T20:36:16.011+0000] {taskinstance.py:2776} INFO - 1 downstream tasks scheduled from follow-on schedule check
