[2025-03-20T16:17:38.480+0000] {taskinstance.py:1157} INFO - Dependencies all met for dep_context=non-requeueable deps ti=<TaskInstance: fraud_detection_pipeline.load_data_hive manual__2025-03-20T16:17:20.909811+00:00 [queued]>
[2025-03-20T16:17:38.491+0000] {taskinstance.py:1157} INFO - Dependencies all met for dep_context=requeueable deps ti=<TaskInstance: fraud_detection_pipeline.load_data_hive manual__2025-03-20T16:17:20.909811+00:00 [queued]>
[2025-03-20T16:17:38.492+0000] {taskinstance.py:1359} INFO - Starting attempt 1 of 1
[2025-03-20T16:17:38.509+0000] {taskinstance.py:1380} INFO - Executing <Task(BashOperator): load_data_hive> on 2025-03-20 16:17:20.909811+00:00
[2025-03-20T16:17:38.513+0000] {standard_task_runner.py:57} INFO - Started process 25342 to run task
[2025-03-20T16:17:38.518+0000] {standard_task_runner.py:84} INFO - Running: ['***', 'tasks', 'run', 'fraud_detection_pipeline', 'load_data_hive', 'manual__2025-03-20T16:17:20.909811+00:00', '--job-id', '3547', '--raw', '--subdir', 'DAGS_FOLDER/dag_1.py', '--cfg-path', '/tmp/tmpsw7zazp2']
[2025-03-20T16:17:38.522+0000] {standard_task_runner.py:85} INFO - Job 3547: Subtask load_data_hive
[2025-03-20T16:17:38.579+0000] {task_command.py:415} INFO - Running <TaskInstance: fraud_detection_pipeline.load_data_hive manual__2025-03-20T16:17:20.909811+00:00 [running]> on host 445fc0f18383
[2025-03-20T16:17:38.665+0000] {taskinstance.py:1660} INFO - Exporting env vars: AIRFLOW_CTX_DAG_OWNER='***' AIRFLOW_CTX_DAG_ID='fraud_detection_pipeline' AIRFLOW_CTX_TASK_ID='load_data_hive' AIRFLOW_CTX_EXECUTION_DATE='2025-03-20T16:17:20.909811+00:00' AIRFLOW_CTX_TRY_NUMBER='1' AIRFLOW_CTX_DAG_RUN_ID='manual__2025-03-20T16:17:20.909811+00:00'
[2025-03-20T16:17:38.667+0000] {subprocess.py:63} INFO - Tmp dir root location: /tmp
[2025-03-20T16:17:38.668+0000] {subprocess.py:75} INFO - Running command: ['/bin/bash', '-c', 'docker exec hive hive -f /home/hive_script.hql']
[2025-03-20T16:17:38.677+0000] {subprocess.py:86} INFO - Output:
[2025-03-20T16:17:40.704+0000] {subprocess.py:93} INFO - SLF4J: Class path contains multiple SLF4J bindings.
[2025-03-20T16:17:40.705+0000] {subprocess.py:93} INFO - SLF4J: Found binding in [jar:file:/opt/hive/lib/log4j-slf4j-impl-2.6.2.jar!/org/slf4j/impl/StaticLoggerBinder.class]
[2025-03-20T16:17:40.706+0000] {subprocess.py:93} INFO - SLF4J: Found binding in [jar:file:/opt/hadoop-2.7.4/share/hadoop/common/lib/slf4j-log4j12-1.7.10.jar!/org/slf4j/impl/StaticLoggerBinder.class]
[2025-03-20T16:17:40.706+0000] {subprocess.py:93} INFO - SLF4J: See http://www.slf4j.org/codes.html#multiple_bindings for an explanation.
[2025-03-20T16:17:40.710+0000] {subprocess.py:93} INFO - SLF4J: Actual binding is of type [org.apache.logging.slf4j.Log4jLoggerFactory]
[2025-03-20T16:17:42.308+0000] {subprocess.py:93} INFO - 
[2025-03-20T16:17:42.309+0000] {subprocess.py:93} INFO - Logging initialized using configuration in file:/opt/hive/conf/hive-log4j2.properties Async: true
[2025-03-20T16:17:54.559+0000] {subprocess.py:93} INFO - OK
[2025-03-20T16:17:54.564+0000] {subprocess.py:93} INFO - Time taken: 9.826 seconds
[2025-03-20T16:17:54.649+0000] {subprocess.py:93} INFO - OK
[2025-03-20T16:17:54.650+0000] {subprocess.py:93} INFO - Time taken: 0.081 seconds
[2025-03-20T16:17:54.722+0000] {subprocess.py:93} INFO - OK
[2025-03-20T16:17:54.724+0000] {subprocess.py:93} INFO - Time taken: 0.071 seconds
[2025-03-20T16:17:54.779+0000] {subprocess.py:93} INFO - OK
[2025-03-20T16:17:54.780+0000] {subprocess.py:93} INFO - Time taken: 0.055 seconds
[2025-03-20T16:17:55.292+0000] {subprocess.py:97} INFO - Command exited with return code 0
[2025-03-20T16:17:55.324+0000] {taskinstance.py:1398} INFO - Marking task as SUCCESS. dag_id=fraud_detection_pipeline, task_id=load_data_hive, execution_date=20250320T161720, start_date=20250320T161738, end_date=20250320T161755
[2025-03-20T16:17:55.375+0000] {local_task_job_runner.py:228} INFO - Task exited with return code 0
[2025-03-20T16:17:55.406+0000] {taskinstance.py:2776} INFO - 1 downstream tasks scheduled from follow-on schedule check
