[2025-03-19T15:08:06.881+0000] {taskinstance.py:1157} INFO - Dependencies all met for dep_context=non-requeueable deps ti=<TaskInstance: fraud_detection_pipeline.store_data_hdfs scheduled__2023-10-01T22:00:00+00:00 [queued]>
[2025-03-19T15:08:06.893+0000] {taskinstance.py:1157} INFO - Dependencies all met for dep_context=requeueable deps ti=<TaskInstance: fraud_detection_pipeline.store_data_hdfs scheduled__2023-10-01T22:00:00+00:00 [queued]>
[2025-03-19T15:08:06.894+0000] {taskinstance.py:1359} INFO - Starting attempt 2 of 2
[2025-03-19T15:08:06.912+0000] {taskinstance.py:1380} INFO - Executing <Task(BashOperator): store_data_hdfs> on 2023-10-01 22:00:00+00:00
[2025-03-19T15:08:06.921+0000] {standard_task_runner.py:57} INFO - Started process 7524 to run task
[2025-03-19T15:08:06.925+0000] {standard_task_runner.py:84} INFO - Running: ['***', 'tasks', 'run', 'fraud_detection_pipeline', 'store_data_hdfs', 'scheduled__2023-10-01T22:00:00+00:00', '--job-id', '1178', '--raw', '--subdir', 'DAGS_FOLDER/dag_1.py', '--cfg-path', '/tmp/tmp3edhp4_c']
[2025-03-19T15:08:06.929+0000] {standard_task_runner.py:85} INFO - Job 1178: Subtask store_data_hdfs
[2025-03-19T15:08:06.988+0000] {task_command.py:415} INFO - Running <TaskInstance: fraud_detection_pipeline.store_data_hdfs scheduled__2023-10-01T22:00:00+00:00 [running]> on host 0009f5fb76aa
[2025-03-19T15:08:07.088+0000] {taskinstance.py:1660} INFO - Exporting env vars: AIRFLOW_CTX_DAG_OWNER='***' AIRFLOW_CTX_DAG_ID='fraud_detection_pipeline' AIRFLOW_CTX_TASK_ID='store_data_hdfs' AIRFLOW_CTX_EXECUTION_DATE='2023-10-01T22:00:00+00:00' AIRFLOW_CTX_TRY_NUMBER='2' AIRFLOW_CTX_DAG_RUN_ID='scheduled__2023-10-01T22:00:00+00:00'
[2025-03-19T15:08:07.090+0000] {subprocess.py:63} INFO - Tmp dir root location: /tmp
[2025-03-19T15:08:07.092+0000] {subprocess.py:75} INFO - Running command: ['/bin/bash', '-c', 'docker cp /tmp/transactions.json namenode:/tmp/transactions.json && docker cp /tmp/customers.json namenode:/tmp/customers.json && docker cp /tmp/external_data.json namenode:/tmp/external_data.json && docker exec namenode bash -c "hdfs dfs -mkdir -p /data && hdfs dfs -put -f /tmp/transactions.json /data/transactions/transactions.json && hdfs dfs -put -f /tmp/customers.json /data/customers/customers.json && hdfs dfs -put -f /tmp/external_data.json /data/external_data/external_data.json  "']
[2025-03-19T15:08:07.107+0000] {subprocess.py:86} INFO - Output:
[2025-03-19T15:08:12.962+0000] {subprocess.py:93} INFO - put: `/data/transactions/transactions.json': No such file or directory: `hdfs://namenode:9000/data/transactions/transactions.json'
[2025-03-19T15:08:13.521+0000] {subprocess.py:97} INFO - Command exited with return code 1
[2025-03-19T15:08:13.557+0000] {taskinstance.py:1935} ERROR - Task failed with exception
Traceback (most recent call last):
  File "/home/airflow/.local/lib/python3.8/site-packages/airflow/operators/bash.py", line 210, in execute
    raise AirflowException(
airflow.exceptions.AirflowException: Bash command failed. The command returned a non-zero exit code 1.
[2025-03-19T15:08:13.566+0000] {taskinstance.py:1398} INFO - Marking task as FAILED. dag_id=fraud_detection_pipeline, task_id=store_data_hdfs, execution_date=20231001T220000, start_date=20250319T150806, end_date=20250319T150813
[2025-03-19T15:08:13.615+0000] {standard_task_runner.py:104} ERROR - Failed to execute job 1178 for task store_data_hdfs (Bash command failed. The command returned a non-zero exit code 1.; 7524)
[2025-03-19T15:08:13.638+0000] {local_task_job_runner.py:228} INFO - Task exited with return code 1
[2025-03-19T15:08:13.741+0000] {taskinstance.py:2776} INFO - 0 downstream tasks scheduled from follow-on schedule check
[2025-03-19T21:24:16.671+0000] {taskinstance.py:1157} INFO - Dependencies all met for dep_context=non-requeueable deps ti=<TaskInstance: fraud_detection_pipeline.store_data_hdfs scheduled__2023-10-01T22:00:00+00:00 [queued]>
[2025-03-19T21:24:16.795+0000] {taskinstance.py:1157} INFO - Dependencies all met for dep_context=requeueable deps ti=<TaskInstance: fraud_detection_pipeline.store_data_hdfs scheduled__2023-10-01T22:00:00+00:00 [queued]>
[2025-03-19T21:24:16.819+0000] {taskinstance.py:1359} INFO - Starting attempt 2 of 2
[2025-03-19T21:24:17.231+0000] {taskinstance.py:1380} INFO - Executing <Task(BashOperator): store_data_hdfs> on 2023-10-01 22:00:00+00:00
[2025-03-19T21:24:17.300+0000] {standard_task_runner.py:57} INFO - Started process 8899 to run task
[2025-03-19T21:24:17.562+0000] {standard_task_runner.py:84} INFO - Running: ['***', 'tasks', 'run', 'fraud_detection_pipeline', 'store_data_hdfs', 'scheduled__2023-10-01T22:00:00+00:00', '--job-id', '3386', '--raw', '--subdir', 'DAGS_FOLDER/dag_1.py', '--cfg-path', '/tmp/tmpefh5l1t5']
[2025-03-19T21:24:17.693+0000] {standard_task_runner.py:85} INFO - Job 3386: Subtask store_data_hdfs
[2025-03-19T21:24:18.866+0000] {task_command.py:415} INFO - Running <TaskInstance: fraud_detection_pipeline.store_data_hdfs scheduled__2023-10-01T22:00:00+00:00 [running]> on host 445fc0f18383
[2025-03-19T21:24:20.355+0000] {taskinstance.py:1660} INFO - Exporting env vars: AIRFLOW_CTX_DAG_OWNER='***' AIRFLOW_CTX_DAG_ID='fraud_detection_pipeline' AIRFLOW_CTX_TASK_ID='store_data_hdfs' AIRFLOW_CTX_EXECUTION_DATE='2023-10-01T22:00:00+00:00' AIRFLOW_CTX_TRY_NUMBER='2' AIRFLOW_CTX_DAG_RUN_ID='scheduled__2023-10-01T22:00:00+00:00'
[2025-03-19T21:24:20.364+0000] {subprocess.py:63} INFO - Tmp dir root location: /tmp
[2025-03-19T21:24:20.367+0000] {subprocess.py:75} INFO - Running command: ['/bin/bash', '-c', 'docker cp /tmp/transactions.csv namenode:/tmp/transactions.csv && docker cp /tmp/customers.csv namenode:/tmp/customers.csv && docker cp /tmp/external_data.csv namenode:/tmp/external_data.csv && docker exec namenode bash -c "hdfs dfs -mkdir -p /data/transactions && hdfs dfs -mkdir -p /data/customers && hdfs dfs -mkdir -p /data/external_data && hdfs dfs -put -f /tmp/transactions.csv /data/transactions/transactions.csv && hdfs dfs -put -f /tmp/customers.csv /data/customers/customers.csv && hdfs dfs -put -f /tmp/external_data.csv /data/external_data/external_data.csv && rm -rf /tmp/transactions.csv /tmp/customers.csv /tmp/external_data.csv"']
[2025-03-19T21:24:20.649+0000] {subprocess.py:86} INFO - Output:
[2025-03-19T21:25:40.873+0000] {subprocess.py:93} INFO - put: `/tmp/transactions.csv': No such file or directory
[2025-03-19T21:25:41.376+0000] {subprocess.py:97} INFO - Command exited with return code 1
[2025-03-19T21:25:41.404+0000] {taskinstance.py:1935} ERROR - Task failed with exception
Traceback (most recent call last):
  File "/home/airflow/.local/lib/python3.8/site-packages/airflow/operators/bash.py", line 210, in execute
    raise AirflowException(
airflow.exceptions.AirflowException: Bash command failed. The command returned a non-zero exit code 1.
[2025-03-19T21:25:41.413+0000] {taskinstance.py:1398} INFO - Marking task as FAILED. dag_id=fraud_detection_pipeline, task_id=store_data_hdfs, execution_date=20231001T220000, start_date=20250319T212416, end_date=20250319T212541
[2025-03-19T21:25:41.605+0000] {standard_task_runner.py:104} ERROR - Failed to execute job 3386 for task store_data_hdfs (Bash command failed. The command returned a non-zero exit code 1.; 8899)
[2025-03-19T21:25:41.646+0000] {local_task_job_runner.py:228} INFO - Task exited with return code 1
[2025-03-19T21:25:41.694+0000] {taskinstance.py:2776} INFO - 0 downstream tasks scheduled from follow-on schedule check
