[2025-03-19T14:56:20.911+0000] {taskinstance.py:1157} INFO - Dependencies all met for dep_context=non-requeueable deps ti=<TaskInstance: fraud_detection_pipeline.store_data_hdfs scheduled__2023-10-01T13:00:00+00:00 [queued]>
[2025-03-19T14:56:20.951+0000] {taskinstance.py:1157} INFO - Dependencies all met for dep_context=requeueable deps ti=<TaskInstance: fraud_detection_pipeline.store_data_hdfs scheduled__2023-10-01T13:00:00+00:00 [queued]>
[2025-03-19T14:56:20.957+0000] {taskinstance.py:1359} INFO - Starting attempt 1 of 2
[2025-03-19T14:56:21.028+0000] {taskinstance.py:1380} INFO - Executing <Task(BashOperator): store_data_hdfs> on 2023-10-01 13:00:00+00:00
[2025-03-19T14:56:21.044+0000] {standard_task_runner.py:57} INFO - Started process 5249 to run task
[2025-03-19T14:56:21.061+0000] {standard_task_runner.py:84} INFO - Running: ['***', 'tasks', 'run', 'fraud_detection_pipeline', 'store_data_hdfs', 'scheduled__2023-10-01T13:00:00+00:00', '--job-id', '1106', '--raw', '--subdir', 'DAGS_FOLDER/dag_1.py', '--cfg-path', '/tmp/tmpi22qr2j8']
[2025-03-19T14:56:21.079+0000] {standard_task_runner.py:85} INFO - Job 1106: Subtask store_data_hdfs
[2025-03-19T14:56:21.300+0000] {task_command.py:415} INFO - Running <TaskInstance: fraud_detection_pipeline.store_data_hdfs scheduled__2023-10-01T13:00:00+00:00 [running]> on host 0009f5fb76aa
[2025-03-19T14:56:21.561+0000] {taskinstance.py:1660} INFO - Exporting env vars: AIRFLOW_CTX_DAG_OWNER='***' AIRFLOW_CTX_DAG_ID='fraud_detection_pipeline' AIRFLOW_CTX_TASK_ID='store_data_hdfs' AIRFLOW_CTX_EXECUTION_DATE='2023-10-01T13:00:00+00:00' AIRFLOW_CTX_TRY_NUMBER='1' AIRFLOW_CTX_DAG_RUN_ID='scheduled__2023-10-01T13:00:00+00:00'
[2025-03-19T14:56:21.568+0000] {subprocess.py:63} INFO - Tmp dir root location: /tmp
[2025-03-19T14:56:21.572+0000] {subprocess.py:75} INFO - Running command: ['/bin/bash', '-c', 'docker cp /tmp/transactions.json namenode:/tmp/transactions.json && docker cp /tmp/customers.json namenode:/tmp/customers.json && docker cp /tmp/external_data.json namenode:/tmp/external_data.json && rm -rf /tmp/external_data.json  && rm -rf /tmp/customers.json  && rm -rf /tmp/transactions.json  && docker exec namenode bash -c "hdfs dfs -mkdir -p /data && hdfs dfs -put -f /tmp/transactions.json /data/transactions/transactions.json && hdfs dfs -put -f /tmp/customers.json /data/customers/customers.json && hdfs dfs -put -f /tmp/external_data.json /data/external_data/external_data.json && rm -rf /tmp/customers.json  && rm -rf /tmp/customers.json  && rm -rf /tmp/external_data.json "']
[2025-03-19T14:56:21.609+0000] {subprocess.py:86} INFO - Output:
[2025-03-19T14:56:21.766+0000] {subprocess.py:93} INFO - lstat /tmp/transactions.json: no such file or directory
[2025-03-19T14:56:21.776+0000] {subprocess.py:97} INFO - Command exited with return code 1
[2025-03-19T14:56:21.814+0000] {taskinstance.py:1935} ERROR - Task failed with exception
Traceback (most recent call last):
  File "/home/airflow/.local/lib/python3.8/site-packages/airflow/operators/bash.py", line 210, in execute
    raise AirflowException(
airflow.exceptions.AirflowException: Bash command failed. The command returned a non-zero exit code 1.
[2025-03-19T14:56:21.839+0000] {taskinstance.py:1398} INFO - Marking task as UP_FOR_RETRY. dag_id=fraud_detection_pipeline, task_id=store_data_hdfs, execution_date=20231001T130000, start_date=20250319T145620, end_date=20250319T145621
[2025-03-19T14:56:21.957+0000] {standard_task_runner.py:104} ERROR - Failed to execute job 1106 for task store_data_hdfs (Bash command failed. The command returned a non-zero exit code 1.; 5249)
[2025-03-19T14:56:22.019+0000] {local_task_job_runner.py:228} INFO - Task exited with return code 1
[2025-03-19T14:56:22.108+0000] {taskinstance.py:2776} INFO - 0 downstream tasks scheduled from follow-on schedule check
[2025-03-19T19:58:31.800+0000] {taskinstance.py:1157} INFO - Dependencies all met for dep_context=non-requeueable deps ti=<TaskInstance: fraud_detection_pipeline.store_data_hdfs scheduled__2023-10-01T13:00:00+00:00 [queued]>
[2025-03-19T19:58:31.857+0000] {taskinstance.py:1157} INFO - Dependencies all met for dep_context=requeueable deps ti=<TaskInstance: fraud_detection_pipeline.store_data_hdfs scheduled__2023-10-01T13:00:00+00:00 [queued]>
[2025-03-19T19:58:31.860+0000] {taskinstance.py:1359} INFO - Starting attempt 1 of 2
[2025-03-19T19:58:31.909+0000] {taskinstance.py:1380} INFO - Executing <Task(BashOperator): store_data_hdfs> on 2023-10-01 13:00:00+00:00
[2025-03-19T19:58:31.927+0000] {standard_task_runner.py:57} INFO - Started process 46983 to run task
[2025-03-19T19:58:31.950+0000] {standard_task_runner.py:84} INFO - Running: ['***', 'tasks', 'run', 'fraud_detection_pipeline', 'store_data_hdfs', 'scheduled__2023-10-01T13:00:00+00:00', '--job-id', '2882', '--raw', '--subdir', 'DAGS_FOLDER/dag_1.py', '--cfg-path', '/tmp/tmpzsctzumn']
[2025-03-19T19:58:31.978+0000] {standard_task_runner.py:85} INFO - Job 2882: Subtask store_data_hdfs
[2025-03-19T19:58:32.441+0000] {task_command.py:415} INFO - Running <TaskInstance: fraud_detection_pipeline.store_data_hdfs scheduled__2023-10-01T13:00:00+00:00 [running]> on host 0009f5fb76aa
[2025-03-19T19:58:32.821+0000] {taskinstance.py:1660} INFO - Exporting env vars: AIRFLOW_CTX_DAG_OWNER='***' AIRFLOW_CTX_DAG_ID='fraud_detection_pipeline' AIRFLOW_CTX_TASK_ID='store_data_hdfs' AIRFLOW_CTX_EXECUTION_DATE='2023-10-01T13:00:00+00:00' AIRFLOW_CTX_TRY_NUMBER='1' AIRFLOW_CTX_DAG_RUN_ID='scheduled__2023-10-01T13:00:00+00:00'
[2025-03-19T19:58:32.841+0000] {subprocess.py:63} INFO - Tmp dir root location: /tmp
[2025-03-19T19:58:32.843+0000] {subprocess.py:75} INFO - Running command: ['/bin/bash', '-c', 'docker cp /tmp/transactions.csv namenode:/tmp/transactions.csv && docker cp /tmp/customers.csv namenode:/tmp/customers.csv && docker cp /tmp/external_data.csv namenode:/tmp/external_data.csv && docker exec namenode bash -c "hdfs dfs -mkdir -p /data/transactions && hdfs dfs -mkdir -p /data/customers && hdfs dfs -mkdir -p /data/external_data && hdfs dfs -put -f /tmp/transactions.csv /data/transactions/transactions.csv && hdfs dfs -put -f /tmp/customers.csv /data/customers/customers.csv && hdfs dfs -put -f /tmp/external_data.csv /data/external_data/external_data.csv && rm -rf /tmp/transactions.csv /tmp/customers.csv /tmp/external_data.csv"']
[2025-03-19T19:58:32.888+0000] {subprocess.py:86} INFO - Output:
[2025-03-19T19:58:42.128+0000] {local_task_job_runner.py:294} WARNING - State of this instance has been externally set to None. Terminating instance.
[2025-03-19T19:58:42.149+0000] {process_utils.py:131} INFO - Sending 15 to group 46983. PIDs of all processes in the group: [46985, 46983]
[2025-03-19T19:58:42.151+0000] {process_utils.py:86} INFO - Sending the signal 15 to group 46983
[2025-03-19T19:58:42.155+0000] {taskinstance.py:1630} ERROR - Received SIGTERM. Terminating subprocesses.
[2025-03-19T19:58:42.167+0000] {subprocess.py:104} INFO - Sending SIGTERM signal to process group
[2025-03-19T19:58:42.313+0000] {taskinstance.py:1935} ERROR - Task failed with exception
Traceback (most recent call last):
  File "/home/airflow/.local/lib/python3.8/site-packages/airflow/operators/bash.py", line 201, in execute
    result = self.subprocess_hook.run_command(
  File "/home/airflow/.local/lib/python3.8/site-packages/airflow/hooks/subprocess.py", line 91, in run_command
    for raw_line in iter(self.sub_process.stdout.readline, b""):
  File "/home/airflow/.local/lib/python3.8/site-packages/airflow/models/taskinstance.py", line 1632, in signal_handler
    raise AirflowException("Task received SIGTERM signal")
airflow.exceptions.AirflowException: Task received SIGTERM signal
[2025-03-19T19:58:42.333+0000] {taskinstance.py:1398} INFO - Marking task as FAILED. dag_id=fraud_detection_pipeline, task_id=store_data_hdfs, execution_date=20231001T130000, start_date=20250319T195831, end_date=20250319T195842
[2025-03-19T19:58:42.517+0000] {standard_task_runner.py:104} ERROR - Failed to execute job 2882 for task store_data_hdfs ((psycopg2.errors.ForeignKeyViolation) insert or update on table "task_fail" violates foreign key constraint "task_fail_ti_fkey"
DETAIL:  Key (dag_id, task_id, run_id, map_index)=(fraud_detection_pipeline, store_data_hdfs, scheduled__2023-10-01T13:00:00+00:00, -1) is not present in table "task_instance".

[SQL: INSERT INTO task_fail (task_id, dag_id, run_id, map_index, start_date, end_date, duration) VALUES (%(task_id)s, %(dag_id)s, %(run_id)s, %(map_index)s, %(start_date)s, %(end_date)s, %(duration)s) RETURNING task_fail.id]
[parameters: {'task_id': 'store_data_hdfs', 'dag_id': 'fraud_detection_pipeline', 'run_id': 'scheduled__2023-10-01T13:00:00+00:00', 'map_index': -1, 'start_date': datetime.datetime(2025, 3, 19, 19, 58, 31, 808062, tzinfo=Timezone('UTC')), 'end_date': datetime.datetime(2025, 3, 19, 19, 58, 42, 331875, tzinfo=Timezone('UTC')), 'duration': 10}]
(Background on this error at: https://sqlalche.me/e/14/gkpj); 46983)
[2025-03-19T19:58:42.602+0000] {process_utils.py:79} INFO - Process psutil.Process(pid=46983, status='terminated', exitcode=1, started='19:58:31') (46983) terminated with exit code 1
[2025-03-19T19:58:42.613+0000] {process_utils.py:79} INFO - Process psutil.Process(pid=46985, status='terminated', started='19:58:32') (46985) terminated with exit code None
