[2025-03-19T14:56:11.460+0000] {taskinstance.py:1157} INFO - Dependencies all met for dep_context=non-requeueable deps ti=<TaskInstance: fraud_detection_pipeline.store_data_hdfs scheduled__2023-10-01T06:00:00+00:00 [queued]>
[2025-03-19T14:56:11.520+0000] {taskinstance.py:1157} INFO - Dependencies all met for dep_context=requeueable deps ti=<TaskInstance: fraud_detection_pipeline.store_data_hdfs scheduled__2023-10-01T06:00:00+00:00 [queued]>
[2025-03-19T14:56:11.546+0000] {taskinstance.py:1359} INFO - Starting attempt 1 of 2
[2025-03-19T14:56:11.930+0000] {taskinstance.py:1380} INFO - Executing <Task(BashOperator): store_data_hdfs> on 2023-10-01 06:00:00+00:00
[2025-03-19T14:56:11.984+0000] {standard_task_runner.py:57} INFO - Started process 4945 to run task
[2025-03-19T14:56:12.021+0000] {standard_task_runner.py:84} INFO - Running: ['***', 'tasks', 'run', 'fraud_detection_pipeline', 'store_data_hdfs', 'scheduled__2023-10-01T06:00:00+00:00', '--job-id', '1095', '--raw', '--subdir', 'DAGS_FOLDER/dag_1.py', '--cfg-path', '/tmp/tmpqrnnxgm9']
[2025-03-19T14:56:12.042+0000] {standard_task_runner.py:85} INFO - Job 1095: Subtask store_data_hdfs
[2025-03-19T14:56:12.484+0000] {task_command.py:415} INFO - Running <TaskInstance: fraud_detection_pipeline.store_data_hdfs scheduled__2023-10-01T06:00:00+00:00 [running]> on host 0009f5fb76aa
[2025-03-19T14:56:13.155+0000] {taskinstance.py:1660} INFO - Exporting env vars: AIRFLOW_CTX_DAG_OWNER='***' AIRFLOW_CTX_DAG_ID='fraud_detection_pipeline' AIRFLOW_CTX_TASK_ID='store_data_hdfs' AIRFLOW_CTX_EXECUTION_DATE='2023-10-01T06:00:00+00:00' AIRFLOW_CTX_TRY_NUMBER='1' AIRFLOW_CTX_DAG_RUN_ID='scheduled__2023-10-01T06:00:00+00:00'
[2025-03-19T14:56:13.164+0000] {subprocess.py:63} INFO - Tmp dir root location: /tmp
[2025-03-19T14:56:13.179+0000] {subprocess.py:75} INFO - Running command: ['/bin/bash', '-c', 'docker cp /tmp/transactions.json namenode:/tmp/transactions.json && docker cp /tmp/customers.json namenode:/tmp/customers.json && docker cp /tmp/external_data.json namenode:/tmp/external_data.json && rm -rf /tmp/external_data.json  && rm -rf /tmp/customers.json  && rm -rf /tmp/transactions.json  && docker exec namenode bash -c "hdfs dfs -mkdir -p /data && hdfs dfs -put -f /tmp/transactions.json /data/transactions/transactions.json && hdfs dfs -put -f /tmp/customers.json /data/customers/customers.json && hdfs dfs -put -f /tmp/external_data.json /data/external_data/external_data.json && rm -rf /tmp/customers.json  && rm -rf /tmp/customers.json  && rm -rf /tmp/external_data.json "']
[2025-03-19T14:56:13.269+0000] {subprocess.py:86} INFO - Output:
[2025-03-19T14:56:32.390+0000] {subprocess.py:93} INFO - put: `/data/transactions/transactions.json': No such file or directory: `hdfs://namenode:9000/data/transactions/transactions.json'
[2025-03-19T14:56:32.916+0000] {subprocess.py:97} INFO - Command exited with return code 1
[2025-03-19T14:56:32.945+0000] {taskinstance.py:1935} ERROR - Task failed with exception
Traceback (most recent call last):
  File "/home/airflow/.local/lib/python3.8/site-packages/airflow/operators/bash.py", line 210, in execute
    raise AirflowException(
airflow.exceptions.AirflowException: Bash command failed. The command returned a non-zero exit code 1.
[2025-03-19T14:56:32.953+0000] {taskinstance.py:1398} INFO - Marking task as UP_FOR_RETRY. dag_id=fraud_detection_pipeline, task_id=store_data_hdfs, execution_date=20231001T060000, start_date=20250319T145611, end_date=20250319T145632
[2025-03-19T14:56:32.987+0000] {standard_task_runner.py:104} ERROR - Failed to execute job 1095 for task store_data_hdfs (Bash command failed. The command returned a non-zero exit code 1.; 4945)
[2025-03-19T14:56:33.044+0000] {local_task_job_runner.py:228} INFO - Task exited with return code 1
[2025-03-19T14:56:33.111+0000] {taskinstance.py:2776} INFO - 0 downstream tasks scheduled from follow-on schedule check
[2025-03-19T19:58:17.840+0000] {taskinstance.py:1147} INFO - Dependencies not met for <TaskInstance: fraud_detection_pipeline.store_data_hdfs scheduled__2023-10-01T06:00:00+00:00 [None]>, dependency 'Trigger Rule' FAILED: Task's trigger rule 'all_success' requires all upstream tasks to have succeeded, but found 1 non-success(es). upstream_states=_UpstreamTIStates(success=0, skipped=0, failed=0, upstream_failed=0, removed=0, done=0, success_setup=0, skipped_setup=0), upstream_task_ids={'fetch_data'}
[2025-03-19T19:58:17.867+0000] {local_task_job_runner.py:154} INFO - Task is not able to be run
