[2025-03-19T21:31:13.279+0000] {taskinstance.py:1157} INFO - Dependencies all met for dep_context=non-requeueable deps ti=<TaskInstance: fraud_detection_pipeline.store_data_hdfs scheduled__2023-10-02T17:30:00+00:00 [queued]>
[2025-03-19T21:31:13.319+0000] {taskinstance.py:1157} INFO - Dependencies all met for dep_context=requeueable deps ti=<TaskInstance: fraud_detection_pipeline.store_data_hdfs scheduled__2023-10-02T17:30:00+00:00 [queued]>
[2025-03-19T21:31:13.320+0000] {taskinstance.py:1359} INFO - Starting attempt 1 of 1
[2025-03-19T21:31:13.621+0000] {taskinstance.py:1380} INFO - Executing <Task(BashOperator): store_data_hdfs> on 2023-10-02 17:30:00+00:00
[2025-03-19T21:31:13.632+0000] {standard_task_runner.py:57} INFO - Started process 11081 to run task
[2025-03-19T21:31:13.644+0000] {standard_task_runner.py:84} INFO - Running: ['***', 'tasks', 'run', 'fraud_detection_pipeline', 'store_data_hdfs', 'scheduled__2023-10-02T17:30:00+00:00', '--job-id', '3467', '--raw', '--subdir', 'DAGS_FOLDER/dag_1.py', '--cfg-path', '/tmp/tmp04vkhaz_']
[2025-03-19T21:31:13.666+0000] {standard_task_runner.py:85} INFO - Job 3467: Subtask store_data_hdfs
[2025-03-19T21:31:13.934+0000] {task_command.py:415} INFO - Running <TaskInstance: fraud_detection_pipeline.store_data_hdfs scheduled__2023-10-02T17:30:00+00:00 [running]> on host 445fc0f18383
[2025-03-19T21:31:14.433+0000] {taskinstance.py:1660} INFO - Exporting env vars: AIRFLOW_CTX_DAG_OWNER='***' AIRFLOW_CTX_DAG_ID='fraud_detection_pipeline' AIRFLOW_CTX_TASK_ID='store_data_hdfs' AIRFLOW_CTX_EXECUTION_DATE='2023-10-02T17:30:00+00:00' AIRFLOW_CTX_TRY_NUMBER='1' AIRFLOW_CTX_DAG_RUN_ID='scheduled__2023-10-02T17:30:00+00:00'
[2025-03-19T21:31:14.441+0000] {subprocess.py:63} INFO - Tmp dir root location: /tmp
[2025-03-19T21:31:14.449+0000] {subprocess.py:75} INFO - Running command: ['/bin/bash', '-c', 'docker cp /tmp/transactions.csv namenode:/tmp/transactions.csv && docker cp /tmp/customers.csv namenode:/tmp/customers.csv && docker cp /tmp/external_data.csv namenode:/tmp/external_data.csv && docker exec namenode bash -c "hdfs dfs -mkdir -p /data/transactions && hdfs dfs -mkdir -p /data/customers && hdfs dfs -mkdir -p /data/external_data && hdfs dfs -put -f /tmp/transactions.csv /data/transactions/transactions.csv && hdfs dfs -put -f /tmp/customers.csv /data/customers/customers.csv && hdfs dfs -put -f /tmp/external_data.csv /data/external_data/external_data.csv && rm -rf /tmp/transactions.csv /tmp/customers.csv /tmp/external_data.csv"']
[2025-03-19T21:31:14.494+0000] {subprocess.py:86} INFO - Output:
[2025-03-19T21:31:51.945+0000] {subprocess.py:93} INFO - 2025-03-19 21:31:51,941 INFO sasl.SaslDataTransferClient: SASL encryption trust check: localHostTrusted = false, remoteHostTrusted = false
[2025-03-19T21:31:52.817+0000] {subprocess.py:93} INFO - put: File does not exist: /data/transactions/transactions.csv._COPYING_ (inode 18184) Holder DFSClient_NONMAPREDUCE_724270512_1 does not have any open files.
[2025-03-19T21:31:53.435+0000] {subprocess.py:97} INFO - Command exited with return code 1
[2025-03-19T21:31:53.461+0000] {taskinstance.py:1935} ERROR - Task failed with exception
Traceback (most recent call last):
  File "/home/airflow/.local/lib/python3.8/site-packages/airflow/operators/bash.py", line 210, in execute
    raise AirflowException(
airflow.exceptions.AirflowException: Bash command failed. The command returned a non-zero exit code 1.
[2025-03-19T21:31:53.473+0000] {taskinstance.py:1398} INFO - Marking task as FAILED. dag_id=fraud_detection_pipeline, task_id=store_data_hdfs, execution_date=20231002T173000, start_date=20250319T213113, end_date=20250319T213153
[2025-03-19T21:31:53.776+0000] {standard_task_runner.py:104} ERROR - Failed to execute job 3467 for task store_data_hdfs (Bash command failed. The command returned a non-zero exit code 1.; 11081)
[2025-03-19T21:31:53.836+0000] {local_task_job_runner.py:228} INFO - Task exited with return code 1
[2025-03-19T21:31:53.887+0000] {taskinstance.py:2776} INFO - 0 downstream tasks scheduled from follow-on schedule check
