[2025-03-19T21:24:15.669+0000] {taskinstance.py:1157} INFO - Dependencies all met for dep_context=non-requeueable deps ti=<TaskInstance: fraud_detection_pipeline.store_data_hdfs manual__2025-03-19T19:58:55.909949+00:00 [queued]>
[2025-03-19T21:24:15.776+0000] {taskinstance.py:1157} INFO - Dependencies all met for dep_context=requeueable deps ti=<TaskInstance: fraud_detection_pipeline.store_data_hdfs manual__2025-03-19T19:58:55.909949+00:00 [queued]>
[2025-03-19T21:24:15.810+0000] {taskinstance.py:1359} INFO - Starting attempt 2 of 2
[2025-03-19T21:24:15.984+0000] {taskinstance.py:1380} INFO - Executing <Task(BashOperator): store_data_hdfs> on 2025-03-19 19:58:55.909949+00:00
[2025-03-19T21:24:16.049+0000] {standard_task_runner.py:57} INFO - Started process 8893 to run task
[2025-03-19T21:24:16.036+0000] {standard_task_runner.py:84} INFO - Running: ['***', 'tasks', 'run', 'fraud_detection_pipeline', 'store_data_hdfs', 'manual__2025-03-19T19:58:55.909949+00:00', '--job-id', '3383', '--raw', '--subdir', 'DAGS_FOLDER/dag_1.py', '--cfg-path', '/tmp/tmpnt7rqzlo']
[2025-03-19T21:24:16.086+0000] {standard_task_runner.py:85} INFO - Job 3383: Subtask store_data_hdfs
[2025-03-19T21:24:16.700+0000] {task_command.py:415} INFO - Running <TaskInstance: fraud_detection_pipeline.store_data_hdfs manual__2025-03-19T19:58:55.909949+00:00 [running]> on host 445fc0f18383
[2025-03-19T21:24:18.488+0000] {taskinstance.py:1660} INFO - Exporting env vars: AIRFLOW_CTX_DAG_OWNER='***' AIRFLOW_CTX_DAG_ID='fraud_detection_pipeline' AIRFLOW_CTX_TASK_ID='store_data_hdfs' AIRFLOW_CTX_EXECUTION_DATE='2025-03-19T19:58:55.909949+00:00' AIRFLOW_CTX_TRY_NUMBER='2' AIRFLOW_CTX_DAG_RUN_ID='manual__2025-03-19T19:58:55.909949+00:00'
[2025-03-19T21:24:18.527+0000] {subprocess.py:63} INFO - Tmp dir root location: /tmp
[2025-03-19T21:24:18.541+0000] {subprocess.py:75} INFO - Running command: ['/bin/bash', '-c', 'docker cp /tmp/transactions.csv namenode:/tmp/transactions.csv && docker cp /tmp/customers.csv namenode:/tmp/customers.csv && docker cp /tmp/external_data.csv namenode:/tmp/external_data.csv && docker exec namenode bash -c "hdfs dfs -mkdir -p /data/transactions && hdfs dfs -mkdir -p /data/customers && hdfs dfs -mkdir -p /data/external_data && hdfs dfs -put -f /tmp/transactions.csv /data/transactions/transactions.csv && hdfs dfs -put -f /tmp/customers.csv /data/customers/customers.csv && hdfs dfs -put -f /tmp/external_data.csv /data/external_data/external_data.csv && rm -rf /tmp/transactions.csv /tmp/customers.csv /tmp/external_data.csv"']
[2025-03-19T21:24:18.930+0000] {subprocess.py:86} INFO - Output:
[2025-03-19T21:25:40.624+0000] {subprocess.py:93} INFO - put: `/tmp/transactions.csv': No such file or directory
[2025-03-19T21:25:41.052+0000] {subprocess.py:97} INFO - Command exited with return code 1
[2025-03-19T21:25:41.068+0000] {taskinstance.py:1935} ERROR - Task failed with exception
Traceback (most recent call last):
  File "/home/airflow/.local/lib/python3.8/site-packages/airflow/operators/bash.py", line 210, in execute
    raise AirflowException(
airflow.exceptions.AirflowException: Bash command failed. The command returned a non-zero exit code 1.
[2025-03-19T21:25:41.078+0000] {taskinstance.py:1398} INFO - Marking task as FAILED. dag_id=fraud_detection_pipeline, task_id=store_data_hdfs, execution_date=20250319T195855, start_date=20250319T212415, end_date=20250319T212541
[2025-03-19T21:25:41.104+0000] {standard_task_runner.py:104} ERROR - Failed to execute job 3383 for task store_data_hdfs (Bash command failed. The command returned a non-zero exit code 1.; 8893)
[2025-03-19T21:25:41.123+0000] {local_task_job_runner.py:228} INFO - Task exited with return code 1
[2025-03-19T21:25:41.157+0000] {taskinstance.py:2776} INFO - 0 downstream tasks scheduled from follow-on schedule check
