[2025-03-19T19:57:42.367+0000] {taskinstance.py:1157} INFO - Dependencies all met for dep_context=non-requeueable deps ti=<TaskInstance: fraud_detection_pipeline.store_data_hdfs scheduled__2023-10-02T14:00:00+00:00 [queued]>
[2025-03-19T19:57:42.543+0000] {taskinstance.py:1157} INFO - Dependencies all met for dep_context=requeueable deps ti=<TaskInstance: fraud_detection_pipeline.store_data_hdfs scheduled__2023-10-02T14:00:00+00:00 [queued]>
[2025-03-19T19:57:42.573+0000] {taskinstance.py:1359} INFO - Starting attempt 1 of 2
[2025-03-19T19:57:42.922+0000] {taskinstance.py:1380} INFO - Executing <Task(BashOperator): store_data_hdfs> on 2023-10-02 14:00:00+00:00
[2025-03-19T19:57:43.035+0000] {standard_task_runner.py:57} INFO - Started process 46708 to run task
[2025-03-19T19:57:43.264+0000] {standard_task_runner.py:84} INFO - Running: ['***', 'tasks', 'run', 'fraud_detection_pipeline', 'store_data_hdfs', 'scheduled__2023-10-02T14:00:00+00:00', '--job-id', '2864', '--raw', '--subdir', 'DAGS_FOLDER/dag_1.py', '--cfg-path', '/tmp/tmpjbxwm050']
[2025-03-19T19:57:43.318+0000] {standard_task_runner.py:85} INFO - Job 2864: Subtask store_data_hdfs
[2025-03-19T19:57:44.229+0000] {task_command.py:415} INFO - Running <TaskInstance: fraud_detection_pipeline.store_data_hdfs scheduled__2023-10-02T14:00:00+00:00 [running]> on host 0009f5fb76aa
[2025-03-19T19:57:45.251+0000] {taskinstance.py:1660} INFO - Exporting env vars: AIRFLOW_CTX_DAG_OWNER='***' AIRFLOW_CTX_DAG_ID='fraud_detection_pipeline' AIRFLOW_CTX_TASK_ID='store_data_hdfs' AIRFLOW_CTX_EXECUTION_DATE='2023-10-02T14:00:00+00:00' AIRFLOW_CTX_TRY_NUMBER='1' AIRFLOW_CTX_DAG_RUN_ID='scheduled__2023-10-02T14:00:00+00:00'
[2025-03-19T19:57:45.292+0000] {subprocess.py:63} INFO - Tmp dir root location: /tmp
[2025-03-19T19:57:45.310+0000] {subprocess.py:75} INFO - Running command: ['/bin/bash', '-c', 'docker cp /tmp/transactions.csv namenode:/tmp/transactions.csv && docker cp /tmp/customers.csv namenode:/tmp/customers.csv && docker cp /tmp/external_data.csv namenode:/tmp/external_data.csv && docker exec namenode bash -c "hdfs dfs -mkdir -p /data/transactions && hdfs dfs -mkdir -p /data/customers && hdfs dfs -mkdir -p /data/external_data && hdfs dfs -put -f /tmp/transactions.csv /data/transactions/transactions.csv && hdfs dfs -put -f /tmp/customers.csv /data/customers/customers.csv && hdfs dfs -put -f /tmp/external_data.csv /data/external_data/external_data.csv && rm -rf /tmp/transactions.csv /tmp/customers.csv /tmp/external_data.csv"']
[2025-03-19T19:57:45.615+0000] {subprocess.py:86} INFO - Output:
[2025-03-19T19:57:55.057+0000] {local_task_job_runner.py:294} WARNING - State of this instance has been externally set to None. Terminating instance.
[2025-03-19T19:57:55.086+0000] {process_utils.py:131} INFO - Sending 15 to group 46708. PIDs of all processes in the group: [46805, 46708]
[2025-03-19T19:57:55.088+0000] {process_utils.py:86} INFO - Sending the signal 15 to group 46708
[2025-03-19T19:57:55.099+0000] {taskinstance.py:1630} ERROR - Received SIGTERM. Terminating subprocesses.
[2025-03-19T19:57:55.102+0000] {subprocess.py:104} INFO - Sending SIGTERM signal to process group
[2025-03-19T19:57:55.241+0000] {taskinstance.py:1935} ERROR - Task failed with exception
Traceback (most recent call last):
  File "/home/airflow/.local/lib/python3.8/site-packages/airflow/operators/bash.py", line 201, in execute
    result = self.subprocess_hook.run_command(
  File "/home/airflow/.local/lib/python3.8/site-packages/airflow/hooks/subprocess.py", line 91, in run_command
    for raw_line in iter(self.sub_process.stdout.readline, b""):
  File "/home/airflow/.local/lib/python3.8/site-packages/airflow/models/taskinstance.py", line 1632, in signal_handler
    raise AirflowException("Task received SIGTERM signal")
airflow.exceptions.AirflowException: Task received SIGTERM signal
[2025-03-19T19:57:55.395+0000] {taskinstance.py:1398} INFO - Marking task as FAILED. dag_id=fraud_detection_pipeline, task_id=store_data_hdfs, execution_date=20231002T140000, start_date=20250319T195742, end_date=20250319T195755
[2025-03-19T19:57:55.740+0000] {standard_task_runner.py:104} ERROR - Failed to execute job 2864 for task store_data_hdfs ((psycopg2.errors.ForeignKeyViolation) insert or update on table "task_fail" violates foreign key constraint "task_fail_ti_fkey"
DETAIL:  Key (dag_id, task_id, run_id, map_index)=(fraud_detection_pipeline, store_data_hdfs, scheduled__2023-10-02T14:00:00+00:00, -1) is not present in table "task_instance".

[SQL: INSERT INTO task_fail (task_id, dag_id, run_id, map_index, start_date, end_date, duration) VALUES (%(task_id)s, %(dag_id)s, %(run_id)s, %(map_index)s, %(start_date)s, %(end_date)s, %(duration)s) RETURNING task_fail.id]
[parameters: {'task_id': 'store_data_hdfs', 'dag_id': 'fraud_detection_pipeline', 'run_id': 'scheduled__2023-10-02T14:00:00+00:00', 'map_index': -1, 'start_date': datetime.datetime(2025, 3, 19, 19, 57, 42, 381903, tzinfo=Timezone('UTC')), 'end_date': datetime.datetime(2025, 3, 19, 19, 57, 55, 377160, tzinfo=Timezone('UTC')), 'duration': 12}]
(Background on this error at: https://sqlalche.me/e/14/gkpj); 46708)
[2025-03-19T19:57:55.913+0000] {process_utils.py:79} INFO - Process psutil.Process(pid=46805, status='terminated', started='19:57:44') (46805) terminated with exit code None
[2025-03-19T19:57:55.935+0000] {process_utils.py:79} INFO - Process psutil.Process(pid=46708, status='terminated', exitcode=1, started='19:57:42') (46708) terminated with exit code 1
[2025-03-19T21:29:25.353+0000] {taskinstance.py:1157} INFO - Dependencies all met for dep_context=non-requeueable deps ti=<TaskInstance: fraud_detection_pipeline.store_data_hdfs scheduled__2023-10-02T14:00:00+00:00 [queued]>
[2025-03-19T21:29:25.612+0000] {taskinstance.py:1157} INFO - Dependencies all met for dep_context=requeueable deps ti=<TaskInstance: fraud_detection_pipeline.store_data_hdfs scheduled__2023-10-02T14:00:00+00:00 [queued]>
[2025-03-19T21:29:25.614+0000] {taskinstance.py:1359} INFO - Starting attempt 1 of 1
[2025-03-19T21:29:25.909+0000] {taskinstance.py:1380} INFO - Executing <Task(BashOperator): store_data_hdfs> on 2023-10-02 14:00:00+00:00
[2025-03-19T21:29:25.922+0000] {standard_task_runner.py:57} INFO - Started process 10650 to run task
[2025-03-19T21:29:25.929+0000] {standard_task_runner.py:84} INFO - Running: ['***', 'tasks', 'run', 'fraud_detection_pipeline', 'store_data_hdfs', 'scheduled__2023-10-02T14:00:00+00:00', '--job-id', '3448', '--raw', '--subdir', 'DAGS_FOLDER/dag_1.py', '--cfg-path', '/tmp/tmp5bwnceax']
[2025-03-19T21:29:25.941+0000] {standard_task_runner.py:85} INFO - Job 3448: Subtask store_data_hdfs
[2025-03-19T21:29:26.278+0000] {task_command.py:415} INFO - Running <TaskInstance: fraud_detection_pipeline.store_data_hdfs scheduled__2023-10-02T14:00:00+00:00 [running]> on host 445fc0f18383
[2025-03-19T21:29:26.773+0000] {taskinstance.py:1660} INFO - Exporting env vars: AIRFLOW_CTX_DAG_OWNER='***' AIRFLOW_CTX_DAG_ID='fraud_detection_pipeline' AIRFLOW_CTX_TASK_ID='store_data_hdfs' AIRFLOW_CTX_EXECUTION_DATE='2023-10-02T14:00:00+00:00' AIRFLOW_CTX_TRY_NUMBER='1' AIRFLOW_CTX_DAG_RUN_ID='scheduled__2023-10-02T14:00:00+00:00'
[2025-03-19T21:29:26.780+0000] {subprocess.py:63} INFO - Tmp dir root location: /tmp
[2025-03-19T21:29:26.789+0000] {subprocess.py:75} INFO - Running command: ['/bin/bash', '-c', 'docker cp /tmp/transactions.csv namenode:/tmp/transactions.csv && docker cp /tmp/customers.csv namenode:/tmp/customers.csv && docker cp /tmp/external_data.csv namenode:/tmp/external_data.csv && docker exec namenode bash -c "hdfs dfs -mkdir -p /data/transactions && hdfs dfs -mkdir -p /data/customers && hdfs dfs -mkdir -p /data/external_data && hdfs dfs -put -f /tmp/transactions.csv /data/transactions/transactions.csv && hdfs dfs -put -f /tmp/customers.csv /data/customers/customers.csv && hdfs dfs -put -f /tmp/external_data.csv /data/external_data/external_data.csv && rm -rf /tmp/transactions.csv /tmp/customers.csv /tmp/external_data.csv"']
[2025-03-19T21:29:26.844+0000] {subprocess.py:86} INFO - Output:
[2025-03-19T21:30:30.469+0000] {subprocess.py:93} INFO - 2025-03-19 21:30:30,466 INFO sasl.SaslDataTransferClient: SASL encryption trust check: localHostTrusted = false, remoteHostTrusted = false
[2025-03-19T21:30:31.227+0000] {subprocess.py:93} INFO - put: File does not exist: /data/transactions/transactions.csv._COPYING_ (inode 18170) Holder DFSClient_NONMAPREDUCE_-1976694528_1 does not have any open files.
[2025-03-19T21:30:31.961+0000] {subprocess.py:97} INFO - Command exited with return code 1
[2025-03-19T21:30:31.995+0000] {taskinstance.py:1935} ERROR - Task failed with exception
Traceback (most recent call last):
  File "/home/airflow/.local/lib/python3.8/site-packages/airflow/operators/bash.py", line 210, in execute
    raise AirflowException(
airflow.exceptions.AirflowException: Bash command failed. The command returned a non-zero exit code 1.
[2025-03-19T21:30:32.006+0000] {taskinstance.py:1398} INFO - Marking task as FAILED. dag_id=fraud_detection_pipeline, task_id=store_data_hdfs, execution_date=20231002T140000, start_date=20250319T212925, end_date=20250319T213032
[2025-03-19T21:30:32.352+0000] {standard_task_runner.py:104} ERROR - Failed to execute job 3448 for task store_data_hdfs (Bash command failed. The command returned a non-zero exit code 1.; 10650)
[2025-03-19T21:30:32.401+0000] {local_task_job_runner.py:228} INFO - Task exited with return code 1
[2025-03-19T21:30:32.452+0000] {taskinstance.py:2776} INFO - 0 downstream tasks scheduled from follow-on schedule check
