[2025-03-19T19:32:26.163+0000] {taskinstance.py:1157} INFO - Dependencies all met for dep_context=non-requeueable deps ti=<TaskInstance: faud_detection_pipeline.store_data_hdfs scheduled__2023-10-15T23:00:00+00:00 [queued]>
[2025-03-19T19:32:26.194+0000] {taskinstance.py:1157} INFO - Dependencies all met for dep_context=requeueable deps ti=<TaskInstance: faud_detection_pipeline.store_data_hdfs scheduled__2023-10-15T23:00:00+00:00 [queued]>
[2025-03-19T19:32:26.198+0000] {taskinstance.py:1359} INFO - Starting attempt 2 of 2
[2025-03-19T19:32:26.251+0000] {taskinstance.py:1380} INFO - Executing <Task(BashOperator): store_data_hdfs> on 2023-10-15 23:00:00+00:00
[2025-03-19T19:32:26.261+0000] {standard_task_runner.py:57} INFO - Started process 41063 to run task
[2025-03-19T19:32:26.290+0000] {standard_task_runner.py:84} INFO - Running: ['***', 'tasks', 'run', 'faud_detection_pipeline', 'store_data_hdfs', 'scheduled__2023-10-15T23:00:00+00:00', '--job-id', '2621', '--raw', '--subdir', 'DAGS_FOLDER/dag_1.py', '--cfg-path', '/tmp/tmprxth9kqv']
[2025-03-19T19:32:26.303+0000] {standard_task_runner.py:85} INFO - Job 2621: Subtask store_data_hdfs
[2025-03-19T19:32:26.481+0000] {task_command.py:415} INFO - Running <TaskInstance: faud_detection_pipeline.store_data_hdfs scheduled__2023-10-15T23:00:00+00:00 [running]> on host 0009f5fb76aa
[2025-03-19T19:32:26.777+0000] {taskinstance.py:1660} INFO - Exporting env vars: AIRFLOW_CTX_DAG_OWNER='***' AIRFLOW_CTX_DAG_ID='faud_detection_pipeline' AIRFLOW_CTX_TASK_ID='store_data_hdfs' AIRFLOW_CTX_EXECUTION_DATE='2023-10-15T23:00:00+00:00' AIRFLOW_CTX_TRY_NUMBER='2' AIRFLOW_CTX_DAG_RUN_ID='scheduled__2023-10-15T23:00:00+00:00'
[2025-03-19T19:32:26.795+0000] {subprocess.py:63} INFO - Tmp dir root location: /tmp
[2025-03-19T19:32:26.797+0000] {subprocess.py:75} INFO - Running command: ['/bin/bash', '-c', 'docker cp /tmp/transactions.csv namenode:/tmp/transactions.csv && docker cp /tmp/customers.csv namenode:/tmp/customers.csv && docker cp /tmp/external_data.csv namenode:/tmp/external_data.csv && docker exec namenode bash -c "hdfs dfs -mkdir -p /data/transactions && hdfs dfs -mkdir -p /data/customers && hdfs dfs -mkdir -p /data/external_data && hdfs dfs -put -f /tmp/transactions.csv /data/transactions/transactions.csv && hdfs dfs -put -f /tmp/customers.csv /data/customers/customers.csv && hdfs dfs -put -f /tmp/external_data.csv /data/external_data/external_data.csv && rm -rf /tmp/transactions.csv /tmp/customers.csv /tmp/external_data.csv"']
[2025-03-19T19:32:26.822+0000] {subprocess.py:86} INFO - Output:
[2025-03-19T19:33:25.861+0000] {subprocess.py:93} INFO - 2025-03-19 19:33:25,835 INFO sasl.SaslDataTransferClient: SASL encryption trust check: localHostTrusted = false, remoteHostTrusted = false
[2025-03-19T19:33:27.182+0000] {subprocess.py:93} INFO - put: File does not exist: /data/transactions/transactions.csv._COPYING_ (inode 17731) Holder DFSClient_NONMAPREDUCE_-1242940335_1 does not have any open files.
[2025-03-19T19:33:28.150+0000] {subprocess.py:97} INFO - Command exited with return code 1
[2025-03-19T19:33:28.217+0000] {taskinstance.py:1935} ERROR - Task failed with exception
Traceback (most recent call last):
  File "/home/airflow/.local/lib/python3.8/site-packages/airflow/operators/bash.py", line 210, in execute
    raise AirflowException(
airflow.exceptions.AirflowException: Bash command failed. The command returned a non-zero exit code 1.
[2025-03-19T19:33:28.233+0000] {taskinstance.py:1398} INFO - Marking task as FAILED. dag_id=faud_detection_pipeline, task_id=store_data_hdfs, execution_date=20231015T230000, start_date=20250319T193226, end_date=20250319T193328
[2025-03-19T19:33:28.625+0000] {standard_task_runner.py:104} ERROR - Failed to execute job 2621 for task store_data_hdfs (Bash command failed. The command returned a non-zero exit code 1.; 41063)
[2025-03-19T19:33:28.696+0000] {local_task_job_runner.py:228} INFO - Task exited with return code 1
[2025-03-19T19:33:28.833+0000] {taskinstance.py:2776} INFO - 0 downstream tasks scheduled from follow-on schedule check
