[2025-03-19T15:07:30.167+0000] {taskinstance.py:1157} INFO - Dependencies all met for dep_context=non-requeueable deps ti=<TaskInstance: fraud_detection_pipeline.store_data_hdfs scheduled__2023-10-02T08:00:00+00:00 [queued]>
[2025-03-19T15:07:30.203+0000] {taskinstance.py:1157} INFO - Dependencies all met for dep_context=requeueable deps ti=<TaskInstance: fraud_detection_pipeline.store_data_hdfs scheduled__2023-10-02T08:00:00+00:00 [queued]>
[2025-03-19T15:07:30.204+0000] {taskinstance.py:1359} INFO - Starting attempt 1 of 2
[2025-03-19T15:07:30.275+0000] {taskinstance.py:1380} INFO - Executing <Task(BashOperator): store_data_hdfs> on 2023-10-02 08:00:00+00:00
[2025-03-19T15:07:30.338+0000] {standard_task_runner.py:57} INFO - Started process 7279 to run task
[2025-03-19T15:07:30.370+0000] {standard_task_runner.py:84} INFO - Running: ['***', 'tasks', 'run', 'fraud_detection_pipeline', 'store_data_hdfs', 'scheduled__2023-10-02T08:00:00+00:00', '--job-id', '1169', '--raw', '--subdir', 'DAGS_FOLDER/dag_1.py', '--cfg-path', '/tmp/tmpmuib7bix']
[2025-03-19T15:07:30.400+0000] {standard_task_runner.py:85} INFO - Job 1169: Subtask store_data_hdfs
[2025-03-19T15:07:30.860+0000] {task_command.py:415} INFO - Running <TaskInstance: fraud_detection_pipeline.store_data_hdfs scheduled__2023-10-02T08:00:00+00:00 [running]> on host 0009f5fb76aa
[2025-03-19T15:07:31.172+0000] {taskinstance.py:1660} INFO - Exporting env vars: AIRFLOW_CTX_DAG_OWNER='***' AIRFLOW_CTX_DAG_ID='fraud_detection_pipeline' AIRFLOW_CTX_TASK_ID='store_data_hdfs' AIRFLOW_CTX_EXECUTION_DATE='2023-10-02T08:00:00+00:00' AIRFLOW_CTX_TRY_NUMBER='1' AIRFLOW_CTX_DAG_RUN_ID='scheduled__2023-10-02T08:00:00+00:00'
[2025-03-19T15:07:31.177+0000] {subprocess.py:63} INFO - Tmp dir root location: /tmp
[2025-03-19T15:07:31.181+0000] {subprocess.py:75} INFO - Running command: ['/bin/bash', '-c', 'docker cp /tmp/transactions.json namenode:/tmp/transactions.json && docker cp /tmp/customers.json namenode:/tmp/customers.json && docker cp /tmp/external_data.json namenode:/tmp/external_data.json && docker exec namenode bash -c "hdfs dfs -mkdir -p /data && hdfs dfs -put -f /tmp/transactions.json /data/transactions/transactions.json && hdfs dfs -put -f /tmp/customers.json /data/customers/customers.json && hdfs dfs -put -f /tmp/external_data.json /data/external_data/external_data.json  "']
[2025-03-19T15:07:31.211+0000] {subprocess.py:86} INFO - Output:
[2025-03-19T15:07:41.856+0000] {subprocess.py:93} INFO - put: `/data/transactions/transactions.json': No such file or directory: `hdfs://namenode:9000/data/transactions/transactions.json'
[2025-03-19T15:07:42.355+0000] {subprocess.py:97} INFO - Command exited with return code 1
[2025-03-19T15:07:42.371+0000] {taskinstance.py:1935} ERROR - Task failed with exception
Traceback (most recent call last):
  File "/home/airflow/.local/lib/python3.8/site-packages/airflow/operators/bash.py", line 210, in execute
    raise AirflowException(
airflow.exceptions.AirflowException: Bash command failed. The command returned a non-zero exit code 1.
[2025-03-19T15:07:42.376+0000] {taskinstance.py:1398} INFO - Marking task as UP_FOR_RETRY. dag_id=fraud_detection_pipeline, task_id=store_data_hdfs, execution_date=20231002T080000, start_date=20250319T150730, end_date=20250319T150742
[2025-03-19T15:07:42.396+0000] {standard_task_runner.py:104} ERROR - Failed to execute job 1169 for task store_data_hdfs (Bash command failed. The command returned a non-zero exit code 1.; 7279)
[2025-03-19T15:07:42.438+0000] {local_task_job_runner.py:228} INFO - Task exited with return code 1
[2025-03-19T15:07:42.495+0000] {taskinstance.py:2776} INFO - 0 downstream tasks scheduled from follow-on schedule check
[2025-03-19T21:26:08.027+0000] {taskinstance.py:1157} INFO - Dependencies all met for dep_context=non-requeueable deps ti=<TaskInstance: fraud_detection_pipeline.store_data_hdfs scheduled__2023-10-02T08:00:00+00:00 [queued]>
[2025-03-19T21:26:08.053+0000] {taskinstance.py:1157} INFO - Dependencies all met for dep_context=requeueable deps ti=<TaskInstance: fraud_detection_pipeline.store_data_hdfs scheduled__2023-10-02T08:00:00+00:00 [queued]>
[2025-03-19T21:26:08.054+0000] {taskinstance.py:1359} INFO - Starting attempt 1 of 1
[2025-03-19T21:26:08.093+0000] {taskinstance.py:1380} INFO - Executing <Task(BashOperator): store_data_hdfs> on 2023-10-02 08:00:00+00:00
[2025-03-19T21:26:08.111+0000] {standard_task_runner.py:57} INFO - Started process 10022 to run task
[2025-03-19T21:26:08.122+0000] {standard_task_runner.py:84} INFO - Running: ['***', 'tasks', 'run', 'fraud_detection_pipeline', 'store_data_hdfs', 'scheduled__2023-10-02T08:00:00+00:00', '--job-id', '3423', '--raw', '--subdir', 'DAGS_FOLDER/dag_1.py', '--cfg-path', '/tmp/tmp4nsopfg9']
[2025-03-19T21:26:08.144+0000] {standard_task_runner.py:85} INFO - Job 3423: Subtask store_data_hdfs
[2025-03-19T21:26:08.425+0000] {task_command.py:415} INFO - Running <TaskInstance: fraud_detection_pipeline.store_data_hdfs scheduled__2023-10-02T08:00:00+00:00 [running]> on host 445fc0f18383
[2025-03-19T21:26:08.779+0000] {taskinstance.py:1660} INFO - Exporting env vars: AIRFLOW_CTX_DAG_OWNER='***' AIRFLOW_CTX_DAG_ID='fraud_detection_pipeline' AIRFLOW_CTX_TASK_ID='store_data_hdfs' AIRFLOW_CTX_EXECUTION_DATE='2023-10-02T08:00:00+00:00' AIRFLOW_CTX_TRY_NUMBER='1' AIRFLOW_CTX_DAG_RUN_ID='scheduled__2023-10-02T08:00:00+00:00'
[2025-03-19T21:26:08.784+0000] {subprocess.py:63} INFO - Tmp dir root location: /tmp
[2025-03-19T21:26:08.786+0000] {subprocess.py:75} INFO - Running command: ['/bin/bash', '-c', 'docker cp /tmp/transactions.csv namenode:/tmp/transactions.csv && docker cp /tmp/customers.csv namenode:/tmp/customers.csv && docker cp /tmp/external_data.csv namenode:/tmp/external_data.csv && docker exec namenode bash -c "hdfs dfs -mkdir -p /data/transactions && hdfs dfs -mkdir -p /data/customers && hdfs dfs -mkdir -p /data/external_data && hdfs dfs -put -f /tmp/transactions.csv /data/transactions/transactions.csv && hdfs dfs -put -f /tmp/customers.csv /data/customers/customers.csv && hdfs dfs -put -f /tmp/external_data.csv /data/external_data/external_data.csv && rm -rf /tmp/transactions.csv /tmp/customers.csv /tmp/external_data.csv"']
[2025-03-19T21:26:08.842+0000] {subprocess.py:86} INFO - Output:
[2025-03-19T21:26:59.128+0000] {subprocess.py:93} INFO - put: `/tmp/transactions.csv': No such file or directory
[2025-03-19T21:26:59.593+0000] {subprocess.py:97} INFO - Command exited with return code 1
[2025-03-19T21:26:59.607+0000] {taskinstance.py:1935} ERROR - Task failed with exception
Traceback (most recent call last):
  File "/home/airflow/.local/lib/python3.8/site-packages/airflow/operators/bash.py", line 210, in execute
    raise AirflowException(
airflow.exceptions.AirflowException: Bash command failed. The command returned a non-zero exit code 1.
[2025-03-19T21:26:59.612+0000] {taskinstance.py:1398} INFO - Marking task as FAILED. dag_id=fraud_detection_pipeline, task_id=store_data_hdfs, execution_date=20231002T080000, start_date=20250319T212608, end_date=20250319T212659
[2025-03-19T21:26:59.666+0000] {standard_task_runner.py:104} ERROR - Failed to execute job 3423 for task store_data_hdfs (Bash command failed. The command returned a non-zero exit code 1.; 10022)
[2025-03-19T21:26:59.688+0000] {local_task_job_runner.py:228} INFO - Task exited with return code 1
[2025-03-19T21:26:59.710+0000] {taskinstance.py:2776} INFO - 0 downstream tasks scheduled from follow-on schedule check
