[2025-03-19T15:02:45.957+0000] {taskinstance.py:1157} INFO - Dependencies all met for dep_context=non-requeueable deps ti=<TaskInstance: fraud_detection_pipeline.store_data_hdfs scheduled__2023-10-02T05:00:00+00:00 [queued]>
[2025-03-19T15:02:46.063+0000] {taskinstance.py:1157} INFO - Dependencies all met for dep_context=requeueable deps ti=<TaskInstance: fraud_detection_pipeline.store_data_hdfs scheduled__2023-10-02T05:00:00+00:00 [queued]>
[2025-03-19T15:02:46.078+0000] {taskinstance.py:1359} INFO - Starting attempt 1 of 2
[2025-03-19T15:02:46.328+0000] {taskinstance.py:1380} INFO - Executing <Task(BashOperator): store_data_hdfs> on 2023-10-02 05:00:00+00:00
[2025-03-19T15:02:46.419+0000] {standard_task_runner.py:57} INFO - Started process 6586 to run task
[2025-03-19T15:02:46.463+0000] {standard_task_runner.py:84} INFO - Running: ['***', 'tasks', 'run', 'fraud_detection_pipeline', 'store_data_hdfs', 'scheduled__2023-10-02T05:00:00+00:00', '--job-id', '1155', '--raw', '--subdir', 'DAGS_FOLDER/dag_1.py', '--cfg-path', '/tmp/tmpu0a696lr']
[2025-03-19T15:02:46.510+0000] {standard_task_runner.py:85} INFO - Job 1155: Subtask store_data_hdfs
[2025-03-19T15:02:47.207+0000] {task_command.py:415} INFO - Running <TaskInstance: fraud_detection_pipeline.store_data_hdfs scheduled__2023-10-02T05:00:00+00:00 [running]> on host 0009f5fb76aa
[2025-03-19T15:02:47.934+0000] {taskinstance.py:1660} INFO - Exporting env vars: AIRFLOW_CTX_DAG_OWNER='***' AIRFLOW_CTX_DAG_ID='fraud_detection_pipeline' AIRFLOW_CTX_TASK_ID='store_data_hdfs' AIRFLOW_CTX_EXECUTION_DATE='2023-10-02T05:00:00+00:00' AIRFLOW_CTX_TRY_NUMBER='1' AIRFLOW_CTX_DAG_RUN_ID='scheduled__2023-10-02T05:00:00+00:00'
[2025-03-19T15:02:47.956+0000] {subprocess.py:63} INFO - Tmp dir root location: /tmp
[2025-03-19T15:02:47.961+0000] {subprocess.py:75} INFO - Running command: ['/bin/bash', '-c', 'docker cp /tmp/transactions.json namenode:/tmp/transactions.json && docker cp /tmp/customers.json namenode:/tmp/customers.json && docker cp /tmp/external_data.json namenode:/tmp/external_data.json && docker exec namenode bash -c "hdfs dfs -mkdir -p /data && hdfs dfs -put -f /tmp/transactions.json /data/transactions/transactions.json && hdfs dfs -put -f /tmp/customers.json /data/customers/customers.json && hdfs dfs -put -f /tmp/external_data.json /data/external_data/external_data.json && rm -rf /tmp/external_data.json "']
[2025-03-19T15:02:48.088+0000] {subprocess.py:86} INFO - Output:
[2025-03-19T15:03:12.250+0000] {subprocess.py:93} INFO - put: `/data/transactions/transactions.json': No such file or directory: `hdfs://namenode:9000/data/transactions/transactions.json'
[2025-03-19T15:03:12.685+0000] {subprocess.py:97} INFO - Command exited with return code 1
[2025-03-19T15:03:12.716+0000] {taskinstance.py:1935} ERROR - Task failed with exception
Traceback (most recent call last):
  File "/home/airflow/.local/lib/python3.8/site-packages/airflow/operators/bash.py", line 210, in execute
    raise AirflowException(
airflow.exceptions.AirflowException: Bash command failed. The command returned a non-zero exit code 1.
[2025-03-19T15:03:12.729+0000] {taskinstance.py:1398} INFO - Marking task as UP_FOR_RETRY. dag_id=fraud_detection_pipeline, task_id=store_data_hdfs, execution_date=20231002T050000, start_date=20250319T150245, end_date=20250319T150312
[2025-03-19T15:03:12.770+0000] {standard_task_runner.py:104} ERROR - Failed to execute job 1155 for task store_data_hdfs (Bash command failed. The command returned a non-zero exit code 1.; 6586)
[2025-03-19T15:03:12.801+0000] {local_task_job_runner.py:228} INFO - Task exited with return code 1
[2025-03-19T15:03:12.856+0000] {taskinstance.py:2776} INFO - 0 downstream tasks scheduled from follow-on schedule check
[2025-03-19T21:25:58.059+0000] {taskinstance.py:1157} INFO - Dependencies all met for dep_context=non-requeueable deps ti=<TaskInstance: fraud_detection_pipeline.store_data_hdfs scheduled__2023-10-02T05:00:00+00:00 [queued]>
[2025-03-19T21:25:58.300+0000] {taskinstance.py:1157} INFO - Dependencies all met for dep_context=requeueable deps ti=<TaskInstance: fraud_detection_pipeline.store_data_hdfs scheduled__2023-10-02T05:00:00+00:00 [queued]>
[2025-03-19T21:25:58.331+0000] {taskinstance.py:1359} INFO - Starting attempt 1 of 1
[2025-03-19T21:25:59.482+0000] {taskinstance.py:1380} INFO - Executing <Task(BashOperator): store_data_hdfs> on 2023-10-02 05:00:00+00:00
[2025-03-19T21:25:59.510+0000] {standard_task_runner.py:57} INFO - Started process 9795 to run task
[2025-03-19T21:25:59.540+0000] {standard_task_runner.py:84} INFO - Running: ['***', 'tasks', 'run', 'fraud_detection_pipeline', 'store_data_hdfs', 'scheduled__2023-10-02T05:00:00+00:00', '--job-id', '3413', '--raw', '--subdir', 'DAGS_FOLDER/dag_1.py', '--cfg-path', '/tmp/tmpbf2vzknb']
[2025-03-19T21:25:59.574+0000] {standard_task_runner.py:85} INFO - Job 3413: Subtask store_data_hdfs
[2025-03-19T21:25:59.939+0000] {task_command.py:415} INFO - Running <TaskInstance: fraud_detection_pipeline.store_data_hdfs scheduled__2023-10-02T05:00:00+00:00 [running]> on host 445fc0f18383
[2025-03-19T21:26:00.552+0000] {taskinstance.py:1660} INFO - Exporting env vars: AIRFLOW_CTX_DAG_OWNER='***' AIRFLOW_CTX_DAG_ID='fraud_detection_pipeline' AIRFLOW_CTX_TASK_ID='store_data_hdfs' AIRFLOW_CTX_EXECUTION_DATE='2023-10-02T05:00:00+00:00' AIRFLOW_CTX_TRY_NUMBER='1' AIRFLOW_CTX_DAG_RUN_ID='scheduled__2023-10-02T05:00:00+00:00'
[2025-03-19T21:26:00.565+0000] {subprocess.py:63} INFO - Tmp dir root location: /tmp
[2025-03-19T21:26:00.597+0000] {subprocess.py:75} INFO - Running command: ['/bin/bash', '-c', 'docker cp /tmp/transactions.csv namenode:/tmp/transactions.csv && docker cp /tmp/customers.csv namenode:/tmp/customers.csv && docker cp /tmp/external_data.csv namenode:/tmp/external_data.csv && docker exec namenode bash -c "hdfs dfs -mkdir -p /data/transactions && hdfs dfs -mkdir -p /data/customers && hdfs dfs -mkdir -p /data/external_data && hdfs dfs -put -f /tmp/transactions.csv /data/transactions/transactions.csv && hdfs dfs -put -f /tmp/customers.csv /data/customers/customers.csv && hdfs dfs -put -f /tmp/external_data.csv /data/external_data/external_data.csv && rm -rf /tmp/transactions.csv /tmp/customers.csv /tmp/external_data.csv"']
[2025-03-19T21:26:00.656+0000] {subprocess.py:86} INFO - Output:
[2025-03-19T21:26:53.222+0000] {subprocess.py:93} INFO - put: `/tmp/transactions.csv': No such file or directory
[2025-03-19T21:26:53.744+0000] {subprocess.py:97} INFO - Command exited with return code 1
[2025-03-19T21:26:53.781+0000] {taskinstance.py:1935} ERROR - Task failed with exception
Traceback (most recent call last):
  File "/home/airflow/.local/lib/python3.8/site-packages/airflow/operators/bash.py", line 210, in execute
    raise AirflowException(
airflow.exceptions.AirflowException: Bash command failed. The command returned a non-zero exit code 1.
[2025-03-19T21:26:53.796+0000] {taskinstance.py:1398} INFO - Marking task as FAILED. dag_id=fraud_detection_pipeline, task_id=store_data_hdfs, execution_date=20231002T050000, start_date=20250319T212558, end_date=20250319T212653
[2025-03-19T21:26:53.830+0000] {standard_task_runner.py:104} ERROR - Failed to execute job 3413 for task store_data_hdfs (Bash command failed. The command returned a non-zero exit code 1.; 9795)
[2025-03-19T21:26:53.864+0000] {local_task_job_runner.py:228} INFO - Task exited with return code 1
[2025-03-19T21:26:53.928+0000] {taskinstance.py:2776} INFO - 0 downstream tasks scheduled from follow-on schedule check
