[2025-03-19T15:01:21.667+0000] {taskinstance.py:1157} INFO - Dependencies all met for dep_context=non-requeueable deps ti=<TaskInstance: fraud_detection_pipeline.store_data_hdfs scheduled__2023-10-01T11:00:00+00:00 [queued]>
[2025-03-19T15:01:21.689+0000] {taskinstance.py:1157} INFO - Dependencies all met for dep_context=requeueable deps ti=<TaskInstance: fraud_detection_pipeline.store_data_hdfs scheduled__2023-10-01T11:00:00+00:00 [queued]>
[2025-03-19T15:01:21.691+0000] {taskinstance.py:1359} INFO - Starting attempt 2 of 2
[2025-03-19T15:01:21.724+0000] {taskinstance.py:1380} INFO - Executing <Task(BashOperator): store_data_hdfs> on 2023-10-01 11:00:00+00:00
[2025-03-19T15:01:21.736+0000] {standard_task_runner.py:57} INFO - Started process 5614 to run task
[2025-03-19T15:01:21.743+0000] {standard_task_runner.py:84} INFO - Running: ['***', 'tasks', 'run', 'fraud_detection_pipeline', 'store_data_hdfs', 'scheduled__2023-10-01T11:00:00+00:00', '--job-id', '1115', '--raw', '--subdir', 'DAGS_FOLDER/dag_1.py', '--cfg-path', '/tmp/tmpaocht84u']
[2025-03-19T15:01:21.748+0000] {standard_task_runner.py:85} INFO - Job 1115: Subtask store_data_hdfs
[2025-03-19T15:01:21.887+0000] {task_command.py:415} INFO - Running <TaskInstance: fraud_detection_pipeline.store_data_hdfs scheduled__2023-10-01T11:00:00+00:00 [running]> on host 0009f5fb76aa
[2025-03-19T15:01:22.094+0000] {taskinstance.py:1660} INFO - Exporting env vars: AIRFLOW_CTX_DAG_OWNER='***' AIRFLOW_CTX_DAG_ID='fraud_detection_pipeline' AIRFLOW_CTX_TASK_ID='store_data_hdfs' AIRFLOW_CTX_EXECUTION_DATE='2023-10-01T11:00:00+00:00' AIRFLOW_CTX_TRY_NUMBER='2' AIRFLOW_CTX_DAG_RUN_ID='scheduled__2023-10-01T11:00:00+00:00'
[2025-03-19T15:01:22.098+0000] {subprocess.py:63} INFO - Tmp dir root location: /tmp
[2025-03-19T15:01:22.100+0000] {subprocess.py:75} INFO - Running command: ['/bin/bash', '-c', 'docker cp /tmp/transactions.json namenode:/tmp/transactions.json && docker cp /tmp/customers.json namenode:/tmp/customers.json && docker cp /tmp/external_data.json namenode:/tmp/external_data.json && docker exec namenode bash -c "hdfs dfs -mkdir -p /data && hdfs dfs -put -f /tmp/transactions.json /data/transactions/transactions.json && hdfs dfs -put -f /tmp/customers.json /data/customers/customers.json && hdfs dfs -put -f /tmp/external_data.json /data/external_data/external_data.json && rm -rf /tmp/customers.json  && rm -rf /tmp/customers.json  && rm -rf /tmp/external_data.json "']
[2025-03-19T15:01:22.127+0000] {subprocess.py:86} INFO - Output:
[2025-03-19T15:01:42.448+0000] {subprocess.py:93} INFO - put: `/data/transactions/transactions.json': No such file or directory: `hdfs://namenode:9000/data/transactions/transactions.json'
[2025-03-19T15:01:43.306+0000] {subprocess.py:97} INFO - Command exited with return code 1
[2025-03-19T15:01:43.392+0000] {taskinstance.py:1935} ERROR - Task failed with exception
Traceback (most recent call last):
  File "/home/airflow/.local/lib/python3.8/site-packages/airflow/operators/bash.py", line 210, in execute
    raise AirflowException(
airflow.exceptions.AirflowException: Bash command failed. The command returned a non-zero exit code 1.
[2025-03-19T15:01:43.415+0000] {taskinstance.py:1398} INFO - Marking task as FAILED. dag_id=fraud_detection_pipeline, task_id=store_data_hdfs, execution_date=20231001T110000, start_date=20250319T150121, end_date=20250319T150143
[2025-03-19T15:01:42.016+0000] {standard_task_runner.py:104} ERROR - Failed to execute job 1115 for task store_data_hdfs (Bash command failed. The command returned a non-zero exit code 1.; 5614)
[2025-03-19T15:01:42.123+0000] {local_task_job_runner.py:228} INFO - Task exited with return code 1
[2025-03-19T15:01:42.317+0000] {taskinstance.py:2776} INFO - 0 downstream tasks scheduled from follow-on schedule check
[2025-03-19T21:24:16.553+0000] {taskinstance.py:1157} INFO - Dependencies all met for dep_context=non-requeueable deps ti=<TaskInstance: fraud_detection_pipeline.store_data_hdfs scheduled__2023-10-01T11:00:00+00:00 [queued]>
[2025-03-19T21:24:16.825+0000] {taskinstance.py:1157} INFO - Dependencies all met for dep_context=requeueable deps ti=<TaskInstance: fraud_detection_pipeline.store_data_hdfs scheduled__2023-10-01T11:00:00+00:00 [queued]>
[2025-03-19T21:24:16.835+0000] {taskinstance.py:1359} INFO - Starting attempt 2 of 2
[2025-03-19T21:24:17.471+0000] {taskinstance.py:1380} INFO - Executing <Task(BashOperator): store_data_hdfs> on 2023-10-01 11:00:00+00:00
[2025-03-19T21:24:17.503+0000] {standard_task_runner.py:57} INFO - Started process 8901 to run task
[2025-03-19T21:24:17.571+0000] {standard_task_runner.py:84} INFO - Running: ['***', 'tasks', 'run', 'fraud_detection_pipeline', 'store_data_hdfs', 'scheduled__2023-10-01T11:00:00+00:00', '--job-id', '3390', '--raw', '--subdir', 'DAGS_FOLDER/dag_1.py', '--cfg-path', '/tmp/tmpwx268o2b']
[2025-03-19T21:24:17.867+0000] {standard_task_runner.py:85} INFO - Job 3390: Subtask store_data_hdfs
[2025-03-19T21:24:18.982+0000] {task_command.py:415} INFO - Running <TaskInstance: fraud_detection_pipeline.store_data_hdfs scheduled__2023-10-01T11:00:00+00:00 [running]> on host 445fc0f18383
[2025-03-19T21:24:19.933+0000] {taskinstance.py:1660} INFO - Exporting env vars: AIRFLOW_CTX_DAG_OWNER='***' AIRFLOW_CTX_DAG_ID='fraud_detection_pipeline' AIRFLOW_CTX_TASK_ID='store_data_hdfs' AIRFLOW_CTX_EXECUTION_DATE='2023-10-01T11:00:00+00:00' AIRFLOW_CTX_TRY_NUMBER='2' AIRFLOW_CTX_DAG_RUN_ID='scheduled__2023-10-01T11:00:00+00:00'
[2025-03-19T21:24:19.963+0000] {subprocess.py:63} INFO - Tmp dir root location: /tmp
[2025-03-19T21:24:20.021+0000] {subprocess.py:75} INFO - Running command: ['/bin/bash', '-c', 'docker cp /tmp/transactions.csv namenode:/tmp/transactions.csv && docker cp /tmp/customers.csv namenode:/tmp/customers.csv && docker cp /tmp/external_data.csv namenode:/tmp/external_data.csv && docker exec namenode bash -c "hdfs dfs -mkdir -p /data/transactions && hdfs dfs -mkdir -p /data/customers && hdfs dfs -mkdir -p /data/external_data && hdfs dfs -put -f /tmp/transactions.csv /data/transactions/transactions.csv && hdfs dfs -put -f /tmp/customers.csv /data/customers/customers.csv && hdfs dfs -put -f /tmp/external_data.csv /data/external_data/external_data.csv && rm -rf /tmp/transactions.csv /tmp/customers.csv /tmp/external_data.csv"']
[2025-03-19T21:24:20.544+0000] {subprocess.py:86} INFO - Output:
[2025-03-19T21:25:40.656+0000] {subprocess.py:93} INFO - put: `/tmp/transactions.csv': No such file or directory
[2025-03-19T21:25:41.174+0000] {subprocess.py:97} INFO - Command exited with return code 1
[2025-03-19T21:25:41.191+0000] {taskinstance.py:1935} ERROR - Task failed with exception
Traceback (most recent call last):
  File "/home/airflow/.local/lib/python3.8/site-packages/airflow/operators/bash.py", line 210, in execute
    raise AirflowException(
airflow.exceptions.AirflowException: Bash command failed. The command returned a non-zero exit code 1.
[2025-03-19T21:25:41.198+0000] {taskinstance.py:1398} INFO - Marking task as FAILED. dag_id=fraud_detection_pipeline, task_id=store_data_hdfs, execution_date=20231001T110000, start_date=20250319T212416, end_date=20250319T212541
[2025-03-19T21:25:41.223+0000] {standard_task_runner.py:104} ERROR - Failed to execute job 3390 for task store_data_hdfs (Bash command failed. The command returned a non-zero exit code 1.; 8901)
[2025-03-19T21:25:41.273+0000] {local_task_job_runner.py:228} INFO - Task exited with return code 1
[2025-03-19T21:25:41.306+0000] {taskinstance.py:2776} INFO - 0 downstream tasks scheduled from follow-on schedule check
