[2025-03-23T18:05:13.359+0000] {taskinstance.py:1157} INFO - Dependencies all met for dep_context=non-requeueable deps ti=<TaskInstance: fraud_detection_pipeline_2.store_data_hdfs manual__2025-03-23T18:05:04+00:00 [queued]>
[2025-03-23T18:05:13.375+0000] {taskinstance.py:1157} INFO - Dependencies all met for dep_context=requeueable deps ti=<TaskInstance: fraud_detection_pipeline_2.store_data_hdfs manual__2025-03-23T18:05:04+00:00 [queued]>
[2025-03-23T18:05:13.376+0000] {taskinstance.py:1359} INFO - Starting attempt 1 of 4
[2025-03-23T18:05:13.393+0000] {taskinstance.py:1380} INFO - Executing <Task(BashOperator): store_data_hdfs> on 2025-03-23 18:05:04+00:00
[2025-03-23T18:05:13.399+0000] {standard_task_runner.py:57} INFO - Started process 14241 to run task
[2025-03-23T18:05:13.404+0000] {standard_task_runner.py:84} INFO - Running: ['***', 'tasks', 'run', 'fraud_detection_pipeline_2', 'store_data_hdfs', 'manual__2025-03-23T18:05:04+00:00', '--job-id', '201', '--raw', '--subdir', 'DAGS_FOLDER/dag_2.py', '--cfg-path', '/tmp/tmpy5ew6nqj']
[2025-03-23T18:05:13.410+0000] {standard_task_runner.py:85} INFO - Job 201: Subtask store_data_hdfs
[2025-03-23T18:05:13.473+0000] {task_command.py:415} INFO - Running <TaskInstance: fraud_detection_pipeline_2.store_data_hdfs manual__2025-03-23T18:05:04+00:00 [running]> on host 4ece88aec9a9
[2025-03-23T18:05:13.683+0000] {taskinstance.py:1660} INFO - Exporting env vars: AIRFLOW_CTX_DAG_EMAIL='abelchaguermohmaed@gmail.com' AIRFLOW_CTX_DAG_OWNER='***' AIRFLOW_CTX_DAG_ID='fraud_detection_pipeline_2' AIRFLOW_CTX_TASK_ID='store_data_hdfs' AIRFLOW_CTX_EXECUTION_DATE='2025-03-23T18:05:04+00:00' AIRFLOW_CTX_TRY_NUMBER='1' AIRFLOW_CTX_DAG_RUN_ID='manual__2025-03-23T18:05:04+00:00'
[2025-03-23T18:05:13.685+0000] {subprocess.py:63} INFO - Tmp dir root location: /tmp
[2025-03-23T18:05:13.686+0000] {subprocess.py:75} INFO - Running command: ['/bin/bash', '-c', 'docker cp /tmp/transactions.csv namenode:/tmp/transactions.csv && docker cp /tmp/customers.csv namenode:/tmp/customers.csv && docker cp /tmp/external_data.csv namenode:/tmp/external_data.csv && docker exec namenode bash -c "hdfs dfs -mkdir -p /data/transactions && hdfs dfs -mkdir -p /data/customers && hdfs dfs -mkdir -p /data/external_data && hdfs dfs -put -f /tmp/transactions.csv /data/transactions/transactions.csv && hdfs dfs -put -f /tmp/customers.csv /data/customers/customers.csv && hdfs dfs -put -f /tmp/external_data.csv /data/external_data/external_data.csv && rm -rf /tmp/transactions.csv /tmp/customers.csv /tmp/external_data.csv"']
[2025-03-23T18:05:13.698+0000] {subprocess.py:86} INFO - Output:
[2025-03-23T18:05:19.527+0000] {subprocess.py:93} INFO - 2025-03-23 18:05:19,523 INFO sasl.SaslDataTransferClient: SASL encryption trust check: localHostTrusted = false, remoteHostTrusted = false
[2025-03-23T18:05:21.771+0000] {subprocess.py:93} INFO - 2025-03-23 18:05:21,769 INFO sasl.SaslDataTransferClient: SASL encryption trust check: localHostTrusted = false, remoteHostTrusted = false
[2025-03-23T18:05:23.998+0000] {subprocess.py:93} INFO - 2025-03-23 18:05:23,996 INFO sasl.SaslDataTransferClient: SASL encryption trust check: localHostTrusted = false, remoteHostTrusted = false
[2025-03-23T18:05:24.676+0000] {subprocess.py:97} INFO - Command exited with return code 0
[2025-03-23T18:05:24.707+0000] {taskinstance.py:1398} INFO - Marking task as SUCCESS. dag_id=fraud_detection_pipeline_2, task_id=store_data_hdfs, execution_date=20250323T180504, start_date=20250323T180513, end_date=20250323T180524
[2025-03-23T18:05:24.721+0000] {logging_mixin.py:151} WARNING - /home/***/.local/lib/python3.8/site-packages/***/utils/email.py:154 RemovedInAirflow3Warning: Fetching SMTP credentials from configuration variables will be deprecated in a future release. Please set credentials using a connection instead.
[2025-03-23T18:05:24.722+0000] {email.py:270} INFO - Email alerting: attempt 1
[2025-03-23T18:05:27.779+0000] {email.py:282} INFO - Sent an alert email to ['abelchaguermohmaed@gmail.com']
[2025-03-23T18:05:29.430+0000] {local_task_job_runner.py:228} INFO - Task exited with return code 0
[2025-03-23T18:05:29.455+0000] {taskinstance.py:2776} INFO - 1 downstream tasks scheduled from follow-on schedule check
