[2025-03-19T16:34:27.736+0000] {taskinstance.py:1157} INFO - Dependencies all met for dep_context=non-requeueable deps ti=<TaskInstance: faud_detection_pipeline.run_fraud_detection manual__2025-03-19T16:22:23.883586+00:00 [queued]>
[2025-03-19T16:34:27.763+0000] {taskinstance.py:1157} INFO - Dependencies all met for dep_context=requeueable deps ti=<TaskInstance: faud_detection_pipeline.run_fraud_detection manual__2025-03-19T16:22:23.883586+00:00 [queued]>
[2025-03-19T16:34:27.764+0000] {taskinstance.py:1359} INFO - Starting attempt 1 of 2
[2025-03-19T16:34:27.811+0000] {taskinstance.py:1380} INFO - Executing <Task(PythonOperator): run_fraud_detection> on 2025-03-19 16:22:23.883586+00:00
[2025-03-19T16:34:27.824+0000] {standard_task_runner.py:57} INFO - Started process 22534 to run task
[2025-03-19T16:34:27.835+0000] {standard_task_runner.py:84} INFO - Running: ['***', 'tasks', 'run', 'faud_detection_pipeline', 'run_fraud_detection', 'manual__2025-03-19T16:22:23.883586+00:00', '--job-id', '1794', '--raw', '--subdir', 'DAGS_FOLDER/dag_1.py', '--cfg-path', '/tmp/tmpigu43gdw']
[2025-03-19T16:34:27.844+0000] {standard_task_runner.py:85} INFO - Job 1794: Subtask run_fraud_detection
[2025-03-19T16:34:28.025+0000] {task_command.py:415} INFO - Running <TaskInstance: faud_detection_pipeline.run_fraud_detection manual__2025-03-19T16:22:23.883586+00:00 [running]> on host 0009f5fb76aa
[2025-03-19T16:34:28.277+0000] {taskinstance.py:1660} INFO - Exporting env vars: AIRFLOW_CTX_DAG_OWNER='***' AIRFLOW_CTX_DAG_ID='faud_detection_pipeline' AIRFLOW_CTX_TASK_ID='run_fraud_detection' AIRFLOW_CTX_EXECUTION_DATE='2025-03-19T16:22:23.883586+00:00' AIRFLOW_CTX_TRY_NUMBER='1' AIRFLOW_CTX_DAG_RUN_ID='manual__2025-03-19T16:22:23.883586+00:00'
[2025-03-19T16:34:28.313+0000] {taskinstance.py:1935} ERROR - Task failed with exception
Traceback (most recent call last):
  File "/home/airflow/.local/lib/python3.8/site-packages/airflow/operators/python.py", line 192, in execute
    return_value = self.execute_callable()
  File "/home/airflow/.local/lib/python3.8/site-packages/airflow/operators/python.py", line 209, in execute_callable
    return self.python_callable(*self.op_args, **self.op_kwargs)
  File "/opt/airflow/dags/dag_1.py", line 124, in run_fraud_detection
    subprocess.run(["hive", "-e", query])
  File "/usr/local/lib/python3.8/subprocess.py", line 493, in run
    with Popen(*popenargs, **kwargs) as process:
  File "/usr/local/lib/python3.8/subprocess.py", line 858, in __init__
    self._execute_child(args, executable, preexec_fn, close_fds,
  File "/usr/local/lib/python3.8/subprocess.py", line 1720, in _execute_child
    raise child_exception_type(errno_num, err_msg, err_filename)
PermissionError: [Errno 13] Permission denied: 'hive'
[2025-03-19T16:34:28.341+0000] {taskinstance.py:1398} INFO - Marking task as UP_FOR_RETRY. dag_id=faud_detection_pipeline, task_id=run_fraud_detection, execution_date=20250319T162223, start_date=20250319T163427, end_date=20250319T163428
[2025-03-19T16:34:28.373+0000] {standard_task_runner.py:104} ERROR - Failed to execute job 1794 for task run_fraud_detection ([Errno 13] Permission denied: 'hive'; 22534)
[2025-03-19T16:34:28.426+0000] {local_task_job_runner.py:228} INFO - Task exited with return code 1
[2025-03-19T16:34:28.481+0000] {taskinstance.py:2776} INFO - 0 downstream tasks scheduled from follow-on schedule check
