[2025-03-19T16:06:33.810+0000] {taskinstance.py:1157} INFO - Dependencies all met for dep_context=non-requeueable deps ti=<TaskInstance: faud_detection_pipeline.store_data_hdfs scheduled__2023-10-05T05:00:00+00:00 [queued]>
[2025-03-19T16:06:33.841+0000] {taskinstance.py:1157} INFO - Dependencies all met for dep_context=requeueable deps ti=<TaskInstance: faud_detection_pipeline.store_data_hdfs scheduled__2023-10-05T05:00:00+00:00 [queued]>
[2025-03-19T16:06:33.845+0000] {taskinstance.py:1359} INFO - Starting attempt 2 of 2
[2025-03-19T16:06:33.891+0000] {taskinstance.py:1380} INFO - Executing <Task(BashOperator): store_data_hdfs> on 2023-10-05 05:00:00+00:00
[2025-03-19T16:06:33.908+0000] {standard_task_runner.py:57} INFO - Started process 18117 to run task
[2025-03-19T16:06:33.922+0000] {standard_task_runner.py:84} INFO - Running: ['***', 'tasks', 'run', 'faud_detection_pipeline', 'store_data_hdfs', 'scheduled__2023-10-05T05:00:00+00:00', '--job-id', '1587', '--raw', '--subdir', 'DAGS_FOLDER/dag_1.py', '--cfg-path', '/tmp/tmp2ppd0szg']
[2025-03-19T16:06:33.931+0000] {standard_task_runner.py:85} INFO - Job 1587: Subtask store_data_hdfs
[2025-03-19T16:06:34.114+0000] {task_command.py:415} INFO - Running <TaskInstance: faud_detection_pipeline.store_data_hdfs scheduled__2023-10-05T05:00:00+00:00 [running]> on host 0009f5fb76aa
[2025-03-19T16:06:34.369+0000] {taskinstance.py:1660} INFO - Exporting env vars: AIRFLOW_CTX_DAG_OWNER='***' AIRFLOW_CTX_DAG_ID='faud_detection_pipeline' AIRFLOW_CTX_TASK_ID='store_data_hdfs' AIRFLOW_CTX_EXECUTION_DATE='2023-10-05T05:00:00+00:00' AIRFLOW_CTX_TRY_NUMBER='2' AIRFLOW_CTX_DAG_RUN_ID='scheduled__2023-10-05T05:00:00+00:00'
[2025-03-19T16:06:34.375+0000] {subprocess.py:63} INFO - Tmp dir root location: /tmp
[2025-03-19T16:06:34.379+0000] {subprocess.py:75} INFO - Running command: ['/bin/bash', '-c', 'docker cp /tmp/transactions.json namenode:/tmp/transactions.json && docker cp /tmp/customers.json namenode:/tmp/customers.json && docker cp /tmp/external_data.json namenode:/tmp/external_data.json && docker exec namenode bash -c "hdfs dfs -mkdir -p /data/transactions && hdfs dfs -mkdir -p /data/customers && hdfs dfs -mkdir -p /data/external_data && hdfs dfs -put -f /tmp/transactions.json /data/transactions/transactions.json && hdfs dfs -put -f /tmp/customers.json /data/customers/customers.json && hdfs dfs -put -f /tmp/external_data.json /data/external_data/external_data.json && rm -rf /tmp/transactions.json /tmp/customers.json /tmp/external_data.json"']
[2025-03-19T16:06:34.443+0000] {subprocess.py:86} INFO - Output:
[2025-03-19T16:07:16.760+0000] {subprocess.py:93} INFO - 2025-03-19 16:07:16,756 INFO sasl.SaslDataTransferClient: SASL encryption trust check: localHostTrusted = false, remoteHostTrusted = false
[2025-03-19T16:07:26.289+0000] {subprocess.py:93} INFO - 2025-03-19 16:07:26,286 INFO sasl.SaslDataTransferClient: SASL encryption trust check: localHostTrusted = false, remoteHostTrusted = false
[2025-03-19T16:07:32.320+0000] {subprocess.py:93} INFO - 2025-03-19 16:07:32,317 INFO sasl.SaslDataTransferClient: SASL encryption trust check: localHostTrusted = false, remoteHostTrusted = false
[2025-03-19T16:07:33.014+0000] {subprocess.py:93} INFO - put: File does not exist: /data/external_data/external_data.json._COPYING_ (inode 16946) Holder DFSClient_NONMAPREDUCE_-724835651_1 does not have any open files.
[2025-03-19T16:07:33.563+0000] {subprocess.py:97} INFO - Command exited with return code 1
[2025-03-19T16:07:33.612+0000] {taskinstance.py:1935} ERROR - Task failed with exception
Traceback (most recent call last):
  File "/home/airflow/.local/lib/python3.8/site-packages/airflow/operators/bash.py", line 210, in execute
    raise AirflowException(
airflow.exceptions.AirflowException: Bash command failed. The command returned a non-zero exit code 1.
[2025-03-19T16:07:33.627+0000] {taskinstance.py:1398} INFO - Marking task as FAILED. dag_id=faud_detection_pipeline, task_id=store_data_hdfs, execution_date=20231005T050000, start_date=20250319T160633, end_date=20250319T160733
[2025-03-19T16:07:33.675+0000] {standard_task_runner.py:104} ERROR - Failed to execute job 1587 for task store_data_hdfs (Bash command failed. The command returned a non-zero exit code 1.; 18117)
[2025-03-19T16:07:34.431+0000] {local_task_job_runner.py:228} INFO - Task exited with return code 1
[2025-03-19T16:07:34.575+0000] {taskinstance.py:2776} INFO - 0 downstream tasks scheduled from follow-on schedule check
