[2025-03-23T17:20:09.686+0000] {taskinstance.py:1157} INFO - Dependencies all met for dep_context=non-requeueable deps ti=<TaskInstance: fraud_detection_pipeline_2.run_fraud_detection manual__2025-03-23T17:19:12+00:00 [queued]>
[2025-03-23T17:20:09.696+0000] {taskinstance.py:1157} INFO - Dependencies all met for dep_context=requeueable deps ti=<TaskInstance: fraud_detection_pipeline_2.run_fraud_detection manual__2025-03-23T17:19:12+00:00 [queued]>
[2025-03-23T17:20:09.697+0000] {taskinstance.py:1359} INFO - Starting attempt 1 of 4
[2025-03-23T17:20:09.712+0000] {taskinstance.py:1380} INFO - Executing <Task(PythonOperator): run_fraud_detection> on 2025-03-23 17:19:12+00:00
[2025-03-23T17:20:09.720+0000] {standard_task_runner.py:57} INFO - Started process 13087 to run task
[2025-03-23T17:20:09.723+0000] {standard_task_runner.py:84} INFO - Running: ['***', 'tasks', 'run', 'fraud_detection_pipeline_2', 'run_fraud_detection', 'manual__2025-03-23T17:19:12+00:00', '--job-id', '186', '--raw', '--subdir', 'DAGS_FOLDER/dag_2.py', '--cfg-path', '/tmp/tmp_wn57d4l']
[2025-03-23T17:20:09.726+0000] {standard_task_runner.py:85} INFO - Job 186: Subtask run_fraud_detection
[2025-03-23T17:20:09.775+0000] {task_command.py:415} INFO - Running <TaskInstance: fraud_detection_pipeline_2.run_fraud_detection manual__2025-03-23T17:19:12+00:00 [running]> on host 4ece88aec9a9
[2025-03-23T17:20:09.852+0000] {taskinstance.py:1660} INFO - Exporting env vars: AIRFLOW_CTX_DAG_EMAIL='abelchaguermohmaed@gmail.com' AIRFLOW_CTX_DAG_OWNER='***' AIRFLOW_CTX_DAG_ID='fraud_detection_pipeline_2' AIRFLOW_CTX_TASK_ID='run_fraud_detection' AIRFLOW_CTX_EXECUTION_DATE='2025-03-23T17:19:12+00:00' AIRFLOW_CTX_TRY_NUMBER='1' AIRFLOW_CTX_DAG_RUN_ID='manual__2025-03-23T17:19:12+00:00'
[2025-03-23T17:20:24.900+0000] {logging_mixin.py:151} INFO - Suspicious Transactions Detected:
[2025-03-23T17:20:24.901+0000] {python.py:194} INFO - Done. Returned value was: None
[2025-03-23T17:20:24.913+0000] {taskinstance.py:1398} INFO - Marking task as SUCCESS. dag_id=fraud_detection_pipeline_2, task_id=run_fraud_detection, execution_date=20250323T171912, start_date=20250323T172009, end_date=20250323T172024
[2025-03-23T17:20:24.927+0000] {logging_mixin.py:151} WARNING - /home/***/.local/lib/python3.8/site-packages/***/utils/email.py:154 RemovedInAirflow3Warning: Fetching SMTP credentials from configuration variables will be deprecated in a future release. Please set credentials using a connection instead.
[2025-03-23T17:20:24.928+0000] {email.py:270} INFO - Email alerting: attempt 1
[2025-03-23T17:20:46.040+0000] {taskinstance.py:1703} ERROR - Error when executing notify_success callback
Traceback (most recent call last):
  File "/home/airflow/.local/lib/python3.8/site-packages/airflow/models/taskinstance.py", line 1700, in _run_finished_callback
    callback(context)
  File "/opt/airflow/dags/dag_2.py", line 54, in notify_success
    send_email(to=email, subject=subject, html_content=html_content)
  File "/home/airflow/.local/lib/python3.8/site-packages/airflow/utils/email.py", line 80, in send_email
    return backend(
  File "/home/airflow/.local/lib/python3.8/site-packages/airflow/utils/email.py", line 154, in send_email_smtp
    send_mime_email(e_from=mail_from, e_to=recipients, mime_msg=msg, conn_id=conn_id, dryrun=dryrun)
  File "/home/airflow/.local/lib/python3.8/site-packages/airflow/utils/email.py", line 272, in send_mime_email
    smtp_conn = _get_smtp_connection(smtp_host, smtp_port, smtp_timeout, smtp_ssl)
  File "/home/airflow/.local/lib/python3.8/site-packages/airflow/utils/email.py", line 317, in _get_smtp_connection
    return smtplib.SMTP(host=host, port=port, timeout=timeout)
  File "/usr/local/lib/python3.8/smtplib.py", line 255, in __init__
    (code, msg) = self.connect(host, port)
  File "/usr/local/lib/python3.8/smtplib.py", line 339, in connect
    self.sock = self._get_socket(host, port, self.timeout)
  File "/usr/local/lib/python3.8/smtplib.py", line 310, in _get_socket
    return socket.create_connection((host, port), timeout,
  File "/usr/local/lib/python3.8/socket.py", line 808, in create_connection
    raise err
  File "/usr/local/lib/python3.8/socket.py", line 796, in create_connection
    sock.connect(sa)
OSError: [Errno 101] Network is unreachable
[2025-03-23T17:20:46.113+0000] {local_task_job_runner.py:228} INFO - Task exited with return code 0
[2025-03-23T17:20:46.134+0000] {taskinstance.py:2776} INFO - 1 downstream tasks scheduled from follow-on schedule check
