[2025-03-23T15:10:00.780+0000] {taskinstance.py:1157} INFO - Dependencies all met for dep_context=non-requeueable deps ti=<TaskInstance: fraud_detection_pipeline_2.load_data_hive manual__2025-03-23T15:09:34+00:00 [queued]>
[2025-03-23T15:10:00.791+0000] {taskinstance.py:1157} INFO - Dependencies all met for dep_context=requeueable deps ti=<TaskInstance: fraud_detection_pipeline_2.load_data_hive manual__2025-03-23T15:09:34+00:00 [queued]>
[2025-03-23T15:10:00.792+0000] {taskinstance.py:1359} INFO - Starting attempt 1 of 4
[2025-03-23T15:10:00.809+0000] {taskinstance.py:1380} INFO - Executing <Task(BashOperator): load_data_hive> on 2025-03-23 15:09:34+00:00
[2025-03-23T15:10:00.814+0000] {standard_task_runner.py:57} INFO - Started process 11787 to run task
[2025-03-23T15:10:00.818+0000] {standard_task_runner.py:84} INFO - Running: ['***', 'tasks', 'run', 'fraud_detection_pipeline_2', 'load_data_hive', 'manual__2025-03-23T15:09:34+00:00', '--job-id', '173', '--raw', '--subdir', 'DAGS_FOLDER/dag_2.py', '--cfg-path', '/tmp/tmp0jrli0hr']
[2025-03-23T15:10:00.821+0000] {standard_task_runner.py:85} INFO - Job 173: Subtask load_data_hive
[2025-03-23T15:10:00.875+0000] {task_command.py:415} INFO - Running <TaskInstance: fraud_detection_pipeline_2.load_data_hive manual__2025-03-23T15:09:34+00:00 [running]> on host 4ece88aec9a9
[2025-03-23T15:10:00.964+0000] {taskinstance.py:1660} INFO - Exporting env vars: AIRFLOW_CTX_DAG_EMAIL='abelchaguermohmaed@gmail.com' AIRFLOW_CTX_DAG_OWNER='***' AIRFLOW_CTX_DAG_ID='fraud_detection_pipeline_2' AIRFLOW_CTX_TASK_ID='load_data_hive' AIRFLOW_CTX_EXECUTION_DATE='2025-03-23T15:09:34+00:00' AIRFLOW_CTX_TRY_NUMBER='1' AIRFLOW_CTX_DAG_RUN_ID='manual__2025-03-23T15:09:34+00:00'
[2025-03-23T15:10:00.966+0000] {subprocess.py:63} INFO - Tmp dir root location: /tmp
[2025-03-23T15:10:00.967+0000] {subprocess.py:75} INFO - Running command: ['/bin/bash', '-c', 'docker exec hive hive -f /home/hive_script.hql']
[2025-03-23T15:10:00.977+0000] {subprocess.py:86} INFO - Output:
[2025-03-23T15:10:02.965+0000] {subprocess.py:93} INFO - SLF4J: Class path contains multiple SLF4J bindings.
[2025-03-23T15:10:02.966+0000] {subprocess.py:93} INFO - SLF4J: Found binding in [jar:file:/opt/hive/lib/log4j-slf4j-impl-2.6.2.jar!/org/slf4j/impl/StaticLoggerBinder.class]
[2025-03-23T15:10:02.967+0000] {subprocess.py:93} INFO - SLF4J: Found binding in [jar:file:/opt/hadoop-2.7.4/share/hadoop/common/lib/slf4j-log4j12-1.7.10.jar!/org/slf4j/impl/StaticLoggerBinder.class]
[2025-03-23T15:10:02.967+0000] {subprocess.py:93} INFO - SLF4J: See http://www.slf4j.org/codes.html#multiple_bindings for an explanation.
[2025-03-23T15:10:02.968+0000] {subprocess.py:93} INFO - SLF4J: Actual binding is of type [org.apache.logging.slf4j.Log4jLoggerFactory]
[2025-03-23T15:10:04.263+0000] {subprocess.py:93} INFO - 
[2025-03-23T15:10:04.264+0000] {subprocess.py:93} INFO - Logging initialized using configuration in file:/opt/hive/conf/hive-log4j2.properties Async: true
[2025-03-23T15:10:14.133+0000] {subprocess.py:93} INFO - OK
[2025-03-23T15:10:14.135+0000] {subprocess.py:93} INFO - Time taken: 7.952 seconds
[2025-03-23T15:10:14.377+0000] {subprocess.py:93} INFO - OK
[2025-03-23T15:10:14.378+0000] {subprocess.py:93} INFO - Time taken: 0.241 seconds
[2025-03-23T15:10:14.487+0000] {subprocess.py:93} INFO - OK
[2025-03-23T15:10:14.502+0000] {subprocess.py:93} INFO - Time taken: 0.062 seconds
[2025-03-23T15:10:14.558+0000] {subprocess.py:93} INFO - OK
[2025-03-23T15:10:14.559+0000] {subprocess.py:93} INFO - Time taken: 0.08 seconds
[2025-03-23T15:10:15.071+0000] {subprocess.py:97} INFO - Command exited with return code 0
[2025-03-23T15:10:15.098+0000] {taskinstance.py:1398} INFO - Marking task as SUCCESS. dag_id=fraud_detection_pipeline_2, task_id=load_data_hive, execution_date=20250323T150934, start_date=20250323T151000, end_date=20250323T151015
[2025-03-23T15:10:15.111+0000] {logging_mixin.py:151} WARNING - /home/***/.local/lib/python3.8/site-packages/***/utils/email.py:154 RemovedInAirflow3Warning: Fetching SMTP credentials from configuration variables will be deprecated in a future release. Please set credentials using a connection instead.
[2025-03-23T15:10:15.112+0000] {email.py:270} INFO - Email alerting: attempt 1
[2025-03-23T15:10:15.896+0000] {email.py:282} INFO - Sent an alert email to ['abelchaguermohmaed@gmail.com']
[2025-03-23T15:10:16.983+0000] {local_task_job_runner.py:228} INFO - Task exited with return code 0
[2025-03-23T15:10:17.006+0000] {taskinstance.py:2776} INFO - 1 downstream tasks scheduled from follow-on schedule check
