[2025-03-22T19:28:50.717+0000] {taskinstance.py:1157} INFO - Dependencies all met for dep_context=non-requeueable deps ti=<TaskInstance: fraud_detection_pipeline.store_data_hdfs manual__2025-03-22T19:23:27+00:00 [queued]>
[2025-03-22T19:28:50.726+0000] {taskinstance.py:1157} INFO - Dependencies all met for dep_context=requeueable deps ti=<TaskInstance: fraud_detection_pipeline.store_data_hdfs manual__2025-03-22T19:23:27+00:00 [queued]>
[2025-03-22T19:28:50.727+0000] {taskinstance.py:1359} INFO - Starting attempt 2 of 4
[2025-03-22T19:28:50.740+0000] {taskinstance.py:1380} INFO - Executing <Task(BashOperator): store_data_hdfs> on 2025-03-22 19:23:27+00:00
[2025-03-22T19:28:50.746+0000] {standard_task_runner.py:57} INFO - Started process 662 to run task
[2025-03-22T19:28:50.752+0000] {standard_task_runner.py:84} INFO - Running: ['***', 'tasks', 'run', 'fraud_detection_pipeline', 'store_data_hdfs', 'manual__2025-03-22T19:23:27+00:00', '--job-id', '25', '--raw', '--subdir', 'DAGS_FOLDER/dag_1.py', '--cfg-path', '/tmp/tmpkk6_k8p0']
[2025-03-22T19:28:50.756+0000] {standard_task_runner.py:85} INFO - Job 25: Subtask store_data_hdfs
[2025-03-22T19:28:50.815+0000] {task_command.py:415} INFO - Running <TaskInstance: fraud_detection_pipeline.store_data_hdfs manual__2025-03-22T19:23:27+00:00 [running]> on host c18b752134e7
[2025-03-22T19:28:50.890+0000] {taskinstance.py:1660} INFO - Exporting env vars: AIRFLOW_CTX_DAG_EMAIL='abelchaguermohamed@gmail.com' AIRFLOW_CTX_DAG_OWNER='***' AIRFLOW_CTX_DAG_ID='fraud_detection_pipeline' AIRFLOW_CTX_TASK_ID='store_data_hdfs' AIRFLOW_CTX_EXECUTION_DATE='2025-03-22T19:23:27+00:00' AIRFLOW_CTX_TRY_NUMBER='2' AIRFLOW_CTX_DAG_RUN_ID='manual__2025-03-22T19:23:27+00:00'
[2025-03-22T19:28:50.892+0000] {subprocess.py:63} INFO - Tmp dir root location: /tmp
[2025-03-22T19:28:50.893+0000] {subprocess.py:75} INFO - Running command: ['/bin/bash', '-c', 'docker cp /tmp/transactions.csv namenode:/tmp/transactions.csv && docker cp /tmp/customers.csv namenode:/tmp/customers.csv && docker cp /tmp/external_data.csv namenode:/tmp/external_data.csv && docker exec namenode bash -c "hdfs dfs -mkdir -p /data/transactions && hdfs dfs -mkdir -p /data/customers && hdfs dfs -mkdir -p /data/external_data && hdfs dfs -put -f /tmp/transactions.csv /data/transactions/transactions.csv && hdfs dfs -put -f /tmp/customers.csv /data/customers/customers.csv && hdfs dfs -put -f /tmp/external_data.csv /data/external_data/external_data.csv && rm -rf /tmp/transactions.csv /tmp/customers.csv /tmp/external_data.csv"']
[2025-03-22T19:28:50.902+0000] {subprocess.py:86} INFO - Output:
[2025-03-22T19:28:58.868+0000] {subprocess.py:93} INFO - 2025-03-22 19:28:58,865 INFO sasl.SaslDataTransferClient: SASL encryption trust check: localHostTrusted = false, remoteHostTrusted = false
[2025-03-22T19:29:01.106+0000] {subprocess.py:93} INFO - 2025-03-22 19:29:01,104 INFO sasl.SaslDataTransferClient: SASL encryption trust check: localHostTrusted = false, remoteHostTrusted = false
[2025-03-22T19:29:03.348+0000] {subprocess.py:93} INFO - 2025-03-22 19:29:03,345 INFO sasl.SaslDataTransferClient: SASL encryption trust check: localHostTrusted = false, remoteHostTrusted = false
[2025-03-22T19:29:04.001+0000] {subprocess.py:97} INFO - Command exited with return code 0
[2025-03-22T19:29:04.028+0000] {taskinstance.py:1398} INFO - Marking task as SUCCESS. dag_id=fraud_detection_pipeline, task_id=store_data_hdfs, execution_date=20250322T192327, start_date=20250322T192850, end_date=20250322T192904
[2025-03-22T19:29:04.045+0000] {logging_mixin.py:151} WARNING - /home/***/.local/lib/python3.8/site-packages/***/utils/email.py:154 RemovedInAirflow3Warning: Fetching SMTP credentials from configuration variables will be deprecated in a future release. Please set credentials using a connection instead.
[2025-03-22T19:29:04.046+0000] {email.py:270} INFO - Email alerting: attempt 1
[2025-03-22T19:29:05.167+0000] {email.py:282} INFO - Sent an alert email to ['abelchaguermohamed@gmail.com']
[2025-03-22T19:29:06.469+0000] {local_task_job_runner.py:228} INFO - Task exited with return code 0
[2025-03-22T19:29:06.503+0000] {taskinstance.py:2776} INFO - 1 downstream tasks scheduled from follow-on schedule check
