[2025-03-19T21:13:05.589+0000] {taskinstance.py:1157} INFO - Dependencies all met for dep_context=non-requeueable deps ti=<TaskInstance: faud_detection_pipeline.store_data_hdfs scheduled__2023-10-22T10:00:00+00:00 [queued]>
[2025-03-19T21:13:05.649+0000] {taskinstance.py:1157} INFO - Dependencies all met for dep_context=requeueable deps ti=<TaskInstance: faud_detection_pipeline.store_data_hdfs scheduled__2023-10-22T10:00:00+00:00 [queued]>
[2025-03-19T21:13:05.651+0000] {taskinstance.py:1359} INFO - Starting attempt 1 of 1
[2025-03-19T21:13:06.029+0000] {taskinstance.py:1380} INFO - Executing <Task(BashOperator): store_data_hdfs> on 2023-10-22 10:00:00+00:00
[2025-03-19T21:13:06.074+0000] {standard_task_runner.py:57} INFO - Started process 4085 to run task
[2025-03-19T21:13:06.132+0000] {standard_task_runner.py:84} INFO - Running: ['***', 'tasks', 'run', 'faud_detection_pipeline', 'store_data_hdfs', 'scheduled__2023-10-22T10:00:00+00:00', '--job-id', '3126', '--raw', '--subdir', 'DAGS_FOLDER/dag_1.py', '--cfg-path', '/tmp/tmpa5_vwcrs']
[2025-03-19T21:13:06.188+0000] {standard_task_runner.py:85} INFO - Job 3126: Subtask store_data_hdfs
[2025-03-19T21:13:06.708+0000] {task_command.py:415} INFO - Running <TaskInstance: faud_detection_pipeline.store_data_hdfs scheduled__2023-10-22T10:00:00+00:00 [running]> on host 445fc0f18383
[2025-03-19T21:13:07.232+0000] {taskinstance.py:1660} INFO - Exporting env vars: AIRFLOW_CTX_DAG_OWNER='***' AIRFLOW_CTX_DAG_ID='faud_detection_pipeline' AIRFLOW_CTX_TASK_ID='store_data_hdfs' AIRFLOW_CTX_EXECUTION_DATE='2023-10-22T10:00:00+00:00' AIRFLOW_CTX_TRY_NUMBER='1' AIRFLOW_CTX_DAG_RUN_ID='scheduled__2023-10-22T10:00:00+00:00'
[2025-03-19T21:13:07.249+0000] {subprocess.py:63} INFO - Tmp dir root location: /tmp
[2025-03-19T21:13:07.260+0000] {subprocess.py:75} INFO - Running command: ['/bin/bash', '-c', 'docker cp /tmp/transactions.csv namenode:/tmp/transactions.csv && docker cp /tmp/customers.csv namenode:/tmp/customers.csv && docker cp /tmp/external_data.csv namenode:/tmp/external_data.csv && docker exec namenode bash -c "hdfs dfs -mkdir -p /data/transactions && hdfs dfs -mkdir -p /data/customers && hdfs dfs -mkdir -p /data/external_data && hdfs dfs -put -f /tmp/transactions.csv /data/transactions/transactions.csv && hdfs dfs -put -f /tmp/customers.csv /data/customers/customers.csv && hdfs dfs -put -f /tmp/external_data.csv /data/external_data/external_data.csv && rm -rf /tmp/transactions.csv /tmp/customers.csv /tmp/external_data.csv"']
[2025-03-19T21:13:07.354+0000] {subprocess.py:86} INFO - Output:
[2025-03-19T21:13:58.761+0000] {subprocess.py:93} INFO - 2025-03-19 21:13:58,749 INFO sasl.SaslDataTransferClient: SASL encryption trust check: localHostTrusted = false, remoteHostTrusted = false
[2025-03-19T21:13:59.622+0000] {subprocess.py:93} INFO - put: File does not exist: /data/transactions/transactions.csv._COPYING_ (inode 18013) Holder DFSClient_NONMAPREDUCE_816907578_1 does not have any open files.
[2025-03-19T21:14:00.370+0000] {subprocess.py:97} INFO - Command exited with return code 1
[2025-03-19T21:14:00.404+0000] {taskinstance.py:1935} ERROR - Task failed with exception
Traceback (most recent call last):
  File "/home/airflow/.local/lib/python3.8/site-packages/airflow/operators/bash.py", line 210, in execute
    raise AirflowException(
airflow.exceptions.AirflowException: Bash command failed. The command returned a non-zero exit code 1.
[2025-03-19T21:14:00.414+0000] {taskinstance.py:1398} INFO - Marking task as FAILED. dag_id=faud_detection_pipeline, task_id=store_data_hdfs, execution_date=20231022T100000, start_date=20250319T211305, end_date=20250319T211400
[2025-03-19T21:14:00.455+0000] {standard_task_runner.py:104} ERROR - Failed to execute job 3126 for task store_data_hdfs (Bash command failed. The command returned a non-zero exit code 1.; 4085)
[2025-03-19T21:14:00.498+0000] {local_task_job_runner.py:228} INFO - Task exited with return code 1
[2025-03-19T21:14:00.558+0000] {taskinstance.py:2776} INFO - 0 downstream tasks scheduled from follow-on schedule check
