[2025-03-21T20:33:42.406+0000] {taskinstance.py:1157} INFO - Dependencies all met for dep_context=non-requeueable deps ti=<TaskInstance: fraud_detection_pipeline.load_data_hive manual__2025-03-21T20:33:18+00:00 [queued]>
[2025-03-21T20:33:42.419+0000] {taskinstance.py:1157} INFO - Dependencies all met for dep_context=requeueable deps ti=<TaskInstance: fraud_detection_pipeline.load_data_hive manual__2025-03-21T20:33:18+00:00 [queued]>
[2025-03-21T20:33:42.420+0000] {taskinstance.py:1359} INFO - Starting attempt 1 of 4
[2025-03-21T20:33:42.436+0000] {taskinstance.py:1380} INFO - Executing <Task(BashOperator): load_data_hive> on 2025-03-21 20:33:18+00:00
[2025-03-21T20:33:42.442+0000] {standard_task_runner.py:57} INFO - Started process 861 to run task
[2025-03-21T20:33:42.446+0000] {standard_task_runner.py:84} INFO - Running: ['***', 'tasks', 'run', 'fraud_detection_pipeline', 'load_data_hive', 'manual__2025-03-21T20:33:18+00:00', '--job-id', '3641', '--raw', '--subdir', 'DAGS_FOLDER/dag_1.py', '--cfg-path', '/tmp/tmp795bkyjb']
[2025-03-21T20:33:42.449+0000] {standard_task_runner.py:85} INFO - Job 3641: Subtask load_data_hive
[2025-03-21T20:33:42.504+0000] {task_command.py:415} INFO - Running <TaskInstance: fraud_detection_pipeline.load_data_hive manual__2025-03-21T20:33:18+00:00 [running]> on host f665883f3a95
[2025-03-21T20:33:42.601+0000] {taskinstance.py:1660} INFO - Exporting env vars: AIRFLOW_CTX_DAG_EMAIL='abelchaguermohamed@gmail.com' AIRFLOW_CTX_DAG_OWNER='***' AIRFLOW_CTX_DAG_ID='fraud_detection_pipeline' AIRFLOW_CTX_TASK_ID='load_data_hive' AIRFLOW_CTX_EXECUTION_DATE='2025-03-21T20:33:18+00:00' AIRFLOW_CTX_TRY_NUMBER='1' AIRFLOW_CTX_DAG_RUN_ID='manual__2025-03-21T20:33:18+00:00'
[2025-03-21T20:33:42.604+0000] {subprocess.py:63} INFO - Tmp dir root location: /tmp
[2025-03-21T20:33:42.606+0000] {subprocess.py:75} INFO - Running command: ['/bin/bash', '-c', 'docker exec hive hive -f /home/hive_script.hql']
[2025-03-21T20:33:42.619+0000] {subprocess.py:86} INFO - Output:
[2025-03-21T20:33:44.957+0000] {subprocess.py:93} INFO - SLF4J: Class path contains multiple SLF4J bindings.
[2025-03-21T20:33:44.958+0000] {subprocess.py:93} INFO - SLF4J: Found binding in [jar:file:/opt/hive/lib/log4j-slf4j-impl-2.6.2.jar!/org/slf4j/impl/StaticLoggerBinder.class]
[2025-03-21T20:33:44.959+0000] {subprocess.py:93} INFO - SLF4J: Found binding in [jar:file:/opt/hadoop-2.7.4/share/hadoop/common/lib/slf4j-log4j12-1.7.10.jar!/org/slf4j/impl/StaticLoggerBinder.class]
[2025-03-21T20:33:44.960+0000] {subprocess.py:93} INFO - SLF4J: See http://www.slf4j.org/codes.html#multiple_bindings for an explanation.
[2025-03-21T20:33:44.963+0000] {subprocess.py:93} INFO - SLF4J: Actual binding is of type [org.apache.logging.slf4j.Log4jLoggerFactory]
[2025-03-21T20:33:46.586+0000] {subprocess.py:93} INFO - 
[2025-03-21T20:33:46.586+0000] {subprocess.py:93} INFO - Logging initialized using configuration in file:/opt/hive/conf/hive-log4j2.properties Async: true
[2025-03-21T20:33:57.360+0000] {subprocess.py:93} INFO - OK
[2025-03-21T20:33:57.363+0000] {subprocess.py:93} INFO - Time taken: 7.84 seconds
[2025-03-21T20:33:57.600+0000] {subprocess.py:93} INFO - OK
[2025-03-21T20:33:57.601+0000] {subprocess.py:93} INFO - Time taken: 0.236 seconds
[2025-03-21T20:33:57.631+0000] {subprocess.py:93} INFO - OK
[2025-03-21T20:33:57.632+0000] {subprocess.py:93} INFO - Time taken: 0.028 seconds
[2025-03-21T20:33:57.658+0000] {subprocess.py:93} INFO - OK
[2025-03-21T20:33:57.659+0000] {subprocess.py:93} INFO - Time taken: 0.026 seconds
[2025-03-21T20:33:58.187+0000] {subprocess.py:97} INFO - Command exited with return code 0
[2025-03-21T20:33:58.231+0000] {taskinstance.py:1398} INFO - Marking task as SUCCESS. dag_id=fraud_detection_pipeline, task_id=load_data_hive, execution_date=20250321T203318, start_date=20250321T203342, end_date=20250321T203358
[2025-03-21T20:33:58.252+0000] {logging_mixin.py:151} WARNING - /home/***/.local/lib/python3.8/site-packages/***/utils/email.py:154 RemovedInAirflow3Warning: Fetching SMTP credentials from configuration variables will be deprecated in a future release. Please set credentials using a connection instead.
[2025-03-21T20:33:58.254+0000] {email.py:270} INFO - Email alerting: attempt 1
[2025-03-21T20:33:59.809+0000] {taskinstance.py:1703} ERROR - Error when executing notify_success callback
Traceback (most recent call last):
  File "/home/airflow/.local/lib/python3.8/site-packages/airflow/models/taskinstance.py", line 1700, in _run_finished_callback
    callback(context)
  File "/opt/airflow/dags/dag_1.py", line 29, in notify_success
    send_email(to=email, subject=subject, html_content=html_content)
  File "/home/airflow/.local/lib/python3.8/site-packages/airflow/utils/email.py", line 80, in send_email
    return backend(
  File "/home/airflow/.local/lib/python3.8/site-packages/airflow/utils/email.py", line 154, in send_email_smtp
    send_mime_email(e_from=mail_from, e_to=recipients, mime_msg=msg, conn_id=conn_id, dryrun=dryrun)
  File "/home/airflow/.local/lib/python3.8/site-packages/airflow/utils/email.py", line 281, in send_mime_email
    smtp_conn.login(smtp_user, smtp_password)
  File "/usr/local/lib/python3.8/smtplib.py", line 748, in login
    raise last_exception
  File "/usr/local/lib/python3.8/smtplib.py", line 737, in login
    (code, resp) = self.auth(
  File "/usr/local/lib/python3.8/smtplib.py", line 660, in auth
    raise SMTPAuthenticationError(code, resp)
smtplib.SMTPAuthenticationError: (535, b'5.7.8 Username and Password not accepted. For more information, go to\n5.7.8  https://support.google.com/mail/?p=BadCredentials 5b1f17b1804b1-43d43f55750sm89528565e9.21 - gsmtp')
[2025-03-21T20:33:59.897+0000] {local_task_job_runner.py:228} INFO - Task exited with return code 0
[2025-03-21T20:33:59.946+0000] {taskinstance.py:2776} INFO - 1 downstream tasks scheduled from follow-on schedule check
