[2025-03-23T16:46:17.903+0000] {taskinstance.py:1157} INFO - Dependencies all met for dep_context=non-requeueable deps ti=<TaskInstance: fraud_detection_pipeline_2.store_data_hdfs manual__2025-03-23T16:24:36+00:00 [queued]>
[2025-03-23T16:46:17.920+0000] {taskinstance.py:1157} INFO - Dependencies all met for dep_context=requeueable deps ti=<TaskInstance: fraud_detection_pipeline_2.store_data_hdfs manual__2025-03-23T16:24:36+00:00 [queued]>
[2025-03-23T16:46:17.921+0000] {taskinstance.py:1359} INFO - Starting attempt 3 of 4
[2025-03-23T16:46:17.946+0000] {taskinstance.py:1380} INFO - Executing <Task(PythonOperator): store_data_hdfs> on 2025-03-23 16:24:36+00:00
[2025-03-23T16:46:17.961+0000] {standard_task_runner.py:57} INFO - Started process 12528 to run task
[2025-03-23T16:46:17.965+0000] {standard_task_runner.py:84} INFO - Running: ['***', 'tasks', 'run', 'fraud_detection_pipeline_2', 'store_data_hdfs', 'manual__2025-03-23T16:24:36+00:00', '--job-id', '180', '--raw', '--subdir', 'DAGS_FOLDER/dag_2.py', '--cfg-path', '/tmp/tmpjioxq4ev']
[2025-03-23T16:46:17.972+0000] {standard_task_runner.py:85} INFO - Job 180: Subtask store_data_hdfs
[2025-03-23T16:46:18.062+0000] {task_command.py:415} INFO - Running <TaskInstance: fraud_detection_pipeline_2.store_data_hdfs manual__2025-03-23T16:24:36+00:00 [running]> on host 4ece88aec9a9
[2025-03-23T16:46:18.234+0000] {taskinstance.py:1660} INFO - Exporting env vars: AIRFLOW_CTX_DAG_EMAIL='abelchaguermohmaed@gmail.com' AIRFLOW_CTX_DAG_OWNER='***' AIRFLOW_CTX_DAG_ID='fraud_detection_pipeline_2' AIRFLOW_CTX_TASK_ID='store_data_hdfs' AIRFLOW_CTX_EXECUTION_DATE='2025-03-23T16:24:36+00:00' AIRFLOW_CTX_TRY_NUMBER='3' AIRFLOW_CTX_DAG_RUN_ID='manual__2025-03-23T16:24:36+00:00'
[2025-03-23T16:46:18.311+0000] {taskinstance.py:1935} ERROR - Task failed with exception
Traceback (most recent call last):
  File "/home/airflow/.local/lib/python3.8/site-packages/airflow/operators/python.py", line 192, in execute
    return_value = self.execute_callable()
  File "/home/airflow/.local/lib/python3.8/site-packages/airflow/operators/python.py", line 209, in execute_callable
    return self.python_callable(*self.op_args, **self.op_kwargs)
  File "/opt/airflow/dags/dag_2.py", line 471, in store_data_hdfs
    subprocess.run([
  File "/usr/local/lib/python3.8/subprocess.py", line 493, in run
    with Popen(*popenargs, **kwargs) as process:
  File "/usr/local/lib/python3.8/subprocess.py", line 858, in __init__
    self._execute_child(args, executable, preexec_fn, close_fds,
  File "/usr/local/lib/python3.8/subprocess.py", line 1720, in _execute_child
    raise child_exception_type(errno_num, err_msg, err_filename)
PermissionError: [Errno 13] Permission denied: 'docker cp'
[2025-03-23T16:46:18.335+0000] {taskinstance.py:1398} INFO - Marking task as UP_FOR_RETRY. dag_id=fraud_detection_pipeline_2, task_id=store_data_hdfs, execution_date=20250323T162436, start_date=20250323T164617, end_date=20250323T164618
[2025-03-23T16:46:18.381+0000] {logging_mixin.py:151} WARNING - /home/***/.local/lib/python3.8/site-packages/***/utils/email.py:154 RemovedInAirflow3Warning: Fetching SMTP credentials from configuration variables will be deprecated in a future release. Please set credentials using a connection instead.
[2025-03-23T16:46:18.382+0000] {email.py:270} INFO - Email alerting: attempt 1
[2025-03-23T16:46:19.103+0000] {email.py:282} INFO - Sent an alert email to ['abelchaguermohmaed@gmail.com']
[2025-03-23T16:46:19.908+0000] {standard_task_runner.py:104} ERROR - Failed to execute job 180 for task store_data_hdfs ([Errno 13] Permission denied: 'docker cp'; 12528)
[2025-03-23T16:46:19.944+0000] {local_task_job_runner.py:228} INFO - Task exited with return code 1
[2025-03-23T16:46:19.992+0000] {taskinstance.py:2776} INFO - 0 downstream tasks scheduled from follow-on schedule check
