[2025-03-19T16:29:56.871+0000] {taskinstance.py:1157} INFO - Dependencies all met for dep_context=non-requeueable deps ti=<TaskInstance: faud_detection_pipeline.load_data_hive scheduled__2023-10-06T22:00:00+00:00 [queued]>
[2025-03-19T16:29:56.903+0000] {taskinstance.py:1157} INFO - Dependencies all met for dep_context=requeueable deps ti=<TaskInstance: faud_detection_pipeline.load_data_hive scheduled__2023-10-06T22:00:00+00:00 [queued]>
[2025-03-19T16:29:56.905+0000] {taskinstance.py:1359} INFO - Starting attempt 1 of 2
[2025-03-19T16:29:56.963+0000] {taskinstance.py:1380} INFO - Executing <Task(BashOperator): load_data_hive> on 2023-10-06 22:00:00+00:00
[2025-03-19T16:29:56.975+0000] {standard_task_runner.py:57} INFO - Started process 21764 to run task
[2025-03-19T16:29:56.984+0000] {standard_task_runner.py:84} INFO - Running: ['***', 'tasks', 'run', 'faud_detection_pipeline', 'load_data_hive', 'scheduled__2023-10-06T22:00:00+00:00', '--job-id', '1762', '--raw', '--subdir', 'DAGS_FOLDER/dag_1.py', '--cfg-path', '/tmp/tmp_e06ochf']
[2025-03-19T16:29:56.994+0000] {standard_task_runner.py:85} INFO - Job 1762: Subtask load_data_hive
[2025-03-19T16:29:57.112+0000] {task_command.py:415} INFO - Running <TaskInstance: faud_detection_pipeline.load_data_hive scheduled__2023-10-06T22:00:00+00:00 [running]> on host 0009f5fb76aa
[2025-03-19T16:29:57.289+0000] {taskinstance.py:1660} INFO - Exporting env vars: AIRFLOW_CTX_DAG_OWNER='***' AIRFLOW_CTX_DAG_ID='faud_detection_pipeline' AIRFLOW_CTX_TASK_ID='load_data_hive' AIRFLOW_CTX_EXECUTION_DATE='2023-10-06T22:00:00+00:00' AIRFLOW_CTX_TRY_NUMBER='1' AIRFLOW_CTX_DAG_RUN_ID='scheduled__2023-10-06T22:00:00+00:00'
[2025-03-19T16:29:57.291+0000] {subprocess.py:63} INFO - Tmp dir root location: /tmp
[2025-03-19T16:29:57.293+0000] {subprocess.py:75} INFO - Running command: ['/bin/bash', '-c', 'docker exec hive hive -f /home/hive_script.hql']
[2025-03-19T16:29:57.311+0000] {subprocess.py:86} INFO - Output:
[2025-03-19T16:30:01.362+0000] {subprocess.py:93} INFO - SLF4J: Class path contains multiple SLF4J bindings.
[2025-03-19T16:30:01.363+0000] {subprocess.py:93} INFO - SLF4J: Found binding in [jar:file:/opt/hive/lib/log4j-slf4j-impl-2.6.2.jar!/org/slf4j/impl/StaticLoggerBinder.class]
[2025-03-19T16:30:01.365+0000] {subprocess.py:93} INFO - SLF4J: Found binding in [jar:file:/opt/hadoop-2.7.4/share/hadoop/common/lib/slf4j-log4j12-1.7.10.jar!/org/slf4j/impl/StaticLoggerBinder.class]
[2025-03-19T16:30:01.366+0000] {subprocess.py:93} INFO - SLF4J: See http://www.slf4j.org/codes.html#multiple_bindings for an explanation.
[2025-03-19T16:30:01.369+0000] {subprocess.py:93} INFO - SLF4J: Actual binding is of type [org.apache.logging.slf4j.Log4jLoggerFactory]
[2025-03-19T16:30:02.263+0000] {subprocess.py:93} INFO - 
[2025-03-19T16:30:02.265+0000] {subprocess.py:93} INFO - Logging initialized using configuration in file:/opt/hive/conf/hive-log4j2.properties Async: true
[2025-03-19T16:30:25.520+0000] {subprocess.py:93} INFO - OK
[2025-03-19T16:30:25.524+0000] {subprocess.py:93} INFO - Time taken: 16.883 seconds
[2025-03-19T16:30:25.957+0000] {subprocess.py:93} INFO - OK
[2025-03-19T16:30:25.959+0000] {subprocess.py:93} INFO - Time taken: 0.43 seconds
[2025-03-19T16:30:26.022+0000] {subprocess.py:93} INFO - OK
[2025-03-19T16:30:26.023+0000] {subprocess.py:93} INFO - Time taken: 0.063 seconds
[2025-03-19T16:30:26.613+0000] {subprocess.py:97} INFO - Command exited with return code 0
[2025-03-19T16:30:26.736+0000] {taskinstance.py:1398} INFO - Marking task as SUCCESS. dag_id=faud_detection_pipeline, task_id=load_data_hive, execution_date=20231006T220000, start_date=20250319T162956, end_date=20250319T163026
[2025-03-19T16:30:26.847+0000] {local_task_job_runner.py:228} INFO - Task exited with return code 0
[2025-03-19T16:30:26.940+0000] {taskinstance.py:2776} INFO - 1 downstream tasks scheduled from follow-on schedule check
