[2025-03-19T21:12:29.709+0000] {taskinstance.py:1157} INFO - Dependencies all met for dep_context=non-requeueable deps ti=<TaskInstance: faud_detection_pipeline.load_data_hive scheduled__2023-10-21T15:00:00+00:00 [queued]>
[2025-03-19T21:12:29.733+0000] {taskinstance.py:1157} INFO - Dependencies all met for dep_context=requeueable deps ti=<TaskInstance: faud_detection_pipeline.load_data_hive scheduled__2023-10-21T15:00:00+00:00 [queued]>
[2025-03-19T21:12:29.742+0000] {taskinstance.py:1359} INFO - Starting attempt 1 of 1
[2025-03-19T21:12:29.781+0000] {taskinstance.py:1380} INFO - Executing <Task(BashOperator): load_data_hive> on 2023-10-21 15:00:00+00:00
[2025-03-19T21:12:29.791+0000] {standard_task_runner.py:57} INFO - Started process 3898 to run task
[2025-03-19T21:12:29.798+0000] {standard_task_runner.py:84} INFO - Running: ['***', 'tasks', 'run', 'faud_detection_pipeline', 'load_data_hive', 'scheduled__2023-10-21T15:00:00+00:00', '--job-id', '3109', '--raw', '--subdir', 'DAGS_FOLDER/dag_1.py', '--cfg-path', '/tmp/tmplz2pwx9r']
[2025-03-19T21:12:29.809+0000] {standard_task_runner.py:85} INFO - Job 3109: Subtask load_data_hive
[2025-03-19T21:12:29.932+0000] {task_command.py:415} INFO - Running <TaskInstance: faud_detection_pipeline.load_data_hive scheduled__2023-10-21T15:00:00+00:00 [running]> on host 445fc0f18383
[2025-03-19T21:12:30.164+0000] {taskinstance.py:1660} INFO - Exporting env vars: AIRFLOW_CTX_DAG_OWNER='***' AIRFLOW_CTX_DAG_ID='faud_detection_pipeline' AIRFLOW_CTX_TASK_ID='load_data_hive' AIRFLOW_CTX_EXECUTION_DATE='2023-10-21T15:00:00+00:00' AIRFLOW_CTX_TRY_NUMBER='1' AIRFLOW_CTX_DAG_RUN_ID='scheduled__2023-10-21T15:00:00+00:00'
[2025-03-19T21:12:30.172+0000] {subprocess.py:63} INFO - Tmp dir root location: /tmp
[2025-03-19T21:12:30.174+0000] {subprocess.py:75} INFO - Running command: ['/bin/bash', '-c', 'docker exec hive hive -f /home/hive_script.hql']
[2025-03-19T21:12:30.218+0000] {subprocess.py:86} INFO - Output:
[2025-03-19T21:12:36.029+0000] {subprocess.py:93} INFO - SLF4J: Class path contains multiple SLF4J bindings.
[2025-03-19T21:12:36.030+0000] {subprocess.py:93} INFO - SLF4J: Found binding in [jar:file:/opt/hive/lib/log4j-slf4j-impl-2.6.2.jar!/org/slf4j/impl/StaticLoggerBinder.class]
[2025-03-19T21:12:36.031+0000] {subprocess.py:93} INFO - SLF4J: Found binding in [jar:file:/opt/hadoop-2.7.4/share/hadoop/common/lib/slf4j-log4j12-1.7.10.jar!/org/slf4j/impl/StaticLoggerBinder.class]
[2025-03-19T21:12:36.032+0000] {subprocess.py:93} INFO - SLF4J: See http://www.slf4j.org/codes.html#multiple_bindings for an explanation.
[2025-03-19T21:12:36.034+0000] {subprocess.py:93} INFO - SLF4J: Actual binding is of type [org.apache.logging.slf4j.Log4jLoggerFactory]
[2025-03-19T21:12:41.575+0000] {subprocess.py:93} INFO - 
[2025-03-19T21:12:41.577+0000] {subprocess.py:93} INFO - Logging initialized using configuration in file:/opt/hive/conf/hive-log4j2.properties Async: true
[2025-03-19T21:13:08.469+0000] {subprocess.py:93} INFO - OK
[2025-03-19T21:13:08.477+0000] {subprocess.py:93} INFO - Time taken: 19.691 seconds
[2025-03-19T21:13:09.041+0000] {subprocess.py:93} INFO - OK
[2025-03-19T21:13:09.042+0000] {subprocess.py:93} INFO - Time taken: 0.561 seconds
[2025-03-19T21:13:09.172+0000] {subprocess.py:93} INFO - OK
[2025-03-19T21:13:09.179+0000] {subprocess.py:93} INFO - Time taken: 0.126 seconds
[2025-03-19T21:13:09.925+0000] {subprocess.py:97} INFO - Command exited with return code 0
[2025-03-19T21:13:10.017+0000] {taskinstance.py:1398} INFO - Marking task as SUCCESS. dag_id=faud_detection_pipeline, task_id=load_data_hive, execution_date=20231021T150000, start_date=20250319T211229, end_date=20250319T211310
[2025-03-19T21:13:10.504+0000] {local_task_job_runner.py:228} INFO - Task exited with return code 0
[2025-03-19T21:13:10.588+0000] {taskinstance.py:2776} INFO - 1 downstream tasks scheduled from follow-on schedule check
