[2025-03-19T21:41:02.104+0000] {taskinstance.py:1157} INFO - Dependencies all met for dep_context=non-requeueable deps ti=<TaskInstance: fraud_detection_pipeline.load_data_hive manual__2025-03-19T21:40:46.671327+00:00 [queued]>
[2025-03-19T21:41:02.114+0000] {taskinstance.py:1157} INFO - Dependencies all met for dep_context=requeueable deps ti=<TaskInstance: fraud_detection_pipeline.load_data_hive manual__2025-03-19T21:40:46.671327+00:00 [queued]>
[2025-03-19T21:41:02.115+0000] {taskinstance.py:1359} INFO - Starting attempt 1 of 1
[2025-03-19T21:41:02.132+0000] {taskinstance.py:1380} INFO - Executing <Task(BashOperator): load_data_hive> on 2025-03-19 21:40:46.671327+00:00
[2025-03-19T21:41:02.136+0000] {standard_task_runner.py:57} INFO - Started process 12372 to run task
[2025-03-19T21:41:02.141+0000] {standard_task_runner.py:84} INFO - Running: ['***', 'tasks', 'run', 'fraud_detection_pipeline', 'load_data_hive', 'manual__2025-03-19T21:40:46.671327+00:00', '--job-id', '3512', '--raw', '--subdir', 'DAGS_FOLDER/dag_1.py', '--cfg-path', '/tmp/tmpnz2rm8lq']
[2025-03-19T21:41:02.144+0000] {standard_task_runner.py:85} INFO - Job 3512: Subtask load_data_hive
[2025-03-19T21:41:02.194+0000] {task_command.py:415} INFO - Running <TaskInstance: fraud_detection_pipeline.load_data_hive manual__2025-03-19T21:40:46.671327+00:00 [running]> on host 445fc0f18383
[2025-03-19T21:41:02.283+0000] {taskinstance.py:1660} INFO - Exporting env vars: AIRFLOW_CTX_DAG_OWNER='***' AIRFLOW_CTX_DAG_ID='fraud_detection_pipeline' AIRFLOW_CTX_TASK_ID='load_data_hive' AIRFLOW_CTX_EXECUTION_DATE='2025-03-19T21:40:46.671327+00:00' AIRFLOW_CTX_TRY_NUMBER='1' AIRFLOW_CTX_DAG_RUN_ID='manual__2025-03-19T21:40:46.671327+00:00'
[2025-03-19T21:41:02.285+0000] {subprocess.py:63} INFO - Tmp dir root location: /tmp
[2025-03-19T21:41:02.286+0000] {subprocess.py:75} INFO - Running command: ['/bin/bash', '-c', 'docker exec hive hive -f /home/hive_script.hql']
[2025-03-19T21:41:02.295+0000] {subprocess.py:86} INFO - Output:
[2025-03-19T21:41:04.291+0000] {subprocess.py:93} INFO - SLF4J: Class path contains multiple SLF4J bindings.
[2025-03-19T21:41:04.293+0000] {subprocess.py:93} INFO - SLF4J: Found binding in [jar:file:/opt/hive/lib/log4j-slf4j-impl-2.6.2.jar!/org/slf4j/impl/StaticLoggerBinder.class]
[2025-03-19T21:41:04.293+0000] {subprocess.py:93} INFO - SLF4J: Found binding in [jar:file:/opt/hadoop-2.7.4/share/hadoop/common/lib/slf4j-log4j12-1.7.10.jar!/org/slf4j/impl/StaticLoggerBinder.class]
[2025-03-19T21:41:04.294+0000] {subprocess.py:93} INFO - SLF4J: See http://www.slf4j.org/codes.html#multiple_bindings for an explanation.
[2025-03-19T21:41:04.295+0000] {subprocess.py:93} INFO - SLF4J: Actual binding is of type [org.apache.logging.slf4j.Log4jLoggerFactory]
[2025-03-19T21:41:05.781+0000] {subprocess.py:93} INFO - 
[2025-03-19T21:41:05.782+0000] {subprocess.py:93} INFO - Logging initialized using configuration in file:/opt/hive/conf/hive-log4j2.properties Async: true
[2025-03-19T21:41:14.870+0000] {subprocess.py:93} INFO - OK
[2025-03-19T21:41:14.873+0000] {subprocess.py:93} INFO - Time taken: 6.939 seconds
[2025-03-19T21:41:15.097+0000] {subprocess.py:93} INFO - OK
[2025-03-19T21:41:15.098+0000] {subprocess.py:93} INFO - Time taken: 0.223 seconds
[2025-03-19T21:41:15.126+0000] {subprocess.py:93} INFO - OK
[2025-03-19T21:41:15.126+0000] {subprocess.py:93} INFO - Time taken: 0.026 seconds
[2025-03-19T21:41:15.630+0000] {subprocess.py:97} INFO - Command exited with return code 0
[2025-03-19T21:41:15.661+0000] {taskinstance.py:1398} INFO - Marking task as SUCCESS. dag_id=fraud_detection_pipeline, task_id=load_data_hive, execution_date=20250319T214046, start_date=20250319T214102, end_date=20250319T214115
[2025-03-19T21:41:15.719+0000] {local_task_job_runner.py:228} INFO - Task exited with return code 0
[2025-03-19T21:41:15.742+0000] {taskinstance.py:2776} INFO - 1 downstream tasks scheduled from follow-on schedule check
