[2025-03-19T03:14:03.374+0000] {processor.py:157} INFO - Started process (PID=397) to work on /opt/airflow/dags/script_1.py
[2025-03-19T03:14:03.377+0000] {processor.py:829} INFO - Processing file /opt/airflow/dags/script_1.py for tasks to queue
[2025-03-19T03:14:03.387+0000] {logging_mixin.py:151} INFO - [2025-03-19T03:14:03.379+0000] {dagbag.py:539} INFO - Filling up the DagBag from /opt/airflow/dags/script_1.py
[2025-03-19T03:14:03.513+0000] {logging_mixin.py:151} INFO - [2025-03-19T03:14:03.498+0000] {dagbag.py:347} ERROR - Failed to import: /opt/airflow/dags/script_1.py
Traceback (most recent call last):
  File "/home/airflow/.local/lib/python3.8/site-packages/airflow/models/dagbag.py", line 343, in parse
    loader.exec_module(new_module)
  File "<frozen importlib._bootstrap_external>", line 843, in exec_module
  File "<frozen importlib._bootstrap>", line 219, in _call_with_frames_removed
  File "/opt/airflow/dags/script_1.py", line 2, in <module>
    from airflow.providers.apache.hive.operators.hive import HiveOperator
ModuleNotFoundError: No module named 'airflow.providers.apache'
[2025-03-19T03:14:03.530+0000] {processor.py:841} WARNING - No viable dags retrieved from /opt/airflow/dags/script_1.py
[2025-03-19T03:14:03.604+0000] {processor.py:179} INFO - Processing /opt/airflow/dags/script_1.py took 0.248 seconds
[2025-03-19T09:32:42.119+0000] {processor.py:157} INFO - Started process (PID=421) to work on /opt/airflow/dags/script_1.py
[2025-03-19T09:32:42.121+0000] {processor.py:829} INFO - Processing file /opt/airflow/dags/script_1.py for tasks to queue
[2025-03-19T09:32:42.131+0000] {logging_mixin.py:151} INFO - [2025-03-19T09:32:42.123+0000] {dagbag.py:539} INFO - Filling up the DagBag from /opt/airflow/dags/script_1.py
[2025-03-19T09:32:42.211+0000] {logging_mixin.py:151} INFO - [2025-03-19T09:32:42.202+0000] {dagbag.py:347} ERROR - Failed to import: /opt/airflow/dags/script_1.py
Traceback (most recent call last):
  File "/home/airflow/.local/lib/python3.8/site-packages/airflow/models/dagbag.py", line 343, in parse
    loader.exec_module(new_module)
  File "<frozen importlib._bootstrap_external>", line 843, in exec_module
  File "<frozen importlib._bootstrap>", line 219, in _call_with_frames_removed
  File "/opt/airflow/dags/script_1.py", line 2, in <module>
    from airflow.providers.apache.hive.operators.hive import HiveOperator
ModuleNotFoundError: No module named 'airflow.providers.apache'
[2025-03-19T09:32:42.214+0000] {processor.py:841} WARNING - No viable dags retrieved from /opt/airflow/dags/script_1.py
[2025-03-19T09:32:42.305+0000] {processor.py:179} INFO - Processing /opt/airflow/dags/script_1.py took 0.204 seconds
[2025-03-19T09:33:13.120+0000] {processor.py:157} INFO - Started process (PID=441) to work on /opt/airflow/dags/script_1.py
[2025-03-19T09:33:13.121+0000] {processor.py:829} INFO - Processing file /opt/airflow/dags/script_1.py for tasks to queue
[2025-03-19T09:33:13.123+0000] {logging_mixin.py:151} INFO - [2025-03-19T09:33:13.123+0000] {dagbag.py:539} INFO - Filling up the DagBag from /opt/airflow/dags/script_1.py
[2025-03-19T09:33:13.148+0000] {logging_mixin.py:151} INFO - [2025-03-19T09:33:13.144+0000] {dagbag.py:347} ERROR - Failed to import: /opt/airflow/dags/script_1.py
Traceback (most recent call last):
  File "/home/airflow/.local/lib/python3.8/site-packages/airflow/models/dagbag.py", line 343, in parse
    loader.exec_module(new_module)
  File "<frozen importlib._bootstrap_external>", line 843, in exec_module
  File "<frozen importlib._bootstrap>", line 219, in _call_with_frames_removed
  File "/opt/airflow/dags/script_1.py", line 2, in <module>
    from airflow.providers.apache.hive.operators.hive import HiveOperator
ModuleNotFoundError: No module named 'airflow.providers.apache'
[2025-03-19T09:33:13.149+0000] {processor.py:841} WARNING - No viable dags retrieved from /opt/airflow/dags/script_1.py
[2025-03-19T09:33:13.180+0000] {processor.py:179} INFO - Processing /opt/airflow/dags/script_1.py took 0.068 seconds
[2025-03-19T09:33:43.787+0000] {processor.py:157} INFO - Started process (PID=461) to work on /opt/airflow/dags/script_1.py
[2025-03-19T09:33:43.788+0000] {processor.py:829} INFO - Processing file /opt/airflow/dags/script_1.py for tasks to queue
[2025-03-19T09:33:43.789+0000] {logging_mixin.py:151} INFO - [2025-03-19T09:33:43.789+0000] {dagbag.py:539} INFO - Filling up the DagBag from /opt/airflow/dags/script_1.py
[2025-03-19T09:33:43.799+0000] {logging_mixin.py:151} INFO - [2025-03-19T09:33:43.797+0000] {dagbag.py:347} ERROR - Failed to import: /opt/airflow/dags/script_1.py
Traceback (most recent call last):
  File "/home/airflow/.local/lib/python3.8/site-packages/airflow/models/dagbag.py", line 343, in parse
    loader.exec_module(new_module)
  File "<frozen importlib._bootstrap_external>", line 843, in exec_module
  File "<frozen importlib._bootstrap>", line 219, in _call_with_frames_removed
  File "/opt/airflow/dags/script_1.py", line 2, in <module>
    from airflow.providers.apache.hive.operators.hive import HiveOperator
ModuleNotFoundError: No module named 'airflow.providers.apache'
[2025-03-19T09:33:43.800+0000] {processor.py:841} WARNING - No viable dags retrieved from /opt/airflow/dags/script_1.py
[2025-03-19T09:33:43.819+0000] {processor.py:179} INFO - Processing /opt/airflow/dags/script_1.py took 0.035 seconds
[2025-03-19T09:34:14.397+0000] {processor.py:157} INFO - Started process (PID=481) to work on /opt/airflow/dags/script_1.py
[2025-03-19T09:34:14.399+0000] {processor.py:829} INFO - Processing file /opt/airflow/dags/script_1.py for tasks to queue
[2025-03-19T09:34:14.401+0000] {logging_mixin.py:151} INFO - [2025-03-19T09:34:14.400+0000] {dagbag.py:539} INFO - Filling up the DagBag from /opt/airflow/dags/script_1.py
[2025-03-19T09:34:14.429+0000] {logging_mixin.py:151} INFO - [2025-03-19T09:34:14.424+0000] {dagbag.py:347} ERROR - Failed to import: /opt/airflow/dags/script_1.py
Traceback (most recent call last):
  File "/home/airflow/.local/lib/python3.8/site-packages/airflow/models/dagbag.py", line 343, in parse
    loader.exec_module(new_module)
  File "<frozen importlib._bootstrap_external>", line 843, in exec_module
  File "<frozen importlib._bootstrap>", line 219, in _call_with_frames_removed
  File "/opt/airflow/dags/script_1.py", line 2, in <module>
    from airflow.providers.apache.hive.operators.hive import HiveOperator
ModuleNotFoundError: No module named 'airflow.providers.apache'
[2025-03-19T09:34:14.431+0000] {processor.py:841} WARNING - No viable dags retrieved from /opt/airflow/dags/script_1.py
[2025-03-19T09:34:14.461+0000] {processor.py:179} INFO - Processing /opt/airflow/dags/script_1.py took 0.069 seconds
[2025-03-19T09:34:44.929+0000] {processor.py:157} INFO - Started process (PID=501) to work on /opt/airflow/dags/script_1.py
[2025-03-19T09:34:44.930+0000] {processor.py:829} INFO - Processing file /opt/airflow/dags/script_1.py for tasks to queue
[2025-03-19T09:34:44.932+0000] {logging_mixin.py:151} INFO - [2025-03-19T09:34:44.931+0000] {dagbag.py:539} INFO - Filling up the DagBag from /opt/airflow/dags/script_1.py
[2025-03-19T09:34:44.948+0000] {logging_mixin.py:151} INFO - [2025-03-19T09:34:44.944+0000] {dagbag.py:347} ERROR - Failed to import: /opt/airflow/dags/script_1.py
Traceback (most recent call last):
  File "/home/airflow/.local/lib/python3.8/site-packages/airflow/models/dagbag.py", line 343, in parse
    loader.exec_module(new_module)
  File "<frozen importlib._bootstrap_external>", line 843, in exec_module
  File "<frozen importlib._bootstrap>", line 219, in _call_with_frames_removed
  File "/opt/airflow/dags/script_1.py", line 2, in <module>
    from airflow.providers.apache.hive.operators.hive import HiveOperator
ModuleNotFoundError: No module named 'airflow.providers.apache'
[2025-03-19T09:34:44.949+0000] {processor.py:841} WARNING - No viable dags retrieved from /opt/airflow/dags/script_1.py
[2025-03-19T09:34:44.972+0000] {processor.py:179} INFO - Processing /opt/airflow/dags/script_1.py took 0.047 seconds
