[2025-03-19T17:25:48.171+0000] {taskinstance.py:1157} INFO - Dependencies all met for dep_context=non-requeueable deps ti=<TaskInstance: faud_detection_pipeline.store_data_hdfs scheduled__2023-10-13T02:00:00+00:00 [queued]>
[2025-03-19T17:25:48.210+0000] {taskinstance.py:1157} INFO - Dependencies all met for dep_context=requeueable deps ti=<TaskInstance: faud_detection_pipeline.store_data_hdfs scheduled__2023-10-13T02:00:00+00:00 [queued]>
[2025-03-19T17:25:48.212+0000] {taskinstance.py:1359} INFO - Starting attempt 1 of 2
[2025-03-19T17:25:48.270+0000] {taskinstance.py:1380} INFO - Executing <Task(BashOperator): store_data_hdfs> on 2023-10-13 02:00:00+00:00
[2025-03-19T17:25:48.288+0000] {standard_task_runner.py:57} INFO - Started process 33665 to run task
[2025-03-19T17:25:48.310+0000] {standard_task_runner.py:84} INFO - Running: ['***', 'tasks', 'run', 'faud_detection_pipeline', 'store_data_hdfs', 'scheduled__2023-10-13T02:00:00+00:00', '--job-id', '2317', '--raw', '--subdir', 'DAGS_FOLDER/dag_1.py', '--cfg-path', '/tmp/tmpdjcd9wr9']
[2025-03-19T17:25:48.320+0000] {standard_task_runner.py:85} INFO - Job 2317: Subtask store_data_hdfs
[2025-03-19T17:25:48.492+0000] {task_command.py:415} INFO - Running <TaskInstance: faud_detection_pipeline.store_data_hdfs scheduled__2023-10-13T02:00:00+00:00 [running]> on host 0009f5fb76aa
[2025-03-19T17:25:48.752+0000] {taskinstance.py:1660} INFO - Exporting env vars: AIRFLOW_CTX_DAG_OWNER='***' AIRFLOW_CTX_DAG_ID='faud_detection_pipeline' AIRFLOW_CTX_TASK_ID='store_data_hdfs' AIRFLOW_CTX_EXECUTION_DATE='2023-10-13T02:00:00+00:00' AIRFLOW_CTX_TRY_NUMBER='1' AIRFLOW_CTX_DAG_RUN_ID='scheduled__2023-10-13T02:00:00+00:00'
[2025-03-19T17:25:48.760+0000] {subprocess.py:63} INFO - Tmp dir root location: /tmp
[2025-03-19T17:25:48.762+0000] {subprocess.py:75} INFO - Running command: ['/bin/bash', '-c', 'docker cp /tmp/transactions.csv namenode:/tmp/transactions.csv && docker cp /tmp/customers.csv namenode:/tmp/customers.csv && docker cp /tmp/external_data.csv namenode:/tmp/external_data.csv && docker exec namenode bash -c "hdfs dfs -mkdir -p /data/transactions && hdfs dfs -mkdir -p /data/customers && hdfs dfs -mkdir -p /data/external_data && hdfs dfs -put -f /tmp/transactions.csv /data/transactions/transactions.csv && hdfs dfs -put -f /tmp/customers.csv /data/customers/customers.csv && hdfs dfs -put -f /tmp/external_data.csv /data/external_data/external_data.csv && rm -rf /tmp/transactions.csv /tmp/customers.csv /tmp/external_data.csv"']
[2025-03-19T17:25:48.813+0000] {subprocess.py:86} INFO - Output:
[2025-03-19T17:26:03.996+0000] {subprocess.py:93} INFO - 2025-03-19 17:26:03,993 INFO sasl.SaslDataTransferClient: SASL encryption trust check: localHostTrusted = false, remoteHostTrusted = false
[2025-03-19T17:26:07.768+0000] {subprocess.py:93} INFO - 2025-03-19 17:26:07,760 INFO sasl.SaslDataTransferClient: SASL encryption trust check: localHostTrusted = false, remoteHostTrusted = false
[2025-03-19T17:26:10.903+0000] {subprocess.py:93} INFO - put: `/tmp/external_data.csv': No such file or directory
[2025-03-19T17:26:11.401+0000] {subprocess.py:97} INFO - Command exited with return code 1
[2025-03-19T17:26:11.420+0000] {taskinstance.py:1935} ERROR - Task failed with exception
Traceback (most recent call last):
  File "/home/airflow/.local/lib/python3.8/site-packages/airflow/operators/bash.py", line 210, in execute
    raise AirflowException(
airflow.exceptions.AirflowException: Bash command failed. The command returned a non-zero exit code 1.
[2025-03-19T17:26:11.428+0000] {taskinstance.py:1398} INFO - Marking task as UP_FOR_RETRY. dag_id=faud_detection_pipeline, task_id=store_data_hdfs, execution_date=20231013T020000, start_date=20250319T172548, end_date=20250319T172611
[2025-03-19T17:26:11.709+0000] {standard_task_runner.py:104} ERROR - Failed to execute job 2317 for task store_data_hdfs (Bash command failed. The command returned a non-zero exit code 1.; 33665)
[2025-03-19T17:26:11.756+0000] {local_task_job_runner.py:228} INFO - Task exited with return code 1
[2025-03-19T17:26:11.795+0000] {taskinstance.py:2776} INFO - 0 downstream tasks scheduled from follow-on schedule check
