[2025-03-19T21:11:48.757+0000] {taskinstance.py:1157} INFO - Dependencies all met for dep_context=non-requeueable deps ti=<TaskInstance: faud_detection_pipeline.load_data_hive scheduled__2023-10-21T13:00:00+00:00 [queued]>
[2025-03-19T21:11:48.940+0000] {taskinstance.py:1157} INFO - Dependencies all met for dep_context=requeueable deps ti=<TaskInstance: faud_detection_pipeline.load_data_hive scheduled__2023-10-21T13:00:00+00:00 [queued]>
[2025-03-19T21:11:48.943+0000] {taskinstance.py:1359} INFO - Starting attempt 1 of 1
[2025-03-19T21:11:49.209+0000] {taskinstance.py:1380} INFO - Executing <Task(BashOperator): load_data_hive> on 2023-10-21 13:00:00+00:00
[2025-03-19T21:11:49.250+0000] {standard_task_runner.py:57} INFO - Started process 3441 to run task
[2025-03-19T21:11:49.276+0000] {standard_task_runner.py:84} INFO - Running: ['***', 'tasks', 'run', 'faud_detection_pipeline', 'load_data_hive', 'scheduled__2023-10-21T13:00:00+00:00', '--job-id', '3092', '--raw', '--subdir', 'DAGS_FOLDER/dag_1.py', '--cfg-path', '/tmp/tmprwqzv7_k']
[2025-03-19T21:11:49.291+0000] {standard_task_runner.py:85} INFO - Job 3092: Subtask load_data_hive
[2025-03-19T21:11:49.565+0000] {task_command.py:415} INFO - Running <TaskInstance: faud_detection_pipeline.load_data_hive scheduled__2023-10-21T13:00:00+00:00 [running]> on host 445fc0f18383
[2025-03-19T21:11:50.055+0000] {taskinstance.py:1660} INFO - Exporting env vars: AIRFLOW_CTX_DAG_OWNER='***' AIRFLOW_CTX_DAG_ID='faud_detection_pipeline' AIRFLOW_CTX_TASK_ID='load_data_hive' AIRFLOW_CTX_EXECUTION_DATE='2023-10-21T13:00:00+00:00' AIRFLOW_CTX_TRY_NUMBER='1' AIRFLOW_CTX_DAG_RUN_ID='scheduled__2023-10-21T13:00:00+00:00'
[2025-03-19T21:11:50.075+0000] {subprocess.py:63} INFO - Tmp dir root location: /tmp
[2025-03-19T21:11:50.081+0000] {subprocess.py:75} INFO - Running command: ['/bin/bash', '-c', 'docker exec hive hive -f /home/hive_script.hql']
[2025-03-19T21:11:50.127+0000] {subprocess.py:86} INFO - Output:
[2025-03-19T21:11:57.783+0000] {subprocess.py:93} INFO - SLF4J: Class path contains multiple SLF4J bindings.
[2025-03-19T21:11:57.789+0000] {subprocess.py:93} INFO - SLF4J: Found binding in [jar:file:/opt/hive/lib/log4j-slf4j-impl-2.6.2.jar!/org/slf4j/impl/StaticLoggerBinder.class]
[2025-03-19T21:11:57.791+0000] {subprocess.py:93} INFO - SLF4J: Found binding in [jar:file:/opt/hadoop-2.7.4/share/hadoop/common/lib/slf4j-log4j12-1.7.10.jar!/org/slf4j/impl/StaticLoggerBinder.class]
[2025-03-19T21:11:57.796+0000] {subprocess.py:93} INFO - SLF4J: See http://www.slf4j.org/codes.html#multiple_bindings for an explanation.
[2025-03-19T21:11:57.797+0000] {subprocess.py:93} INFO - SLF4J: Actual binding is of type [org.apache.logging.slf4j.Log4jLoggerFactory]
[2025-03-19T21:12:01.569+0000] {subprocess.py:93} INFO - 
[2025-03-19T21:12:01.570+0000] {subprocess.py:93} INFO - Logging initialized using configuration in file:/opt/hive/conf/hive-log4j2.properties Async: true
[2025-03-19T21:12:20.708+0000] {subprocess.py:93} INFO - OK
[2025-03-19T21:12:20.712+0000] {subprocess.py:93} INFO - Time taken: 15.432 seconds
[2025-03-19T21:12:21.221+0000] {subprocess.py:93} INFO - OK
[2025-03-19T21:12:21.223+0000] {subprocess.py:93} INFO - Time taken: 0.506 seconds
[2025-03-19T21:12:21.275+0000] {subprocess.py:93} INFO - OK
[2025-03-19T21:12:21.280+0000] {subprocess.py:93} INFO - Time taken: 0.047 seconds
[2025-03-19T21:12:21.954+0000] {subprocess.py:97} INFO - Command exited with return code 0
[2025-03-19T21:12:22.016+0000] {taskinstance.py:1398} INFO - Marking task as SUCCESS. dag_id=faud_detection_pipeline, task_id=load_data_hive, execution_date=20231021T130000, start_date=20250319T211148, end_date=20250319T211222
[2025-03-19T21:12:22.076+0000] {local_task_job_runner.py:228} INFO - Task exited with return code 0
[2025-03-19T21:12:22.141+0000] {taskinstance.py:2776} INFO - 1 downstream tasks scheduled from follow-on schedule check
