[2025-03-19T21:18:26.366+0000] {taskinstance.py:1157} INFO - Dependencies all met for dep_context=non-requeueable deps ti=<TaskInstance: faud_detection_pipeline.load_data_hive manual__2025-03-19T21:16:28.922798+00:00 [queued]>
[2025-03-19T21:18:26.395+0000] {taskinstance.py:1157} INFO - Dependencies all met for dep_context=requeueable deps ti=<TaskInstance: faud_detection_pipeline.load_data_hive manual__2025-03-19T21:16:28.922798+00:00 [queued]>
[2025-03-19T21:18:26.406+0000] {taskinstance.py:1359} INFO - Starting attempt 1 of 1
[2025-03-19T21:18:26.461+0000] {taskinstance.py:1380} INFO - Executing <Task(BashOperator): load_data_hive> on 2025-03-19 21:16:28.922798+00:00
[2025-03-19T21:18:26.474+0000] {standard_task_runner.py:57} INFO - Started process 6450 to run task
[2025-03-19T21:18:26.487+0000] {standard_task_runner.py:84} INFO - Running: ['***', 'tasks', 'run', 'faud_detection_pipeline', 'load_data_hive', 'manual__2025-03-19T21:16:28.922798+00:00', '--job-id', '3243', '--raw', '--subdir', 'DAGS_FOLDER/dag_1.py', '--cfg-path', '/tmp/tmpud2x_x9_']
[2025-03-19T21:18:26.494+0000] {standard_task_runner.py:85} INFO - Job 3243: Subtask load_data_hive
[2025-03-19T21:18:26.611+0000] {task_command.py:415} INFO - Running <TaskInstance: faud_detection_pipeline.load_data_hive manual__2025-03-19T21:16:28.922798+00:00 [running]> on host 445fc0f18383
[2025-03-19T21:18:26.841+0000] {taskinstance.py:1660} INFO - Exporting env vars: AIRFLOW_CTX_DAG_OWNER='***' AIRFLOW_CTX_DAG_ID='faud_detection_pipeline' AIRFLOW_CTX_TASK_ID='load_data_hive' AIRFLOW_CTX_EXECUTION_DATE='2025-03-19T21:16:28.922798+00:00' AIRFLOW_CTX_TRY_NUMBER='1' AIRFLOW_CTX_DAG_RUN_ID='manual__2025-03-19T21:16:28.922798+00:00'
[2025-03-19T21:18:26.846+0000] {subprocess.py:63} INFO - Tmp dir root location: /tmp
[2025-03-19T21:18:26.848+0000] {subprocess.py:75} INFO - Running command: ['/bin/bash', '-c', 'docker exec hive hive -f /home/hive_script.hql']
[2025-03-19T21:18:26.881+0000] {subprocess.py:86} INFO - Output:
[2025-03-19T21:18:31.708+0000] {subprocess.py:93} INFO - SLF4J: Class path contains multiple SLF4J bindings.
[2025-03-19T21:18:31.709+0000] {subprocess.py:93} INFO - SLF4J: Found binding in [jar:file:/opt/hive/lib/log4j-slf4j-impl-2.6.2.jar!/org/slf4j/impl/StaticLoggerBinder.class]
[2025-03-19T21:18:31.710+0000] {subprocess.py:93} INFO - SLF4J: Found binding in [jar:file:/opt/hadoop-2.7.4/share/hadoop/common/lib/slf4j-log4j12-1.7.10.jar!/org/slf4j/impl/StaticLoggerBinder.class]
[2025-03-19T21:18:31.711+0000] {subprocess.py:93} INFO - SLF4J: See http://www.slf4j.org/codes.html#multiple_bindings for an explanation.
[2025-03-19T21:18:31.714+0000] {subprocess.py:93} INFO - SLF4J: Actual binding is of type [org.apache.logging.slf4j.Log4jLoggerFactory]
[2025-03-19T21:18:34.528+0000] {subprocess.py:93} INFO - 
[2025-03-19T21:18:34.529+0000] {subprocess.py:93} INFO - Logging initialized using configuration in file:/opt/hive/conf/hive-log4j2.properties Async: true
[2025-03-19T21:18:53.768+0000] {subprocess.py:93} INFO - OK
[2025-03-19T21:18:53.771+0000] {subprocess.py:93} INFO - Time taken: 14.837 seconds
[2025-03-19T21:18:54.164+0000] {subprocess.py:93} INFO - OK
[2025-03-19T21:18:54.165+0000] {subprocess.py:93} INFO - Time taken: 0.391 seconds
[2025-03-19T21:18:54.288+0000] {subprocess.py:93} INFO - OK
[2025-03-19T21:18:54.290+0000] {subprocess.py:93} INFO - Time taken: 0.113 seconds
[2025-03-19T21:18:55.027+0000] {subprocess.py:97} INFO - Command exited with return code 0
[2025-03-19T21:18:55.140+0000] {taskinstance.py:1398} INFO - Marking task as SUCCESS. dag_id=faud_detection_pipeline, task_id=load_data_hive, execution_date=20250319T211628, start_date=20250319T211826, end_date=20250319T211855
[2025-03-19T21:18:55.787+0000] {local_task_job_runner.py:228} INFO - Task exited with return code 0
[2025-03-19T21:18:56.035+0000] {taskinstance.py:2776} INFO - 1 downstream tasks scheduled from follow-on schedule check
