[2025-03-22T21:50:54.013+0000] {taskinstance.py:1157} INFO - Dependencies all met for dep_context=non-requeueable deps ti=<TaskInstance: fraud_detection_pipeline.load_data_hive manual__2025-03-22T21:50:28+00:00 [queued]>
[2025-03-22T21:50:54.026+0000] {taskinstance.py:1157} INFO - Dependencies all met for dep_context=requeueable deps ti=<TaskInstance: fraud_detection_pipeline.load_data_hive manual__2025-03-22T21:50:28+00:00 [queued]>
[2025-03-22T21:50:54.027+0000] {taskinstance.py:1359} INFO - Starting attempt 1 of 4
[2025-03-22T21:50:54.045+0000] {taskinstance.py:1380} INFO - Executing <Task(BashOperator): load_data_hive> on 2025-03-22 21:50:28+00:00
[2025-03-22T21:50:54.053+0000] {standard_task_runner.py:57} INFO - Started process 2718 to run task
[2025-03-22T21:50:54.057+0000] {standard_task_runner.py:84} INFO - Running: ['***', 'tasks', 'run', 'fraud_detection_pipeline', 'load_data_hive', 'manual__2025-03-22T21:50:28+00:00', '--job-id', '66', '--raw', '--subdir', 'DAGS_FOLDER/dag_1.py', '--cfg-path', '/tmp/tmp795q4727']
[2025-03-22T21:50:54.061+0000] {standard_task_runner.py:85} INFO - Job 66: Subtask load_data_hive
[2025-03-22T21:50:54.118+0000] {task_command.py:415} INFO - Running <TaskInstance: fraud_detection_pipeline.load_data_hive manual__2025-03-22T21:50:28+00:00 [running]> on host 4ece88aec9a9
[2025-03-22T21:50:54.209+0000] {taskinstance.py:1660} INFO - Exporting env vars: AIRFLOW_CTX_DAG_EMAIL='abelchaguermohamed@gmail.com' AIRFLOW_CTX_DAG_OWNER='***' AIRFLOW_CTX_DAG_ID='fraud_detection_pipeline' AIRFLOW_CTX_TASK_ID='load_data_hive' AIRFLOW_CTX_EXECUTION_DATE='2025-03-22T21:50:28+00:00' AIRFLOW_CTX_TRY_NUMBER='1' AIRFLOW_CTX_DAG_RUN_ID='manual__2025-03-22T21:50:28+00:00'
[2025-03-22T21:50:54.211+0000] {subprocess.py:63} INFO - Tmp dir root location: /tmp
[2025-03-22T21:50:54.212+0000] {subprocess.py:75} INFO - Running command: ['/bin/bash', '-c', 'docker exec hive hive -f /home/hive_script.hql']
[2025-03-22T21:50:54.223+0000] {subprocess.py:86} INFO - Output:
[2025-03-22T21:50:56.240+0000] {subprocess.py:93} INFO - SLF4J: Class path contains multiple SLF4J bindings.
[2025-03-22T21:50:56.241+0000] {subprocess.py:93} INFO - SLF4J: Found binding in [jar:file:/opt/hive/lib/log4j-slf4j-impl-2.6.2.jar!/org/slf4j/impl/StaticLoggerBinder.class]
[2025-03-22T21:50:56.242+0000] {subprocess.py:93} INFO - SLF4J: Found binding in [jar:file:/opt/hadoop-2.7.4/share/hadoop/common/lib/slf4j-log4j12-1.7.10.jar!/org/slf4j/impl/StaticLoggerBinder.class]
[2025-03-22T21:50:56.243+0000] {subprocess.py:93} INFO - SLF4J: See http://www.slf4j.org/codes.html#multiple_bindings for an explanation.
[2025-03-22T21:50:56.243+0000] {subprocess.py:93} INFO - SLF4J: Actual binding is of type [org.apache.logging.slf4j.Log4jLoggerFactory]
[2025-03-22T21:50:57.678+0000] {subprocess.py:93} INFO - 
[2025-03-22T21:50:57.679+0000] {subprocess.py:93} INFO - Logging initialized using configuration in file:/opt/hive/conf/hive-log4j2.properties Async: true
[2025-03-22T21:51:07.419+0000] {subprocess.py:93} INFO - OK
[2025-03-22T21:51:07.423+0000] {subprocess.py:93} INFO - Time taken: 7.502 seconds
[2025-03-22T21:51:07.680+0000] {subprocess.py:93} INFO - OK
[2025-03-22T21:51:07.681+0000] {subprocess.py:93} INFO - Time taken: 0.256 seconds
[2025-03-22T21:51:07.711+0000] {subprocess.py:93} INFO - OK
[2025-03-22T21:51:07.712+0000] {subprocess.py:93} INFO - Time taken: 0.029 seconds
[2025-03-22T21:51:07.743+0000] {subprocess.py:93} INFO - OK
[2025-03-22T21:51:07.744+0000] {subprocess.py:93} INFO - Time taken: 0.03 seconds
[2025-03-22T21:51:08.237+0000] {subprocess.py:97} INFO - Command exited with return code 0
[2025-03-22T21:51:08.267+0000] {taskinstance.py:1398} INFO - Marking task as SUCCESS. dag_id=fraud_detection_pipeline, task_id=load_data_hive, execution_date=20250322T215028, start_date=20250322T215054, end_date=20250322T215108
[2025-03-22T21:51:08.288+0000] {logging_mixin.py:151} WARNING - /home/***/.local/lib/python3.8/site-packages/***/utils/email.py:154 RemovedInAirflow3Warning: Fetching SMTP credentials from configuration variables will be deprecated in a future release. Please set credentials using a connection instead.
[2025-03-22T21:51:08.289+0000] {email.py:270} INFO - Email alerting: attempt 1
[2025-03-22T21:51:29.379+0000] {taskinstance.py:1703} ERROR - Error when executing notify_success callback
Traceback (most recent call last):
  File "/home/airflow/.local/lib/python3.8/site-packages/airflow/models/taskinstance.py", line 1700, in _run_finished_callback
    callback(context)
  File "/opt/airflow/dags/dag_1.py", line 29, in notify_success
    send_email(to=email, subject=subject, html_content=html_content)
  File "/home/airflow/.local/lib/python3.8/site-packages/airflow/utils/email.py", line 80, in send_email
    return backend(
  File "/home/airflow/.local/lib/python3.8/site-packages/airflow/utils/email.py", line 154, in send_email_smtp
    send_mime_email(e_from=mail_from, e_to=recipients, mime_msg=msg, conn_id=conn_id, dryrun=dryrun)
  File "/home/airflow/.local/lib/python3.8/site-packages/airflow/utils/email.py", line 272, in send_mime_email
    smtp_conn = _get_smtp_connection(smtp_host, smtp_port, smtp_timeout, smtp_ssl)
  File "/home/airflow/.local/lib/python3.8/site-packages/airflow/utils/email.py", line 317, in _get_smtp_connection
    return smtplib.SMTP(host=host, port=port, timeout=timeout)
  File "/usr/local/lib/python3.8/smtplib.py", line 255, in __init__
    (code, msg) = self.connect(host, port)
  File "/usr/local/lib/python3.8/smtplib.py", line 339, in connect
    self.sock = self._get_socket(host, port, self.timeout)
  File "/usr/local/lib/python3.8/smtplib.py", line 310, in _get_socket
    return socket.create_connection((host, port), timeout,
  File "/usr/local/lib/python3.8/socket.py", line 808, in create_connection
    raise err
  File "/usr/local/lib/python3.8/socket.py", line 796, in create_connection
    sock.connect(sa)
OSError: [Errno 101] Network is unreachable
[2025-03-22T21:51:29.412+0000] {local_task_job_runner.py:228} INFO - Task exited with return code 0
[2025-03-22T21:51:29.438+0000] {taskinstance.py:2776} INFO - 1 downstream tasks scheduled from follow-on schedule check
