[2025-03-22T19:34:28.872+0000] {taskinstance.py:1157} INFO - Dependencies all met for dep_context=non-requeueable deps ti=<TaskInstance: fraud_detection_pipeline.load_data_hive scheduled__2025-03-21T00:00:00+00:00 [queued]>
[2025-03-22T19:34:28.888+0000] {taskinstance.py:1157} INFO - Dependencies all met for dep_context=requeueable deps ti=<TaskInstance: fraud_detection_pipeline.load_data_hive scheduled__2025-03-21T00:00:00+00:00 [queued]>
[2025-03-22T19:34:28.889+0000] {taskinstance.py:1359} INFO - Starting attempt 3 of 4
[2025-03-22T19:34:28.914+0000] {taskinstance.py:1380} INFO - Executing <Task(BashOperator): load_data_hive> on 2025-03-21 00:00:00+00:00
[2025-03-22T19:34:28.927+0000] {standard_task_runner.py:57} INFO - Started process 878 to run task
[2025-03-22T19:34:28.931+0000] {standard_task_runner.py:84} INFO - Running: ['***', 'tasks', 'run', 'fraud_detection_pipeline', 'load_data_hive', 'scheduled__2025-03-21T00:00:00+00:00', '--job-id', '31', '--raw', '--subdir', 'DAGS_FOLDER/dag_1.py', '--cfg-path', '/tmp/tmpvlttrxjq']
[2025-03-22T19:34:28.950+0000] {standard_task_runner.py:85} INFO - Job 31: Subtask load_data_hive
[2025-03-22T19:34:29.038+0000] {task_command.py:415} INFO - Running <TaskInstance: fraud_detection_pipeline.load_data_hive scheduled__2025-03-21T00:00:00+00:00 [running]> on host c18b752134e7
[2025-03-22T19:34:29.231+0000] {taskinstance.py:1660} INFO - Exporting env vars: AIRFLOW_CTX_DAG_EMAIL='abelchaguermohamed@gmail.com' AIRFLOW_CTX_DAG_OWNER='***' AIRFLOW_CTX_DAG_ID='fraud_detection_pipeline' AIRFLOW_CTX_TASK_ID='load_data_hive' AIRFLOW_CTX_EXECUTION_DATE='2025-03-21T00:00:00+00:00' AIRFLOW_CTX_TRY_NUMBER='3' AIRFLOW_CTX_DAG_RUN_ID='scheduled__2025-03-21T00:00:00+00:00'
[2025-03-22T19:34:29.234+0000] {subprocess.py:63} INFO - Tmp dir root location: /tmp
[2025-03-22T19:34:29.236+0000] {subprocess.py:75} INFO - Running command: ['/bin/bash', '-c', 'docker exec hive hive -f /home/hive_script.hql']
[2025-03-22T19:34:29.259+0000] {subprocess.py:86} INFO - Output:
[2025-03-22T19:34:31.928+0000] {subprocess.py:93} INFO - SLF4J: Class path contains multiple SLF4J bindings.
[2025-03-22T19:34:31.929+0000] {subprocess.py:93} INFO - SLF4J: Found binding in [jar:file:/opt/hive/lib/log4j-slf4j-impl-2.6.2.jar!/org/slf4j/impl/StaticLoggerBinder.class]
[2025-03-22T19:34:31.930+0000] {subprocess.py:93} INFO - SLF4J: Found binding in [jar:file:/opt/hadoop-2.7.4/share/hadoop/common/lib/slf4j-log4j12-1.7.10.jar!/org/slf4j/impl/StaticLoggerBinder.class]
[2025-03-22T19:34:31.931+0000] {subprocess.py:93} INFO - SLF4J: See http://www.slf4j.org/codes.html#multiple_bindings for an explanation.
[2025-03-22T19:34:31.931+0000] {subprocess.py:93} INFO - SLF4J: Actual binding is of type [org.apache.logging.slf4j.Log4jLoggerFactory]
[2025-03-22T19:34:33.509+0000] {subprocess.py:93} INFO - 
[2025-03-22T19:34:33.511+0000] {subprocess.py:93} INFO - Logging initialized using configuration in file:/opt/hive/conf/hive-log4j2.properties Async: true
[2025-03-22T19:34:44.348+0000] {subprocess.py:93} INFO - FAILED: SemanticException org.apache.hadoop.hive.ql.metadata.HiveException: java.lang.RuntimeException: Unable to instantiate org.apache.hadoop.hive.ql.metadata.SessionHiveMetaStoreClient
[2025-03-22T19:34:45.275+0000] {subprocess.py:97} INFO - Command exited with return code 64
[2025-03-22T19:34:45.288+0000] {taskinstance.py:1935} ERROR - Task failed with exception
Traceback (most recent call last):
  File "/home/airflow/.local/lib/python3.8/site-packages/airflow/operators/bash.py", line 210, in execute
    raise AirflowException(
airflow.exceptions.AirflowException: Bash command failed. The command returned a non-zero exit code 64.
[2025-03-22T19:34:45.292+0000] {taskinstance.py:1398} INFO - Marking task as UP_FOR_RETRY. dag_id=fraud_detection_pipeline, task_id=load_data_hive, execution_date=20250321T000000, start_date=20250322T193428, end_date=20250322T193445
[2025-03-22T19:34:45.319+0000] {logging_mixin.py:151} WARNING - /home/***/.local/lib/python3.8/site-packages/***/utils/email.py:154 RemovedInAirflow3Warning: Fetching SMTP credentials from configuration variables will be deprecated in a future release. Please set credentials using a connection instead.
[2025-03-22T19:34:45.320+0000] {email.py:270} INFO - Email alerting: attempt 1
[2025-03-22T19:34:46.288+0000] {email.py:282} INFO - Sent an alert email to ['abelchaguermohamed@gmail.com']
[2025-03-22T19:34:47.243+0000] {standard_task_runner.py:104} ERROR - Failed to execute job 31 for task load_data_hive (Bash command failed. The command returned a non-zero exit code 64.; 878)
[2025-03-22T19:34:47.287+0000] {local_task_job_runner.py:228} INFO - Task exited with return code 1
[2025-03-22T19:34:47.310+0000] {taskinstance.py:2776} INFO - 0 downstream tasks scheduled from follow-on schedule check
[2025-03-22T21:44:11.799+0000] {taskinstance.py:1157} INFO - Dependencies all met for dep_context=non-requeueable deps ti=<TaskInstance: fraud_detection_pipeline.load_data_hive scheduled__2025-03-21T00:00:00+00:00 [queued]>
[2025-03-22T21:44:11.834+0000] {taskinstance.py:1157} INFO - Dependencies all met for dep_context=requeueable deps ti=<TaskInstance: fraud_detection_pipeline.load_data_hive scheduled__2025-03-21T00:00:00+00:00 [queued]>
[2025-03-22T21:44:11.835+0000] {taskinstance.py:1359} INFO - Starting attempt 3 of 4
[2025-03-22T21:44:11.901+0000] {taskinstance.py:1380} INFO - Executing <Task(BashOperator): load_data_hive> on 2025-03-21 00:00:00+00:00
[2025-03-22T21:44:11.923+0000] {standard_task_runner.py:57} INFO - Started process 2250 to run task
[2025-03-22T21:44:12.038+0000] {standard_task_runner.py:84} INFO - Running: ['***', 'tasks', 'run', 'fraud_detection_pipeline', 'load_data_hive', 'scheduled__2025-03-21T00:00:00+00:00', '--job-id', '46', '--raw', '--subdir', 'DAGS_FOLDER/dag_1.py', '--cfg-path', '/tmp/tmpazkkqki2']
[2025-03-22T21:44:12.089+0000] {standard_task_runner.py:85} INFO - Job 46: Subtask load_data_hive
[2025-03-22T21:44:12.756+0000] {task_command.py:415} INFO - Running <TaskInstance: fraud_detection_pipeline.load_data_hive scheduled__2025-03-21T00:00:00+00:00 [running]> on host 4ece88aec9a9
[2025-03-22T21:44:13.172+0000] {taskinstance.py:1660} INFO - Exporting env vars: AIRFLOW_CTX_DAG_EMAIL='abelchaguermohamed@gmail.com' AIRFLOW_CTX_DAG_OWNER='***' AIRFLOW_CTX_DAG_ID='fraud_detection_pipeline' AIRFLOW_CTX_TASK_ID='load_data_hive' AIRFLOW_CTX_EXECUTION_DATE='2025-03-21T00:00:00+00:00' AIRFLOW_CTX_TRY_NUMBER='3' AIRFLOW_CTX_DAG_RUN_ID='scheduled__2025-03-21T00:00:00+00:00'
[2025-03-22T21:44:13.178+0000] {subprocess.py:63} INFO - Tmp dir root location: /tmp
[2025-03-22T21:44:13.180+0000] {subprocess.py:75} INFO - Running command: ['/bin/bash', '-c', 'docker exec hive hive -f /home/hive_script.hql']
[2025-03-22T21:44:13.223+0000] {subprocess.py:86} INFO - Output:
[2025-03-22T21:44:19.947+0000] {subprocess.py:93} INFO - SLF4J: Class path contains multiple SLF4J bindings.
[2025-03-22T21:44:19.953+0000] {subprocess.py:93} INFO - SLF4J: Found binding in [jar:file:/opt/hive/lib/log4j-slf4j-impl-2.6.2.jar!/org/slf4j/impl/StaticLoggerBinder.class]
[2025-03-22T21:44:19.957+0000] {subprocess.py:93} INFO - SLF4J: Found binding in [jar:file:/opt/hadoop-2.7.4/share/hadoop/common/lib/slf4j-log4j12-1.7.10.jar!/org/slf4j/impl/StaticLoggerBinder.class]
[2025-03-22T21:44:19.973+0000] {subprocess.py:93} INFO - SLF4J: See http://www.slf4j.org/codes.html#multiple_bindings for an explanation.
[2025-03-22T21:44:19.979+0000] {subprocess.py:93} INFO - SLF4J: Actual binding is of type [org.apache.logging.slf4j.Log4jLoggerFactory]
[2025-03-22T21:44:26.924+0000] {subprocess.py:93} INFO - 
[2025-03-22T21:44:26.927+0000] {subprocess.py:93} INFO - Logging initialized using configuration in file:/opt/hive/conf/hive-log4j2.properties Async: true
[2025-03-22T21:45:07.140+0000] {subprocess.py:93} INFO - OK
[2025-03-22T21:45:07.146+0000] {subprocess.py:93} INFO - Time taken: 28.702 seconds
[2025-03-22T21:45:07.729+0000] {subprocess.py:93} INFO - OK
[2025-03-22T21:45:07.736+0000] {subprocess.py:93} INFO - Time taken: 0.565 seconds
[2025-03-22T21:45:07.808+0000] {subprocess.py:93} INFO - OK
[2025-03-22T21:45:07.809+0000] {subprocess.py:93} INFO - Time taken: 0.069 seconds
[2025-03-22T21:45:07.884+0000] {subprocess.py:93} INFO - OK
[2025-03-22T21:45:07.900+0000] {subprocess.py:93} INFO - Time taken: 0.1 seconds
[2025-03-22T21:45:08.481+0000] {subprocess.py:97} INFO - Command exited with return code 0
[2025-03-22T21:45:08.561+0000] {taskinstance.py:1398} INFO - Marking task as SUCCESS. dag_id=fraud_detection_pipeline, task_id=load_data_hive, execution_date=20250321T000000, start_date=20250322T214411, end_date=20250322T214508
[2025-03-22T21:45:08.646+0000] {logging_mixin.py:151} WARNING - /home/***/.local/lib/python3.8/site-packages/***/utils/email.py:154 RemovedInAirflow3Warning: Fetching SMTP credentials from configuration variables will be deprecated in a future release. Please set credentials using a connection instead.
[2025-03-22T21:45:08.757+0000] {email.py:270} INFO - Email alerting: attempt 1
[2025-03-22T21:45:09.324+0000] {email.py:282} INFO - Sent an alert email to ['abelchaguermohamed@gmail.com']
[2025-03-22T21:45:10.179+0000] {local_task_job_runner.py:228} INFO - Task exited with return code 0
[2025-03-22T21:45:10.245+0000] {taskinstance.py:2776} INFO - 1 downstream tasks scheduled from follow-on schedule check
