[2025-03-19T15:08:14.188+0000] {taskinstance.py:1157} INFO - Dependencies all met for dep_context=non-requeueable deps ti=<TaskInstance: fraud_detection_pipeline.store_data_hdfs scheduled__2023-10-02T03:00:00+00:00 [queued]>
[2025-03-19T15:08:14.230+0000] {taskinstance.py:1157} INFO - Dependencies all met for dep_context=requeueable deps ti=<TaskInstance: fraud_detection_pipeline.store_data_hdfs scheduled__2023-10-02T03:00:00+00:00 [queued]>
[2025-03-19T15:08:14.234+0000] {taskinstance.py:1359} INFO - Starting attempt 2 of 2
[2025-03-19T15:08:14.300+0000] {taskinstance.py:1380} INFO - Executing <Task(BashOperator): store_data_hdfs> on 2023-10-02 03:00:00+00:00
[2025-03-19T15:08:14.338+0000] {standard_task_runner.py:57} INFO - Started process 7723 to run task
[2025-03-19T15:08:14.353+0000] {standard_task_runner.py:84} INFO - Running: ['***', 'tasks', 'run', 'fraud_detection_pipeline', 'store_data_hdfs', 'scheduled__2023-10-02T03:00:00+00:00', '--job-id', '1183', '--raw', '--subdir', 'DAGS_FOLDER/dag_1.py', '--cfg-path', '/tmp/tmp_rombyb0']
[2025-03-19T15:08:14.371+0000] {standard_task_runner.py:85} INFO - Job 1183: Subtask store_data_hdfs
[2025-03-19T15:08:14.547+0000] {task_command.py:415} INFO - Running <TaskInstance: fraud_detection_pipeline.store_data_hdfs scheduled__2023-10-02T03:00:00+00:00 [running]> on host 0009f5fb76aa
[2025-03-19T15:08:14.886+0000] {taskinstance.py:1660} INFO - Exporting env vars: AIRFLOW_CTX_DAG_OWNER='***' AIRFLOW_CTX_DAG_ID='fraud_detection_pipeline' AIRFLOW_CTX_TASK_ID='store_data_hdfs' AIRFLOW_CTX_EXECUTION_DATE='2023-10-02T03:00:00+00:00' AIRFLOW_CTX_TRY_NUMBER='2' AIRFLOW_CTX_DAG_RUN_ID='scheduled__2023-10-02T03:00:00+00:00'
[2025-03-19T15:08:14.894+0000] {subprocess.py:63} INFO - Tmp dir root location: /tmp
[2025-03-19T15:08:14.896+0000] {subprocess.py:75} INFO - Running command: ['/bin/bash', '-c', 'docker cp /tmp/transactions.json namenode:/tmp/transactions.json && docker cp /tmp/customers.json namenode:/tmp/customers.json && docker cp /tmp/external_data.json namenode:/tmp/external_data.json && docker exec namenode bash -c "hdfs dfs -mkdir -p /data && hdfs dfs -put -f /tmp/transactions.json /data/transactions/transactions.json && hdfs dfs -put -f /tmp/customers.json /data/customers/customers.json && hdfs dfs -put -f /tmp/external_data.json /data/external_data/external_data.json  "']
[2025-03-19T15:08:14.918+0000] {subprocess.py:86} INFO - Output:
[2025-03-19T15:08:28.148+0000] {subprocess.py:93} INFO - put: `/data/transactions/transactions.json': No such file or directory: `hdfs://namenode:9000/data/transactions/transactions.json'
[2025-03-19T15:08:28.808+0000] {subprocess.py:97} INFO - Command exited with return code 1
[2025-03-19T15:08:28.912+0000] {taskinstance.py:1935} ERROR - Task failed with exception
Traceback (most recent call last):
  File "/home/airflow/.local/lib/python3.8/site-packages/airflow/operators/bash.py", line 210, in execute
    raise AirflowException(
airflow.exceptions.AirflowException: Bash command failed. The command returned a non-zero exit code 1.
[2025-03-19T15:08:28.943+0000] {taskinstance.py:1398} INFO - Marking task as FAILED. dag_id=fraud_detection_pipeline, task_id=store_data_hdfs, execution_date=20231002T030000, start_date=20250319T150814, end_date=20250319T150828
[2025-03-19T15:08:29.380+0000] {standard_task_runner.py:104} ERROR - Failed to execute job 1183 for task store_data_hdfs (Bash command failed. The command returned a non-zero exit code 1.; 7723)
[2025-03-19T15:08:29.424+0000] {local_task_job_runner.py:228} INFO - Task exited with return code 1
[2025-03-19T15:08:29.499+0000] {taskinstance.py:2776} INFO - 0 downstream tasks scheduled from follow-on schedule check
[2025-03-19T21:24:13.964+0000] {taskinstance.py:1157} INFO - Dependencies all met for dep_context=non-requeueable deps ti=<TaskInstance: fraud_detection_pipeline.store_data_hdfs scheduled__2023-10-02T03:00:00+00:00 [queued]>
[2025-03-19T21:24:14.017+0000] {taskinstance.py:1157} INFO - Dependencies all met for dep_context=requeueable deps ti=<TaskInstance: fraud_detection_pipeline.store_data_hdfs scheduled__2023-10-02T03:00:00+00:00 [queued]>
[2025-03-19T21:24:14.019+0000] {taskinstance.py:1359} INFO - Starting attempt 2 of 2
[2025-03-19T21:24:14.245+0000] {taskinstance.py:1380} INFO - Executing <Task(BashOperator): store_data_hdfs> on 2023-10-02 03:00:00+00:00
[2025-03-19T21:24:14.359+0000] {standard_task_runner.py:57} INFO - Started process 8882 to run task
[2025-03-19T21:24:14.669+0000] {standard_task_runner.py:84} INFO - Running: ['***', 'tasks', 'run', 'fraud_detection_pipeline', 'store_data_hdfs', 'scheduled__2023-10-02T03:00:00+00:00', '--job-id', '3377', '--raw', '--subdir', 'DAGS_FOLDER/dag_1.py', '--cfg-path', '/tmp/tmpoftp1wez']
[2025-03-19T21:24:14.723+0000] {standard_task_runner.py:85} INFO - Job 3377: Subtask store_data_hdfs
[2025-03-19T21:24:15.829+0000] {task_command.py:415} INFO - Running <TaskInstance: fraud_detection_pipeline.store_data_hdfs scheduled__2023-10-02T03:00:00+00:00 [running]> on host 445fc0f18383
[2025-03-19T21:24:17.682+0000] {taskinstance.py:1660} INFO - Exporting env vars: AIRFLOW_CTX_DAG_OWNER='***' AIRFLOW_CTX_DAG_ID='fraud_detection_pipeline' AIRFLOW_CTX_TASK_ID='store_data_hdfs' AIRFLOW_CTX_EXECUTION_DATE='2023-10-02T03:00:00+00:00' AIRFLOW_CTX_TRY_NUMBER='2' AIRFLOW_CTX_DAG_RUN_ID='scheduled__2023-10-02T03:00:00+00:00'
[2025-03-19T21:24:17.715+0000] {subprocess.py:63} INFO - Tmp dir root location: /tmp
[2025-03-19T21:24:17.751+0000] {subprocess.py:75} INFO - Running command: ['/bin/bash', '-c', 'docker cp /tmp/transactions.csv namenode:/tmp/transactions.csv && docker cp /tmp/customers.csv namenode:/tmp/customers.csv && docker cp /tmp/external_data.csv namenode:/tmp/external_data.csv && docker exec namenode bash -c "hdfs dfs -mkdir -p /data/transactions && hdfs dfs -mkdir -p /data/customers && hdfs dfs -mkdir -p /data/external_data && hdfs dfs -put -f /tmp/transactions.csv /data/transactions/transactions.csv && hdfs dfs -put -f /tmp/customers.csv /data/customers/customers.csv && hdfs dfs -put -f /tmp/external_data.csv /data/external_data/external_data.csv && rm -rf /tmp/transactions.csv /tmp/customers.csv /tmp/external_data.csv"']
[2025-03-19T21:24:18.428+0000] {subprocess.py:86} INFO - Output:
[2025-03-19T21:25:39.907+0000] {subprocess.py:93} INFO - put: `/tmp/transactions.csv': No such file or directory
[2025-03-19T21:25:40.464+0000] {subprocess.py:97} INFO - Command exited with return code 1
[2025-03-19T21:25:40.520+0000] {taskinstance.py:1935} ERROR - Task failed with exception
Traceback (most recent call last):
  File "/home/airflow/.local/lib/python3.8/site-packages/airflow/operators/bash.py", line 210, in execute
    raise AirflowException(
airflow.exceptions.AirflowException: Bash command failed. The command returned a non-zero exit code 1.
[2025-03-19T21:25:40.548+0000] {taskinstance.py:1398} INFO - Marking task as FAILED. dag_id=fraud_detection_pipeline, task_id=store_data_hdfs, execution_date=20231002T030000, start_date=20250319T212413, end_date=20250319T212540
[2025-03-19T21:25:40.590+0000] {standard_task_runner.py:104} ERROR - Failed to execute job 3377 for task store_data_hdfs (Bash command failed. The command returned a non-zero exit code 1.; 8882)
[2025-03-19T21:25:40.616+0000] {local_task_job_runner.py:228} INFO - Task exited with return code 1
[2025-03-19T21:25:40.698+0000] {taskinstance.py:2776} INFO - 0 downstream tasks scheduled from follow-on schedule check
