[2025-03-19T19:11:34.230+0000] {taskinstance.py:1157} INFO - Dependencies all met for dep_context=non-requeueable deps ti=<TaskInstance: faud_detection_pipeline.store_data_hdfs scheduled__2023-10-14T16:00:00+00:00 [queued]>
[2025-03-19T19:11:34.310+0000] {taskinstance.py:1157} INFO - Dependencies all met for dep_context=requeueable deps ti=<TaskInstance: faud_detection_pipeline.store_data_hdfs scheduled__2023-10-14T16:00:00+00:00 [queued]>
[2025-03-19T19:11:34.314+0000] {taskinstance.py:1359} INFO - Starting attempt 1 of 2
[2025-03-19T19:11:35.240+0000] {taskinstance.py:1380} INFO - Executing <Task(BashOperator): store_data_hdfs> on 2023-10-14 16:00:00+00:00
[2025-03-19T19:11:35.289+0000] {standard_task_runner.py:57} INFO - Started process 37171 to run task
[2025-03-19T19:11:35.297+0000] {standard_task_runner.py:84} INFO - Running: ['***', 'tasks', 'run', 'faud_detection_pipeline', 'store_data_hdfs', 'scheduled__2023-10-14T16:00:00+00:00', '--job-id', '2486', '--raw', '--subdir', 'DAGS_FOLDER/dag_1.py', '--cfg-path', '/tmp/tmp7o6kk0wh']
[2025-03-19T19:11:35.333+0000] {standard_task_runner.py:85} INFO - Job 2486: Subtask store_data_hdfs
[2025-03-19T19:11:35.711+0000] {task_command.py:415} INFO - Running <TaskInstance: faud_detection_pipeline.store_data_hdfs scheduled__2023-10-14T16:00:00+00:00 [running]> on host 0009f5fb76aa
[2025-03-19T19:11:36.295+0000] {taskinstance.py:1660} INFO - Exporting env vars: AIRFLOW_CTX_DAG_OWNER='***' AIRFLOW_CTX_DAG_ID='faud_detection_pipeline' AIRFLOW_CTX_TASK_ID='store_data_hdfs' AIRFLOW_CTX_EXECUTION_DATE='2023-10-14T16:00:00+00:00' AIRFLOW_CTX_TRY_NUMBER='1' AIRFLOW_CTX_DAG_RUN_ID='scheduled__2023-10-14T16:00:00+00:00'
[2025-03-19T19:11:36.305+0000] {subprocess.py:63} INFO - Tmp dir root location: /tmp
[2025-03-19T19:11:36.308+0000] {subprocess.py:75} INFO - Running command: ['/bin/bash', '-c', 'docker cp /tmp/transactions.csv namenode:/tmp/transactions.csv && docker cp /tmp/customers.csv namenode:/tmp/customers.csv && docker cp /tmp/external_data.csv namenode:/tmp/external_data.csv && docker exec namenode bash -c "hdfs dfs -mkdir -p /data/transactions && hdfs dfs -mkdir -p /data/customers && hdfs dfs -mkdir -p /data/external_data && hdfs dfs -put -f /tmp/transactions.csv /data/transactions/transactions.csv && hdfs dfs -put -f /tmp/customers.csv /data/customers/customers.csv && hdfs dfs -put -f /tmp/external_data.csv /data/external_data/external_data.csv && rm -rf /tmp/transactions.csv /tmp/customers.csv /tmp/external_data.csv"']
[2025-03-19T19:11:36.374+0000] {subprocess.py:86} INFO - Output:
[2025-03-19T19:12:51.728+0000] {subprocess.py:93} INFO - put: `/tmp/transactions.csv': No such file or directory
[2025-03-19T19:12:52.347+0000] {subprocess.py:97} INFO - Command exited with return code 1
[2025-03-19T19:12:52.395+0000] {taskinstance.py:1935} ERROR - Task failed with exception
Traceback (most recent call last):
  File "/home/airflow/.local/lib/python3.8/site-packages/airflow/operators/bash.py", line 210, in execute
    raise AirflowException(
airflow.exceptions.AirflowException: Bash command failed. The command returned a non-zero exit code 1.
[2025-03-19T19:12:52.409+0000] {taskinstance.py:1398} INFO - Marking task as UP_FOR_RETRY. dag_id=faud_detection_pipeline, task_id=store_data_hdfs, execution_date=20231014T160000, start_date=20250319T191134, end_date=20250319T191252
[2025-03-19T19:12:52.480+0000] {standard_task_runner.py:104} ERROR - Failed to execute job 2486 for task store_data_hdfs (Bash command failed. The command returned a non-zero exit code 1.; 37171)
[2025-03-19T19:12:52.518+0000] {local_task_job_runner.py:228} INFO - Task exited with return code 1
[2025-03-19T19:12:52.610+0000] {taskinstance.py:2776} INFO - 0 downstream tasks scheduled from follow-on schedule check
