[2025-03-23T14:52:36.716+0000] {taskinstance.py:1157} INFO - Dependencies all met for dep_context=non-requeueable deps ti=<TaskInstance: fraud_detection_pipeline_2.load_data_hive manual__2025-03-23T14:52:10+00:00 [queued]>
[2025-03-23T14:52:36.730+0000] {taskinstance.py:1157} INFO - Dependencies all met for dep_context=requeueable deps ti=<TaskInstance: fraud_detection_pipeline_2.load_data_hive manual__2025-03-23T14:52:10+00:00 [queued]>
[2025-03-23T14:52:36.731+0000] {taskinstance.py:1359} INFO - Starting attempt 1 of 4
[2025-03-23T14:52:36.751+0000] {taskinstance.py:1380} INFO - Executing <Task(BashOperator): load_data_hive> on 2025-03-23 14:52:10+00:00
[2025-03-23T14:52:36.759+0000] {standard_task_runner.py:57} INFO - Started process 10626 to run task
[2025-03-23T14:52:36.764+0000] {standard_task_runner.py:84} INFO - Running: ['***', 'tasks', 'run', 'fraud_detection_pipeline_2', 'load_data_hive', 'manual__2025-03-23T14:52:10+00:00', '--job-id', '127', '--raw', '--subdir', 'DAGS_FOLDER/dag_2.py', '--cfg-path', '/tmp/tmpjdtlf16i']
[2025-03-23T14:52:36.768+0000] {standard_task_runner.py:85} INFO - Job 127: Subtask load_data_hive
[2025-03-23T14:52:36.839+0000] {task_command.py:415} INFO - Running <TaskInstance: fraud_detection_pipeline_2.load_data_hive manual__2025-03-23T14:52:10+00:00 [running]> on host 4ece88aec9a9
[2025-03-23T14:52:36.941+0000] {taskinstance.py:1660} INFO - Exporting env vars: AIRFLOW_CTX_DAG_EMAIL='abelchaguermohmaed@gmail.com' AIRFLOW_CTX_DAG_OWNER='***' AIRFLOW_CTX_DAG_ID='fraud_detection_pipeline_2' AIRFLOW_CTX_TASK_ID='load_data_hive' AIRFLOW_CTX_EXECUTION_DATE='2025-03-23T14:52:10+00:00' AIRFLOW_CTX_TRY_NUMBER='1' AIRFLOW_CTX_DAG_RUN_ID='manual__2025-03-23T14:52:10+00:00'
[2025-03-23T14:52:36.945+0000] {subprocess.py:63} INFO - Tmp dir root location: /tmp
[2025-03-23T14:52:36.948+0000] {subprocess.py:75} INFO - Running command: ['/bin/bash', '-c', 'docker exec hive hive -f /home/hive_script.hql']
[2025-03-23T14:52:36.967+0000] {subprocess.py:86} INFO - Output:
[2025-03-23T14:52:39.073+0000] {subprocess.py:93} INFO - SLF4J: Class path contains multiple SLF4J bindings.
[2025-03-23T14:52:39.075+0000] {subprocess.py:93} INFO - SLF4J: Found binding in [jar:file:/opt/hive/lib/log4j-slf4j-impl-2.6.2.jar!/org/slf4j/impl/StaticLoggerBinder.class]
[2025-03-23T14:52:39.076+0000] {subprocess.py:93} INFO - SLF4J: Found binding in [jar:file:/opt/hadoop-2.7.4/share/hadoop/common/lib/slf4j-log4j12-1.7.10.jar!/org/slf4j/impl/StaticLoggerBinder.class]
[2025-03-23T14:52:39.077+0000] {subprocess.py:93} INFO - SLF4J: See http://www.slf4j.org/codes.html#multiple_bindings for an explanation.
[2025-03-23T14:52:39.078+0000] {subprocess.py:93} INFO - SLF4J: Actual binding is of type [org.apache.logging.slf4j.Log4jLoggerFactory]
[2025-03-23T14:52:40.547+0000] {subprocess.py:93} INFO - 
[2025-03-23T14:52:40.548+0000] {subprocess.py:93} INFO - Logging initialized using configuration in file:/opt/hive/conf/hive-log4j2.properties Async: true
[2025-03-23T14:52:51.071+0000] {subprocess.py:93} INFO - OK
[2025-03-23T14:52:51.073+0000] {subprocess.py:93} INFO - Time taken: 8.182 seconds
[2025-03-23T14:52:51.331+0000] {subprocess.py:93} INFO - OK
[2025-03-23T14:52:51.333+0000] {subprocess.py:93} INFO - Time taken: 0.255 seconds
[2025-03-23T14:52:51.366+0000] {subprocess.py:93} INFO - OK
[2025-03-23T14:52:51.367+0000] {subprocess.py:93} INFO - Time taken: 0.034 seconds
[2025-03-23T14:52:51.400+0000] {subprocess.py:93} INFO - OK
[2025-03-23T14:52:51.400+0000] {subprocess.py:93} INFO - Time taken: 0.031 seconds
[2025-03-23T14:52:51.902+0000] {subprocess.py:97} INFO - Command exited with return code 0
[2025-03-23T14:52:51.939+0000] {taskinstance.py:1398} INFO - Marking task as SUCCESS. dag_id=fraud_detection_pipeline_2, task_id=load_data_hive, execution_date=20250323T145210, start_date=20250323T145236, end_date=20250323T145251
[2025-03-23T14:52:51.957+0000] {logging_mixin.py:151} WARNING - /home/***/.local/lib/python3.8/site-packages/***/utils/email.py:154 RemovedInAirflow3Warning: Fetching SMTP credentials from configuration variables will be deprecated in a future release. Please set credentials using a connection instead.
[2025-03-23T14:52:51.958+0000] {email.py:270} INFO - Email alerting: attempt 1
[2025-03-23T14:52:52.738+0000] {email.py:282} INFO - Sent an alert email to ['abelchaguermohmaed@gmail.com']
[2025-03-23T14:52:53.793+0000] {local_task_job_runner.py:228} INFO - Task exited with return code 0
[2025-03-23T14:52:53.819+0000] {taskinstance.py:2776} INFO - 1 downstream tasks scheduled from follow-on schedule check
