[2025-03-19T11:36:50.380+0000] {taskinstance.py:1157} INFO - Dependencies all met for dep_context=non-requeueable deps ti=<TaskInstance: fraud_detection_pipeline.load_data_hive manual__2025-03-19T11:23:43.466422+00:00 [queued]>
[2025-03-19T11:36:50.392+0000] {taskinstance.py:1157} INFO - Dependencies all met for dep_context=requeueable deps ti=<TaskInstance: fraud_detection_pipeline.load_data_hive manual__2025-03-19T11:23:43.466422+00:00 [queued]>
[2025-03-19T11:36:50.393+0000] {taskinstance.py:1359} INFO - Starting attempt 1 of 2
[2025-03-19T11:36:50.417+0000] {taskinstance.py:1380} INFO - Executing <Task(BashOperator): load_data_hive> on 2025-03-19 11:23:43.466422+00:00
[2025-03-19T11:36:50.425+0000] {standard_task_runner.py:57} INFO - Started process 5799 to run task
[2025-03-19T11:36:50.431+0000] {standard_task_runner.py:84} INFO - Running: ['***', 'tasks', 'run', 'fraud_detection_pipeline', 'load_data_hive', 'manual__2025-03-19T11:23:43.466422+00:00', '--job-id', '195', '--raw', '--subdir', 'DAGS_FOLDER/dag_1.py', '--cfg-path', '/tmp/tmp42abrm4s']
[2025-03-19T11:36:50.435+0000] {standard_task_runner.py:85} INFO - Job 195: Subtask load_data_hive
[2025-03-19T11:36:50.505+0000] {task_command.py:415} INFO - Running <TaskInstance: fraud_detection_pipeline.load_data_hive manual__2025-03-19T11:23:43.466422+00:00 [running]> on host 0009f5fb76aa
[2025-03-19T11:36:50.616+0000] {taskinstance.py:1660} INFO - Exporting env vars: AIRFLOW_CTX_DAG_OWNER='***' AIRFLOW_CTX_DAG_ID='fraud_detection_pipeline' AIRFLOW_CTX_TASK_ID='load_data_hive' AIRFLOW_CTX_EXECUTION_DATE='2025-03-19T11:23:43.466422+00:00' AIRFLOW_CTX_TRY_NUMBER='1' AIRFLOW_CTX_DAG_RUN_ID='manual__2025-03-19T11:23:43.466422+00:00'
[2025-03-19T11:36:50.620+0000] {subprocess.py:63} INFO - Tmp dir root location: /tmp
[2025-03-19T11:36:50.621+0000] {subprocess.py:75} INFO - Running command: ['/bin/bash', '-c', 'hive -f /path/to/hive_script.hql']
[2025-03-19T11:36:50.637+0000] {subprocess.py:86} INFO - Output:
[2025-03-19T11:36:50.639+0000] {subprocess.py:93} INFO - /bin/bash: line 1: hive: command not found
[2025-03-19T11:36:50.641+0000] {subprocess.py:97} INFO - Command exited with return code 127
[2025-03-19T11:36:50.657+0000] {taskinstance.py:1935} ERROR - Task failed with exception
Traceback (most recent call last):
  File "/home/airflow/.local/lib/python3.8/site-packages/airflow/operators/bash.py", line 210, in execute
    raise AirflowException(
airflow.exceptions.AirflowException: Bash command failed. The command returned a non-zero exit code 127.
[2025-03-19T11:36:50.662+0000] {taskinstance.py:1398} INFO - Marking task as UP_FOR_RETRY. dag_id=fraud_detection_pipeline, task_id=load_data_hive, execution_date=20250319T112343, start_date=20250319T113650, end_date=20250319T113650
[2025-03-19T11:36:50.678+0000] {standard_task_runner.py:104} ERROR - Failed to execute job 195 for task load_data_hive (Bash command failed. The command returned a non-zero exit code 127.; 5799)
[2025-03-19T11:36:50.726+0000] {local_task_job_runner.py:228} INFO - Task exited with return code 1
[2025-03-19T11:36:50.758+0000] {taskinstance.py:2776} INFO - 0 downstream tasks scheduled from follow-on schedule check
