[2025-03-19T11:53:29.468+0000] {taskinstance.py:1157} INFO - Dependencies all met for dep_context=non-requeueable deps ti=<TaskInstance: fraud_detection_pipeline.store_data_hdfs scheduled__2023-10-06T05:00:00+00:00 [queued]>
[2025-03-19T11:53:29.485+0000] {taskinstance.py:1157} INFO - Dependencies all met for dep_context=requeueable deps ti=<TaskInstance: fraud_detection_pipeline.store_data_hdfs scheduled__2023-10-06T05:00:00+00:00 [queued]>
[2025-03-19T11:53:29.486+0000] {taskinstance.py:1359} INFO - Starting attempt 1 of 2
[2025-03-19T11:53:29.511+0000] {taskinstance.py:1380} INFO - Executing <Task(BashOperator): store_data_hdfs> on 2023-10-06 05:00:00+00:00
[2025-03-19T11:53:29.519+0000] {standard_task_runner.py:57} INFO - Started process 1485 to run task
[2025-03-19T11:53:29.525+0000] {standard_task_runner.py:84} INFO - Running: ['***', 'tasks', 'run', 'fraud_detection_pipeline', 'store_data_hdfs', 'scheduled__2023-10-06T05:00:00+00:00', '--job-id', '368', '--raw', '--subdir', 'DAGS_FOLDER/dag_1.py', '--cfg-path', '/tmp/tmpvznl90qs']
[2025-03-19T11:53:29.531+0000] {standard_task_runner.py:85} INFO - Job 368: Subtask store_data_hdfs
[2025-03-19T11:53:29.621+0000] {task_command.py:415} INFO - Running <TaskInstance: fraud_detection_pipeline.store_data_hdfs scheduled__2023-10-06T05:00:00+00:00 [running]> on host 0009f5fb76aa
[2025-03-19T11:53:29.764+0000] {taskinstance.py:1660} INFO - Exporting env vars: AIRFLOW_CTX_DAG_OWNER='***' AIRFLOW_CTX_DAG_ID='fraud_detection_pipeline' AIRFLOW_CTX_TASK_ID='store_data_hdfs' AIRFLOW_CTX_EXECUTION_DATE='2023-10-06T05:00:00+00:00' AIRFLOW_CTX_TRY_NUMBER='1' AIRFLOW_CTX_DAG_RUN_ID='scheduled__2023-10-06T05:00:00+00:00'
[2025-03-19T11:53:29.768+0000] {subprocess.py:63} INFO - Tmp dir root location: /tmp
[2025-03-19T11:53:29.770+0000] {subprocess.py:75} INFO - Running command: ['/bin/bash', '-c', 'docker cp /tmp/transactions.json namenode:/tmp/transactions.json && docker cp /tmp/customers.json namenode:/tmp/customers.json && docker cp /tmp/external_data.json namenode:/tmp/external_data.json && rm -rf /tmp/external_data.json  && rm -rf /tmp/customers.json  && rm -rf /tmp/transactions.json  && docker exec namenode bash -c "hdfs dfs -mkdir -p /data && hdfs dfs -put -f /tmp/transactions.json /data/transactions.json && hdfs dfs -put -f /tmp/customers.json /data/customers.json && hdfs dfs -put -f /tmp/external_data.json /data/external_data.json && rm -rf /tmp/customers.json  && rm -rf /tmp/customers.json  && rm -rf /tmp/external_data.json "']
[2025-03-19T11:53:29.791+0000] {subprocess.py:86} INFO - Output:
[2025-03-19T11:53:29.967+0000] {subprocess.py:93} INFO - lstat /tmp/transactions.json: no such file or directory
[2025-03-19T11:53:29.970+0000] {subprocess.py:97} INFO - Command exited with return code 1
[2025-03-19T11:53:29.990+0000] {taskinstance.py:1935} ERROR - Task failed with exception
Traceback (most recent call last):
  File "/home/airflow/.local/lib/python3.8/site-packages/airflow/operators/bash.py", line 210, in execute
    raise AirflowException(
airflow.exceptions.AirflowException: Bash command failed. The command returned a non-zero exit code 1.
[2025-03-19T11:53:29.996+0000] {taskinstance.py:1398} INFO - Marking task as UP_FOR_RETRY. dag_id=fraud_detection_pipeline, task_id=store_data_hdfs, execution_date=20231006T050000, start_date=20250319T115329, end_date=20250319T115329
[2025-03-19T11:53:30.020+0000] {standard_task_runner.py:104} ERROR - Failed to execute job 368 for task store_data_hdfs (Bash command failed. The command returned a non-zero exit code 1.; 1485)
[2025-03-19T11:53:30.047+0000] {local_task_job_runner.py:228} INFO - Task exited with return code 1
[2025-03-19T11:53:30.090+0000] {taskinstance.py:2776} INFO - 0 downstream tasks scheduled from follow-on schedule check
