[2025-03-19T12:36:36.868+0000] {taskinstance.py:1157} INFO - Dependencies all met for dep_context=non-requeueable deps ti=<TaskInstance: fraud_detection_pipeline.load_data_hive scheduled__2023-10-10T23:00:00+00:00 [queued]>
[2025-03-19T12:36:36.879+0000] {taskinstance.py:1157} INFO - Dependencies all met for dep_context=requeueable deps ti=<TaskInstance: fraud_detection_pipeline.load_data_hive scheduled__2023-10-10T23:00:00+00:00 [queued]>
[2025-03-19T12:36:36.880+0000] {taskinstance.py:1359} INFO - Starting attempt 1 of 2
[2025-03-19T12:36:36.897+0000] {taskinstance.py:1380} INFO - Executing <Task(BashOperator): load_data_hive> on 2023-10-10 23:00:00+00:00
[2025-03-19T12:36:36.903+0000] {standard_task_runner.py:57} INFO - Started process 8654 to run task
[2025-03-19T12:36:36.907+0000] {standard_task_runner.py:84} INFO - Running: ['***', 'tasks', 'run', 'fraud_detection_pipeline', 'load_data_hive', 'scheduled__2023-10-10T23:00:00+00:00', '--job-id', '783', '--raw', '--subdir', 'DAGS_FOLDER/dag_1.py', '--cfg-path', '/tmp/tmpl4yq4knb']
[2025-03-19T12:36:36.911+0000] {standard_task_runner.py:85} INFO - Job 783: Subtask load_data_hive
[2025-03-19T12:36:36.967+0000] {task_command.py:415} INFO - Running <TaskInstance: fraud_detection_pipeline.load_data_hive scheduled__2023-10-10T23:00:00+00:00 [running]> on host 0009f5fb76aa
[2025-03-19T12:36:37.055+0000] {taskinstance.py:1660} INFO - Exporting env vars: AIRFLOW_CTX_DAG_OWNER='***' AIRFLOW_CTX_DAG_ID='fraud_detection_pipeline' AIRFLOW_CTX_TASK_ID='load_data_hive' AIRFLOW_CTX_EXECUTION_DATE='2023-10-10T23:00:00+00:00' AIRFLOW_CTX_TRY_NUMBER='1' AIRFLOW_CTX_DAG_RUN_ID='scheduled__2023-10-10T23:00:00+00:00'
[2025-03-19T12:36:37.057+0000] {subprocess.py:63} INFO - Tmp dir root location: /tmp
[2025-03-19T12:36:37.059+0000] {subprocess.py:75} INFO - Running command: ['/bin/bash', '-c', 'docker exec hive hive -f /home/hive_script.hql']
[2025-03-19T12:36:37.070+0000] {subprocess.py:86} INFO - Output:
[2025-03-19T12:36:39.195+0000] {subprocess.py:93} INFO - SLF4J: Class path contains multiple SLF4J bindings.
[2025-03-19T12:36:39.197+0000] {subprocess.py:93} INFO - SLF4J: Found binding in [jar:file:/opt/hive/lib/log4j-slf4j-impl-2.6.2.jar!/org/slf4j/impl/StaticLoggerBinder.class]
[2025-03-19T12:36:39.198+0000] {subprocess.py:93} INFO - SLF4J: Found binding in [jar:file:/opt/hadoop-2.7.4/share/hadoop/common/lib/slf4j-log4j12-1.7.10.jar!/org/slf4j/impl/StaticLoggerBinder.class]
[2025-03-19T12:36:39.198+0000] {subprocess.py:93} INFO - SLF4J: See http://www.slf4j.org/codes.html#multiple_bindings for an explanation.
[2025-03-19T12:36:39.203+0000] {subprocess.py:93} INFO - SLF4J: Actual binding is of type [org.apache.logging.slf4j.Log4jLoggerFactory]
[2025-03-19T12:36:41.005+0000] {subprocess.py:93} INFO - 
[2025-03-19T12:36:41.006+0000] {subprocess.py:93} INFO - Logging initialized using configuration in file:/opt/hive/conf/hive-log4j2.properties Async: true
[2025-03-19T12:36:49.955+0000] {subprocess.py:93} INFO - OK
[2025-03-19T12:36:49.957+0000] {subprocess.py:93} INFO - Time taken: 8.123 seconds
[2025-03-19T12:36:50.179+0000] {subprocess.py:93} INFO - OK
[2025-03-19T12:36:50.180+0000] {subprocess.py:93} INFO - Time taken: 0.22 seconds
[2025-03-19T12:36:50.210+0000] {subprocess.py:93} INFO - OK
[2025-03-19T12:36:50.211+0000] {subprocess.py:93} INFO - Time taken: 0.029 seconds
[2025-03-19T12:36:50.301+0000] {subprocess.py:97} INFO - Command exited with return code 0
[2025-03-19T12:36:50.335+0000] {taskinstance.py:1398} INFO - Marking task as SUCCESS. dag_id=fraud_detection_pipeline, task_id=load_data_hive, execution_date=20231010T230000, start_date=20250319T123636, end_date=20250319T123650
[2025-03-19T12:36:50.360+0000] {local_task_job_runner.py:228} INFO - Task exited with return code 0
[2025-03-19T12:36:50.394+0000] {taskinstance.py:2776} INFO - 1 downstream tasks scheduled from follow-on schedule check
