[2025-03-19T11:48:15.267+0000] {taskinstance.py:1157} INFO - Dependencies all met for dep_context=non-requeueable deps ti=<TaskInstance: fraud_detection_pipeline.load_data_hive scheduled__2023-10-05T05:00:00+00:00 [queued]>
[2025-03-19T11:48:15.306+0000] {taskinstance.py:1157} INFO - Dependencies all met for dep_context=requeueable deps ti=<TaskInstance: fraud_detection_pipeline.load_data_hive scheduled__2023-10-05T05:00:00+00:00 [queued]>
[2025-03-19T11:48:15.315+0000] {taskinstance.py:1359} INFO - Starting attempt 2 of 2
[2025-03-19T11:48:15.443+0000] {taskinstance.py:1380} INFO - Executing <Task(BashOperator): load_data_hive> on 2023-10-05 05:00:00+00:00
[2025-03-19T11:48:15.462+0000] {standard_task_runner.py:57} INFO - Started process 752 to run task
[2025-03-19T11:48:15.501+0000] {standard_task_runner.py:84} INFO - Running: ['***', 'tasks', 'run', 'fraud_detection_pipeline', 'load_data_hive', 'scheduled__2023-10-05T05:00:00+00:00', '--job-id', '331', '--raw', '--subdir', 'DAGS_FOLDER/dag_1.py', '--cfg-path', '/tmp/tmpc7a_bok9']
[2025-03-19T11:48:15.609+0000] {standard_task_runner.py:85} INFO - Job 331: Subtask load_data_hive
[2025-03-19T11:48:15.930+0000] {task_command.py:415} INFO - Running <TaskInstance: fraud_detection_pipeline.load_data_hive scheduled__2023-10-05T05:00:00+00:00 [running]> on host 0009f5fb76aa
[2025-03-19T11:48:16.353+0000] {taskinstance.py:1660} INFO - Exporting env vars: AIRFLOW_CTX_DAG_OWNER='***' AIRFLOW_CTX_DAG_ID='fraud_detection_pipeline' AIRFLOW_CTX_TASK_ID='load_data_hive' AIRFLOW_CTX_EXECUTION_DATE='2023-10-05T05:00:00+00:00' AIRFLOW_CTX_TRY_NUMBER='2' AIRFLOW_CTX_DAG_RUN_ID='scheduled__2023-10-05T05:00:00+00:00'
[2025-03-19T11:48:16.361+0000] {subprocess.py:63} INFO - Tmp dir root location: /tmp
[2025-03-19T11:48:16.365+0000] {subprocess.py:75} INFO - Running command: ['/bin/bash', '-c', 'hive -f /path/to/hive_script.hql']
[2025-03-19T11:48:16.419+0000] {subprocess.py:86} INFO - Output:
[2025-03-19T11:48:16.421+0000] {subprocess.py:93} INFO - /bin/bash: line 1: hive: command not found
[2025-03-19T11:48:16.422+0000] {subprocess.py:97} INFO - Command exited with return code 127
[2025-03-19T11:48:16.460+0000] {taskinstance.py:1935} ERROR - Task failed with exception
Traceback (most recent call last):
  File "/home/airflow/.local/lib/python3.8/site-packages/airflow/operators/bash.py", line 210, in execute
    raise AirflowException(
airflow.exceptions.AirflowException: Bash command failed. The command returned a non-zero exit code 127.
[2025-03-19T11:48:16.471+0000] {taskinstance.py:1398} INFO - Marking task as FAILED. dag_id=fraud_detection_pipeline, task_id=load_data_hive, execution_date=20231005T050000, start_date=20250319T114815, end_date=20250319T114816
[2025-03-19T11:48:16.539+0000] {standard_task_runner.py:104} ERROR - Failed to execute job 331 for task load_data_hive (Bash command failed. The command returned a non-zero exit code 127.; 752)
[2025-03-19T11:48:16.609+0000] {local_task_job_runner.py:228} INFO - Task exited with return code 1
[2025-03-19T11:48:16.703+0000] {taskinstance.py:2776} INFO - 0 downstream tasks scheduled from follow-on schedule check
