[2025-03-19T11:42:46.877+0000] {taskinstance.py:1157} INFO - Dependencies all met for dep_context=non-requeueable deps ti=<TaskInstance: fraud_detection_pipeline.load_data_hive scheduled__2023-10-04T06:00:00+00:00 [queued]>
[2025-03-19T11:42:46.889+0000] {taskinstance.py:1157} INFO - Dependencies all met for dep_context=requeueable deps ti=<TaskInstance: fraud_detection_pipeline.load_data_hive scheduled__2023-10-04T06:00:00+00:00 [queued]>
[2025-03-19T11:42:46.890+0000] {taskinstance.py:1359} INFO - Starting attempt 2 of 2
[2025-03-19T11:42:46.904+0000] {taskinstance.py:1380} INFO - Executing <Task(BashOperator): load_data_hive> on 2023-10-04 06:00:00+00:00
[2025-03-19T11:42:46.910+0000] {standard_task_runner.py:57} INFO - Started process 7614 to run task
[2025-03-19T11:42:46.914+0000] {standard_task_runner.py:84} INFO - Running: ['***', 'tasks', 'run', 'fraud_detection_pipeline', 'load_data_hive', 'scheduled__2023-10-04T06:00:00+00:00', '--job-id', '276', '--raw', '--subdir', 'DAGS_FOLDER/dag_1.py', '--cfg-path', '/tmp/tmpm6mzcffp']
[2025-03-19T11:42:46.917+0000] {standard_task_runner.py:85} INFO - Job 276: Subtask load_data_hive
[2025-03-19T11:42:46.970+0000] {task_command.py:415} INFO - Running <TaskInstance: fraud_detection_pipeline.load_data_hive scheduled__2023-10-04T06:00:00+00:00 [running]> on host 0009f5fb76aa
[2025-03-19T11:42:47.054+0000] {taskinstance.py:1660} INFO - Exporting env vars: AIRFLOW_CTX_DAG_OWNER='***' AIRFLOW_CTX_DAG_ID='fraud_detection_pipeline' AIRFLOW_CTX_TASK_ID='load_data_hive' AIRFLOW_CTX_EXECUTION_DATE='2023-10-04T06:00:00+00:00' AIRFLOW_CTX_TRY_NUMBER='2' AIRFLOW_CTX_DAG_RUN_ID='scheduled__2023-10-04T06:00:00+00:00'
[2025-03-19T11:42:47.056+0000] {subprocess.py:63} INFO - Tmp dir root location: /tmp
[2025-03-19T11:42:47.058+0000] {subprocess.py:75} INFO - Running command: ['/bin/bash', '-c', 'hive -f /path/to/hive_script.hql']
[2025-03-19T11:42:47.069+0000] {subprocess.py:86} INFO - Output:
[2025-03-19T11:42:47.070+0000] {subprocess.py:93} INFO - /bin/bash: line 1: hive: command not found
[2025-03-19T11:42:47.071+0000] {subprocess.py:97} INFO - Command exited with return code 127
[2025-03-19T11:42:47.083+0000] {taskinstance.py:1935} ERROR - Task failed with exception
Traceback (most recent call last):
  File "/home/airflow/.local/lib/python3.8/site-packages/airflow/operators/bash.py", line 210, in execute
    raise AirflowException(
airflow.exceptions.AirflowException: Bash command failed. The command returned a non-zero exit code 127.
[2025-03-19T11:42:47.087+0000] {taskinstance.py:1398} INFO - Marking task as FAILED. dag_id=fraud_detection_pipeline, task_id=load_data_hive, execution_date=20231004T060000, start_date=20250319T114246, end_date=20250319T114247
[2025-03-19T11:42:47.103+0000] {standard_task_runner.py:104} ERROR - Failed to execute job 276 for task load_data_hive (Bash command failed. The command returned a non-zero exit code 127.; 7614)
[2025-03-19T11:42:47.128+0000] {local_task_job_runner.py:228} INFO - Task exited with return code 1
[2025-03-19T11:42:47.151+0000] {taskinstance.py:2776} INFO - 0 downstream tasks scheduled from follow-on schedule check
