[2025-03-19T15:01:29.365+0000] {taskinstance.py:1157} INFO - Dependencies all met for dep_context=non-requeueable deps ti=<TaskInstance: fraud_detection_pipeline.store_data_hdfs scheduled__2023-10-01T15:00:00+00:00 [queued]>
[2025-03-19T15:01:29.424+0000] {taskinstance.py:1157} INFO - Dependencies all met for dep_context=requeueable deps ti=<TaskInstance: fraud_detection_pipeline.store_data_hdfs scheduled__2023-10-01T15:00:00+00:00 [queued]>
[2025-03-19T15:01:29.430+0000] {taskinstance.py:1359} INFO - Starting attempt 2 of 2
[2025-03-19T15:01:29.529+0000] {taskinstance.py:1380} INFO - Executing <Task(BashOperator): store_data_hdfs> on 2023-10-01 15:00:00+00:00
[2025-03-19T15:01:29.546+0000] {standard_task_runner.py:57} INFO - Started process 5785 to run task
[2025-03-19T15:01:29.566+0000] {standard_task_runner.py:84} INFO - Running: ['***', 'tasks', 'run', 'fraud_detection_pipeline', 'store_data_hdfs', 'scheduled__2023-10-01T15:00:00+00:00', '--job-id', '1121', '--raw', '--subdir', 'DAGS_FOLDER/dag_1.py', '--cfg-path', '/tmp/tmpmap9muex']
[2025-03-19T15:01:29.578+0000] {standard_task_runner.py:85} INFO - Job 1121: Subtask store_data_hdfs
[2025-03-19T15:01:29.749+0000] {task_command.py:415} INFO - Running <TaskInstance: fraud_detection_pipeline.store_data_hdfs scheduled__2023-10-01T15:00:00+00:00 [running]> on host 0009f5fb76aa
[2025-03-19T15:01:30.031+0000] {taskinstance.py:1660} INFO - Exporting env vars: AIRFLOW_CTX_DAG_OWNER='***' AIRFLOW_CTX_DAG_ID='fraud_detection_pipeline' AIRFLOW_CTX_TASK_ID='store_data_hdfs' AIRFLOW_CTX_EXECUTION_DATE='2023-10-01T15:00:00+00:00' AIRFLOW_CTX_TRY_NUMBER='2' AIRFLOW_CTX_DAG_RUN_ID='scheduled__2023-10-01T15:00:00+00:00'
[2025-03-19T15:01:30.042+0000] {subprocess.py:63} INFO - Tmp dir root location: /tmp
[2025-03-19T15:01:30.045+0000] {subprocess.py:75} INFO - Running command: ['/bin/bash', '-c', 'docker cp /tmp/transactions.json namenode:/tmp/transactions.json && docker cp /tmp/customers.json namenode:/tmp/customers.json && docker cp /tmp/external_data.json namenode:/tmp/external_data.json && docker exec namenode bash -c "hdfs dfs -mkdir -p /data && hdfs dfs -put -f /tmp/transactions.json /data/transactions/transactions.json && hdfs dfs -put -f /tmp/customers.json /data/customers/customers.json && hdfs dfs -put -f /tmp/external_data.json /data/external_data/external_data.json && rm -rf /tmp/external_data.json "']
[2025-03-19T15:01:30.086+0000] {subprocess.py:86} INFO - Output:
[2025-03-19T15:02:01.804+0000] {subprocess.py:93} INFO - put: `/data/transactions/transactions.json': No such file or directory: `hdfs://namenode:9000/data/transactions/transactions.json'
[2025-03-19T15:02:02.755+0000] {subprocess.py:97} INFO - Command exited with return code 1
[2025-03-19T15:02:02.816+0000] {taskinstance.py:1935} ERROR - Task failed with exception
Traceback (most recent call last):
  File "/home/airflow/.local/lib/python3.8/site-packages/airflow/operators/bash.py", line 210, in execute
    raise AirflowException(
airflow.exceptions.AirflowException: Bash command failed. The command returned a non-zero exit code 1.
[2025-03-19T15:02:02.843+0000] {taskinstance.py:1398} INFO - Marking task as FAILED. dag_id=fraud_detection_pipeline, task_id=store_data_hdfs, execution_date=20231001T150000, start_date=20250319T150129, end_date=20250319T150202
[2025-03-19T15:02:02.997+0000] {standard_task_runner.py:104} ERROR - Failed to execute job 1121 for task store_data_hdfs (Bash command failed. The command returned a non-zero exit code 1.; 5785)
[2025-03-19T15:02:03.051+0000] {local_task_job_runner.py:228} INFO - Task exited with return code 1
[2025-03-19T15:02:03.140+0000] {taskinstance.py:2776} INFO - 0 downstream tasks scheduled from follow-on schedule check
[2025-03-19T21:24:15.421+0000] {taskinstance.py:1157} INFO - Dependencies all met for dep_context=non-requeueable deps ti=<TaskInstance: fraud_detection_pipeline.store_data_hdfs scheduled__2023-10-01T15:00:00+00:00 [queued]>
[2025-03-19T21:24:15.576+0000] {taskinstance.py:1157} INFO - Dependencies all met for dep_context=requeueable deps ti=<TaskInstance: fraud_detection_pipeline.store_data_hdfs scheduled__2023-10-01T15:00:00+00:00 [queued]>
[2025-03-19T21:24:15.604+0000] {taskinstance.py:1359} INFO - Starting attempt 2 of 2
[2025-03-19T21:24:15.699+0000] {taskinstance.py:1380} INFO - Executing <Task(BashOperator): store_data_hdfs> on 2023-10-01 15:00:00+00:00
[2025-03-19T21:24:15.720+0000] {standard_task_runner.py:57} INFO - Started process 8887 to run task
[2025-03-19T21:24:15.728+0000] {standard_task_runner.py:84} INFO - Running: ['***', 'tasks', 'run', 'fraud_detection_pipeline', 'store_data_hdfs', 'scheduled__2023-10-01T15:00:00+00:00', '--job-id', '3382', '--raw', '--subdir', 'DAGS_FOLDER/dag_1.py', '--cfg-path', '/tmp/tmpfrziv_j2']
[2025-03-19T21:24:15.742+0000] {standard_task_runner.py:85} INFO - Job 3382: Subtask store_data_hdfs
[2025-03-19T21:24:16.204+0000] {task_command.py:415} INFO - Running <TaskInstance: fraud_detection_pipeline.store_data_hdfs scheduled__2023-10-01T15:00:00+00:00 [running]> on host 445fc0f18383
[2025-03-19T21:24:17.738+0000] {taskinstance.py:1660} INFO - Exporting env vars: AIRFLOW_CTX_DAG_OWNER='***' AIRFLOW_CTX_DAG_ID='fraud_detection_pipeline' AIRFLOW_CTX_TASK_ID='store_data_hdfs' AIRFLOW_CTX_EXECUTION_DATE='2023-10-01T15:00:00+00:00' AIRFLOW_CTX_TRY_NUMBER='2' AIRFLOW_CTX_DAG_RUN_ID='scheduled__2023-10-01T15:00:00+00:00'
[2025-03-19T21:24:17.767+0000] {subprocess.py:63} INFO - Tmp dir root location: /tmp
[2025-03-19T21:24:17.784+0000] {subprocess.py:75} INFO - Running command: ['/bin/bash', '-c', 'docker cp /tmp/transactions.csv namenode:/tmp/transactions.csv && docker cp /tmp/customers.csv namenode:/tmp/customers.csv && docker cp /tmp/external_data.csv namenode:/tmp/external_data.csv && docker exec namenode bash -c "hdfs dfs -mkdir -p /data/transactions && hdfs dfs -mkdir -p /data/customers && hdfs dfs -mkdir -p /data/external_data && hdfs dfs -put -f /tmp/transactions.csv /data/transactions/transactions.csv && hdfs dfs -put -f /tmp/customers.csv /data/customers/customers.csv && hdfs dfs -put -f /tmp/external_data.csv /data/external_data/external_data.csv && rm -rf /tmp/transactions.csv /tmp/customers.csv /tmp/external_data.csv"']
[2025-03-19T21:24:18.306+0000] {subprocess.py:86} INFO - Output:
[2025-03-19T21:25:36.788+0000] {subprocess.py:93} INFO - put: `/tmp/transactions.csv': No such file or directory
[2025-03-19T21:25:37.479+0000] {subprocess.py:97} INFO - Command exited with return code 1
[2025-03-19T21:25:37.515+0000] {taskinstance.py:1935} ERROR - Task failed with exception
Traceback (most recent call last):
  File "/home/airflow/.local/lib/python3.8/site-packages/airflow/operators/bash.py", line 210, in execute
    raise AirflowException(
airflow.exceptions.AirflowException: Bash command failed. The command returned a non-zero exit code 1.
[2025-03-19T21:25:37.543+0000] {taskinstance.py:1398} INFO - Marking task as FAILED. dag_id=fraud_detection_pipeline, task_id=store_data_hdfs, execution_date=20231001T150000, start_date=20250319T212415, end_date=20250319T212537
[2025-03-19T21:25:37.586+0000] {standard_task_runner.py:104} ERROR - Failed to execute job 3382 for task store_data_hdfs (Bash command failed. The command returned a non-zero exit code 1.; 8887)
[2025-03-19T21:25:37.608+0000] {local_task_job_runner.py:228} INFO - Task exited with return code 1
[2025-03-19T21:25:37.680+0000] {taskinstance.py:2776} INFO - 0 downstream tasks scheduled from follow-on schedule check
