[2025-03-19T12:04:42.004+0000] {taskinstance.py:1157} INFO - Dependencies all met for dep_context=non-requeueable deps ti=<TaskInstance: fraud_detection_pipeline.load_data_hive scheduled__2023-10-07T10:00:00+00:00 [queued]>
[2025-03-19T12:04:42.019+0000] {taskinstance.py:1157} INFO - Dependencies all met for dep_context=requeueable deps ti=<TaskInstance: fraud_detection_pipeline.load_data_hive scheduled__2023-10-07T10:00:00+00:00 [queued]>
[2025-03-19T12:04:42.020+0000] {taskinstance.py:1359} INFO - Starting attempt 1 of 2
[2025-03-19T12:04:42.047+0000] {taskinstance.py:1380} INFO - Executing <Task(BashOperator): load_data_hive> on 2023-10-07 10:00:00+00:00
[2025-03-19T12:04:42.056+0000] {standard_task_runner.py:57} INFO - Started process 3387 to run task
[2025-03-19T12:04:42.060+0000] {standard_task_runner.py:84} INFO - Running: ['***', 'tasks', 'run', 'fraud_detection_pipeline', 'load_data_hive', 'scheduled__2023-10-07T10:00:00+00:00', '--job-id', '476', '--raw', '--subdir', 'DAGS_FOLDER/dag_1.py', '--cfg-path', '/tmp/tmpqitgg2td']
[2025-03-19T12:04:42.064+0000] {standard_task_runner.py:85} INFO - Job 476: Subtask load_data_hive
[2025-03-19T12:04:42.128+0000] {task_command.py:415} INFO - Running <TaskInstance: fraud_detection_pipeline.load_data_hive scheduled__2023-10-07T10:00:00+00:00 [running]> on host 0009f5fb76aa
[2025-03-19T12:04:42.247+0000] {taskinstance.py:1660} INFO - Exporting env vars: AIRFLOW_CTX_DAG_OWNER='***' AIRFLOW_CTX_DAG_ID='fraud_detection_pipeline' AIRFLOW_CTX_TASK_ID='load_data_hive' AIRFLOW_CTX_EXECUTION_DATE='2023-10-07T10:00:00+00:00' AIRFLOW_CTX_TRY_NUMBER='1' AIRFLOW_CTX_DAG_RUN_ID='scheduled__2023-10-07T10:00:00+00:00'
[2025-03-19T12:04:42.251+0000] {subprocess.py:63} INFO - Tmp dir root location: /tmp
[2025-03-19T12:04:42.252+0000] {subprocess.py:75} INFO - Running command: ['/bin/bash', '-c', 'docker exec hive -f /home/hive_script.hql']
[2025-03-19T12:04:42.270+0000] {subprocess.py:86} INFO - Output:
[2025-03-19T12:04:42.384+0000] {subprocess.py:93} INFO - OCI runtime exec failed: exec failed: unable to start container process: exec: "-f": executable file not found in $PATH: unknown
[2025-03-19T12:04:42.391+0000] {subprocess.py:97} INFO - Command exited with return code 126
[2025-03-19T12:04:42.407+0000] {taskinstance.py:1935} ERROR - Task failed with exception
Traceback (most recent call last):
  File "/home/airflow/.local/lib/python3.8/site-packages/airflow/operators/bash.py", line 210, in execute
    raise AirflowException(
airflow.exceptions.AirflowException: Bash command failed. The command returned a non-zero exit code 126.
[2025-03-19T12:04:42.412+0000] {taskinstance.py:1398} INFO - Marking task as UP_FOR_RETRY. dag_id=fraud_detection_pipeline, task_id=load_data_hive, execution_date=20231007T100000, start_date=20250319T120442, end_date=20250319T120442
[2025-03-19T12:04:42.432+0000] {standard_task_runner.py:104} ERROR - Failed to execute job 476 for task load_data_hive (Bash command failed. The command returned a non-zero exit code 126.; 3387)
[2025-03-19T12:04:42.482+0000] {local_task_job_runner.py:228} INFO - Task exited with return code 1
[2025-03-19T12:04:42.507+0000] {taskinstance.py:2776} INFO - 0 downstream tasks scheduled from follow-on schedule check
