[2025-03-19T12:09:44.242+0000] {taskinstance.py:1157} INFO - Dependencies all met for dep_context=non-requeueable deps ti=<TaskInstance: fraud_detection_pipeline.load_data_hive scheduled__2023-10-07T10:00:00+00:00 [queued]>
[2025-03-19T12:09:44.281+0000] {taskinstance.py:1157} INFO - Dependencies all met for dep_context=requeueable deps ti=<TaskInstance: fraud_detection_pipeline.load_data_hive scheduled__2023-10-07T10:00:00+00:00 [queued]>
[2025-03-19T12:09:44.282+0000] {taskinstance.py:1359} INFO - Starting attempt 2 of 2
[2025-03-19T12:09:44.330+0000] {taskinstance.py:1380} INFO - Executing <Task(BashOperator): load_data_hive> on 2023-10-07 10:00:00+00:00
[2025-03-19T12:09:44.344+0000] {standard_task_runner.py:57} INFO - Started process 4095 to run task
[2025-03-19T12:09:44.351+0000] {standard_task_runner.py:84} INFO - Running: ['***', 'tasks', 'run', 'fraud_detection_pipeline', 'load_data_hive', 'scheduled__2023-10-07T10:00:00+00:00', '--job-id', '514', '--raw', '--subdir', 'DAGS_FOLDER/dag_1.py', '--cfg-path', '/tmp/tmpbolikdpw']
[2025-03-19T12:09:44.357+0000] {standard_task_runner.py:85} INFO - Job 514: Subtask load_data_hive
[2025-03-19T12:09:44.455+0000] {task_command.py:415} INFO - Running <TaskInstance: fraud_detection_pipeline.load_data_hive scheduled__2023-10-07T10:00:00+00:00 [running]> on host 0009f5fb76aa
[2025-03-19T12:09:44.635+0000] {taskinstance.py:1660} INFO - Exporting env vars: AIRFLOW_CTX_DAG_OWNER='***' AIRFLOW_CTX_DAG_ID='fraud_detection_pipeline' AIRFLOW_CTX_TASK_ID='load_data_hive' AIRFLOW_CTX_EXECUTION_DATE='2023-10-07T10:00:00+00:00' AIRFLOW_CTX_TRY_NUMBER='2' AIRFLOW_CTX_DAG_RUN_ID='scheduled__2023-10-07T10:00:00+00:00'
[2025-03-19T12:09:44.640+0000] {subprocess.py:63} INFO - Tmp dir root location: /tmp
[2025-03-19T12:09:44.644+0000] {subprocess.py:75} INFO - Running command: ['/bin/bash', '-c', 'docker exec hive hive -f /home/hive_script.hql']
[2025-03-19T12:09:44.669+0000] {subprocess.py:86} INFO - Output:
[2025-03-19T12:09:50.123+0000] {subprocess.py:93} INFO - SLF4J: Class path contains multiple SLF4J bindings.
[2025-03-19T12:09:50.125+0000] {subprocess.py:93} INFO - SLF4J: Found binding in [jar:file:/opt/hive/lib/log4j-slf4j-impl-2.6.2.jar!/org/slf4j/impl/StaticLoggerBinder.class]
[2025-03-19T12:09:50.126+0000] {subprocess.py:93} INFO - SLF4J: Found binding in [jar:file:/opt/hadoop-2.7.4/share/hadoop/common/lib/slf4j-log4j12-1.7.10.jar!/org/slf4j/impl/StaticLoggerBinder.class]
[2025-03-19T12:09:50.127+0000] {subprocess.py:93} INFO - SLF4J: See http://www.slf4j.org/codes.html#multiple_bindings for an explanation.
[2025-03-19T12:09:50.131+0000] {subprocess.py:93} INFO - SLF4J: Actual binding is of type [org.apache.logging.slf4j.Log4jLoggerFactory]
[2025-03-19T12:09:53.208+0000] {subprocess.py:93} INFO - 
[2025-03-19T12:09:53.209+0000] {subprocess.py:93} INFO - Logging initialized using configuration in file:/opt/hive/conf/hive-log4j2.properties Async: true
[2025-03-19T12:10:12.360+0000] {subprocess.py:93} INFO - OK
[2025-03-19T12:10:12.365+0000] {subprocess.py:93} INFO - Time taken: 16.809 seconds
[2025-03-19T12:10:12.838+0000] {subprocess.py:93} INFO - OK
[2025-03-19T12:10:12.839+0000] {subprocess.py:93} INFO - Time taken: 0.47 seconds
[2025-03-19T12:10:12.899+0000] {subprocess.py:93} INFO - OK
[2025-03-19T12:10:12.901+0000] {subprocess.py:93} INFO - Time taken: 0.056 seconds
[2025-03-19T12:10:13.082+0000] {subprocess.py:97} INFO - Command exited with return code 0
[2025-03-19T12:10:13.126+0000] {taskinstance.py:1398} INFO - Marking task as SUCCESS. dag_id=fraud_detection_pipeline, task_id=load_data_hive, execution_date=20231007T100000, start_date=20250319T120944, end_date=20250319T121013
[2025-03-19T12:10:13.190+0000] {local_task_job_runner.py:228} INFO - Task exited with return code 0
[2025-03-19T12:10:13.454+0000] {taskinstance.py:2776} INFO - 0 downstream tasks scheduled from follow-on schedule check
