[2025-03-23T14:56:13.926+0000] {taskinstance.py:1157} INFO - Dependencies all met for dep_context=non-requeueable deps ti=<TaskInstance: fraud_detection_pipeline_2.run_fraud_detection manual__2025-03-23T14:49:59+00:00 [queued]>
[2025-03-23T14:56:13.938+0000] {taskinstance.py:1157} INFO - Dependencies all met for dep_context=requeueable deps ti=<TaskInstance: fraud_detection_pipeline_2.run_fraud_detection manual__2025-03-23T14:49:59+00:00 [queued]>
[2025-03-23T14:56:13.939+0000] {taskinstance.py:1359} INFO - Starting attempt 1 of 4
[2025-03-23T14:56:13.957+0000] {taskinstance.py:1380} INFO - Executing <Task(PythonOperator): run_fraud_detection> on 2025-03-23 14:49:59+00:00
[2025-03-23T14:56:13.964+0000] {standard_task_runner.py:57} INFO - Started process 10878 to run task
[2025-03-23T14:56:13.969+0000] {standard_task_runner.py:84} INFO - Running: ['***', 'tasks', 'run', 'fraud_detection_pipeline_2', 'run_fraud_detection', 'manual__2025-03-23T14:49:59+00:00', '--job-id', '136', '--raw', '--subdir', 'DAGS_FOLDER/dag_2.py', '--cfg-path', '/tmp/tmpkzoewyxr']
[2025-03-23T14:56:13.972+0000] {standard_task_runner.py:85} INFO - Job 136: Subtask run_fraud_detection
[2025-03-23T14:56:14.040+0000] {task_command.py:415} INFO - Running <TaskInstance: fraud_detection_pipeline_2.run_fraud_detection manual__2025-03-23T14:49:59+00:00 [running]> on host 4ece88aec9a9
[2025-03-23T14:56:14.131+0000] {taskinstance.py:1660} INFO - Exporting env vars: AIRFLOW_CTX_DAG_EMAIL='abelchaguermohmaed@gmail.com' AIRFLOW_CTX_DAG_OWNER='***' AIRFLOW_CTX_DAG_ID='fraud_detection_pipeline_2' AIRFLOW_CTX_TASK_ID='run_fraud_detection' AIRFLOW_CTX_EXECUTION_DATE='2025-03-23T14:49:59+00:00' AIRFLOW_CTX_TRY_NUMBER='1' AIRFLOW_CTX_DAG_RUN_ID='manual__2025-03-23T14:49:59+00:00'
[2025-03-23T14:56:14.144+0000] {taskinstance.py:1935} ERROR - Task failed with exception
Traceback (most recent call last):
  File "/home/airflow/.local/lib/python3.8/site-packages/airflow/operators/python.py", line 192, in execute
    return_value = self.execute_callable()
  File "/home/airflow/.local/lib/python3.8/site-packages/airflow/operators/python.py", line 209, in execute_callable
    return self.python_callable(*self.op_args, **self.op_kwargs)
  File "/opt/airflow/dags/dag_2.py", line 267, in run_fraud_detection
    result = subprocess.run([
  File "/usr/local/lib/python3.8/subprocess.py", line 493, in run
    with Popen(*popenargs, **kwargs) as process:
  File "/usr/local/lib/python3.8/subprocess.py", line 858, in __init__
    self._execute_child(args, executable, preexec_fn, close_fds,
  File "/usr/local/lib/python3.8/subprocess.py", line 1720, in _execute_child
    raise child_exception_type(errno_num, err_msg, err_filename)
PermissionError: [Errno 13] Permission denied: 'docker exec'
[2025-03-23T14:56:14.162+0000] {taskinstance.py:1398} INFO - Marking task as UP_FOR_RETRY. dag_id=fraud_detection_pipeline_2, task_id=run_fraud_detection, execution_date=20250323T144959, start_date=20250323T145613, end_date=20250323T145614
[2025-03-23T14:56:14.191+0000] {logging_mixin.py:151} WARNING - /home/***/.local/lib/python3.8/site-packages/***/utils/email.py:154 RemovedInAirflow3Warning: Fetching SMTP credentials from configuration variables will be deprecated in a future release. Please set credentials using a connection instead.
[2025-03-23T14:56:14.192+0000] {email.py:270} INFO - Email alerting: attempt 1
[2025-03-23T14:56:15.047+0000] {email.py:282} INFO - Sent an alert email to ['abelchaguermohmaed@gmail.com']
[2025-03-23T14:56:16.074+0000] {standard_task_runner.py:104} ERROR - Failed to execute job 136 for task run_fraud_detection ([Errno 13] Permission denied: 'docker exec'; 10878)
[2025-03-23T14:56:16.109+0000] {local_task_job_runner.py:228} INFO - Task exited with return code 1
[2025-03-23T14:56:16.142+0000] {taskinstance.py:2776} INFO - 0 downstream tasks scheduled from follow-on schedule check
