[2025-03-23T17:19:35.430+0000] {taskinstance.py:1157} INFO - Dependencies all met for dep_context=non-requeueable deps ti=<TaskInstance: fraud_detection_pipeline_2.load_data_hive manual__2025-03-23T17:19:12+00:00 [queued]>
[2025-03-23T17:19:35.439+0000] {taskinstance.py:1157} INFO - Dependencies all met for dep_context=requeueable deps ti=<TaskInstance: fraud_detection_pipeline_2.load_data_hive manual__2025-03-23T17:19:12+00:00 [queued]>
[2025-03-23T17:19:35.440+0000] {taskinstance.py:1359} INFO - Starting attempt 1 of 4
[2025-03-23T17:19:35.455+0000] {taskinstance.py:1380} INFO - Executing <Task(BashOperator): load_data_hive> on 2025-03-23 17:19:12+00:00
[2025-03-23T17:19:35.460+0000] {standard_task_runner.py:57} INFO - Started process 13025 to run task
[2025-03-23T17:19:35.464+0000] {standard_task_runner.py:84} INFO - Running: ['***', 'tasks', 'run', 'fraud_detection_pipeline_2', 'load_data_hive', 'manual__2025-03-23T17:19:12+00:00', '--job-id', '184', '--raw', '--subdir', 'DAGS_FOLDER/dag_2.py', '--cfg-path', '/tmp/tmpgyrq9es5']
[2025-03-23T17:19:35.467+0000] {standard_task_runner.py:85} INFO - Job 184: Subtask load_data_hive
[2025-03-23T17:19:35.521+0000] {task_command.py:415} INFO - Running <TaskInstance: fraud_detection_pipeline_2.load_data_hive manual__2025-03-23T17:19:12+00:00 [running]> on host 4ece88aec9a9
[2025-03-23T17:19:35.606+0000] {taskinstance.py:1660} INFO - Exporting env vars: AIRFLOW_CTX_DAG_EMAIL='abelchaguermohmaed@gmail.com' AIRFLOW_CTX_DAG_OWNER='***' AIRFLOW_CTX_DAG_ID='fraud_detection_pipeline_2' AIRFLOW_CTX_TASK_ID='load_data_hive' AIRFLOW_CTX_EXECUTION_DATE='2025-03-23T17:19:12+00:00' AIRFLOW_CTX_TRY_NUMBER='1' AIRFLOW_CTX_DAG_RUN_ID='manual__2025-03-23T17:19:12+00:00'
[2025-03-23T17:19:35.608+0000] {subprocess.py:63} INFO - Tmp dir root location: /tmp
[2025-03-23T17:19:35.610+0000] {subprocess.py:75} INFO - Running command: ['/bin/bash', '-c', 'docker exec hive hive -f /home/hive_script.hql']
[2025-03-23T17:19:35.620+0000] {subprocess.py:86} INFO - Output:
[2025-03-23T17:19:38.427+0000] {subprocess.py:93} INFO - SLF4J: Class path contains multiple SLF4J bindings.
[2025-03-23T17:19:38.428+0000] {subprocess.py:93} INFO - SLF4J: Found binding in [jar:file:/opt/hive/lib/log4j-slf4j-impl-2.6.2.jar!/org/slf4j/impl/StaticLoggerBinder.class]
[2025-03-23T17:19:38.428+0000] {subprocess.py:93} INFO - SLF4J: Found binding in [jar:file:/opt/hadoop-2.7.4/share/hadoop/common/lib/slf4j-log4j12-1.7.10.jar!/org/slf4j/impl/StaticLoggerBinder.class]
[2025-03-23T17:19:38.429+0000] {subprocess.py:93} INFO - SLF4J: See http://www.slf4j.org/codes.html#multiple_bindings for an explanation.
[2025-03-23T17:19:38.429+0000] {subprocess.py:93} INFO - SLF4J: Actual binding is of type [org.apache.logging.slf4j.Log4jLoggerFactory]
[2025-03-23T17:19:39.921+0000] {subprocess.py:93} INFO - 
[2025-03-23T17:19:39.922+0000] {subprocess.py:93} INFO - Logging initialized using configuration in file:/opt/hive/conf/hive-log4j2.properties Async: true
[2025-03-23T17:19:49.545+0000] {subprocess.py:93} INFO - OK
[2025-03-23T17:19:49.550+0000] {subprocess.py:93} INFO - Time taken: 7.493 seconds
[2025-03-23T17:19:49.785+0000] {subprocess.py:93} INFO - OK
[2025-03-23T17:19:49.786+0000] {subprocess.py:93} INFO - Time taken: 0.233 seconds
[2025-03-23T17:19:49.818+0000] {subprocess.py:93} INFO - OK
[2025-03-23T17:19:49.819+0000] {subprocess.py:93} INFO - Time taken: 0.03 seconds
[2025-03-23T17:19:49.841+0000] {subprocess.py:93} INFO - OK
[2025-03-23T17:19:49.843+0000] {subprocess.py:93} INFO - Time taken: 0.023 seconds
[2025-03-23T17:19:50.328+0000] {subprocess.py:97} INFO - Command exited with return code 0
[2025-03-23T17:19:50.355+0000] {taskinstance.py:1398} INFO - Marking task as SUCCESS. dag_id=fraud_detection_pipeline_2, task_id=load_data_hive, execution_date=20250323T171912, start_date=20250323T171935, end_date=20250323T171950
[2025-03-23T17:19:50.367+0000] {logging_mixin.py:151} WARNING - /home/***/.local/lib/python3.8/site-packages/***/utils/email.py:154 RemovedInAirflow3Warning: Fetching SMTP credentials from configuration variables will be deprecated in a future release. Please set credentials using a connection instead.
[2025-03-23T17:19:50.369+0000] {email.py:270} INFO - Email alerting: attempt 1
[2025-03-23T17:19:50.377+0000] {taskinstance.py:1703} ERROR - Error when executing notify_success callback
Traceback (most recent call last):
  File "/home/airflow/.local/lib/python3.8/site-packages/airflow/models/taskinstance.py", line 1700, in _run_finished_callback
    callback(context)
  File "/opt/airflow/dags/dag_2.py", line 54, in notify_success
    send_email(to=email, subject=subject, html_content=html_content)
  File "/home/airflow/.local/lib/python3.8/site-packages/airflow/utils/email.py", line 80, in send_email
    return backend(
  File "/home/airflow/.local/lib/python3.8/site-packages/airflow/utils/email.py", line 154, in send_email_smtp
    send_mime_email(e_from=mail_from, e_to=recipients, mime_msg=msg, conn_id=conn_id, dryrun=dryrun)
  File "/home/airflow/.local/lib/python3.8/site-packages/airflow/utils/email.py", line 272, in send_mime_email
    smtp_conn = _get_smtp_connection(smtp_host, smtp_port, smtp_timeout, smtp_ssl)
  File "/home/airflow/.local/lib/python3.8/site-packages/airflow/utils/email.py", line 317, in _get_smtp_connection
    return smtplib.SMTP(host=host, port=port, timeout=timeout)
  File "/usr/local/lib/python3.8/smtplib.py", line 255, in __init__
    (code, msg) = self.connect(host, port)
  File "/usr/local/lib/python3.8/smtplib.py", line 339, in connect
    self.sock = self._get_socket(host, port, self.timeout)
  File "/usr/local/lib/python3.8/smtplib.py", line 310, in _get_socket
    return socket.create_connection((host, port), timeout,
  File "/usr/local/lib/python3.8/socket.py", line 787, in create_connection
    for res in getaddrinfo(host, port, 0, SOCK_STREAM):
  File "/usr/local/lib/python3.8/socket.py", line 918, in getaddrinfo
    for res in _socket.getaddrinfo(host, port, family, type, proto, flags):
socket.gaierror: [Errno -2] Name or service not known
[2025-03-23T17:19:50.431+0000] {local_task_job_runner.py:228} INFO - Task exited with return code 0
[2025-03-23T17:19:50.455+0000] {taskinstance.py:2776} INFO - 1 downstream tasks scheduled from follow-on schedule check
