[2025-03-19T15:27:54.131+0000] {taskinstance.py:1157} INFO - Dependencies all met for dep_context=non-requeueable deps ti=<TaskInstance: faud_detection_pipeline.store_data_hdfs scheduled__2023-10-02T13:00:00+00:00 [queued]>
[2025-03-19T15:27:54.197+0000] {taskinstance.py:1157} INFO - Dependencies all met for dep_context=requeueable deps ti=<TaskInstance: faud_detection_pipeline.store_data_hdfs scheduled__2023-10-02T13:00:00+00:00 [queued]>
[2025-03-19T15:27:54.207+0000] {taskinstance.py:1359} INFO - Starting attempt 2 of 2
[2025-03-19T15:27:54.757+0000] {taskinstance.py:1380} INFO - Executing <Task(BashOperator): store_data_hdfs> on 2023-10-02 13:00:00+00:00
[2025-03-19T15:27:54.783+0000] {standard_task_runner.py:57} INFO - Started process 12196 to run task
[2025-03-19T15:27:54.811+0000] {standard_task_runner.py:84} INFO - Running: ['***', 'tasks', 'run', 'faud_detection_pipeline', 'store_data_hdfs', 'scheduled__2023-10-02T13:00:00+00:00', '--job-id', '1343', '--raw', '--subdir', 'DAGS_FOLDER/dag_1.py', '--cfg-path', '/tmp/tmp2axpckrs']
[2025-03-19T15:27:54.825+0000] {standard_task_runner.py:85} INFO - Job 1343: Subtask store_data_hdfs
[2025-03-19T15:27:55.105+0000] {task_command.py:415} INFO - Running <TaskInstance: faud_detection_pipeline.store_data_hdfs scheduled__2023-10-02T13:00:00+00:00 [running]> on host 0009f5fb76aa
[2025-03-19T15:27:55.618+0000] {taskinstance.py:1660} INFO - Exporting env vars: AIRFLOW_CTX_DAG_OWNER='***' AIRFLOW_CTX_DAG_ID='faud_detection_pipeline' AIRFLOW_CTX_TASK_ID='store_data_hdfs' AIRFLOW_CTX_EXECUTION_DATE='2023-10-02T13:00:00+00:00' AIRFLOW_CTX_TRY_NUMBER='2' AIRFLOW_CTX_DAG_RUN_ID='scheduled__2023-10-02T13:00:00+00:00'
[2025-03-19T15:27:55.629+0000] {subprocess.py:63} INFO - Tmp dir root location: /tmp
[2025-03-19T15:27:55.637+0000] {subprocess.py:75} INFO - Running command: ['/bin/bash', '-c', 'docker cp /tmp/transactions.json namenode:/tmp/transactions.json && docker cp /tmp/customers.json namenode:/tmp/customers.json && docker cp /tmp/external_data.json namenode:/tmp/external_data.json && docker exec namenode bash -c "hdfs dfs -mkdir -p /data/transactions && hdfs dfs -mkdir -p /data/customers && hdfs dfs -mkdir -p /data/external_data && hdfs dfs -put -f /tmp/transactions.json /data/transactions/transactions.json && hdfs dfs -put -f /tmp/customers.json /data/customers/customers.json && hdfs dfs -put -f /tmp/external_data.json /data/external_data/external_data.json && rm -rf /tmp/transactions.json /tmp/customers.json /tmp/external_data.json"']
[2025-03-19T15:27:55.715+0000] {subprocess.py:86} INFO - Output:
[2025-03-19T15:38:18.567+0000] {subprocess.py:93} INFO - 2025-03-19 15:38:18,563 INFO sasl.SaslDataTransferClient: SASL encryption trust check: localHostTrusted = false, remoteHostTrusted = false
[2025-03-19T15:38:26.663+0000] {local_task_job_runner.py:294} WARNING - State of this instance has been externally set to failed. Terminating instance.
[2025-03-19T15:38:26.673+0000] {process_utils.py:131} INFO - Sending 15 to group 12196. PIDs of all processes in the group: [12205, 12196]
[2025-03-19T15:38:26.675+0000] {process_utils.py:86} INFO - Sending the signal 15 to group 12196
[2025-03-19T15:38:26.677+0000] {taskinstance.py:1630} ERROR - Received SIGTERM. Terminating subprocesses.
[2025-03-19T15:38:26.677+0000] {subprocess.py:104} INFO - Sending SIGTERM signal to process group
[2025-03-19T15:38:26.879+0000] {process_utils.py:79} INFO - Process psutil.Process(pid=12196, status='terminated', exitcode=0, started='15:27:54') (12196) terminated with exit code 0
[2025-03-19T15:38:26.884+0000] {process_utils.py:79} INFO - Process psutil.Process(pid=12205, status='terminated', started='15:27:55') (12205) terminated with exit code None
