[2025-03-19T19:53:36.588+0000] {taskinstance.py:1157} INFO - Dependencies all met for dep_context=non-requeueable deps ti=<TaskInstance: faud_detection_pipeline.store_data_hdfs scheduled__2023-10-18T01:00:00+00:00 [queued]>
[2025-03-19T19:53:36.615+0000] {taskinstance.py:1157} INFO - Dependencies all met for dep_context=requeueable deps ti=<TaskInstance: faud_detection_pipeline.store_data_hdfs scheduled__2023-10-18T01:00:00+00:00 [queued]>
[2025-03-19T19:53:36.617+0000] {taskinstance.py:1359} INFO - Starting attempt 2 of 2
[2025-03-19T19:53:36.689+0000] {taskinstance.py:1380} INFO - Executing <Task(BashOperator): store_data_hdfs> on 2023-10-18 01:00:00+00:00
[2025-03-19T19:53:36.703+0000] {standard_task_runner.py:57} INFO - Started process 45409 to run task
[2025-03-19T19:53:36.736+0000] {standard_task_runner.py:84} INFO - Running: ['***', 'tasks', 'run', 'faud_detection_pipeline', 'store_data_hdfs', 'scheduled__2023-10-18T01:00:00+00:00', '--job-id', '2802', '--raw', '--subdir', 'DAGS_FOLDER/dag_1.py', '--cfg-path', '/tmp/tmpk57lypqc']
[2025-03-19T19:53:36.749+0000] {standard_task_runner.py:85} INFO - Job 2802: Subtask store_data_hdfs
[2025-03-19T19:53:36.948+0000] {task_command.py:415} INFO - Running <TaskInstance: faud_detection_pipeline.store_data_hdfs scheduled__2023-10-18T01:00:00+00:00 [running]> on host 0009f5fb76aa
[2025-03-19T19:53:37.209+0000] {taskinstance.py:1660} INFO - Exporting env vars: AIRFLOW_CTX_DAG_OWNER='***' AIRFLOW_CTX_DAG_ID='faud_detection_pipeline' AIRFLOW_CTX_TASK_ID='store_data_hdfs' AIRFLOW_CTX_EXECUTION_DATE='2023-10-18T01:00:00+00:00' AIRFLOW_CTX_TRY_NUMBER='2' AIRFLOW_CTX_DAG_RUN_ID='scheduled__2023-10-18T01:00:00+00:00'
[2025-03-19T19:53:37.214+0000] {subprocess.py:63} INFO - Tmp dir root location: /tmp
[2025-03-19T19:53:37.216+0000] {subprocess.py:75} INFO - Running command: ['/bin/bash', '-c', 'docker cp /tmp/transactions.csv namenode:/tmp/transactions.csv && docker cp /tmp/customers.csv namenode:/tmp/customers.csv && docker cp /tmp/external_data.csv namenode:/tmp/external_data.csv && docker exec namenode bash -c "hdfs dfs -mkdir -p /data/transactions && hdfs dfs -mkdir -p /data/customers && hdfs dfs -mkdir -p /data/external_data && hdfs dfs -put -f /tmp/transactions.csv /data/transactions/transactions.csv && hdfs dfs -put -f /tmp/customers.csv /data/customers/customers.csv && hdfs dfs -put -f /tmp/external_data.csv /data/external_data/external_data.csv && rm -rf /tmp/transactions.csv /tmp/customers.csv /tmp/external_data.csv"']
[2025-03-19T19:53:37.253+0000] {subprocess.py:86} INFO - Output:
[2025-03-19T19:53:57.409+0000] {subprocess.py:93} INFO - 2025-03-19 19:53:57,406 INFO sasl.SaslDataTransferClient: SASL encryption trust check: localHostTrusted = false, remoteHostTrusted = false
[2025-03-19T19:53:57.630+0000] {subprocess.py:93} INFO - put: File does not exist: /data/transactions/transactions.csv._COPYING_ (inode 17869) Holder DFSClient_NONMAPREDUCE_-1625592_1 does not have any open files.
[2025-03-19T19:53:58.126+0000] {subprocess.py:97} INFO - Command exited with return code 1
[2025-03-19T19:53:58.153+0000] {taskinstance.py:1935} ERROR - Task failed with exception
Traceback (most recent call last):
  File "/home/airflow/.local/lib/python3.8/site-packages/airflow/operators/bash.py", line 210, in execute
    raise AirflowException(
airflow.exceptions.AirflowException: Bash command failed. The command returned a non-zero exit code 1.
[2025-03-19T19:53:58.160+0000] {taskinstance.py:1398} INFO - Marking task as FAILED. dag_id=faud_detection_pipeline, task_id=store_data_hdfs, execution_date=20231018T010000, start_date=20250319T195336, end_date=20250319T195358
[2025-03-19T19:53:58.192+0000] {standard_task_runner.py:104} ERROR - Failed to execute job 2802 for task store_data_hdfs (Bash command failed. The command returned a non-zero exit code 1.; 45409)
[2025-03-19T19:53:58.238+0000] {local_task_job_runner.py:228} INFO - Task exited with return code 1
[2025-03-19T19:53:58.276+0000] {taskinstance.py:2776} INFO - 0 downstream tasks scheduled from follow-on schedule check
