[2025-03-23T14:46:09.802+0000] {taskinstance.py:1157} INFO - Dependencies all met for dep_context=non-requeueable deps ti=<TaskInstance: fraud_detection_pipeline_2.load_data_hive manual__2025-03-23T14:45:40+00:00 [queued]>
[2025-03-23T14:46:09.812+0000] {taskinstance.py:1157} INFO - Dependencies all met for dep_context=requeueable deps ti=<TaskInstance: fraud_detection_pipeline_2.load_data_hive manual__2025-03-23T14:45:40+00:00 [queued]>
[2025-03-23T14:46:09.813+0000] {taskinstance.py:1359} INFO - Starting attempt 1 of 4
[2025-03-23T14:46:09.829+0000] {taskinstance.py:1380} INFO - Executing <Task(BashOperator): load_data_hive> on 2025-03-23 14:45:40+00:00
[2025-03-23T14:46:09.838+0000] {standard_task_runner.py:57} INFO - Started process 10317 to run task
[2025-03-23T14:46:09.843+0000] {standard_task_runner.py:84} INFO - Running: ['***', 'tasks', 'run', 'fraud_detection_pipeline_2', 'load_data_hive', 'manual__2025-03-23T14:45:40+00:00', '--job-id', '117', '--raw', '--subdir', 'DAGS_FOLDER/dag_2.py', '--cfg-path', '/tmp/tmp7qa4c_p6']
[2025-03-23T14:46:09.848+0000] {standard_task_runner.py:85} INFO - Job 117: Subtask load_data_hive
[2025-03-23T14:46:09.903+0000] {task_command.py:415} INFO - Running <TaskInstance: fraud_detection_pipeline_2.load_data_hive manual__2025-03-23T14:45:40+00:00 [running]> on host 4ece88aec9a9
[2025-03-23T14:46:09.993+0000] {taskinstance.py:1660} INFO - Exporting env vars: AIRFLOW_CTX_DAG_EMAIL='abelchaguermohmaed@gmail.com' AIRFLOW_CTX_DAG_OWNER='***' AIRFLOW_CTX_DAG_ID='fraud_detection_pipeline_2' AIRFLOW_CTX_TASK_ID='load_data_hive' AIRFLOW_CTX_EXECUTION_DATE='2025-03-23T14:45:40+00:00' AIRFLOW_CTX_TRY_NUMBER='1' AIRFLOW_CTX_DAG_RUN_ID='manual__2025-03-23T14:45:40+00:00'
[2025-03-23T14:46:09.996+0000] {subprocess.py:63} INFO - Tmp dir root location: /tmp
[2025-03-23T14:46:09.997+0000] {subprocess.py:75} INFO - Running command: ['/bin/bash', '-c', 'docker exec hive hive -f /home/hive_script.hql']
[2025-03-23T14:46:10.008+0000] {subprocess.py:86} INFO - Output:
[2025-03-23T14:46:12.663+0000] {subprocess.py:93} INFO - SLF4J: Class path contains multiple SLF4J bindings.
[2025-03-23T14:46:12.664+0000] {subprocess.py:93} INFO - SLF4J: Found binding in [jar:file:/opt/hive/lib/log4j-slf4j-impl-2.6.2.jar!/org/slf4j/impl/StaticLoggerBinder.class]
[2025-03-23T14:46:12.665+0000] {subprocess.py:93} INFO - SLF4J: Found binding in [jar:file:/opt/hadoop-2.7.4/share/hadoop/common/lib/slf4j-log4j12-1.7.10.jar!/org/slf4j/impl/StaticLoggerBinder.class]
[2025-03-23T14:46:12.666+0000] {subprocess.py:93} INFO - SLF4J: See http://www.slf4j.org/codes.html#multiple_bindings for an explanation.
[2025-03-23T14:46:12.667+0000] {subprocess.py:93} INFO - SLF4J: Actual binding is of type [org.apache.logging.slf4j.Log4jLoggerFactory]
[2025-03-23T14:46:14.423+0000] {subprocess.py:93} INFO - 
[2025-03-23T14:46:14.424+0000] {subprocess.py:93} INFO - Logging initialized using configuration in file:/opt/hive/conf/hive-log4j2.properties Async: true
[2025-03-23T14:46:27.863+0000] {subprocess.py:93} INFO - OK
[2025-03-23T14:46:27.866+0000] {subprocess.py:93} INFO - Time taken: 10.973 seconds
[2025-03-23T14:46:28.130+0000] {subprocess.py:93} INFO - OK
[2025-03-23T14:46:28.132+0000] {subprocess.py:93} INFO - Time taken: 0.262 seconds
[2025-03-23T14:46:28.171+0000] {subprocess.py:93} INFO - OK
[2025-03-23T14:46:28.172+0000] {subprocess.py:93} INFO - Time taken: 0.038 seconds
[2025-03-23T14:46:28.211+0000] {subprocess.py:93} INFO - OK
[2025-03-23T14:46:28.212+0000] {subprocess.py:93} INFO - Time taken: 0.039 seconds
[2025-03-23T14:46:28.740+0000] {subprocess.py:97} INFO - Command exited with return code 0
[2025-03-23T14:46:28.781+0000] {taskinstance.py:1398} INFO - Marking task as SUCCESS. dag_id=fraud_detection_pipeline_2, task_id=load_data_hive, execution_date=20250323T144540, start_date=20250323T144609, end_date=20250323T144628
[2025-03-23T14:46:28.807+0000] {logging_mixin.py:151} WARNING - /home/***/.local/lib/python3.8/site-packages/***/utils/email.py:154 RemovedInAirflow3Warning: Fetching SMTP credentials from configuration variables will be deprecated in a future release. Please set credentials using a connection instead.
[2025-03-23T14:46:28.809+0000] {email.py:270} INFO - Email alerting: attempt 1
[2025-03-23T14:46:29.840+0000] {email.py:282} INFO - Sent an alert email to ['abelchaguermohmaed@gmail.com']
[2025-03-23T14:46:30.841+0000] {local_task_job_runner.py:228} INFO - Task exited with return code 0
[2025-03-23T14:46:30.883+0000] {taskinstance.py:2776} INFO - 1 downstream tasks scheduled from follow-on schedule check
