[2025-03-19T19:32:30.429+0000] {taskinstance.py:1157} INFO - Dependencies all met for dep_context=non-requeueable deps ti=<TaskInstance: faud_detection_pipeline.store_data_hdfs scheduled__2023-10-16T02:00:00+00:00 [queued]>
[2025-03-19T19:32:30.551+0000] {taskinstance.py:1157} INFO - Dependencies all met for dep_context=requeueable deps ti=<TaskInstance: faud_detection_pipeline.store_data_hdfs scheduled__2023-10-16T02:00:00+00:00 [queued]>
[2025-03-19T19:32:30.571+0000] {taskinstance.py:1359} INFO - Starting attempt 2 of 2
[2025-03-19T19:32:30.811+0000] {taskinstance.py:1380} INFO - Executing <Task(BashOperator): store_data_hdfs> on 2023-10-16 02:00:00+00:00
[2025-03-19T19:32:30.863+0000] {standard_task_runner.py:57} INFO - Started process 41210 to run task
[2025-03-19T19:32:30.936+0000] {standard_task_runner.py:84} INFO - Running: ['***', 'tasks', 'run', 'faud_detection_pipeline', 'store_data_hdfs', 'scheduled__2023-10-16T02:00:00+00:00', '--job-id', '2627', '--raw', '--subdir', 'DAGS_FOLDER/dag_1.py', '--cfg-path', '/tmp/tmp0b3imzx9']
[2025-03-19T19:32:30.949+0000] {standard_task_runner.py:85} INFO - Job 2627: Subtask store_data_hdfs
[2025-03-19T19:32:31.230+0000] {task_command.py:415} INFO - Running <TaskInstance: faud_detection_pipeline.store_data_hdfs scheduled__2023-10-16T02:00:00+00:00 [running]> on host 0009f5fb76aa
[2025-03-19T19:32:31.724+0000] {taskinstance.py:1660} INFO - Exporting env vars: AIRFLOW_CTX_DAG_OWNER='***' AIRFLOW_CTX_DAG_ID='faud_detection_pipeline' AIRFLOW_CTX_TASK_ID='store_data_hdfs' AIRFLOW_CTX_EXECUTION_DATE='2023-10-16T02:00:00+00:00' AIRFLOW_CTX_TRY_NUMBER='2' AIRFLOW_CTX_DAG_RUN_ID='scheduled__2023-10-16T02:00:00+00:00'
[2025-03-19T19:32:31.730+0000] {subprocess.py:63} INFO - Tmp dir root location: /tmp
[2025-03-19T19:32:31.735+0000] {subprocess.py:75} INFO - Running command: ['/bin/bash', '-c', 'docker cp /tmp/transactions.csv namenode:/tmp/transactions.csv && docker cp /tmp/customers.csv namenode:/tmp/customers.csv && docker cp /tmp/external_data.csv namenode:/tmp/external_data.csv && docker exec namenode bash -c "hdfs dfs -mkdir -p /data/transactions && hdfs dfs -mkdir -p /data/customers && hdfs dfs -mkdir -p /data/external_data && hdfs dfs -put -f /tmp/transactions.csv /data/transactions/transactions.csv && hdfs dfs -put -f /tmp/customers.csv /data/customers/customers.csv && hdfs dfs -put -f /tmp/external_data.csv /data/external_data/external_data.csv && rm -rf /tmp/transactions.csv /tmp/customers.csv /tmp/external_data.csv"']
[2025-03-19T19:32:31.815+0000] {subprocess.py:86} INFO - Output:
[2025-03-19T19:33:29.415+0000] {subprocess.py:93} INFO - 2025-03-19 19:33:29,397 INFO sasl.SaslDataTransferClient: SASL encryption trust check: localHostTrusted = false, remoteHostTrusted = false
[2025-03-19T19:33:30.086+0000] {subprocess.py:93} INFO - put: File does not exist: /data/transactions/transactions.csv._COPYING_ (inode 17737) Holder DFSClient_NONMAPREDUCE_-286839756_1 does not have any open files.
[2025-03-19T19:33:30.658+0000] {subprocess.py:97} INFO - Command exited with return code 1
[2025-03-19T19:33:30.695+0000] {taskinstance.py:1935} ERROR - Task failed with exception
Traceback (most recent call last):
  File "/home/airflow/.local/lib/python3.8/site-packages/airflow/operators/bash.py", line 210, in execute
    raise AirflowException(
airflow.exceptions.AirflowException: Bash command failed. The command returned a non-zero exit code 1.
[2025-03-19T19:33:30.709+0000] {taskinstance.py:1398} INFO - Marking task as FAILED. dag_id=faud_detection_pipeline, task_id=store_data_hdfs, execution_date=20231016T020000, start_date=20250319T193230, end_date=20250319T193330
[2025-03-19T19:33:30.866+0000] {standard_task_runner.py:104} ERROR - Failed to execute job 2627 for task store_data_hdfs (Bash command failed. The command returned a non-zero exit code 1.; 41210)
[2025-03-19T19:33:30.917+0000] {local_task_job_runner.py:228} INFO - Task exited with return code 1
[2025-03-19T19:33:30.995+0000] {taskinstance.py:2776} INFO - 0 downstream tasks scheduled from follow-on schedule check
