[2025-03-19T21:21:35.926+0000] {taskinstance.py:1157} INFO - Dependencies all met for dep_context=non-requeueable deps ti=<TaskInstance: faud_detection_pipeline.store_data_hdfs manual__2025-03-19T21:21:26.644529+00:00 [queued]>
[2025-03-19T21:21:35.973+0000] {taskinstance.py:1157} INFO - Dependencies all met for dep_context=requeueable deps ti=<TaskInstance: faud_detection_pipeline.store_data_hdfs manual__2025-03-19T21:21:26.644529+00:00 [queued]>
[2025-03-19T21:21:35.975+0000] {taskinstance.py:1359} INFO - Starting attempt 1 of 1
[2025-03-19T21:21:36.030+0000] {taskinstance.py:1380} INFO - Executing <Task(BashOperator): store_data_hdfs> on 2025-03-19 21:21:26.644529+00:00
[2025-03-19T21:21:36.040+0000] {standard_task_runner.py:57} INFO - Started process 7829 to run task
[2025-03-19T21:21:36.062+0000] {standard_task_runner.py:84} INFO - Running: ['***', 'tasks', 'run', 'faud_detection_pipeline', 'store_data_hdfs', 'manual__2025-03-19T21:21:26.644529+00:00', '--job-id', '3326', '--raw', '--subdir', 'DAGS_FOLDER/dag_1.py', '--cfg-path', '/tmp/tmp9ga5g_me']
[2025-03-19T21:21:36.076+0000] {standard_task_runner.py:85} INFO - Job 3326: Subtask store_data_hdfs
[2025-03-19T21:21:36.300+0000] {task_command.py:415} INFO - Running <TaskInstance: faud_detection_pipeline.store_data_hdfs manual__2025-03-19T21:21:26.644529+00:00 [running]> on host 445fc0f18383
[2025-03-19T21:21:36.644+0000] {taskinstance.py:1660} INFO - Exporting env vars: AIRFLOW_CTX_DAG_OWNER='***' AIRFLOW_CTX_DAG_ID='faud_detection_pipeline' AIRFLOW_CTX_TASK_ID='store_data_hdfs' AIRFLOW_CTX_EXECUTION_DATE='2025-03-19T21:21:26.644529+00:00' AIRFLOW_CTX_TRY_NUMBER='1' AIRFLOW_CTX_DAG_RUN_ID='manual__2025-03-19T21:21:26.644529+00:00'
[2025-03-19T21:21:36.655+0000] {subprocess.py:63} INFO - Tmp dir root location: /tmp
[2025-03-19T21:21:36.657+0000] {subprocess.py:75} INFO - Running command: ['/bin/bash', '-c', 'docker cp /tmp/transactions.csv namenode:/tmp/transactions.csv && docker cp /tmp/customers.csv namenode:/tmp/customers.csv && docker cp /tmp/external_data.csv namenode:/tmp/external_data.csv && docker exec namenode bash -c "hdfs dfs -mkdir -p /data/transactions && hdfs dfs -mkdir -p /data/customers && hdfs dfs -mkdir -p /data/external_data && hdfs dfs -put -f /tmp/transactions.csv /data/transactions/transactions.csv && hdfs dfs -put -f /tmp/customers.csv /data/customers/customers.csv && hdfs dfs -put -f /tmp/external_data.csv /data/external_data/external_data.csv && rm -rf /tmp/transactions.csv /tmp/customers.csv /tmp/external_data.csv"']
[2025-03-19T21:21:36.738+0000] {subprocess.py:86} INFO - Output:
[2025-03-19T21:22:47.112+0000] {subprocess.py:93} INFO - put: `/tmp/transactions.csv': No such file or directory
[2025-03-19T21:22:48.008+0000] {subprocess.py:97} INFO - Command exited with return code 1
[2025-03-19T21:22:48.036+0000] {taskinstance.py:1935} ERROR - Task failed with exception
Traceback (most recent call last):
  File "/home/airflow/.local/lib/python3.8/site-packages/airflow/operators/bash.py", line 210, in execute
    raise AirflowException(
airflow.exceptions.AirflowException: Bash command failed. The command returned a non-zero exit code 1.
[2025-03-19T21:22:48.047+0000] {taskinstance.py:1398} INFO - Marking task as FAILED. dag_id=faud_detection_pipeline, task_id=store_data_hdfs, execution_date=20250319T212126, start_date=20250319T212135, end_date=20250319T212248
[2025-03-19T21:22:48.268+0000] {standard_task_runner.py:104} ERROR - Failed to execute job 3326 for task store_data_hdfs (Bash command failed. The command returned a non-zero exit code 1.; 7829)
[2025-03-19T21:22:48.318+0000] {local_task_job_runner.py:228} INFO - Task exited with return code 1
[2025-03-19T21:22:48.396+0000] {taskinstance.py:2776} INFO - 0 downstream tasks scheduled from follow-on schedule check
