[2025-03-19T12:39:15.458+0000] {taskinstance.py:1157} INFO - Dependencies all met for dep_context=non-requeueable deps ti=<TaskInstance: fraud_detection_pipeline.load_data_hive scheduled__2023-10-11T12:00:00+00:00 [queued]>
[2025-03-19T12:39:15.470+0000] {taskinstance.py:1157} INFO - Dependencies all met for dep_context=requeueable deps ti=<TaskInstance: fraud_detection_pipeline.load_data_hive scheduled__2023-10-11T12:00:00+00:00 [queued]>
[2025-03-19T12:39:15.471+0000] {taskinstance.py:1359} INFO - Starting attempt 1 of 2
[2025-03-19T12:39:15.491+0000] {taskinstance.py:1380} INFO - Executing <Task(BashOperator): load_data_hive> on 2023-10-11 12:00:00+00:00
[2025-03-19T12:39:15.497+0000] {standard_task_runner.py:57} INFO - Started process 9443 to run task
[2025-03-19T12:39:15.502+0000] {standard_task_runner.py:84} INFO - Running: ['***', 'tasks', 'run', 'fraud_detection_pipeline', 'load_data_hive', 'scheduled__2023-10-11T12:00:00+00:00', '--job-id', '828', '--raw', '--subdir', 'DAGS_FOLDER/dag_1.py', '--cfg-path', '/tmp/tmpiekeq7v7']
[2025-03-19T12:39:15.506+0000] {standard_task_runner.py:85} INFO - Job 828: Subtask load_data_hive
[2025-03-19T12:39:15.564+0000] {task_command.py:415} INFO - Running <TaskInstance: fraud_detection_pipeline.load_data_hive scheduled__2023-10-11T12:00:00+00:00 [running]> on host 0009f5fb76aa
[2025-03-19T12:39:15.662+0000] {taskinstance.py:1660} INFO - Exporting env vars: AIRFLOW_CTX_DAG_OWNER='***' AIRFLOW_CTX_DAG_ID='fraud_detection_pipeline' AIRFLOW_CTX_TASK_ID='load_data_hive' AIRFLOW_CTX_EXECUTION_DATE='2023-10-11T12:00:00+00:00' AIRFLOW_CTX_TRY_NUMBER='1' AIRFLOW_CTX_DAG_RUN_ID='scheduled__2023-10-11T12:00:00+00:00'
[2025-03-19T12:39:15.665+0000] {subprocess.py:63} INFO - Tmp dir root location: /tmp
[2025-03-19T12:39:15.666+0000] {subprocess.py:75} INFO - Running command: ['/bin/bash', '-c', 'docker exec hive hive -f /home/hive_script.hql']
[2025-03-19T12:39:15.678+0000] {subprocess.py:86} INFO - Output:
[2025-03-19T12:39:16.092+0000] {subprocess.py:93} INFO - SLF4J: Class path contains multiple SLF4J bindings.
[2025-03-19T12:39:16.093+0000] {subprocess.py:93} INFO - SLF4J: Found binding in [jar:file:/opt/hive/lib/log4j-slf4j-impl-2.6.2.jar!/org/slf4j/impl/StaticLoggerBinder.class]
[2025-03-19T12:39:16.094+0000] {subprocess.py:93} INFO - SLF4J: Found binding in [jar:file:/opt/hadoop-2.7.4/share/hadoop/common/lib/slf4j-log4j12-1.7.10.jar!/org/slf4j/impl/StaticLoggerBinder.class]
[2025-03-19T12:39:16.095+0000] {subprocess.py:93} INFO - SLF4J: See http://www.slf4j.org/codes.html#multiple_bindings for an explanation.
[2025-03-19T12:39:16.096+0000] {subprocess.py:93} INFO - SLF4J: Actual binding is of type [org.apache.logging.slf4j.Log4jLoggerFactory]
[2025-03-19T12:39:17.914+0000] {subprocess.py:93} INFO - 
[2025-03-19T12:39:17.915+0000] {subprocess.py:93} INFO - Logging initialized using configuration in file:/opt/hive/conf/hive-log4j2.properties Async: true
[2025-03-19T12:39:26.820+0000] {subprocess.py:93} INFO - OK
[2025-03-19T12:39:26.823+0000] {subprocess.py:93} INFO - Time taken: 7.917 seconds
[2025-03-19T12:39:27.048+0000] {subprocess.py:93} INFO - OK
[2025-03-19T12:39:27.049+0000] {subprocess.py:93} INFO - Time taken: 0.223 seconds
[2025-03-19T12:39:27.056+0000] {subprocess.py:93} INFO - NoViableAltException(251@[1992:103: ( tableRowFormatMapKeysIdentifier )?])
[2025-03-19T12:39:27.058+0000] {subprocess.py:93} INFO - 	at org.antlr.runtime.DFA.noViableAlt(DFA.java:158)
[2025-03-19T12:39:27.059+0000] {subprocess.py:93} INFO - 	at org.antlr.runtime.DFA.predict(DFA.java:116)
[2025-03-19T12:39:27.059+0000] {subprocess.py:93} INFO - 	at org.apache.hadoop.hive.ql.parse.HiveParser.rowFormatDelimited(HiveParser.java:27461)
[2025-03-19T12:39:27.060+0000] {subprocess.py:93} INFO - 	at org.apache.hadoop.hive.ql.parse.HiveParser.tableRowFormat(HiveParser.java:27678)
[2025-03-19T12:39:27.061+0000] {subprocess.py:93} INFO - 	at org.apache.hadoop.hive.ql.parse.HiveParser.createTableStatement(HiveParser.java:6278)
[2025-03-19T12:39:27.061+0000] {subprocess.py:93} INFO - 	at org.apache.hadoop.hive.ql.parse.HiveParser.ddlStatement(HiveParser.java:3808)
[2025-03-19T12:39:27.062+0000] {subprocess.py:93} INFO - 	at org.apache.hadoop.hive.ql.parse.HiveParser.execStatement(HiveParser.java:2382)
[2025-03-19T12:39:27.063+0000] {subprocess.py:93} INFO - 	at org.apache.hadoop.hive.ql.parse.HiveParser.statement(HiveParser.java:1333)
[2025-03-19T12:39:27.063+0000] {subprocess.py:93} INFO - 	at org.apache.hadoop.hive.ql.parse.ParseDriver.parse(ParseDriver.java:208)
[2025-03-19T12:39:27.064+0000] {subprocess.py:93} INFO - 	at org.apache.hadoop.hive.ql.parse.ParseUtils.parse(ParseUtils.java:77)
[2025-03-19T12:39:27.065+0000] {subprocess.py:93} INFO - 	at org.apache.hadoop.hive.ql.parse.ParseUtils.parse(ParseUtils.java:70)
[2025-03-19T12:39:27.066+0000] {subprocess.py:93} INFO - 	at org.apache.hadoop.hive.ql.Driver.compile(Driver.java:468)
[2025-03-19T12:39:27.066+0000] {subprocess.py:93} INFO - 	at org.apache.hadoop.hive.ql.Driver.compileInternal(Driver.java:1317)
[2025-03-19T12:39:27.067+0000] {subprocess.py:93} INFO - 	at org.apache.hadoop.hive.ql.Driver.runInternal(Driver.java:1457)
[2025-03-19T12:39:27.067+0000] {subprocess.py:93} INFO - 	at org.apache.hadoop.hive.ql.Driver.run(Driver.java:1237)
[2025-03-19T12:39:27.068+0000] {subprocess.py:93} INFO - 	at org.apache.hadoop.hive.ql.Driver.run(Driver.java:1227)
[2025-03-19T12:39:27.069+0000] {subprocess.py:93} INFO - 	at org.apache.hadoop.hive.cli.CliDriver.processLocalCmd(CliDriver.java:233)
[2025-03-19T12:39:27.069+0000] {subprocess.py:93} INFO - 	at org.apache.hadoop.hive.cli.CliDriver.processCmd(CliDriver.java:184)
[2025-03-19T12:39:27.070+0000] {subprocess.py:93} INFO - 	at org.apache.hadoop.hive.cli.CliDriver.processLine(CliDriver.java:403)
[2025-03-19T12:39:27.070+0000] {subprocess.py:93} INFO - 	at org.apache.hadoop.hive.cli.CliDriver.processLine(CliDriver.java:336)
[2025-03-19T12:39:27.071+0000] {subprocess.py:93} INFO - 	at org.apache.hadoop.hive.cli.CliDriver.processReader(CliDriver.java:474)
[2025-03-19T12:39:27.072+0000] {subprocess.py:93} INFO - 	at org.apache.hadoop.hive.cli.CliDriver.processFile(CliDriver.java:490)
[2025-03-19T12:39:27.072+0000] {subprocess.py:93} INFO - 	at org.apache.hadoop.hive.cli.CliDriver.executeDriver(CliDriver.java:793)
[2025-03-19T12:39:27.073+0000] {subprocess.py:93} INFO - 	at org.apache.hadoop.hive.cli.CliDriver.run(CliDriver.java:759)
[2025-03-19T12:39:27.074+0000] {subprocess.py:93} INFO - 	at org.apache.hadoop.hive.cli.CliDriver.main(CliDriver.java:686)
[2025-03-19T12:39:27.074+0000] {subprocess.py:93} INFO - 	at sun.reflect.NativeMethodAccessorImpl.invoke0(Native Method)
[2025-03-19T12:39:27.075+0000] {subprocess.py:93} INFO - 	at sun.reflect.NativeMethodAccessorImpl.invoke(NativeMethodAccessorImpl.java:62)
[2025-03-19T12:39:27.076+0000] {subprocess.py:93} INFO - 	at sun.reflect.DelegatingMethodAccessorImpl.invoke(DelegatingMethodAccessorImpl.java:43)
[2025-03-19T12:39:27.076+0000] {subprocess.py:93} INFO - 	at java.lang.reflect.Method.invoke(Method.java:498)
[2025-03-19T12:39:27.077+0000] {subprocess.py:93} INFO - 	at org.apache.hadoop.util.RunJar.run(RunJar.java:221)
[2025-03-19T12:39:27.078+0000] {subprocess.py:93} INFO - 	at org.apache.hadoop.util.RunJar.main(RunJar.java:136)
[2025-03-19T12:39:27.092+0000] {subprocess.py:93} INFO - FAILED: ParseException line 11:0 cannot recognize input near 'ROW' 'FORMAT' 'SERDE' in serde properties specification
[2025-03-19T12:39:27.207+0000] {subprocess.py:97} INFO - Command exited with return code 64
[2025-03-19T12:39:27.223+0000] {taskinstance.py:1935} ERROR - Task failed with exception
Traceback (most recent call last):
  File "/home/airflow/.local/lib/python3.8/site-packages/airflow/operators/bash.py", line 210, in execute
    raise AirflowException(
airflow.exceptions.AirflowException: Bash command failed. The command returned a non-zero exit code 64.
[2025-03-19T12:39:27.229+0000] {taskinstance.py:1398} INFO - Marking task as UP_FOR_RETRY. dag_id=fraud_detection_pipeline, task_id=load_data_hive, execution_date=20231011T120000, start_date=20250319T123915, end_date=20250319T123927
[2025-03-19T12:39:27.295+0000] {standard_task_runner.py:104} ERROR - Failed to execute job 828 for task load_data_hive (Bash command failed. The command returned a non-zero exit code 64.; 9443)
[2025-03-19T12:39:27.334+0000] {local_task_job_runner.py:228} INFO - Task exited with return code 1
[2025-03-19T12:39:27.355+0000] {taskinstance.py:2776} INFO - 0 downstream tasks scheduled from follow-on schedule check
