[2025-03-23T15:05:13.614+0000] {taskinstance.py:1157} INFO - Dependencies all met for dep_context=non-requeueable deps ti=<TaskInstance: fraud_detection_pipeline_2.load_data_hive manual__2025-03-23T15:04:44+00:00 [queued]>
[2025-03-23T15:05:13.625+0000] {taskinstance.py:1157} INFO - Dependencies all met for dep_context=requeueable deps ti=<TaskInstance: fraud_detection_pipeline_2.load_data_hive manual__2025-03-23T15:04:44+00:00 [queued]>
[2025-03-23T15:05:13.626+0000] {taskinstance.py:1359} INFO - Starting attempt 1 of 4
[2025-03-23T15:05:13.645+0000] {taskinstance.py:1380} INFO - Executing <Task(BashOperator): load_data_hive> on 2025-03-23 15:04:44+00:00
[2025-03-23T15:05:13.651+0000] {standard_task_runner.py:57} INFO - Started process 11558 to run task
[2025-03-23T15:05:13.656+0000] {standard_task_runner.py:84} INFO - Running: ['***', 'tasks', 'run', 'fraud_detection_pipeline_2', 'load_data_hive', 'manual__2025-03-23T15:04:44+00:00', '--job-id', '167', '--raw', '--subdir', 'DAGS_FOLDER/dag_2.py', '--cfg-path', '/tmp/tmp0eszztkn']
[2025-03-23T15:05:13.660+0000] {standard_task_runner.py:85} INFO - Job 167: Subtask load_data_hive
[2025-03-23T15:05:13.728+0000] {task_command.py:415} INFO - Running <TaskInstance: fraud_detection_pipeline_2.load_data_hive manual__2025-03-23T15:04:44+00:00 [running]> on host 4ece88aec9a9
[2025-03-23T15:05:13.821+0000] {taskinstance.py:1660} INFO - Exporting env vars: AIRFLOW_CTX_DAG_EMAIL='abelchaguermohmaed@gmail.com' AIRFLOW_CTX_DAG_OWNER='***' AIRFLOW_CTX_DAG_ID='fraud_detection_pipeline_2' AIRFLOW_CTX_TASK_ID='load_data_hive' AIRFLOW_CTX_EXECUTION_DATE='2025-03-23T15:04:44+00:00' AIRFLOW_CTX_TRY_NUMBER='1' AIRFLOW_CTX_DAG_RUN_ID='manual__2025-03-23T15:04:44+00:00'
[2025-03-23T15:05:13.823+0000] {subprocess.py:63} INFO - Tmp dir root location: /tmp
[2025-03-23T15:05:13.824+0000] {subprocess.py:75} INFO - Running command: ['/bin/bash', '-c', 'docker exec hive hive -f /home/hive_script.hql']
[2025-03-23T15:05:13.835+0000] {subprocess.py:86} INFO - Output:
[2025-03-23T15:05:15.974+0000] {subprocess.py:93} INFO - SLF4J: Class path contains multiple SLF4J bindings.
[2025-03-23T15:05:15.975+0000] {subprocess.py:93} INFO - SLF4J: Found binding in [jar:file:/opt/hive/lib/log4j-slf4j-impl-2.6.2.jar!/org/slf4j/impl/StaticLoggerBinder.class]
[2025-03-23T15:05:15.976+0000] {subprocess.py:93} INFO - SLF4J: Found binding in [jar:file:/opt/hadoop-2.7.4/share/hadoop/common/lib/slf4j-log4j12-1.7.10.jar!/org/slf4j/impl/StaticLoggerBinder.class]
[2025-03-23T15:05:15.977+0000] {subprocess.py:93} INFO - SLF4J: See http://www.slf4j.org/codes.html#multiple_bindings for an explanation.
[2025-03-23T15:05:15.979+0000] {subprocess.py:93} INFO - SLF4J: Actual binding is of type [org.apache.logging.slf4j.Log4jLoggerFactory]
[2025-03-23T15:05:17.684+0000] {subprocess.py:93} INFO - 
[2025-03-23T15:05:17.685+0000] {subprocess.py:93} INFO - Logging initialized using configuration in file:/opt/hive/conf/hive-log4j2.properties Async: true
[2025-03-23T15:05:29.701+0000] {subprocess.py:93} INFO - OK
[2025-03-23T15:05:29.703+0000] {subprocess.py:93} INFO - Time taken: 9.14 seconds
[2025-03-23T15:05:29.991+0000] {subprocess.py:93} INFO - OK
[2025-03-23T15:05:29.993+0000] {subprocess.py:93} INFO - Time taken: 0.287 seconds
[2025-03-23T15:05:30.038+0000] {subprocess.py:93} INFO - OK
[2025-03-23T15:05:30.040+0000] {subprocess.py:93} INFO - Time taken: 0.042 seconds
[2025-03-23T15:05:30.069+0000] {subprocess.py:93} INFO - OK
[2025-03-23T15:05:30.070+0000] {subprocess.py:93} INFO - Time taken: 0.029 seconds
[2025-03-23T15:05:30.589+0000] {subprocess.py:97} INFO - Command exited with return code 0
[2025-03-23T15:05:30.635+0000] {taskinstance.py:1398} INFO - Marking task as SUCCESS. dag_id=fraud_detection_pipeline_2, task_id=load_data_hive, execution_date=20250323T150444, start_date=20250323T150513, end_date=20250323T150530
[2025-03-23T15:05:30.655+0000] {logging_mixin.py:151} WARNING - /home/***/.local/lib/python3.8/site-packages/***/utils/email.py:154 RemovedInAirflow3Warning: Fetching SMTP credentials from configuration variables will be deprecated in a future release. Please set credentials using a connection instead.
[2025-03-23T15:05:30.656+0000] {email.py:270} INFO - Email alerting: attempt 1
[2025-03-23T15:05:31.551+0000] {email.py:282} INFO - Sent an alert email to ['abelchaguermohmaed@gmail.com']
[2025-03-23T15:05:32.662+0000] {local_task_job_runner.py:228} INFO - Task exited with return code 0
[2025-03-23T15:05:32.690+0000] {taskinstance.py:2776} INFO - 1 downstream tasks scheduled from follow-on schedule check
