[2025-03-19T15:47:36.726+0000] {taskinstance.py:1157} INFO - Dependencies all met for dep_context=non-requeueable deps ti=<TaskInstance: faud_detection_pipeline.run_fraud_detection scheduled__2023-10-03T09:00:00+00:00 [queued]>
[2025-03-19T15:47:36.770+0000] {taskinstance.py:1157} INFO - Dependencies all met for dep_context=requeueable deps ti=<TaskInstance: faud_detection_pipeline.run_fraud_detection scheduled__2023-10-03T09:00:00+00:00 [queued]>
[2025-03-19T15:47:36.775+0000] {taskinstance.py:1359} INFO - Starting attempt 1 of 2
[2025-03-19T15:47:36.840+0000] {taskinstance.py:1380} INFO - Executing <Task(PythonOperator): run_fraud_detection> on 2023-10-03 09:00:00+00:00
[2025-03-19T15:47:36.865+0000] {standard_task_runner.py:57} INFO - Started process 14661 to run task
[2025-03-19T15:47:36.872+0000] {standard_task_runner.py:84} INFO - Running: ['***', 'tasks', 'run', 'faud_detection_pipeline', 'run_fraud_detection', 'scheduled__2023-10-03T09:00:00+00:00', '--job-id', '1440', '--raw', '--subdir', 'DAGS_FOLDER/dag_1.py', '--cfg-path', '/tmp/tmp39zpekjw']
[2025-03-19T15:47:36.881+0000] {standard_task_runner.py:85} INFO - Job 1440: Subtask run_fraud_detection
[2025-03-19T15:47:37.143+0000] {task_command.py:415} INFO - Running <TaskInstance: faud_detection_pipeline.run_fraud_detection scheduled__2023-10-03T09:00:00+00:00 [running]> on host 0009f5fb76aa
[2025-03-19T15:47:37.551+0000] {taskinstance.py:1660} INFO - Exporting env vars: AIRFLOW_CTX_DAG_OWNER='***' AIRFLOW_CTX_DAG_ID='faud_detection_pipeline' AIRFLOW_CTX_TASK_ID='run_fraud_detection' AIRFLOW_CTX_EXECUTION_DATE='2023-10-03T09:00:00+00:00' AIRFLOW_CTX_TRY_NUMBER='1' AIRFLOW_CTX_DAG_RUN_ID='scheduled__2023-10-03T09:00:00+00:00'
[2025-03-19T15:47:37.614+0000] {taskinstance.py:1935} ERROR - Task failed with exception
Traceback (most recent call last):
  File "/home/airflow/.local/lib/python3.8/site-packages/airflow/operators/python.py", line 192, in execute
    return_value = self.execute_callable()
  File "/home/airflow/.local/lib/python3.8/site-packages/airflow/operators/python.py", line 209, in execute_callable
    return self.python_callable(*self.op_args, **self.op_kwargs)
  File "/opt/airflow/dags/dag_1.py", line 85, in run_fraud_detection
    subprocess.run(["hive", "-e", query])
  File "/usr/local/lib/python3.8/subprocess.py", line 493, in run
    with Popen(*popenargs, **kwargs) as process:
  File "/usr/local/lib/python3.8/subprocess.py", line 858, in __init__
    self._execute_child(args, executable, preexec_fn, close_fds,
  File "/usr/local/lib/python3.8/subprocess.py", line 1720, in _execute_child
    raise child_exception_type(errno_num, err_msg, err_filename)
PermissionError: [Errno 13] Permission denied: 'hive'
[2025-03-19T15:47:37.669+0000] {taskinstance.py:1398} INFO - Marking task as UP_FOR_RETRY. dag_id=faud_detection_pipeline, task_id=run_fraud_detection, execution_date=20231003T090000, start_date=20250319T154736, end_date=20250319T154737
[2025-03-19T15:47:37.718+0000] {standard_task_runner.py:104} ERROR - Failed to execute job 1440 for task run_fraud_detection ([Errno 13] Permission denied: 'hive'; 14661)
[2025-03-19T15:47:37.772+0000] {local_task_job_runner.py:228} INFO - Task exited with return code 1
[2025-03-19T15:47:38.002+0000] {taskinstance.py:2776} INFO - 0 downstream tasks scheduled from follow-on schedule check
