[2025-03-19T11:59:30.688+0000] {taskinstance.py:1157} INFO - Dependencies all met for dep_context=non-requeueable deps ti=<TaskInstance: fraud_detection_pipeline.load_data_hive scheduled__2023-10-06T15:00:00+00:00 [queued]>
[2025-03-19T11:59:30.699+0000] {taskinstance.py:1157} INFO - Dependencies all met for dep_context=requeueable deps ti=<TaskInstance: fraud_detection_pipeline.load_data_hive scheduled__2023-10-06T15:00:00+00:00 [queued]>
[2025-03-19T11:59:30.700+0000] {taskinstance.py:1359} INFO - Starting attempt 2 of 2
[2025-03-19T11:59:30.719+0000] {taskinstance.py:1380} INFO - Executing <Task(BashOperator): load_data_hive> on 2023-10-06 15:00:00+00:00
[2025-03-19T11:59:30.737+0000] {standard_task_runner.py:57} INFO - Started process 2703 to run task
[2025-03-19T11:59:30.743+0000] {standard_task_runner.py:84} INFO - Running: ['***', 'tasks', 'run', 'fraud_detection_pipeline', 'load_data_hive', 'scheduled__2023-10-06T15:00:00+00:00', '--job-id', '434', '--raw', '--subdir', 'DAGS_FOLDER/dag_1.py', '--cfg-path', '/tmp/tmp2m9d1gws']
[2025-03-19T11:59:30.748+0000] {standard_task_runner.py:85} INFO - Job 434: Subtask load_data_hive
[2025-03-19T11:59:30.803+0000] {task_command.py:415} INFO - Running <TaskInstance: fraud_detection_pipeline.load_data_hive scheduled__2023-10-06T15:00:00+00:00 [running]> on host 0009f5fb76aa
[2025-03-19T11:59:30.885+0000] {taskinstance.py:1660} INFO - Exporting env vars: AIRFLOW_CTX_DAG_OWNER='***' AIRFLOW_CTX_DAG_ID='fraud_detection_pipeline' AIRFLOW_CTX_TASK_ID='load_data_hive' AIRFLOW_CTX_EXECUTION_DATE='2023-10-06T15:00:00+00:00' AIRFLOW_CTX_TRY_NUMBER='2' AIRFLOW_CTX_DAG_RUN_ID='scheduled__2023-10-06T15:00:00+00:00'
[2025-03-19T11:59:30.887+0000] {subprocess.py:63} INFO - Tmp dir root location: /tmp
[2025-03-19T11:59:30.888+0000] {subprocess.py:75} INFO - Running command: ['/bin/bash', '-c', 'docker exec hive -f /home/hive_script.hql']
[2025-03-19T11:59:30.900+0000] {subprocess.py:86} INFO - Output:
[2025-03-19T11:59:30.985+0000] {subprocess.py:93} INFO - OCI runtime exec failed: exec failed: unable to start container process: exec: "-f": executable file not found in $PATH: unknown
[2025-03-19T11:59:30.991+0000] {subprocess.py:97} INFO - Command exited with return code 126
[2025-03-19T11:59:31.002+0000] {taskinstance.py:1935} ERROR - Task failed with exception
Traceback (most recent call last):
  File "/home/airflow/.local/lib/python3.8/site-packages/airflow/operators/bash.py", line 210, in execute
    raise AirflowException(
airflow.exceptions.AirflowException: Bash command failed. The command returned a non-zero exit code 126.
[2025-03-19T11:59:31.006+0000] {taskinstance.py:1398} INFO - Marking task as FAILED. dag_id=fraud_detection_pipeline, task_id=load_data_hive, execution_date=20231006T150000, start_date=20250319T115930, end_date=20250319T115931
[2025-03-19T11:59:31.021+0000] {standard_task_runner.py:104} ERROR - Failed to execute job 434 for task load_data_hive (Bash command failed. The command returned a non-zero exit code 126.; 2703)
[2025-03-19T11:59:31.042+0000] {local_task_job_runner.py:228} INFO - Task exited with return code 1
[2025-03-19T11:59:31.064+0000] {taskinstance.py:2776} INFO - 0 downstream tasks scheduled from follow-on schedule check
