[2025-03-22T22:27:35.025+0000] {taskinstance.py:1157} INFO - Dependencies all met for dep_context=non-requeueable deps ti=<TaskInstance: fraud_detection_pipeline_2.store_data_hdfs manual__2025-03-22T22:22:11+00:00 [queued]>
[2025-03-22T22:27:35.035+0000] {taskinstance.py:1157} INFO - Dependencies all met for dep_context=requeueable deps ti=<TaskInstance: fraud_detection_pipeline_2.store_data_hdfs manual__2025-03-22T22:22:11+00:00 [queued]>
[2025-03-22T22:27:35.036+0000] {taskinstance.py:1359} INFO - Starting attempt 2 of 4
[2025-03-22T22:27:35.053+0000] {taskinstance.py:1380} INFO - Executing <Task(BashOperator): store_data_hdfs> on 2025-03-22 22:22:11+00:00
[2025-03-22T22:27:35.059+0000] {standard_task_runner.py:57} INFO - Started process 3555 to run task
[2025-03-22T22:27:35.063+0000] {standard_task_runner.py:84} INFO - Running: ['***', 'tasks', 'run', 'fraud_detection_pipeline_2', 'store_data_hdfs', 'manual__2025-03-22T22:22:11+00:00', '--job-id', '74', '--raw', '--subdir', 'DAGS_FOLDER/dag_2.py', '--cfg-path', '/tmp/tmpq158i_mk']
[2025-03-22T22:27:35.071+0000] {standard_task_runner.py:85} INFO - Job 74: Subtask store_data_hdfs
[2025-03-22T22:27:35.152+0000] {task_command.py:415} INFO - Running <TaskInstance: fraud_detection_pipeline_2.store_data_hdfs manual__2025-03-22T22:22:11+00:00 [running]> on host 4ece88aec9a9
[2025-03-22T22:27:35.255+0000] {taskinstance.py:1660} INFO - Exporting env vars: AIRFLOW_CTX_DAG_EMAIL='abelchaguerm@gmail.com' AIRFLOW_CTX_DAG_OWNER='***' AIRFLOW_CTX_DAG_ID='fraud_detection_pipeline_2' AIRFLOW_CTX_TASK_ID='store_data_hdfs' AIRFLOW_CTX_EXECUTION_DATE='2025-03-22T22:22:11+00:00' AIRFLOW_CTX_TRY_NUMBER='2' AIRFLOW_CTX_DAG_RUN_ID='manual__2025-03-22T22:22:11+00:00'
[2025-03-22T22:27:35.258+0000] {subprocess.py:63} INFO - Tmp dir root location: /tmp
[2025-03-22T22:27:35.260+0000] {subprocess.py:75} INFO - Running command: ['/bin/bash', '-c', 'docker cp /tmp/transactions.csv namenode:/tmp/transactions.csv && docker cp /tmp/customers.csv namenode:/tmp/customers.csv && docker cp /tmp/external_data.csv namenode:/tmp/external_data.csv && docker exec namenode bash -c "hdfs dfs -mkdir -p /data/transactions && hdfs dfs -mkdir -p /data/customers && hdfs dfs -mkdir -p /data/external_data && hdfs dfs -put -f /tmp/transactions.csv /data/transactions/transactions.csv && hdfs dfs -put -f /tmp/customers.csv /data/customers/customers.csv && hdfs dfs -put -f /tmp/external_data.csv /data/external_data/external_data.csv && rm -rf /tmp/transactions.csv /tmp/customers.csv /tmp/external_data.csv"']
[2025-03-22T22:27:35.272+0000] {subprocess.py:86} INFO - Output:
[2025-03-22T22:27:44.331+0000] {subprocess.py:93} INFO - 2025-03-22 22:27:44,329 INFO sasl.SaslDataTransferClient: SASL encryption trust check: localHostTrusted = false, remoteHostTrusted = false
[2025-03-22T22:27:44.582+0000] {subprocess.py:93} INFO - put: File does not exist: /data/transactions/transactions.csv._COPYING_ (inode 19095) Holder DFSClient_NONMAPREDUCE_2134379475_1 does not have any open files.
[2025-03-22T22:27:45.044+0000] {subprocess.py:97} INFO - Command exited with return code 1
[2025-03-22T22:27:45.055+0000] {taskinstance.py:1935} ERROR - Task failed with exception
Traceback (most recent call last):
  File "/home/airflow/.local/lib/python3.8/site-packages/airflow/operators/bash.py", line 210, in execute
    raise AirflowException(
airflow.exceptions.AirflowException: Bash command failed. The command returned a non-zero exit code 1.
[2025-03-22T22:27:45.059+0000] {taskinstance.py:1398} INFO - Marking task as UP_FOR_RETRY. dag_id=fraud_detection_pipeline_2, task_id=store_data_hdfs, execution_date=20250322T222211, start_date=20250322T222735, end_date=20250322T222745
[2025-03-22T22:27:45.084+0000] {logging_mixin.py:151} WARNING - /home/***/.local/lib/python3.8/site-packages/***/utils/email.py:154 RemovedInAirflow3Warning: Fetching SMTP credentials from configuration variables will be deprecated in a future release. Please set credentials using a connection instead.
[2025-03-22T22:27:45.084+0000] {email.py:270} INFO - Email alerting: attempt 1
[2025-03-22T22:27:45.554+0000] {email.py:282} INFO - Sent an alert email to ['abelchaguerm@gmail.com']
[2025-03-22T22:27:47.027+0000] {standard_task_runner.py:104} ERROR - Failed to execute job 74 for task store_data_hdfs (Bash command failed. The command returned a non-zero exit code 1.; 3555)
[2025-03-22T22:27:47.057+0000] {local_task_job_runner.py:228} INFO - Task exited with return code 1
[2025-03-22T22:27:47.077+0000] {taskinstance.py:2776} INFO - 0 downstream tasks scheduled from follow-on schedule check
