[2025-03-22T22:37:59.888+0000] {taskinstance.py:1157} INFO - Dependencies all met for dep_context=non-requeueable deps ti=<TaskInstance: fraud_detection_pipeline_2.store_data_hdfs manual__2025-03-22T22:22:11+00:00 [queued]>
[2025-03-22T22:37:59.899+0000] {taskinstance.py:1157} INFO - Dependencies all met for dep_context=requeueable deps ti=<TaskInstance: fraud_detection_pipeline_2.store_data_hdfs manual__2025-03-22T22:22:11+00:00 [queued]>
[2025-03-22T22:37:59.900+0000] {taskinstance.py:1359} INFO - Starting attempt 4 of 4
[2025-03-22T22:37:59.917+0000] {taskinstance.py:1380} INFO - Executing <Task(BashOperator): store_data_hdfs> on 2025-03-22 22:22:11+00:00
[2025-03-22T22:37:59.924+0000] {standard_task_runner.py:57} INFO - Started process 3934 to run task
[2025-03-22T22:37:59.928+0000] {standard_task_runner.py:84} INFO - Running: ['***', 'tasks', 'run', 'fraud_detection_pipeline_2', 'store_data_hdfs', 'manual__2025-03-22T22:22:11+00:00', '--job-id', '79', '--raw', '--subdir', 'DAGS_FOLDER/dag_2.py', '--cfg-path', '/tmp/tmp8_hhinwx']
[2025-03-22T22:37:59.936+0000] {standard_task_runner.py:85} INFO - Job 79: Subtask store_data_hdfs
[2025-03-22T22:37:59.997+0000] {task_command.py:415} INFO - Running <TaskInstance: fraud_detection_pipeline_2.store_data_hdfs manual__2025-03-22T22:22:11+00:00 [running]> on host 4ece88aec9a9
[2025-03-22T22:38:00.085+0000] {taskinstance.py:1660} INFO - Exporting env vars: AIRFLOW_CTX_DAG_EMAIL='abelchaguerm@gmail.com' AIRFLOW_CTX_DAG_OWNER='***' AIRFLOW_CTX_DAG_ID='fraud_detection_pipeline_2' AIRFLOW_CTX_TASK_ID='store_data_hdfs' AIRFLOW_CTX_EXECUTION_DATE='2025-03-22T22:22:11+00:00' AIRFLOW_CTX_TRY_NUMBER='4' AIRFLOW_CTX_DAG_RUN_ID='manual__2025-03-22T22:22:11+00:00'
[2025-03-22T22:38:00.087+0000] {subprocess.py:63} INFO - Tmp dir root location: /tmp
[2025-03-22T22:38:00.089+0000] {subprocess.py:75} INFO - Running command: ['/bin/bash', '-c', 'docker cp /tmp/transactions.csv namenode:/tmp/transactions.csv && docker cp /tmp/customers.csv namenode:/tmp/customers.csv && docker cp /tmp/external_data.csv namenode:/tmp/external_data.csv && docker exec namenode bash -c "hdfs dfs -mkdir -p /data/transactions && hdfs dfs -mkdir -p /data/customers && hdfs dfs -mkdir -p /data/external_data && hdfs dfs -put -f /tmp/transactions.csv /data/transactions/transactions.csv && hdfs dfs -put -f /tmp/customers.csv /data/customers/customers.csv && hdfs dfs -put -f /tmp/external_data.csv /data/external_data/external_data.csv && rm -rf /tmp/transactions.csv /tmp/customers.csv /tmp/external_data.csv"']
[2025-03-22T22:38:00.101+0000] {subprocess.py:86} INFO - Output:
[2025-03-22T22:38:08.994+0000] {subprocess.py:93} INFO - 2025-03-22 22:38:08,991 INFO sasl.SaslDataTransferClient: SASL encryption trust check: localHostTrusted = false, remoteHostTrusted = false
[2025-03-22T22:38:09.155+0000] {subprocess.py:93} INFO - put: File does not exist: /data/transactions/transactions.csv._COPYING_ (inode 19101) Holder DFSClient_NONMAPREDUCE_-154790794_1 does not have any open files.
[2025-03-22T22:38:09.621+0000] {subprocess.py:97} INFO - Command exited with return code 1
[2025-03-22T22:38:09.633+0000] {taskinstance.py:1935} ERROR - Task failed with exception
Traceback (most recent call last):
  File "/home/airflow/.local/lib/python3.8/site-packages/airflow/operators/bash.py", line 210, in execute
    raise AirflowException(
airflow.exceptions.AirflowException: Bash command failed. The command returned a non-zero exit code 1.
[2025-03-22T22:38:09.637+0000] {taskinstance.py:1398} INFO - Marking task as FAILED. dag_id=fraud_detection_pipeline_2, task_id=store_data_hdfs, execution_date=20250322T222211, start_date=20250322T223759, end_date=20250322T223809
[2025-03-22T22:38:09.660+0000] {logging_mixin.py:151} WARNING - /home/***/.local/lib/python3.8/site-packages/***/utils/email.py:154 RemovedInAirflow3Warning: Fetching SMTP credentials from configuration variables will be deprecated in a future release. Please set credentials using a connection instead.
[2025-03-22T22:38:09.661+0000] {email.py:270} INFO - Email alerting: attempt 1
[2025-03-22T22:38:10.186+0000] {email.py:282} INFO - Sent an alert email to ['abelchaguerm@gmail.com']
[2025-03-22T22:38:11.363+0000] {email.py:270} INFO - Email alerting: attempt 1
[2025-03-22T22:38:11.828+0000] {email.py:282} INFO - Sent an alert email to ['abelchaguerm@gmail.com']
[2025-03-22T22:38:13.961+0000] {standard_task_runner.py:104} ERROR - Failed to execute job 79 for task store_data_hdfs (Bash command failed. The command returned a non-zero exit code 1.; 3934)
[2025-03-22T22:38:13.978+0000] {local_task_job_runner.py:228} INFO - Task exited with return code 1
[2025-03-22T22:38:14.002+0000] {taskinstance.py:2776} INFO - 0 downstream tasks scheduled from follow-on schedule check
