[2025-03-19T11:37:17.394+0000] {taskinstance.py:1157} INFO - Dependencies all met for dep_context=non-requeueable deps ti=<TaskInstance: fraud_detection_pipeline.store_data_hdfs scheduled__2023-10-04T10:00:00+00:00 [queued]>
[2025-03-19T11:37:17.445+0000] {taskinstance.py:1157} INFO - Dependencies all met for dep_context=requeueable deps ti=<TaskInstance: fraud_detection_pipeline.store_data_hdfs scheduled__2023-10-04T10:00:00+00:00 [queued]>
[2025-03-19T11:37:17.450+0000] {taskinstance.py:1359} INFO - Starting attempt 1 of 2
[2025-03-19T11:37:17.529+0000] {taskinstance.py:1380} INFO - Executing <Task(BashOperator): store_data_hdfs> on 2023-10-04 10:00:00+00:00
[2025-03-19T11:37:17.565+0000] {standard_task_runner.py:57} INFO - Started process 6523 to run task
[2025-03-19T11:37:17.611+0000] {standard_task_runner.py:84} INFO - Running: ['***', 'tasks', 'run', 'fraud_detection_pipeline', 'store_data_hdfs', 'scheduled__2023-10-04T10:00:00+00:00', '--job-id', '230', '--raw', '--subdir', 'DAGS_FOLDER/dag_1.py', '--cfg-path', '/tmp/tmpk9s0lehz']
[2025-03-19T11:37:17.630+0000] {standard_task_runner.py:85} INFO - Job 230: Subtask store_data_hdfs
[2025-03-19T11:37:18.041+0000] {task_command.py:415} INFO - Running <TaskInstance: fraud_detection_pipeline.store_data_hdfs scheduled__2023-10-04T10:00:00+00:00 [running]> on host 0009f5fb76aa
[2025-03-19T11:37:18.447+0000] {taskinstance.py:1660} INFO - Exporting env vars: AIRFLOW_CTX_DAG_OWNER='***' AIRFLOW_CTX_DAG_ID='fraud_detection_pipeline' AIRFLOW_CTX_TASK_ID='store_data_hdfs' AIRFLOW_CTX_EXECUTION_DATE='2023-10-04T10:00:00+00:00' AIRFLOW_CTX_TRY_NUMBER='1' AIRFLOW_CTX_DAG_RUN_ID='scheduled__2023-10-04T10:00:00+00:00'
[2025-03-19T11:37:18.455+0000] {subprocess.py:63} INFO - Tmp dir root location: /tmp
[2025-03-19T11:37:18.471+0000] {subprocess.py:75} INFO - Running command: ['/bin/bash', '-c', 'docker cp /tmp/transactions.json namenode:/tmp/transactions.json && docker cp /tmp/customers.json namenode:/tmp/customers.json && docker cp /tmp/external_data.json namenode:/tmp/external_data.json && rm -rf /tmp/external_data.json  && rm -rf /tmp/external_data.json namenode:/tmp/external_data.json && rm -rf /tmp/external_data.json namenode:/tmp/external_data.json && docker exec namenode bash -c "hdfs dfs -mkdir -p /data && hdfs dfs -put -f /tmp/transactions.json /data/transactions.json && hdfs dfs -put -f /tmp/customers.json /data/customers.json && hdfs dfs -put -f /tmp/external_data.json /data/external_data.json"']
[2025-03-19T11:37:18.537+0000] {subprocess.py:86} INFO - Output:
[2025-03-19T11:37:36.824+0000] {subprocess.py:93} INFO - 2025-03-19 11:37:36,820 INFO sasl.SaslDataTransferClient: SASL encryption trust check: localHostTrusted = false, remoteHostTrusted = false
[2025-03-19T11:37:40.605+0000] {subprocess.py:93} INFO - 2025-03-19 11:37:40,602 INFO sasl.SaslDataTransferClient: SASL encryption trust check: localHostTrusted = false, remoteHostTrusted = false
[2025-03-19T11:37:40.996+0000] {subprocess.py:93} INFO - put: File does not exist: /data/customers.json._COPYING_ (inode 16402) Holder DFSClient_NONMAPREDUCE_-1408590963_1 does not have any open files.
[2025-03-19T11:37:42.070+0000] {subprocess.py:97} INFO - Command exited with return code 1
[2025-03-19T11:37:42.150+0000] {taskinstance.py:1935} ERROR - Task failed with exception
Traceback (most recent call last):
  File "/home/airflow/.local/lib/python3.8/site-packages/airflow/operators/bash.py", line 210, in execute
    raise AirflowException(
airflow.exceptions.AirflowException: Bash command failed. The command returned a non-zero exit code 1.
[2025-03-19T11:37:42.164+0000] {taskinstance.py:1398} INFO - Marking task as UP_FOR_RETRY. dag_id=fraud_detection_pipeline, task_id=store_data_hdfs, execution_date=20231004T100000, start_date=20250319T113717, end_date=20250319T113742
[2025-03-19T11:37:42.376+0000] {standard_task_runner.py:104} ERROR - Failed to execute job 230 for task store_data_hdfs (Bash command failed. The command returned a non-zero exit code 1.; 6523)
[2025-03-19T11:37:42.941+0000] {local_task_job_runner.py:228} INFO - Task exited with return code 1
[2025-03-19T11:37:43.458+0000] {taskinstance.py:2776} INFO - 0 downstream tasks scheduled from follow-on schedule check
