[2025-03-19T21:32:11.605+0000] {taskinstance.py:1157} INFO - Dependencies all met for dep_context=non-requeueable deps ti=<TaskInstance: fraud_detection_pipeline.store_data_hdfs manual__2025-03-19T21:32:08.107934+00:00 [queued]>
[2025-03-19T21:32:11.622+0000] {taskinstance.py:1157} INFO - Dependencies all met for dep_context=requeueable deps ti=<TaskInstance: fraud_detection_pipeline.store_data_hdfs manual__2025-03-19T21:32:08.107934+00:00 [queued]>
[2025-03-19T21:32:11.623+0000] {taskinstance.py:1359} INFO - Starting attempt 1 of 1
[2025-03-19T21:32:11.657+0000] {taskinstance.py:1380} INFO - Executing <Task(BashOperator): store_data_hdfs> on 2025-03-19 21:32:08.107934+00:00
[2025-03-19T21:32:11.668+0000] {standard_task_runner.py:57} INFO - Started process 11596 to run task
[2025-03-19T21:32:11.675+0000] {standard_task_runner.py:84} INFO - Running: ['***', 'tasks', 'run', 'fraud_detection_pipeline', 'store_data_hdfs', 'manual__2025-03-19T21:32:08.107934+00:00', '--job-id', '3487', '--raw', '--subdir', 'DAGS_FOLDER/dag_1.py', '--cfg-path', '/tmp/tmpyqheojsr']
[2025-03-19T21:32:11.685+0000] {standard_task_runner.py:85} INFO - Job 3487: Subtask store_data_hdfs
[2025-03-19T21:32:11.776+0000] {task_command.py:415} INFO - Running <TaskInstance: fraud_detection_pipeline.store_data_hdfs manual__2025-03-19T21:32:08.107934+00:00 [running]> on host 445fc0f18383
[2025-03-19T21:32:11.920+0000] {taskinstance.py:1660} INFO - Exporting env vars: AIRFLOW_CTX_DAG_OWNER='***' AIRFLOW_CTX_DAG_ID='fraud_detection_pipeline' AIRFLOW_CTX_TASK_ID='store_data_hdfs' AIRFLOW_CTX_EXECUTION_DATE='2025-03-19T21:32:08.107934+00:00' AIRFLOW_CTX_TRY_NUMBER='1' AIRFLOW_CTX_DAG_RUN_ID='manual__2025-03-19T21:32:08.107934+00:00'
[2025-03-19T21:32:11.923+0000] {subprocess.py:63} INFO - Tmp dir root location: /tmp
[2025-03-19T21:32:11.925+0000] {subprocess.py:75} INFO - Running command: ['/bin/bash', '-c', 'docker cp /tmp/transactions.csv namenode:/tmp/transactions.csv && docker cp /tmp/customers.csv namenode:/tmp/customers.csv && docker cp /tmp/external_data.csv namenode:/tmp/external_data.csv && docker exec namenode bash -c "hdfs dfs -mkdir -p /data/transactions && hdfs dfs -mkdir -p /data/customers && hdfs dfs -mkdir -p /data/external_data && hdfs dfs -put -f /tmp/transactions.csv /data/transactions/transactions.csv && hdfs dfs -put -f /tmp/customers.csv /data/customers/customers.csv && hdfs dfs -put -f /tmp/external_data.csv /data/external_data/external_data.csv && rm -rf /tmp/transactions.csv /tmp/customers.csv /tmp/external_data.csv"']
[2025-03-19T21:32:11.938+0000] {subprocess.py:86} INFO - Output:
[2025-03-19T21:32:22.801+0000] {subprocess.py:93} INFO - put: `/tmp/transactions.csv': No such file or directory
[2025-03-19T21:32:23.273+0000] {subprocess.py:97} INFO - Command exited with return code 1
[2025-03-19T21:32:23.288+0000] {taskinstance.py:1935} ERROR - Task failed with exception
Traceback (most recent call last):
  File "/home/airflow/.local/lib/python3.8/site-packages/airflow/operators/bash.py", line 210, in execute
    raise AirflowException(
airflow.exceptions.AirflowException: Bash command failed. The command returned a non-zero exit code 1.
[2025-03-19T21:32:23.295+0000] {taskinstance.py:1398} INFO - Marking task as FAILED. dag_id=fraud_detection_pipeline, task_id=store_data_hdfs, execution_date=20250319T213208, start_date=20250319T213211, end_date=20250319T213223
[2025-03-19T21:32:23.313+0000] {standard_task_runner.py:104} ERROR - Failed to execute job 3487 for task store_data_hdfs (Bash command failed. The command returned a non-zero exit code 1.; 11596)
[2025-03-19T21:32:23.348+0000] {local_task_job_runner.py:228} INFO - Task exited with return code 1
[2025-03-19T21:32:23.376+0000] {taskinstance.py:2776} INFO - 0 downstream tasks scheduled from follow-on schedule check
