[2025-03-20T15:24:08.882+0000] {taskinstance.py:1157} INFO - Dependencies all met for dep_context=non-requeueable deps ti=<TaskInstance: fraud_detection_pipeline.load_data_hive manual__2025-03-20T15:23:51.269578+00:00 [queued]>
[2025-03-20T15:24:08.893+0000] {taskinstance.py:1157} INFO - Dependencies all met for dep_context=requeueable deps ti=<TaskInstance: fraud_detection_pipeline.load_data_hive manual__2025-03-20T15:23:51.269578+00:00 [queued]>
[2025-03-20T15:24:08.894+0000] {taskinstance.py:1359} INFO - Starting attempt 1 of 1
[2025-03-20T15:24:08.911+0000] {taskinstance.py:1380} INFO - Executing <Task(BashOperator): load_data_hive> on 2025-03-20 15:23:51.269578+00:00
[2025-03-20T15:24:08.917+0000] {standard_task_runner.py:57} INFO - Started process 24737 to run task
[2025-03-20T15:24:08.920+0000] {standard_task_runner.py:84} INFO - Running: ['***', 'tasks', 'run', 'fraud_detection_pipeline', 'load_data_hive', 'manual__2025-03-20T15:23:51.269578+00:00', '--job-id', '3538', '--raw', '--subdir', 'DAGS_FOLDER/dag_1.py', '--cfg-path', '/tmp/tmpj22511cf']
[2025-03-20T15:24:08.923+0000] {standard_task_runner.py:85} INFO - Job 3538: Subtask load_data_hive
[2025-03-20T15:24:08.978+0000] {task_command.py:415} INFO - Running <TaskInstance: fraud_detection_pipeline.load_data_hive manual__2025-03-20T15:23:51.269578+00:00 [running]> on host 445fc0f18383
[2025-03-20T15:24:09.068+0000] {taskinstance.py:1660} INFO - Exporting env vars: AIRFLOW_CTX_DAG_OWNER='***' AIRFLOW_CTX_DAG_ID='fraud_detection_pipeline' AIRFLOW_CTX_TASK_ID='load_data_hive' AIRFLOW_CTX_EXECUTION_DATE='2025-03-20T15:23:51.269578+00:00' AIRFLOW_CTX_TRY_NUMBER='1' AIRFLOW_CTX_DAG_RUN_ID='manual__2025-03-20T15:23:51.269578+00:00'
[2025-03-20T15:24:09.070+0000] {subprocess.py:63} INFO - Tmp dir root location: /tmp
[2025-03-20T15:24:09.071+0000] {subprocess.py:75} INFO - Running command: ['/bin/bash', '-c', 'docker exec hive hive -f /home/hive_script.hql']
[2025-03-20T15:24:09.079+0000] {subprocess.py:86} INFO - Output:
[2025-03-20T15:24:11.264+0000] {subprocess.py:93} INFO - SLF4J: Class path contains multiple SLF4J bindings.
[2025-03-20T15:24:11.265+0000] {subprocess.py:93} INFO - SLF4J: Found binding in [jar:file:/opt/hive/lib/log4j-slf4j-impl-2.6.2.jar!/org/slf4j/impl/StaticLoggerBinder.class]
[2025-03-20T15:24:11.266+0000] {subprocess.py:93} INFO - SLF4J: Found binding in [jar:file:/opt/hadoop-2.7.4/share/hadoop/common/lib/slf4j-log4j12-1.7.10.jar!/org/slf4j/impl/StaticLoggerBinder.class]
[2025-03-20T15:24:11.266+0000] {subprocess.py:93} INFO - SLF4J: See http://www.slf4j.org/codes.html#multiple_bindings for an explanation.
[2025-03-20T15:24:11.267+0000] {subprocess.py:93} INFO - SLF4J: Actual binding is of type [org.apache.logging.slf4j.Log4jLoggerFactory]
[2025-03-20T15:24:12.735+0000] {subprocess.py:93} INFO - 
[2025-03-20T15:24:12.736+0000] {subprocess.py:93} INFO - Logging initialized using configuration in file:/opt/hive/conf/hive-log4j2.properties Async: true
[2025-03-20T15:24:15.841+0000] {subprocess.py:93} INFO - NoViableAltException(347@[])
[2025-03-20T15:24:15.842+0000] {subprocess.py:93} INFO - 	at org.apache.hadoop.hive.ql.parse.HiveParser.columnNameTypeOrPKOrFK(HiveParser.java:33341)
[2025-03-20T15:24:15.843+0000] {subprocess.py:93} INFO - 	at org.apache.hadoop.hive.ql.parse.HiveParser.columnNameTypeOrPKOrFKList(HiveParser.java:29513)
[2025-03-20T15:24:15.844+0000] {subprocess.py:93} INFO - 	at org.apache.hadoop.hive.ql.parse.HiveParser.createTableStatement(HiveParser.java:6175)
[2025-03-20T15:24:15.844+0000] {subprocess.py:93} INFO - 	at org.apache.hadoop.hive.ql.parse.HiveParser.ddlStatement(HiveParser.java:3808)
[2025-03-20T15:24:15.845+0000] {subprocess.py:93} INFO - 	at org.apache.hadoop.hive.ql.parse.HiveParser.execStatement(HiveParser.java:2382)
[2025-03-20T15:24:15.846+0000] {subprocess.py:93} INFO - 	at org.apache.hadoop.hive.ql.parse.HiveParser.statement(HiveParser.java:1333)
[2025-03-20T15:24:15.847+0000] {subprocess.py:93} INFO - 	at org.apache.hadoop.hive.ql.parse.ParseDriver.parse(ParseDriver.java:208)
[2025-03-20T15:24:15.847+0000] {subprocess.py:93} INFO - 	at org.apache.hadoop.hive.ql.parse.ParseUtils.parse(ParseUtils.java:77)
[2025-03-20T15:24:15.848+0000] {subprocess.py:93} INFO - 	at org.apache.hadoop.hive.ql.parse.ParseUtils.parse(ParseUtils.java:70)
[2025-03-20T15:24:15.848+0000] {subprocess.py:93} INFO - 	at org.apache.hadoop.hive.ql.Driver.compile(Driver.java:468)
[2025-03-20T15:24:15.849+0000] {subprocess.py:93} INFO - 	at org.apache.hadoop.hive.ql.Driver.compileInternal(Driver.java:1317)
[2025-03-20T15:24:15.850+0000] {subprocess.py:93} INFO - 	at org.apache.hadoop.hive.ql.Driver.runInternal(Driver.java:1457)
[2025-03-20T15:24:15.851+0000] {subprocess.py:93} INFO - 	at org.apache.hadoop.hive.ql.Driver.run(Driver.java:1237)
[2025-03-20T15:24:15.851+0000] {subprocess.py:93} INFO - 	at org.apache.hadoop.hive.ql.Driver.run(Driver.java:1227)
[2025-03-20T15:24:15.852+0000] {subprocess.py:93} INFO - 	at org.apache.hadoop.hive.cli.CliDriver.processLocalCmd(CliDriver.java:233)
[2025-03-20T15:24:15.853+0000] {subprocess.py:93} INFO - 	at org.apache.hadoop.hive.cli.CliDriver.processCmd(CliDriver.java:184)
[2025-03-20T15:24:15.854+0000] {subprocess.py:93} INFO - 	at org.apache.hadoop.hive.cli.CliDriver.processLine(CliDriver.java:403)
[2025-03-20T15:24:15.854+0000] {subprocess.py:93} INFO - 	at org.apache.hadoop.hive.cli.CliDriver.processLine(CliDriver.java:336)
[2025-03-20T15:24:15.855+0000] {subprocess.py:93} INFO - 	at org.apache.hadoop.hive.cli.CliDriver.processReader(CliDriver.java:474)
[2025-03-20T15:24:15.856+0000] {subprocess.py:93} INFO - 	at org.apache.hadoop.hive.cli.CliDriver.processFile(CliDriver.java:490)
[2025-03-20T15:24:15.857+0000] {subprocess.py:93} INFO - 	at org.apache.hadoop.hive.cli.CliDriver.executeDriver(CliDriver.java:793)
[2025-03-20T15:24:15.858+0000] {subprocess.py:93} INFO - 	at org.apache.hadoop.hive.cli.CliDriver.run(CliDriver.java:759)
[2025-03-20T15:24:15.858+0000] {subprocess.py:93} INFO - 	at org.apache.hadoop.hive.cli.CliDriver.main(CliDriver.java:686)
[2025-03-20T15:24:15.859+0000] {subprocess.py:93} INFO - 	at sun.reflect.NativeMethodAccessorImpl.invoke0(Native Method)
[2025-03-20T15:24:15.860+0000] {subprocess.py:93} INFO - 	at sun.reflect.NativeMethodAccessorImpl.invoke(NativeMethodAccessorImpl.java:62)
[2025-03-20T15:24:15.861+0000] {subprocess.py:93} INFO - 	at sun.reflect.DelegatingMethodAccessorImpl.invoke(DelegatingMethodAccessorImpl.java:43)
[2025-03-20T15:24:15.862+0000] {subprocess.py:93} INFO - 	at java.lang.reflect.Method.invoke(Method.java:498)
[2025-03-20T15:24:15.863+0000] {subprocess.py:93} INFO - 	at org.apache.hadoop.util.RunJar.run(RunJar.java:221)
[2025-03-20T15:24:15.863+0000] {subprocess.py:93} INFO - 	at org.apache.hadoop.util.RunJar.main(RunJar.java:136)
[2025-03-20T15:24:15.871+0000] {subprocess.py:93} INFO - FAILED: ParseException line 10:0 cannot recognize input near ')' 'ROW' 'FORMAT' in column name or primary key or foreign key
[2025-03-20T15:24:22.417+0000] {subprocess.py:97} INFO - Command exited with return code 64
[2025-03-20T15:24:22.431+0000] {taskinstance.py:1935} ERROR - Task failed with exception
Traceback (most recent call last):
  File "/home/airflow/.local/lib/python3.8/site-packages/airflow/operators/bash.py", line 210, in execute
    raise AirflowException(
airflow.exceptions.AirflowException: Bash command failed. The command returned a non-zero exit code 64.
[2025-03-20T15:24:22.435+0000] {taskinstance.py:1398} INFO - Marking task as FAILED. dag_id=fraud_detection_pipeline, task_id=load_data_hive, execution_date=20250320T152351, start_date=20250320T152408, end_date=20250320T152422
[2025-03-20T15:24:22.452+0000] {standard_task_runner.py:104} ERROR - Failed to execute job 3538 for task load_data_hive (Bash command failed. The command returned a non-zero exit code 64.; 24737)
[2025-03-20T15:24:22.464+0000] {local_task_job_runner.py:228} INFO - Task exited with return code 1
[2025-03-20T15:24:22.489+0000] {taskinstance.py:2776} INFO - 0 downstream tasks scheduled from follow-on schedule check
