[2025-03-23T15:01:36.376+0000] {taskinstance.py:1157} INFO - Dependencies all met for dep_context=non-requeueable deps ti=<TaskInstance: fraud_detection_pipeline_2.store_data_hdfs manual__2025-03-23T15:01:22+00:00 [queued]>
[2025-03-23T15:01:36.390+0000] {taskinstance.py:1157} INFO - Dependencies all met for dep_context=requeueable deps ti=<TaskInstance: fraud_detection_pipeline_2.store_data_hdfs manual__2025-03-23T15:01:22+00:00 [queued]>
[2025-03-23T15:01:36.390+0000] {taskinstance.py:1359} INFO - Starting attempt 1 of 4
[2025-03-23T15:01:36.413+0000] {taskinstance.py:1380} INFO - Executing <Task(BashOperator): store_data_hdfs> on 2025-03-23 15:01:22+00:00
[2025-03-23T15:01:36.420+0000] {standard_task_runner.py:57} INFO - Started process 11265 to run task
[2025-03-23T15:01:36.425+0000] {standard_task_runner.py:84} INFO - Running: ['***', 'tasks', 'run', 'fraud_detection_pipeline_2', 'store_data_hdfs', 'manual__2025-03-23T15:01:22+00:00', '--job-id', '152', '--raw', '--subdir', 'DAGS_FOLDER/dag_2.py', '--cfg-path', '/tmp/tmp9ymvwujf']
[2025-03-23T15:01:36.429+0000] {standard_task_runner.py:85} INFO - Job 152: Subtask store_data_hdfs
[2025-03-23T15:01:36.552+0000] {task_command.py:415} INFO - Running <TaskInstance: fraud_detection_pipeline_2.store_data_hdfs manual__2025-03-23T15:01:22+00:00 [running]> on host 4ece88aec9a9
[2025-03-23T15:01:36.843+0000] {taskinstance.py:1660} INFO - Exporting env vars: AIRFLOW_CTX_DAG_EMAIL='abelchaguermohmaed@gmail.com' AIRFLOW_CTX_DAG_OWNER='***' AIRFLOW_CTX_DAG_ID='fraud_detection_pipeline_2' AIRFLOW_CTX_TASK_ID='store_data_hdfs' AIRFLOW_CTX_EXECUTION_DATE='2025-03-23T15:01:22+00:00' AIRFLOW_CTX_TRY_NUMBER='1' AIRFLOW_CTX_DAG_RUN_ID='manual__2025-03-23T15:01:22+00:00'
[2025-03-23T15:01:36.846+0000] {subprocess.py:63} INFO - Tmp dir root location: /tmp
[2025-03-23T15:01:36.848+0000] {subprocess.py:75} INFO - Running command: ['/bin/bash', '-c', 'docker cp /tmp/transactions.csv namenode:/tmp/transactions.csv && docker cp /tmp/customers.csv namenode:/tmp/customers.csv && docker cp /tmp/external_data.csv namenode:/tmp/external_data.csv && docker exec namenode bash -c "hdfs dfs -mkdir -p /data/transactions && hdfs dfs -mkdir -p /data/customers && hdfs dfs -mkdir -p /data/external_data && hdfs dfs -put -f /tmp/transactions.csv /data/transactions/transactions.csv && hdfs dfs -put -f /tmp/customers.csv /data/customers/customers.csv && hdfs dfs -put -f /tmp/external_data.csv /data/external_data/external_data.csv && rm -rf /tmp/transactions.csv /tmp/customers.csv /tmp/external_data.csv"']
[2025-03-23T15:01:36.882+0000] {subprocess.py:86} INFO - Output:
[2025-03-23T15:01:48.654+0000] {subprocess.py:93} INFO - 2025-03-23 15:01:48,651 INFO sasl.SaslDataTransferClient: SASL encryption trust check: localHostTrusted = false, remoteHostTrusted = false
[2025-03-23T15:01:51.453+0000] {subprocess.py:93} INFO - 2025-03-23 15:01:51,451 INFO sasl.SaslDataTransferClient: SASL encryption trust check: localHostTrusted = false, remoteHostTrusted = false
[2025-03-23T15:01:53.952+0000] {subprocess.py:93} INFO - 2025-03-23 15:01:53,949 INFO sasl.SaslDataTransferClient: SASL encryption trust check: localHostTrusted = false, remoteHostTrusted = false
[2025-03-23T15:01:54.602+0000] {subprocess.py:97} INFO - Command exited with return code 0
[2025-03-23T15:01:54.637+0000] {taskinstance.py:1398} INFO - Marking task as SUCCESS. dag_id=fraud_detection_pipeline_2, task_id=store_data_hdfs, execution_date=20250323T150122, start_date=20250323T150136, end_date=20250323T150154
[2025-03-23T15:01:54.654+0000] {logging_mixin.py:151} WARNING - /home/***/.local/lib/python3.8/site-packages/***/utils/email.py:154 RemovedInAirflow3Warning: Fetching SMTP credentials from configuration variables will be deprecated in a future release. Please set credentials using a connection instead.
[2025-03-23T15:01:54.655+0000] {email.py:270} INFO - Email alerting: attempt 1
[2025-03-23T15:01:55.533+0000] {email.py:282} INFO - Sent an alert email to ['abelchaguermohmaed@gmail.com']
[2025-03-23T15:01:56.841+0000] {local_task_job_runner.py:228} INFO - Task exited with return code 0
[2025-03-23T15:01:56.889+0000] {taskinstance.py:2776} INFO - 1 downstream tasks scheduled from follow-on schedule check
