[2025-03-19T14:56:22.142+0000] {taskinstance.py:1157} INFO - Dependencies all met for dep_context=non-requeueable deps ti=<TaskInstance: fraud_detection_pipeline.store_data_hdfs scheduled__2023-10-01T14:00:00+00:00 [queued]>
[2025-03-19T14:56:22.186+0000] {taskinstance.py:1157} INFO - Dependencies all met for dep_context=requeueable deps ti=<TaskInstance: fraud_detection_pipeline.store_data_hdfs scheduled__2023-10-01T14:00:00+00:00 [queued]>
[2025-03-19T14:56:22.192+0000] {taskinstance.py:1359} INFO - Starting attempt 1 of 2
[2025-03-19T14:56:22.666+0000] {taskinstance.py:1380} INFO - Executing <Task(BashOperator): store_data_hdfs> on 2023-10-01 14:00:00+00:00
[2025-03-19T14:56:22.686+0000] {standard_task_runner.py:57} INFO - Started process 5278 to run task
[2025-03-19T14:56:22.706+0000] {standard_task_runner.py:84} INFO - Running: ['***', 'tasks', 'run', 'fraud_detection_pipeline', 'store_data_hdfs', 'scheduled__2023-10-01T14:00:00+00:00', '--job-id', '1107', '--raw', '--subdir', 'DAGS_FOLDER/dag_1.py', '--cfg-path', '/tmp/tmptv9rrvx9']
[2025-03-19T14:56:22.712+0000] {standard_task_runner.py:85} INFO - Job 1107: Subtask store_data_hdfs
[2025-03-19T14:56:22.900+0000] {task_command.py:415} INFO - Running <TaskInstance: fraud_detection_pipeline.store_data_hdfs scheduled__2023-10-01T14:00:00+00:00 [running]> on host 0009f5fb76aa
[2025-03-19T14:56:23.176+0000] {taskinstance.py:1660} INFO - Exporting env vars: AIRFLOW_CTX_DAG_OWNER='***' AIRFLOW_CTX_DAG_ID='fraud_detection_pipeline' AIRFLOW_CTX_TASK_ID='store_data_hdfs' AIRFLOW_CTX_EXECUTION_DATE='2023-10-01T14:00:00+00:00' AIRFLOW_CTX_TRY_NUMBER='1' AIRFLOW_CTX_DAG_RUN_ID='scheduled__2023-10-01T14:00:00+00:00'
[2025-03-19T14:56:23.183+0000] {subprocess.py:63} INFO - Tmp dir root location: /tmp
[2025-03-19T14:56:23.191+0000] {subprocess.py:75} INFO - Running command: ['/bin/bash', '-c', 'docker cp /tmp/transactions.json namenode:/tmp/transactions.json && docker cp /tmp/customers.json namenode:/tmp/customers.json && docker cp /tmp/external_data.json namenode:/tmp/external_data.json && rm -rf /tmp/external_data.json  && rm -rf /tmp/customers.json  && rm -rf /tmp/transactions.json  && docker exec namenode bash -c "hdfs dfs -mkdir -p /data && hdfs dfs -put -f /tmp/transactions.json /data/transactions/transactions.json && hdfs dfs -put -f /tmp/customers.json /data/customers/customers.json && hdfs dfs -put -f /tmp/external_data.json /data/external_data/external_data.json && rm -rf /tmp/customers.json  && rm -rf /tmp/customers.json  && rm -rf /tmp/external_data.json "']
[2025-03-19T14:56:23.235+0000] {subprocess.py:86} INFO - Output:
[2025-03-19T14:56:23.398+0000] {subprocess.py:93} INFO - lstat /tmp/transactions.json: no such file or directory
[2025-03-19T14:56:23.405+0000] {subprocess.py:97} INFO - Command exited with return code 1
[2025-03-19T14:56:23.435+0000] {taskinstance.py:1935} ERROR - Task failed with exception
Traceback (most recent call last):
  File "/home/airflow/.local/lib/python3.8/site-packages/airflow/operators/bash.py", line 210, in execute
    raise AirflowException(
airflow.exceptions.AirflowException: Bash command failed. The command returned a non-zero exit code 1.
[2025-03-19T14:56:23.448+0000] {taskinstance.py:1398} INFO - Marking task as UP_FOR_RETRY. dag_id=fraud_detection_pipeline, task_id=store_data_hdfs, execution_date=20231001T140000, start_date=20250319T145622, end_date=20250319T145623
[2025-03-19T14:56:23.507+0000] {standard_task_runner.py:104} ERROR - Failed to execute job 1107 for task store_data_hdfs (Bash command failed. The command returned a non-zero exit code 1.; 5278)
[2025-03-19T14:56:23.581+0000] {local_task_job_runner.py:228} INFO - Task exited with return code 1
[2025-03-19T14:56:23.649+0000] {taskinstance.py:2776} INFO - 0 downstream tasks scheduled from follow-on schedule check
[2025-03-19T19:58:35.887+0000] {taskinstance.py:1157} INFO - Dependencies all met for dep_context=non-requeueable deps ti=<TaskInstance: fraud_detection_pipeline.store_data_hdfs scheduled__2023-10-01T14:00:00+00:00 [queued]>
[2025-03-19T19:58:35.930+0000] {taskinstance.py:1157} INFO - Dependencies all met for dep_context=requeueable deps ti=<TaskInstance: fraud_detection_pipeline.store_data_hdfs scheduled__2023-10-01T14:00:00+00:00 [queued]>
[2025-03-19T19:58:35.932+0000] {taskinstance.py:1359} INFO - Starting attempt 1 of 2
[2025-03-19T19:58:36.040+0000] {taskinstance.py:1380} INFO - Executing <Task(BashOperator): store_data_hdfs> on 2023-10-01 14:00:00+00:00
[2025-03-19T19:58:36.055+0000] {standard_task_runner.py:57} INFO - Started process 47053 to run task
[2025-03-19T19:58:36.074+0000] {standard_task_runner.py:84} INFO - Running: ['***', 'tasks', 'run', 'fraud_detection_pipeline', 'store_data_hdfs', 'scheduled__2023-10-01T14:00:00+00:00', '--job-id', '2885', '--raw', '--subdir', 'DAGS_FOLDER/dag_1.py', '--cfg-path', '/tmp/tmpl9jupxpl']
[2025-03-19T19:58:36.086+0000] {standard_task_runner.py:85} INFO - Job 2885: Subtask store_data_hdfs
[2025-03-19T19:58:36.285+0000] {task_command.py:415} INFO - Running <TaskInstance: fraud_detection_pipeline.store_data_hdfs scheduled__2023-10-01T14:00:00+00:00 [running]> on host 0009f5fb76aa
[2025-03-19T19:58:36.889+0000] {taskinstance.py:1660} INFO - Exporting env vars: AIRFLOW_CTX_DAG_OWNER='***' AIRFLOW_CTX_DAG_ID='fraud_detection_pipeline' AIRFLOW_CTX_TASK_ID='store_data_hdfs' AIRFLOW_CTX_EXECUTION_DATE='2023-10-01T14:00:00+00:00' AIRFLOW_CTX_TRY_NUMBER='2' AIRFLOW_CTX_DAG_RUN_ID='scheduled__2023-10-01T14:00:00+00:00'
[2025-03-19T19:58:36.962+0000] {subprocess.py:63} INFO - Tmp dir root location: /tmp
[2025-03-19T19:58:37.015+0000] {subprocess.py:75} INFO - Running command: ['/bin/bash', '-c', 'docker cp /tmp/transactions.csv namenode:/tmp/transactions.csv && docker cp /tmp/customers.csv namenode:/tmp/customers.csv && docker cp /tmp/external_data.csv namenode:/tmp/external_data.csv && docker exec namenode bash -c "hdfs dfs -mkdir -p /data/transactions && hdfs dfs -mkdir -p /data/customers && hdfs dfs -mkdir -p /data/external_data && hdfs dfs -put -f /tmp/transactions.csv /data/transactions/transactions.csv && hdfs dfs -put -f /tmp/customers.csv /data/customers/customers.csv && hdfs dfs -put -f /tmp/external_data.csv /data/external_data/external_data.csv && rm -rf /tmp/transactions.csv /tmp/customers.csv /tmp/external_data.csv"']
[2025-03-19T19:58:37.119+0000] {subprocess.py:86} INFO - Output:
[2025-03-19T19:58:45.816+0000] {local_task_job_runner.py:294} WARNING - State of this instance has been externally set to None. Terminating instance.
[2025-03-19T19:58:45.827+0000] {process_utils.py:131} INFO - Sending 15 to group 47053. PIDs of all processes in the group: [47056, 47053]
[2025-03-19T19:58:45.841+0000] {process_utils.py:86} INFO - Sending the signal 15 to group 47053
[2025-03-19T19:58:45.851+0000] {taskinstance.py:1630} ERROR - Received SIGTERM. Terminating subprocesses.
[2025-03-19T19:58:45.858+0000] {subprocess.py:104} INFO - Sending SIGTERM signal to process group
[2025-03-19T19:58:45.940+0000] {taskinstance.py:1935} ERROR - Task failed with exception
Traceback (most recent call last):
  File "/home/airflow/.local/lib/python3.8/site-packages/airflow/operators/bash.py", line 201, in execute
    result = self.subprocess_hook.run_command(
  File "/home/airflow/.local/lib/python3.8/site-packages/airflow/hooks/subprocess.py", line 91, in run_command
    for raw_line in iter(self.sub_process.stdout.readline, b""):
  File "/home/airflow/.local/lib/python3.8/site-packages/airflow/models/taskinstance.py", line 1632, in signal_handler
    raise AirflowException("Task received SIGTERM signal")
airflow.exceptions.AirflowException: Task received SIGTERM signal
[2025-03-19T19:58:45.980+0000] {taskinstance.py:1398} INFO - Marking task as FAILED. dag_id=fraud_detection_pipeline, task_id=store_data_hdfs, execution_date=20231001T140000, start_date=20250319T195835, end_date=20250319T195845
[2025-03-19T19:58:46.077+0000] {standard_task_runner.py:104} ERROR - Failed to execute job 2885 for task store_data_hdfs (Task received SIGTERM signal; 47053)
[2025-03-19T19:58:46.301+0000] {process_utils.py:79} INFO - Process psutil.Process(pid=47053, status='terminated', exitcode=1, started='19:58:35') (47053) terminated with exit code 1
[2025-03-19T19:58:46.314+0000] {process_utils.py:79} INFO - Process psutil.Process(pid=47056, status='terminated', started='19:58:36') (47056) terminated with exit code None
