[2025-03-19T15:07:20.928+0000] {taskinstance.py:1157} INFO - Dependencies all met for dep_context=non-requeueable deps ti=<TaskInstance: fraud_detection_pipeline.store_data_hdfs scheduled__2023-10-01T19:00:00+00:00 [queued]>
[2025-03-19T15:07:20.948+0000] {taskinstance.py:1157} INFO - Dependencies all met for dep_context=requeueable deps ti=<TaskInstance: fraud_detection_pipeline.store_data_hdfs scheduled__2023-10-01T19:00:00+00:00 [queued]>
[2025-03-19T15:07:20.949+0000] {taskinstance.py:1359} INFO - Starting attempt 2 of 2
[2025-03-19T15:07:20.981+0000] {taskinstance.py:1380} INFO - Executing <Task(BashOperator): store_data_hdfs> on 2023-10-01 19:00:00+00:00
[2025-03-19T15:07:20.993+0000] {standard_task_runner.py:57} INFO - Started process 7144 to run task
[2025-03-19T15:07:21.003+0000] {standard_task_runner.py:84} INFO - Running: ['***', 'tasks', 'run', 'fraud_detection_pipeline', 'store_data_hdfs', 'scheduled__2023-10-01T19:00:00+00:00', '--job-id', '1164', '--raw', '--subdir', 'DAGS_FOLDER/dag_1.py', '--cfg-path', '/tmp/tmpc3wbbce7']
[2025-03-19T15:07:21.012+0000] {standard_task_runner.py:85} INFO - Job 1164: Subtask store_data_hdfs
[2025-03-19T15:07:21.298+0000] {task_command.py:415} INFO - Running <TaskInstance: fraud_detection_pipeline.store_data_hdfs scheduled__2023-10-01T19:00:00+00:00 [running]> on host 0009f5fb76aa
[2025-03-19T15:07:21.476+0000] {taskinstance.py:1660} INFO - Exporting env vars: AIRFLOW_CTX_DAG_OWNER='***' AIRFLOW_CTX_DAG_ID='fraud_detection_pipeline' AIRFLOW_CTX_TASK_ID='store_data_hdfs' AIRFLOW_CTX_EXECUTION_DATE='2023-10-01T19:00:00+00:00' AIRFLOW_CTX_TRY_NUMBER='2' AIRFLOW_CTX_DAG_RUN_ID='scheduled__2023-10-01T19:00:00+00:00'
[2025-03-19T15:07:21.480+0000] {subprocess.py:63} INFO - Tmp dir root location: /tmp
[2025-03-19T15:07:21.482+0000] {subprocess.py:75} INFO - Running command: ['/bin/bash', '-c', 'docker cp /tmp/transactions.json namenode:/tmp/transactions.json && docker cp /tmp/customers.json namenode:/tmp/customers.json && docker cp /tmp/external_data.json namenode:/tmp/external_data.json && docker exec namenode bash -c "hdfs dfs -mkdir -p /data && hdfs dfs -put -f /tmp/transactions.json /data/transactions/transactions.json && hdfs dfs -put -f /tmp/customers.json /data/customers/customers.json && hdfs dfs -put -f /tmp/external_data.json /data/external_data/external_data.json  "']
[2025-03-19T15:07:21.503+0000] {subprocess.py:86} INFO - Output:
[2025-03-19T15:07:37.776+0000] {subprocess.py:93} INFO - put: `/data/transactions/transactions.json': No such file or directory: `hdfs://namenode:9000/data/transactions/transactions.json'
[2025-03-19T15:07:38.317+0000] {subprocess.py:97} INFO - Command exited with return code 1
[2025-03-19T15:07:38.339+0000] {taskinstance.py:1935} ERROR - Task failed with exception
Traceback (most recent call last):
  File "/home/airflow/.local/lib/python3.8/site-packages/airflow/operators/bash.py", line 210, in execute
    raise AirflowException(
airflow.exceptions.AirflowException: Bash command failed. The command returned a non-zero exit code 1.
[2025-03-19T15:07:38.349+0000] {taskinstance.py:1398} INFO - Marking task as FAILED. dag_id=fraud_detection_pipeline, task_id=store_data_hdfs, execution_date=20231001T190000, start_date=20250319T150720, end_date=20250319T150738
[2025-03-19T15:07:38.382+0000] {standard_task_runner.py:104} ERROR - Failed to execute job 1164 for task store_data_hdfs (Bash command failed. The command returned a non-zero exit code 1.; 7144)
[2025-03-19T15:07:38.419+0000] {local_task_job_runner.py:228} INFO - Task exited with return code 1
[2025-03-19T15:07:38.463+0000] {taskinstance.py:2776} INFO - 0 downstream tasks scheduled from follow-on schedule check
[2025-03-19T21:24:14.342+0000] {taskinstance.py:1157} INFO - Dependencies all met for dep_context=non-requeueable deps ti=<TaskInstance: fraud_detection_pipeline.store_data_hdfs scheduled__2023-10-01T19:00:00+00:00 [queued]>
[2025-03-19T21:24:14.609+0000] {taskinstance.py:1157} INFO - Dependencies all met for dep_context=requeueable deps ti=<TaskInstance: fraud_detection_pipeline.store_data_hdfs scheduled__2023-10-01T19:00:00+00:00 [queued]>
[2025-03-19T21:24:14.616+0000] {taskinstance.py:1359} INFO - Starting attempt 2 of 2
[2025-03-19T21:24:18.131+0000] {taskinstance.py:1380} INFO - Executing <Task(BashOperator): store_data_hdfs> on 2023-10-01 19:00:00+00:00
[2025-03-19T21:24:18.284+0000] {standard_task_runner.py:57} INFO - Started process 8908 to run task
[2025-03-19T21:24:18.388+0000] {standard_task_runner.py:84} INFO - Running: ['***', 'tasks', 'run', 'fraud_detection_pipeline', 'store_data_hdfs', 'scheduled__2023-10-01T19:00:00+00:00', '--job-id', '3378', '--raw', '--subdir', 'DAGS_FOLDER/dag_1.py', '--cfg-path', '/tmp/tmpvnr9_jtl']
[2025-03-19T21:24:18.478+0000] {standard_task_runner.py:85} INFO - Job 3378: Subtask store_data_hdfs
[2025-03-19T21:24:18.667+0000] {task_command.py:415} INFO - Running <TaskInstance: fraud_detection_pipeline.store_data_hdfs scheduled__2023-10-01T19:00:00+00:00 [running]> on host 445fc0f18383
[2025-03-19T21:24:19.849+0000] {taskinstance.py:1660} INFO - Exporting env vars: AIRFLOW_CTX_DAG_OWNER='***' AIRFLOW_CTX_DAG_ID='fraud_detection_pipeline' AIRFLOW_CTX_TASK_ID='store_data_hdfs' AIRFLOW_CTX_EXECUTION_DATE='2023-10-01T19:00:00+00:00' AIRFLOW_CTX_TRY_NUMBER='2' AIRFLOW_CTX_DAG_RUN_ID='scheduled__2023-10-01T19:00:00+00:00'
[2025-03-19T21:24:19.864+0000] {subprocess.py:63} INFO - Tmp dir root location: /tmp
[2025-03-19T21:24:19.883+0000] {subprocess.py:75} INFO - Running command: ['/bin/bash', '-c', 'docker cp /tmp/transactions.csv namenode:/tmp/transactions.csv && docker cp /tmp/customers.csv namenode:/tmp/customers.csv && docker cp /tmp/external_data.csv namenode:/tmp/external_data.csv && docker exec namenode bash -c "hdfs dfs -mkdir -p /data/transactions && hdfs dfs -mkdir -p /data/customers && hdfs dfs -mkdir -p /data/external_data && hdfs dfs -put -f /tmp/transactions.csv /data/transactions/transactions.csv && hdfs dfs -put -f /tmp/customers.csv /data/customers/customers.csv && hdfs dfs -put -f /tmp/external_data.csv /data/external_data/external_data.csv && rm -rf /tmp/transactions.csv /tmp/customers.csv /tmp/external_data.csv"']
[2025-03-19T21:24:20.178+0000] {subprocess.py:86} INFO - Output:
[2025-03-19T21:25:40.467+0000] {subprocess.py:93} INFO - put: `/tmp/transactions.csv': No such file or directory
[2025-03-19T21:25:40.960+0000] {subprocess.py:97} INFO - Command exited with return code 1
[2025-03-19T21:25:40.980+0000] {taskinstance.py:1935} ERROR - Task failed with exception
Traceback (most recent call last):
  File "/home/airflow/.local/lib/python3.8/site-packages/airflow/operators/bash.py", line 210, in execute
    raise AirflowException(
airflow.exceptions.AirflowException: Bash command failed. The command returned a non-zero exit code 1.
[2025-03-19T21:25:40.986+0000] {taskinstance.py:1398} INFO - Marking task as FAILED. dag_id=fraud_detection_pipeline, task_id=store_data_hdfs, execution_date=20231001T190000, start_date=20250319T212414, end_date=20250319T212540
[2025-03-19T21:25:41.008+0000] {standard_task_runner.py:104} ERROR - Failed to execute job 3378 for task store_data_hdfs (Bash command failed. The command returned a non-zero exit code 1.; 8908)
[2025-03-19T21:25:41.024+0000] {local_task_job_runner.py:228} INFO - Task exited with return code 1
[2025-03-19T21:25:41.059+0000] {taskinstance.py:2776} INFO - 0 downstream tasks scheduled from follow-on schedule check
