[2025-03-22T21:43:54.913+0000] {taskinstance.py:1157} INFO - Dependencies all met for dep_context=non-requeueable deps ti=<TaskInstance: fraud_detection_pipeline.load_data_hive manual__2025-03-22T21:31:52+00:00 [queued]>
[2025-03-22T21:43:54.923+0000] {taskinstance.py:1157} INFO - Dependencies all met for dep_context=requeueable deps ti=<TaskInstance: fraud_detection_pipeline.load_data_hive manual__2025-03-22T21:31:52+00:00 [queued]>
[2025-03-22T21:43:54.925+0000] {taskinstance.py:1359} INFO - Starting attempt 3 of 4
[2025-03-22T21:43:54.939+0000] {taskinstance.py:1380} INFO - Executing <Task(BashOperator): load_data_hive> on 2025-03-22 21:31:52+00:00
[2025-03-22T21:43:54.947+0000] {standard_task_runner.py:57} INFO - Started process 2198 to run task
[2025-03-22T21:43:54.952+0000] {standard_task_runner.py:84} INFO - Running: ['***', 'tasks', 'run', 'fraud_detection_pipeline', 'load_data_hive', 'manual__2025-03-22T21:31:52+00:00', '--job-id', '43', '--raw', '--subdir', 'DAGS_FOLDER/dag_1.py', '--cfg-path', '/tmp/tmp9xt_twud']
[2025-03-22T21:43:54.959+0000] {standard_task_runner.py:85} INFO - Job 43: Subtask load_data_hive
[2025-03-22T21:43:55.026+0000] {task_command.py:415} INFO - Running <TaskInstance: fraud_detection_pipeline.load_data_hive manual__2025-03-22T21:31:52+00:00 [running]> on host 4ece88aec9a9
[2025-03-22T21:43:55.116+0000] {taskinstance.py:1660} INFO - Exporting env vars: AIRFLOW_CTX_DAG_EMAIL='abelchaguermohamed@gmail.com' AIRFLOW_CTX_DAG_OWNER='***' AIRFLOW_CTX_DAG_ID='fraud_detection_pipeline' AIRFLOW_CTX_TASK_ID='load_data_hive' AIRFLOW_CTX_EXECUTION_DATE='2025-03-22T21:31:52+00:00' AIRFLOW_CTX_TRY_NUMBER='3' AIRFLOW_CTX_DAG_RUN_ID='manual__2025-03-22T21:31:52+00:00'
[2025-03-22T21:43:55.118+0000] {subprocess.py:63} INFO - Tmp dir root location: /tmp
[2025-03-22T21:43:55.120+0000] {subprocess.py:75} INFO - Running command: ['/bin/bash', '-c', 'docker exec hive hive -f /home/hive_script.hql']
[2025-03-22T21:43:55.132+0000] {subprocess.py:86} INFO - Output:
[2025-03-22T21:43:57.223+0000] {subprocess.py:93} INFO - SLF4J: Class path contains multiple SLF4J bindings.
[2025-03-22T21:43:57.224+0000] {subprocess.py:93} INFO - SLF4J: Found binding in [jar:file:/opt/hive/lib/log4j-slf4j-impl-2.6.2.jar!/org/slf4j/impl/StaticLoggerBinder.class]
[2025-03-22T21:43:57.226+0000] {subprocess.py:93} INFO - SLF4J: Found binding in [jar:file:/opt/hadoop-2.7.4/share/hadoop/common/lib/slf4j-log4j12-1.7.10.jar!/org/slf4j/impl/StaticLoggerBinder.class]
[2025-03-22T21:43:57.226+0000] {subprocess.py:93} INFO - SLF4J: See http://www.slf4j.org/codes.html#multiple_bindings for an explanation.
[2025-03-22T21:43:57.227+0000] {subprocess.py:93} INFO - SLF4J: Actual binding is of type [org.apache.logging.slf4j.Log4jLoggerFactory]
[2025-03-22T21:43:58.750+0000] {subprocess.py:93} INFO - 
[2025-03-22T21:43:58.751+0000] {subprocess.py:93} INFO - Logging initialized using configuration in file:/opt/hive/conf/hive-log4j2.properties Async: true
[2025-03-22T21:44:17.336+0000] {subprocess.py:93} INFO - OK
[2025-03-22T21:44:17.342+0000] {subprocess.py:93} INFO - Time taken: 16.341 seconds
[2025-03-22T21:44:18.108+0000] {subprocess.py:93} INFO - OK
[2025-03-22T21:44:18.182+0000] {subprocess.py:93} INFO - Time taken: 0.723 seconds
[2025-03-22T21:44:18.216+0000] {subprocess.py:93} INFO - OK
[2025-03-22T21:44:18.226+0000] {subprocess.py:93} INFO - Time taken: 0.083 seconds
[2025-03-22T21:44:18.278+0000] {subprocess.py:93} INFO - OK
[2025-03-22T21:44:18.280+0000] {subprocess.py:93} INFO - Time taken: 0.119 seconds
[2025-03-22T21:44:18.954+0000] {subprocess.py:97} INFO - Command exited with return code 0
[2025-03-22T21:44:19.007+0000] {taskinstance.py:1398} INFO - Marking task as SUCCESS. dag_id=fraud_detection_pipeline, task_id=load_data_hive, execution_date=20250322T213152, start_date=20250322T214354, end_date=20250322T214419
[2025-03-22T21:44:19.038+0000] {logging_mixin.py:151} WARNING - /home/***/.local/lib/python3.8/site-packages/***/utils/email.py:154 RemovedInAirflow3Warning: Fetching SMTP credentials from configuration variables will be deprecated in a future release. Please set credentials using a connection instead.
[2025-03-22T21:44:19.040+0000] {email.py:270} INFO - Email alerting: attempt 1
[2025-03-22T21:44:20.380+0000] {email.py:282} INFO - Sent an alert email to ['abelchaguermohamed@gmail.com']
[2025-03-22T21:44:21.484+0000] {local_task_job_runner.py:228} INFO - Task exited with return code 0
[2025-03-22T21:44:21.566+0000] {taskinstance.py:2776} INFO - 1 downstream tasks scheduled from follow-on schedule check
