[2025-03-21T20:34:31.660+0000] {taskinstance.py:1157} INFO - Dependencies all met for dep_context=non-requeueable deps ti=<TaskInstance: fraud_detection_pipeline.run_fraud_detection manual__2025-03-21T20:33:18+00:00 [queued]>
[2025-03-21T20:34:31.673+0000] {taskinstance.py:1157} INFO - Dependencies all met for dep_context=requeueable deps ti=<TaskInstance: fraud_detection_pipeline.run_fraud_detection manual__2025-03-21T20:33:18+00:00 [queued]>
[2025-03-21T20:34:31.674+0000] {taskinstance.py:1359} INFO - Starting attempt 1 of 4
[2025-03-21T20:34:31.690+0000] {taskinstance.py:1380} INFO - Executing <Task(PythonOperator): run_fraud_detection> on 2025-03-21 20:33:18+00:00
[2025-03-21T20:34:31.698+0000] {standard_task_runner.py:57} INFO - Started process 926 to run task
[2025-03-21T20:34:31.702+0000] {standard_task_runner.py:84} INFO - Running: ['***', 'tasks', 'run', 'fraud_detection_pipeline', 'run_fraud_detection', 'manual__2025-03-21T20:33:18+00:00', '--job-id', '3643', '--raw', '--subdir', 'DAGS_FOLDER/dag_1.py', '--cfg-path', '/tmp/tmpkyn50iyl']
[2025-03-21T20:34:31.706+0000] {standard_task_runner.py:85} INFO - Job 3643: Subtask run_fraud_detection
[2025-03-21T20:34:31.822+0000] {task_command.py:415} INFO - Running <TaskInstance: fraud_detection_pipeline.run_fraud_detection manual__2025-03-21T20:33:18+00:00 [running]> on host f665883f3a95
[2025-03-21T20:34:31.966+0000] {taskinstance.py:1660} INFO - Exporting env vars: AIRFLOW_CTX_DAG_EMAIL='abelchaguermohamed@gmail.com' AIRFLOW_CTX_DAG_OWNER='***' AIRFLOW_CTX_DAG_ID='fraud_detection_pipeline' AIRFLOW_CTX_TASK_ID='run_fraud_detection' AIRFLOW_CTX_EXECUTION_DATE='2025-03-21T20:33:18+00:00' AIRFLOW_CTX_TRY_NUMBER='1' AIRFLOW_CTX_DAG_RUN_ID='manual__2025-03-21T20:33:18+00:00'
[2025-03-21T20:34:50.835+0000] {logging_mixin.py:151} INFO - Suspicious Transactions Detected:
[2025-03-21T20:34:50.836+0000] {python.py:194} INFO - Done. Returned value was: None
[2025-03-21T20:34:50.853+0000] {taskinstance.py:1398} INFO - Marking task as SUCCESS. dag_id=fraud_detection_pipeline, task_id=run_fraud_detection, execution_date=20250321T203318, start_date=20250321T203431, end_date=20250321T203450
[2025-03-21T20:34:50.868+0000] {logging_mixin.py:151} WARNING - /home/***/.local/lib/python3.8/site-packages/***/utils/email.py:154 RemovedInAirflow3Warning: Fetching SMTP credentials from configuration variables will be deprecated in a future release. Please set credentials using a connection instead.
[2025-03-21T20:34:50.869+0000] {email.py:270} INFO - Email alerting: attempt 1
[2025-03-21T20:34:52.384+0000] {taskinstance.py:1703} ERROR - Error when executing notify_success callback
Traceback (most recent call last):
  File "/home/airflow/.local/lib/python3.8/site-packages/airflow/models/taskinstance.py", line 1700, in _run_finished_callback
    callback(context)
  File "/opt/airflow/dags/dag_1.py", line 29, in notify_success
    send_email(to=email, subject=subject, html_content=html_content)
  File "/home/airflow/.local/lib/python3.8/site-packages/airflow/utils/email.py", line 80, in send_email
    return backend(
  File "/home/airflow/.local/lib/python3.8/site-packages/airflow/utils/email.py", line 154, in send_email_smtp
    send_mime_email(e_from=mail_from, e_to=recipients, mime_msg=msg, conn_id=conn_id, dryrun=dryrun)
  File "/home/airflow/.local/lib/python3.8/site-packages/airflow/utils/email.py", line 281, in send_mime_email
    smtp_conn.login(smtp_user, smtp_password)
  File "/usr/local/lib/python3.8/smtplib.py", line 748, in login
    raise last_exception
  File "/usr/local/lib/python3.8/smtplib.py", line 737, in login
    (code, resp) = self.auth(
  File "/usr/local/lib/python3.8/smtplib.py", line 660, in auth
    raise SMTPAuthenticationError(code, resp)
smtplib.SMTPAuthenticationError: (535, b'5.7.8 Username and Password not accepted. For more information, go to\n5.7.8  https://support.google.com/mail/?p=BadCredentials 5b1f17b1804b1-43d43f33237sm87990385e9.4 - gsmtp')
[2025-03-21T20:34:52.466+0000] {local_task_job_runner.py:228} INFO - Task exited with return code 0
[2025-03-21T20:34:52.486+0000] {taskinstance.py:2776} INFO - 1 downstream tasks scheduled from follow-on schedule check
