[2025-03-18T23:27:01.640+0000] {processor.py:157} INFO - Started process (PID=220) to work on /opt/airflow/dags/dag_4.py
[2025-03-18T23:27:01.642+0000] {processor.py:829} INFO - Processing file /opt/airflow/dags/dag_4.py for tasks to queue
[2025-03-18T23:27:01.643+0000] {logging_mixin.py:151} INFO - [2025-03-18T23:27:01.642+0000] {dagbag.py:539} INFO - Filling up the DagBag from /opt/airflow/dags/dag_4.py
[2025-03-18T23:27:01.684+0000] {logging_mixin.py:151} INFO - [2025-03-18T23:27:01.674+0000] {dagbag.py:347} ERROR - Failed to import: /opt/airflow/dags/dag_4.py
Traceback (most recent call last):
  File "/home/airflow/.local/lib/python3.8/site-packages/airflow/models/dagbag.py", line 343, in parse
    loader.exec_module(new_module)
  File "<frozen importlib._bootstrap_external>", line 843, in exec_module
  File "<frozen importlib._bootstrap>", line 219, in _call_with_frames_removed
  File "/opt/airflow/dags/dag_4.py", line 2, in <module>
    from airflow.providers.apache.hive.operators.hive import HiveOperator
ModuleNotFoundError: No module named 'airflow.providers.apache'
[2025-03-18T23:27:01.686+0000] {processor.py:841} WARNING - No viable dags retrieved from /opt/airflow/dags/dag_4.py
[2025-03-18T23:27:01.736+0000] {processor.py:179} INFO - Processing /opt/airflow/dags/dag_4.py took 0.101 seconds
[2025-03-18T23:27:32.084+0000] {processor.py:157} INFO - Started process (PID=240) to work on /opt/airflow/dags/dag_4.py
[2025-03-18T23:27:32.087+0000] {processor.py:829} INFO - Processing file /opt/airflow/dags/dag_4.py for tasks to queue
[2025-03-18T23:27:32.088+0000] {logging_mixin.py:151} INFO - [2025-03-18T23:27:32.088+0000] {dagbag.py:539} INFO - Filling up the DagBag from /opt/airflow/dags/dag_4.py
[2025-03-18T23:27:32.114+0000] {logging_mixin.py:151} INFO - [2025-03-18T23:27:32.107+0000] {dagbag.py:347} ERROR - Failed to import: /opt/airflow/dags/dag_4.py
Traceback (most recent call last):
  File "/home/airflow/.local/lib/python3.8/site-packages/airflow/models/dagbag.py", line 343, in parse
    loader.exec_module(new_module)
  File "<frozen importlib._bootstrap_external>", line 843, in exec_module
  File "<frozen importlib._bootstrap>", line 219, in _call_with_frames_removed
  File "/opt/airflow/dags/dag_4.py", line 2, in <module>
    from airflow.providers.apache.hive.operators.hive import HiveOperator
ModuleNotFoundError: No module named 'airflow.providers.apache'
[2025-03-18T23:27:32.115+0000] {processor.py:841} WARNING - No viable dags retrieved from /opt/airflow/dags/dag_4.py
[2025-03-18T23:27:32.155+0000] {processor.py:179} INFO - Processing /opt/airflow/dags/dag_4.py took 0.078 seconds
[2025-03-18T23:28:02.501+0000] {processor.py:157} INFO - Started process (PID=260) to work on /opt/airflow/dags/dag_4.py
[2025-03-18T23:28:02.503+0000] {processor.py:829} INFO - Processing file /opt/airflow/dags/dag_4.py for tasks to queue
[2025-03-18T23:28:02.504+0000] {logging_mixin.py:151} INFO - [2025-03-18T23:28:02.504+0000] {dagbag.py:539} INFO - Filling up the DagBag from /opt/airflow/dags/dag_4.py
[2025-03-18T23:28:02.523+0000] {logging_mixin.py:151} INFO - [2025-03-18T23:28:02.519+0000] {dagbag.py:347} ERROR - Failed to import: /opt/airflow/dags/dag_4.py
Traceback (most recent call last):
  File "/home/airflow/.local/lib/python3.8/site-packages/airflow/models/dagbag.py", line 343, in parse
    loader.exec_module(new_module)
  File "<frozen importlib._bootstrap_external>", line 843, in exec_module
  File "<frozen importlib._bootstrap>", line 219, in _call_with_frames_removed
  File "/opt/airflow/dags/dag_4.py", line 2, in <module>
    from airflow.providers.apache.hive.operators.hive import HiveOperator
ModuleNotFoundError: No module named 'airflow.providers.apache'
[2025-03-18T23:28:02.524+0000] {processor.py:841} WARNING - No viable dags retrieved from /opt/airflow/dags/dag_4.py
[2025-03-18T23:28:02.551+0000] {processor.py:179} INFO - Processing /opt/airflow/dags/dag_4.py took 0.058 seconds
[2025-03-18T23:28:32.909+0000] {processor.py:157} INFO - Started process (PID=280) to work on /opt/airflow/dags/dag_4.py
[2025-03-18T23:28:32.911+0000] {processor.py:829} INFO - Processing file /opt/airflow/dags/dag_4.py for tasks to queue
[2025-03-18T23:28:32.912+0000] {logging_mixin.py:151} INFO - [2025-03-18T23:28:32.912+0000] {dagbag.py:539} INFO - Filling up the DagBag from /opt/airflow/dags/dag_4.py
[2025-03-18T23:28:32.934+0000] {logging_mixin.py:151} INFO - [2025-03-18T23:28:32.929+0000] {dagbag.py:347} ERROR - Failed to import: /opt/airflow/dags/dag_4.py
Traceback (most recent call last):
  File "/home/airflow/.local/lib/python3.8/site-packages/airflow/models/dagbag.py", line 343, in parse
    loader.exec_module(new_module)
  File "<frozen importlib._bootstrap_external>", line 843, in exec_module
  File "<frozen importlib._bootstrap>", line 219, in _call_with_frames_removed
  File "/opt/airflow/dags/dag_4.py", line 2, in <module>
    from airflow.providers.apache.hive.operators.hive import HiveOperator
ModuleNotFoundError: No module named 'airflow.providers.apache'
[2025-03-18T23:28:32.935+0000] {processor.py:841} WARNING - No viable dags retrieved from /opt/airflow/dags/dag_4.py
[2025-03-18T23:28:32.961+0000] {processor.py:179} INFO - Processing /opt/airflow/dags/dag_4.py took 0.059 seconds
[2025-03-18T23:29:03.312+0000] {processor.py:157} INFO - Started process (PID=300) to work on /opt/airflow/dags/dag_4.py
[2025-03-18T23:29:03.313+0000] {processor.py:829} INFO - Processing file /opt/airflow/dags/dag_4.py for tasks to queue
[2025-03-18T23:29:03.314+0000] {logging_mixin.py:151} INFO - [2025-03-18T23:29:03.314+0000] {dagbag.py:539} INFO - Filling up the DagBag from /opt/airflow/dags/dag_4.py
[2025-03-18T23:29:03.333+0000] {logging_mixin.py:151} INFO - [2025-03-18T23:29:03.329+0000] {dagbag.py:347} ERROR - Failed to import: /opt/airflow/dags/dag_4.py
Traceback (most recent call last):
  File "/home/airflow/.local/lib/python3.8/site-packages/airflow/models/dagbag.py", line 343, in parse
    loader.exec_module(new_module)
  File "<frozen importlib._bootstrap_external>", line 843, in exec_module
  File "<frozen importlib._bootstrap>", line 219, in _call_with_frames_removed
  File "/opt/airflow/dags/dag_4.py", line 2, in <module>
    from airflow.providers.apache.hive.operators.hive import HiveOperator
ModuleNotFoundError: No module named 'airflow.providers.apache'
[2025-03-18T23:29:03.334+0000] {processor.py:841} WARNING - No viable dags retrieved from /opt/airflow/dags/dag_4.py
[2025-03-18T23:29:03.362+0000] {processor.py:179} INFO - Processing /opt/airflow/dags/dag_4.py took 0.055 seconds
[2025-03-18T23:29:33.684+0000] {processor.py:157} INFO - Started process (PID=320) to work on /opt/airflow/dags/dag_4.py
[2025-03-18T23:29:33.685+0000] {processor.py:829} INFO - Processing file /opt/airflow/dags/dag_4.py for tasks to queue
[2025-03-18T23:29:33.687+0000] {logging_mixin.py:151} INFO - [2025-03-18T23:29:33.686+0000] {dagbag.py:539} INFO - Filling up the DagBag from /opt/airflow/dags/dag_4.py
[2025-03-18T23:29:33.704+0000] {logging_mixin.py:151} INFO - [2025-03-18T23:29:33.699+0000] {dagbag.py:347} ERROR - Failed to import: /opt/airflow/dags/dag_4.py
Traceback (most recent call last):
  File "/home/airflow/.local/lib/python3.8/site-packages/airflow/models/dagbag.py", line 343, in parse
    loader.exec_module(new_module)
  File "<frozen importlib._bootstrap_external>", line 843, in exec_module
  File "<frozen importlib._bootstrap>", line 219, in _call_with_frames_removed
  File "/opt/airflow/dags/dag_4.py", line 2, in <module>
    from airflow.providers.apache.hive.operators.hive import HiveOperator
ModuleNotFoundError: No module named 'airflow.providers.apache'
[2025-03-18T23:29:33.705+0000] {processor.py:841} WARNING - No viable dags retrieved from /opt/airflow/dags/dag_4.py
[2025-03-18T23:29:33.730+0000] {processor.py:179} INFO - Processing /opt/airflow/dags/dag_4.py took 0.050 seconds
[2025-03-18T23:30:04.077+0000] {processor.py:157} INFO - Started process (PID=340) to work on /opt/airflow/dags/dag_4.py
[2025-03-18T23:30:04.078+0000] {processor.py:829} INFO - Processing file /opt/airflow/dags/dag_4.py for tasks to queue
[2025-03-18T23:30:04.080+0000] {logging_mixin.py:151} INFO - [2025-03-18T23:30:04.080+0000] {dagbag.py:539} INFO - Filling up the DagBag from /opt/airflow/dags/dag_4.py
[2025-03-18T23:30:04.099+0000] {logging_mixin.py:151} INFO - [2025-03-18T23:30:04.094+0000] {dagbag.py:347} ERROR - Failed to import: /opt/airflow/dags/dag_4.py
Traceback (most recent call last):
  File "/home/airflow/.local/lib/python3.8/site-packages/airflow/models/dagbag.py", line 343, in parse
    loader.exec_module(new_module)
  File "<frozen importlib._bootstrap_external>", line 843, in exec_module
  File "<frozen importlib._bootstrap>", line 219, in _call_with_frames_removed
  File "/opt/airflow/dags/dag_4.py", line 2, in <module>
    from airflow.providers.apache.hive.operators.hive import HiveOperator
ModuleNotFoundError: No module named 'airflow.providers.apache'
[2025-03-18T23:30:04.100+0000] {processor.py:841} WARNING - No viable dags retrieved from /opt/airflow/dags/dag_4.py
[2025-03-18T23:30:04.126+0000] {processor.py:179} INFO - Processing /opt/airflow/dags/dag_4.py took 0.053 seconds
[2025-03-18T23:30:34.583+0000] {processor.py:157} INFO - Started process (PID=360) to work on /opt/airflow/dags/dag_4.py
[2025-03-18T23:30:34.584+0000] {processor.py:829} INFO - Processing file /opt/airflow/dags/dag_4.py for tasks to queue
[2025-03-18T23:30:34.585+0000] {logging_mixin.py:151} INFO - [2025-03-18T23:30:34.585+0000] {dagbag.py:539} INFO - Filling up the DagBag from /opt/airflow/dags/dag_4.py
[2025-03-18T23:30:34.603+0000] {logging_mixin.py:151} INFO - [2025-03-18T23:30:34.599+0000] {dagbag.py:347} ERROR - Failed to import: /opt/airflow/dags/dag_4.py
Traceback (most recent call last):
  File "/home/airflow/.local/lib/python3.8/site-packages/airflow/models/dagbag.py", line 343, in parse
    loader.exec_module(new_module)
  File "<frozen importlib._bootstrap_external>", line 843, in exec_module
  File "<frozen importlib._bootstrap>", line 219, in _call_with_frames_removed
  File "/opt/airflow/dags/dag_4.py", line 2, in <module>
    from airflow.providers.apache.hive.operators.hive import HiveOperator
ModuleNotFoundError: No module named 'airflow.providers.apache'
[2025-03-18T23:30:34.605+0000] {processor.py:841} WARNING - No viable dags retrieved from /opt/airflow/dags/dag_4.py
[2025-03-18T23:30:34.631+0000] {processor.py:179} INFO - Processing /opt/airflow/dags/dag_4.py took 0.053 seconds
