[2025-03-18T23:27:01.649+0000] {processor.py:157} INFO - Started process (PID=223) to work on /opt/airflow/dags/dag_3.py
[2025-03-18T23:27:01.651+0000] {processor.py:829} INFO - Processing file /opt/airflow/dags/dag_3.py for tasks to queue
[2025-03-18T23:27:01.652+0000] {logging_mixin.py:151} INFO - [2025-03-18T23:27:01.652+0000] {dagbag.py:539} INFO - Filling up the DagBag from /opt/airflow/dags/dag_3.py
[2025-03-18T23:27:01.691+0000] {logging_mixin.py:151} INFO - [2025-03-18T23:27:01.685+0000] {dagbag.py:347} ERROR - Failed to import: /opt/airflow/dags/dag_3.py
Traceback (most recent call last):
  File "/home/airflow/.local/lib/python3.8/site-packages/airflow/models/dagbag.py", line 343, in parse
    loader.exec_module(new_module)
  File "<frozen importlib._bootstrap_external>", line 843, in exec_module
  File "<frozen importlib._bootstrap>", line 219, in _call_with_frames_removed
  File "/opt/airflow/dags/dag_3.py", line 2, in <module>
    from airflow.providers.apache.hive.operators.hive import HiveOperator
ModuleNotFoundError: No module named 'airflow.providers.apache'
[2025-03-18T23:27:01.695+0000] {processor.py:841} WARNING - No viable dags retrieved from /opt/airflow/dags/dag_3.py
[2025-03-18T23:27:01.735+0000] {processor.py:179} INFO - Processing /opt/airflow/dags/dag_3.py took 0.091 seconds
[2025-03-18T23:27:32.095+0000] {processor.py:157} INFO - Started process (PID=243) to work on /opt/airflow/dags/dag_3.py
[2025-03-18T23:27:32.097+0000] {processor.py:829} INFO - Processing file /opt/airflow/dags/dag_3.py for tasks to queue
[2025-03-18T23:27:32.098+0000] {logging_mixin.py:151} INFO - [2025-03-18T23:27:32.097+0000] {dagbag.py:539} INFO - Filling up the DagBag from /opt/airflow/dags/dag_3.py
[2025-03-18T23:27:32.122+0000] {logging_mixin.py:151} INFO - [2025-03-18T23:27:32.116+0000] {dagbag.py:347} ERROR - Failed to import: /opt/airflow/dags/dag_3.py
Traceback (most recent call last):
  File "/home/airflow/.local/lib/python3.8/site-packages/airflow/models/dagbag.py", line 343, in parse
    loader.exec_module(new_module)
  File "<frozen importlib._bootstrap_external>", line 843, in exec_module
  File "<frozen importlib._bootstrap>", line 219, in _call_with_frames_removed
  File "/opt/airflow/dags/dag_3.py", line 2, in <module>
    from airflow.providers.apache.hive.operators.hive import HiveOperator
ModuleNotFoundError: No module named 'airflow.providers.apache'
[2025-03-18T23:27:32.124+0000] {processor.py:841} WARNING - No viable dags retrieved from /opt/airflow/dags/dag_3.py
[2025-03-18T23:27:32.158+0000] {processor.py:179} INFO - Processing /opt/airflow/dags/dag_3.py took 0.067 seconds
[2025-03-18T23:28:02.507+0000] {processor.py:157} INFO - Started process (PID=263) to work on /opt/airflow/dags/dag_3.py
[2025-03-18T23:28:02.508+0000] {processor.py:829} INFO - Processing file /opt/airflow/dags/dag_3.py for tasks to queue
[2025-03-18T23:28:02.509+0000] {logging_mixin.py:151} INFO - [2025-03-18T23:28:02.509+0000] {dagbag.py:539} INFO - Filling up the DagBag from /opt/airflow/dags/dag_3.py
[2025-03-18T23:28:02.526+0000] {logging_mixin.py:151} INFO - [2025-03-18T23:28:02.522+0000] {dagbag.py:347} ERROR - Failed to import: /opt/airflow/dags/dag_3.py
Traceback (most recent call last):
  File "/home/airflow/.local/lib/python3.8/site-packages/airflow/models/dagbag.py", line 343, in parse
    loader.exec_module(new_module)
  File "<frozen importlib._bootstrap_external>", line 843, in exec_module
  File "<frozen importlib._bootstrap>", line 219, in _call_with_frames_removed
  File "/opt/airflow/dags/dag_3.py", line 2, in <module>
    from airflow.providers.apache.hive.operators.hive import HiveOperator
ModuleNotFoundError: No module named 'airflow.providers.apache'
[2025-03-18T23:28:02.527+0000] {processor.py:841} WARNING - No viable dags retrieved from /opt/airflow/dags/dag_3.py
[2025-03-18T23:28:02.552+0000] {processor.py:179} INFO - Processing /opt/airflow/dags/dag_3.py took 0.049 seconds
[2025-03-18T23:28:32.919+0000] {processor.py:157} INFO - Started process (PID=283) to work on /opt/airflow/dags/dag_3.py
[2025-03-18T23:28:32.920+0000] {processor.py:829} INFO - Processing file /opt/airflow/dags/dag_3.py for tasks to queue
[2025-03-18T23:28:32.921+0000] {logging_mixin.py:151} INFO - [2025-03-18T23:28:32.921+0000] {dagbag.py:539} INFO - Filling up the DagBag from /opt/airflow/dags/dag_3.py
[2025-03-18T23:28:32.941+0000] {logging_mixin.py:151} INFO - [2025-03-18T23:28:32.936+0000] {dagbag.py:347} ERROR - Failed to import: /opt/airflow/dags/dag_3.py
Traceback (most recent call last):
  File "/home/airflow/.local/lib/python3.8/site-packages/airflow/models/dagbag.py", line 343, in parse
    loader.exec_module(new_module)
  File "<frozen importlib._bootstrap_external>", line 843, in exec_module
  File "<frozen importlib._bootstrap>", line 219, in _call_with_frames_removed
  File "/opt/airflow/dags/dag_3.py", line 2, in <module>
    from airflow.providers.apache.hive.operators.hive import HiveOperator
ModuleNotFoundError: No module named 'airflow.providers.apache'
[2025-03-18T23:28:32.942+0000] {processor.py:841} WARNING - No viable dags retrieved from /opt/airflow/dags/dag_3.py
[2025-03-18T23:28:32.966+0000] {processor.py:179} INFO - Processing /opt/airflow/dags/dag_3.py took 0.051 seconds
[2025-03-18T23:29:03.324+0000] {processor.py:157} INFO - Started process (PID=303) to work on /opt/airflow/dags/dag_3.py
[2025-03-18T23:29:03.325+0000] {processor.py:829} INFO - Processing file /opt/airflow/dags/dag_3.py for tasks to queue
[2025-03-18T23:29:03.327+0000] {logging_mixin.py:151} INFO - [2025-03-18T23:29:03.326+0000] {dagbag.py:539} INFO - Filling up the DagBag from /opt/airflow/dags/dag_3.py
[2025-03-18T23:29:03.344+0000] {logging_mixin.py:151} INFO - [2025-03-18T23:29:03.339+0000] {dagbag.py:347} ERROR - Failed to import: /opt/airflow/dags/dag_3.py
Traceback (most recent call last):
  File "/home/airflow/.local/lib/python3.8/site-packages/airflow/models/dagbag.py", line 343, in parse
    loader.exec_module(new_module)
  File "<frozen importlib._bootstrap_external>", line 843, in exec_module
  File "<frozen importlib._bootstrap>", line 219, in _call_with_frames_removed
  File "/opt/airflow/dags/dag_3.py", line 2, in <module>
    from airflow.providers.apache.hive.operators.hive import HiveOperator
ModuleNotFoundError: No module named 'airflow.providers.apache'
[2025-03-18T23:29:03.345+0000] {processor.py:841} WARNING - No viable dags retrieved from /opt/airflow/dags/dag_3.py
[2025-03-18T23:29:03.369+0000] {processor.py:179} INFO - Processing /opt/airflow/dags/dag_3.py took 0.048 seconds
[2025-03-18T23:29:33.697+0000] {processor.py:157} INFO - Started process (PID=323) to work on /opt/airflow/dags/dag_3.py
[2025-03-18T23:29:33.698+0000] {processor.py:829} INFO - Processing file /opt/airflow/dags/dag_3.py for tasks to queue
[2025-03-18T23:29:33.700+0000] {logging_mixin.py:151} INFO - [2025-03-18T23:29:33.699+0000] {dagbag.py:539} INFO - Filling up the DagBag from /opt/airflow/dags/dag_3.py
[2025-03-18T23:29:33.716+0000] {logging_mixin.py:151} INFO - [2025-03-18T23:29:33.713+0000] {dagbag.py:347} ERROR - Failed to import: /opt/airflow/dags/dag_3.py
Traceback (most recent call last):
  File "/home/airflow/.local/lib/python3.8/site-packages/airflow/models/dagbag.py", line 343, in parse
    loader.exec_module(new_module)
  File "<frozen importlib._bootstrap_external>", line 843, in exec_module
  File "<frozen importlib._bootstrap>", line 219, in _call_with_frames_removed
  File "/opt/airflow/dags/dag_3.py", line 2, in <module>
    from airflow.providers.apache.hive.operators.hive import HiveOperator
ModuleNotFoundError: No module named 'airflow.providers.apache'
[2025-03-18T23:29:33.718+0000] {processor.py:841} WARNING - No viable dags retrieved from /opt/airflow/dags/dag_3.py
[2025-03-18T23:29:33.740+0000] {processor.py:179} INFO - Processing /opt/airflow/dags/dag_3.py took 0.047 seconds
[2025-03-18T23:30:04.088+0000] {processor.py:157} INFO - Started process (PID=343) to work on /opt/airflow/dags/dag_3.py
[2025-03-18T23:30:04.089+0000] {processor.py:829} INFO - Processing file /opt/airflow/dags/dag_3.py for tasks to queue
[2025-03-18T23:30:04.090+0000] {logging_mixin.py:151} INFO - [2025-03-18T23:30:04.089+0000] {dagbag.py:539} INFO - Filling up the DagBag from /opt/airflow/dags/dag_3.py
[2025-03-18T23:30:04.106+0000] {logging_mixin.py:151} INFO - [2025-03-18T23:30:04.102+0000] {dagbag.py:347} ERROR - Failed to import: /opt/airflow/dags/dag_3.py
Traceback (most recent call last):
  File "/home/airflow/.local/lib/python3.8/site-packages/airflow/models/dagbag.py", line 343, in parse
    loader.exec_module(new_module)
  File "<frozen importlib._bootstrap_external>", line 843, in exec_module
  File "<frozen importlib._bootstrap>", line 219, in _call_with_frames_removed
  File "/opt/airflow/dags/dag_3.py", line 2, in <module>
    from airflow.providers.apache.hive.operators.hive import HiveOperator
ModuleNotFoundError: No module named 'airflow.providers.apache'
[2025-03-18T23:30:04.107+0000] {processor.py:841} WARNING - No viable dags retrieved from /opt/airflow/dags/dag_3.py
[2025-03-18T23:30:04.129+0000] {processor.py:179} INFO - Processing /opt/airflow/dags/dag_3.py took 0.045 seconds
[2025-03-18T23:30:34.594+0000] {processor.py:157} INFO - Started process (PID=363) to work on /opt/airflow/dags/dag_3.py
[2025-03-18T23:30:34.595+0000] {processor.py:829} INFO - Processing file /opt/airflow/dags/dag_3.py for tasks to queue
[2025-03-18T23:30:34.597+0000] {logging_mixin.py:151} INFO - [2025-03-18T23:30:34.596+0000] {dagbag.py:539} INFO - Filling up the DagBag from /opt/airflow/dags/dag_3.py
[2025-03-18T23:30:34.613+0000] {logging_mixin.py:151} INFO - [2025-03-18T23:30:34.610+0000] {dagbag.py:347} ERROR - Failed to import: /opt/airflow/dags/dag_3.py
Traceback (most recent call last):
  File "/home/airflow/.local/lib/python3.8/site-packages/airflow/models/dagbag.py", line 343, in parse
    loader.exec_module(new_module)
  File "<frozen importlib._bootstrap_external>", line 843, in exec_module
  File "<frozen importlib._bootstrap>", line 219, in _call_with_frames_removed
  File "/opt/airflow/dags/dag_3.py", line 2, in <module>
    from airflow.providers.apache.hive.operators.hive import HiveOperator
ModuleNotFoundError: No module named 'airflow.providers.apache'
[2025-03-18T23:30:34.615+0000] {processor.py:841} WARNING - No viable dags retrieved from /opt/airflow/dags/dag_3.py
[2025-03-18T23:30:34.638+0000] {processor.py:179} INFO - Processing /opt/airflow/dags/dag_3.py took 0.047 seconds
