[2025-03-19T15:08:15.686+0000] {taskinstance.py:1157} INFO - Dependencies all met for dep_context=non-requeueable deps ti=<TaskInstance: fraud_detection_pipeline.store_data_hdfs scheduled__2023-10-02T04:00:00+00:00 [queued]>
[2025-03-19T15:08:15.734+0000] {taskinstance.py:1157} INFO - Dependencies all met for dep_context=requeueable deps ti=<TaskInstance: fraud_detection_pipeline.store_data_hdfs scheduled__2023-10-02T04:00:00+00:00 [queued]>
[2025-03-19T15:08:15.736+0000] {taskinstance.py:1359} INFO - Starting attempt 2 of 2
[2025-03-19T15:08:15.777+0000] {taskinstance.py:1380} INFO - Executing <Task(BashOperator): store_data_hdfs> on 2023-10-02 04:00:00+00:00
[2025-03-19T15:08:15.793+0000] {standard_task_runner.py:57} INFO - Started process 7757 to run task
[2025-03-19T15:08:15.803+0000] {standard_task_runner.py:84} INFO - Running: ['***', 'tasks', 'run', 'fraud_detection_pipeline', 'store_data_hdfs', 'scheduled__2023-10-02T04:00:00+00:00', '--job-id', '1185', '--raw', '--subdir', 'DAGS_FOLDER/dag_1.py', '--cfg-path', '/tmp/tmpbs9u_e83']
[2025-03-19T15:08:15.809+0000] {standard_task_runner.py:85} INFO - Job 1185: Subtask store_data_hdfs
[2025-03-19T15:08:15.988+0000] {task_command.py:415} INFO - Running <TaskInstance: fraud_detection_pipeline.store_data_hdfs scheduled__2023-10-02T04:00:00+00:00 [running]> on host 0009f5fb76aa
[2025-03-19T15:08:16.248+0000] {taskinstance.py:1660} INFO - Exporting env vars: AIRFLOW_CTX_DAG_OWNER='***' AIRFLOW_CTX_DAG_ID='fraud_detection_pipeline' AIRFLOW_CTX_TASK_ID='store_data_hdfs' AIRFLOW_CTX_EXECUTION_DATE='2023-10-02T04:00:00+00:00' AIRFLOW_CTX_TRY_NUMBER='2' AIRFLOW_CTX_DAG_RUN_ID='scheduled__2023-10-02T04:00:00+00:00'
[2025-03-19T15:08:16.252+0000] {subprocess.py:63} INFO - Tmp dir root location: /tmp
[2025-03-19T15:08:16.254+0000] {subprocess.py:75} INFO - Running command: ['/bin/bash', '-c', 'docker cp /tmp/transactions.json namenode:/tmp/transactions.json && docker cp /tmp/customers.json namenode:/tmp/customers.json && docker cp /tmp/external_data.json namenode:/tmp/external_data.json && docker exec namenode bash -c "hdfs dfs -mkdir -p /data && hdfs dfs -put -f /tmp/transactions.json /data/transactions/transactions.json && hdfs dfs -put -f /tmp/customers.json /data/customers/customers.json && hdfs dfs -put -f /tmp/external_data.json /data/external_data/external_data.json  "']
[2025-03-19T15:08:16.282+0000] {subprocess.py:86} INFO - Output:
[2025-03-19T15:08:29.173+0000] {subprocess.py:93} INFO - put: `/data/transactions/transactions.json': No such file or directory: `hdfs://namenode:9000/data/transactions/transactions.json'
[2025-03-19T15:08:29.853+0000] {subprocess.py:97} INFO - Command exited with return code 1
[2025-03-19T15:08:29.886+0000] {taskinstance.py:1935} ERROR - Task failed with exception
Traceback (most recent call last):
  File "/home/airflow/.local/lib/python3.8/site-packages/airflow/operators/bash.py", line 210, in execute
    raise AirflowException(
airflow.exceptions.AirflowException: Bash command failed. The command returned a non-zero exit code 1.
[2025-03-19T15:08:29.898+0000] {taskinstance.py:1398} INFO - Marking task as FAILED. dag_id=fraud_detection_pipeline, task_id=store_data_hdfs, execution_date=20231002T040000, start_date=20250319T150815, end_date=20250319T150829
[2025-03-19T15:08:30.101+0000] {standard_task_runner.py:104} ERROR - Failed to execute job 1185 for task store_data_hdfs (Bash command failed. The command returned a non-zero exit code 1.; 7757)
[2025-03-19T15:08:30.135+0000] {local_task_job_runner.py:228} INFO - Task exited with return code 1
[2025-03-19T15:08:30.187+0000] {taskinstance.py:2776} INFO - 0 downstream tasks scheduled from follow-on schedule check
[2025-03-19T21:24:15.774+0000] {taskinstance.py:1157} INFO - Dependencies all met for dep_context=non-requeueable deps ti=<TaskInstance: fraud_detection_pipeline.store_data_hdfs scheduled__2023-10-02T04:00:00+00:00 [queued]>
[2025-03-19T21:24:15.885+0000] {taskinstance.py:1157} INFO - Dependencies all met for dep_context=requeueable deps ti=<TaskInstance: fraud_detection_pipeline.store_data_hdfs scheduled__2023-10-02T04:00:00+00:00 [queued]>
[2025-03-19T21:24:15.913+0000] {taskinstance.py:1359} INFO - Starting attempt 2 of 2
[2025-03-19T21:24:16.064+0000] {taskinstance.py:1380} INFO - Executing <Task(BashOperator): store_data_hdfs> on 2023-10-02 04:00:00+00:00
[2025-03-19T21:24:16.185+0000] {standard_task_runner.py:57} INFO - Started process 8894 to run task
[2025-03-19T21:24:16.230+0000] {standard_task_runner.py:84} INFO - Running: ['***', 'tasks', 'run', 'fraud_detection_pipeline', 'store_data_hdfs', 'scheduled__2023-10-02T04:00:00+00:00', '--job-id', '3384', '--raw', '--subdir', 'DAGS_FOLDER/dag_1.py', '--cfg-path', '/tmp/tmpbmt094lp']
[2025-03-19T21:24:16.545+0000] {standard_task_runner.py:85} INFO - Job 3384: Subtask store_data_hdfs
[2025-03-19T21:24:17.543+0000] {task_command.py:415} INFO - Running <TaskInstance: fraud_detection_pipeline.store_data_hdfs scheduled__2023-10-02T04:00:00+00:00 [running]> on host 445fc0f18383
[2025-03-19T21:24:19.013+0000] {taskinstance.py:1660} INFO - Exporting env vars: AIRFLOW_CTX_DAG_OWNER='***' AIRFLOW_CTX_DAG_ID='fraud_detection_pipeline' AIRFLOW_CTX_TASK_ID='store_data_hdfs' AIRFLOW_CTX_EXECUTION_DATE='2023-10-02T04:00:00+00:00' AIRFLOW_CTX_TRY_NUMBER='2' AIRFLOW_CTX_DAG_RUN_ID='scheduled__2023-10-02T04:00:00+00:00'
[2025-03-19T21:24:19.017+0000] {subprocess.py:63} INFO - Tmp dir root location: /tmp
[2025-03-19T21:24:19.021+0000] {subprocess.py:75} INFO - Running command: ['/bin/bash', '-c', 'docker cp /tmp/transactions.csv namenode:/tmp/transactions.csv && docker cp /tmp/customers.csv namenode:/tmp/customers.csv && docker cp /tmp/external_data.csv namenode:/tmp/external_data.csv && docker exec namenode bash -c "hdfs dfs -mkdir -p /data/transactions && hdfs dfs -mkdir -p /data/customers && hdfs dfs -mkdir -p /data/external_data && hdfs dfs -put -f /tmp/transactions.csv /data/transactions/transactions.csv && hdfs dfs -put -f /tmp/customers.csv /data/customers/customers.csv && hdfs dfs -put -f /tmp/external_data.csv /data/external_data/external_data.csv && rm -rf /tmp/transactions.csv /tmp/customers.csv /tmp/external_data.csv"']
[2025-03-19T21:24:19.176+0000] {subprocess.py:86} INFO - Output:
[2025-03-19T21:25:39.638+0000] {subprocess.py:93} INFO - put: `/tmp/transactions.csv': No such file or directory
[2025-03-19T21:25:40.551+0000] {subprocess.py:97} INFO - Command exited with return code 1
[2025-03-19T21:25:40.586+0000] {taskinstance.py:1935} ERROR - Task failed with exception
Traceback (most recent call last):
  File "/home/airflow/.local/lib/python3.8/site-packages/airflow/operators/bash.py", line 210, in execute
    raise AirflowException(
airflow.exceptions.AirflowException: Bash command failed. The command returned a non-zero exit code 1.
[2025-03-19T21:25:40.605+0000] {taskinstance.py:1398} INFO - Marking task as FAILED. dag_id=fraud_detection_pipeline, task_id=store_data_hdfs, execution_date=20231002T040000, start_date=20250319T212415, end_date=20250319T212540
[2025-03-19T21:25:40.655+0000] {standard_task_runner.py:104} ERROR - Failed to execute job 3384 for task store_data_hdfs (Bash command failed. The command returned a non-zero exit code 1.; 8894)
[2025-03-19T21:25:40.717+0000] {local_task_job_runner.py:228} INFO - Task exited with return code 1
[2025-03-19T21:25:40.769+0000] {taskinstance.py:2776} INFO - 0 downstream tasks scheduled from follow-on schedule check
