[2025-03-19T21:06:11.959+0000] {taskinstance.py:1157} INFO - Dependencies all met for dep_context=non-requeueable deps ti=<TaskInstance: faud_detection_pipeline.load_data_hive scheduled__2023-10-19T09:00:00+00:00 [queued]>
[2025-03-19T21:06:11.974+0000] {taskinstance.py:1157} INFO - Dependencies all met for dep_context=requeueable deps ti=<TaskInstance: faud_detection_pipeline.load_data_hive scheduled__2023-10-19T09:00:00+00:00 [queued]>
[2025-03-19T21:06:11.975+0000] {taskinstance.py:1359} INFO - Starting attempt 1 of 1
[2025-03-19T21:06:11.992+0000] {taskinstance.py:1380} INFO - Executing <Task(BashOperator): load_data_hive> on 2023-10-19 09:00:00+00:00
[2025-03-19T21:06:11.999+0000] {standard_task_runner.py:57} INFO - Started process 1069 to run task
[2025-03-19T21:06:12.006+0000] {standard_task_runner.py:84} INFO - Running: ['***', 'tasks', 'run', 'faud_detection_pipeline', 'load_data_hive', 'scheduled__2023-10-19T09:00:00+00:00', '--job-id', '2962', '--raw', '--subdir', 'DAGS_FOLDER/dag_1.py', '--cfg-path', '/tmp/tmpopek5tl4']
[2025-03-19T21:06:12.012+0000] {standard_task_runner.py:85} INFO - Job 2962: Subtask load_data_hive
[2025-03-19T21:06:12.095+0000] {task_command.py:415} INFO - Running <TaskInstance: faud_detection_pipeline.load_data_hive scheduled__2023-10-19T09:00:00+00:00 [running]> on host 445fc0f18383
[2025-03-19T21:06:12.222+0000] {taskinstance.py:1660} INFO - Exporting env vars: AIRFLOW_CTX_DAG_OWNER='***' AIRFLOW_CTX_DAG_ID='faud_detection_pipeline' AIRFLOW_CTX_TASK_ID='load_data_hive' AIRFLOW_CTX_EXECUTION_DATE='2023-10-19T09:00:00+00:00' AIRFLOW_CTX_TRY_NUMBER='1' AIRFLOW_CTX_DAG_RUN_ID='scheduled__2023-10-19T09:00:00+00:00'
[2025-03-19T21:06:12.225+0000] {subprocess.py:63} INFO - Tmp dir root location: /tmp
[2025-03-19T21:06:12.230+0000] {subprocess.py:75} INFO - Running command: ['/bin/bash', '-c', 'docker exec hive hive -f /home/hive_script.hql']
[2025-03-19T21:06:12.246+0000] {subprocess.py:86} INFO - Output:
[2025-03-19T21:06:17.755+0000] {subprocess.py:93} INFO - SLF4J: Class path contains multiple SLF4J bindings.
[2025-03-19T21:06:17.769+0000] {subprocess.py:93} INFO - SLF4J: Found binding in [jar:file:/opt/hive/lib/log4j-slf4j-impl-2.6.2.jar!/org/slf4j/impl/StaticLoggerBinder.class]
[2025-03-19T21:06:17.771+0000] {subprocess.py:93} INFO - SLF4J: Found binding in [jar:file:/opt/hadoop-2.7.4/share/hadoop/common/lib/slf4j-log4j12-1.7.10.jar!/org/slf4j/impl/StaticLoggerBinder.class]
[2025-03-19T21:06:17.772+0000] {subprocess.py:93} INFO - SLF4J: See http://www.slf4j.org/codes.html#multiple_bindings for an explanation.
[2025-03-19T21:06:17.774+0000] {subprocess.py:93} INFO - SLF4J: Actual binding is of type [org.apache.logging.slf4j.Log4jLoggerFactory]
[2025-03-19T21:06:22.647+0000] {subprocess.py:93} INFO - 
[2025-03-19T21:06:22.657+0000] {subprocess.py:93} INFO - Logging initialized using configuration in file:/opt/hive/conf/hive-log4j2.properties Async: true
[2025-03-19T21:06:51.443+0000] {subprocess.py:93} INFO - OK
[2025-03-19T21:06:51.464+0000] {subprocess.py:93} INFO - Time taken: 20.677 seconds
[2025-03-19T21:06:52.310+0000] {subprocess.py:93} INFO - OK
[2025-03-19T21:06:52.313+0000] {subprocess.py:93} INFO - Time taken: 0.857 seconds
[2025-03-19T21:06:52.384+0000] {subprocess.py:93} INFO - OK
[2025-03-19T21:06:52.397+0000] {subprocess.py:93} INFO - Time taken: 0.073 seconds
[2025-03-19T21:06:53.082+0000] {subprocess.py:97} INFO - Command exited with return code 0
[2025-03-19T21:06:53.170+0000] {taskinstance.py:1398} INFO - Marking task as SUCCESS. dag_id=faud_detection_pipeline, task_id=load_data_hive, execution_date=20231019T090000, start_date=20250319T210611, end_date=20250319T210653
[2025-03-19T21:06:53.253+0000] {local_task_job_runner.py:228} INFO - Task exited with return code 0
[2025-03-19T21:06:53.322+0000] {taskinstance.py:2776} INFO - 1 downstream tasks scheduled from follow-on schedule check
