[2025-03-19T17:38:59.660+0000] {taskinstance.py:1157} INFO - Dependencies all met for dep_context=non-requeueable deps ti=<TaskInstance: faud_detection_pipeline.load_data_hive scheduled__2023-10-14T06:00:00+00:00 [queued]>
[2025-03-19T17:38:59.684+0000] {taskinstance.py:1157} INFO - Dependencies all met for dep_context=requeueable deps ti=<TaskInstance: faud_detection_pipeline.load_data_hive scheduled__2023-10-14T06:00:00+00:00 [queued]>
[2025-03-19T17:38:59.685+0000] {taskinstance.py:1359} INFO - Starting attempt 1 of 2
[2025-03-19T17:38:59.730+0000] {taskinstance.py:1380} INFO - Executing <Task(BashOperator): load_data_hive> on 2023-10-14 06:00:00+00:00
[2025-03-19T17:38:59.746+0000] {standard_task_runner.py:57} INFO - Started process 36554 to run task
[2025-03-19T17:38:59.761+0000] {standard_task_runner.py:84} INFO - Running: ['***', 'tasks', 'run', 'faud_detection_pipeline', 'load_data_hive', 'scheduled__2023-10-14T06:00:00+00:00', '--job-id', '2447', '--raw', '--subdir', 'DAGS_FOLDER/dag_1.py', '--cfg-path', '/tmp/tmp9etmlkol']
[2025-03-19T17:38:59.772+0000] {standard_task_runner.py:85} INFO - Job 2447: Subtask load_data_hive
[2025-03-19T17:38:59.936+0000] {task_command.py:415} INFO - Running <TaskInstance: faud_detection_pipeline.load_data_hive scheduled__2023-10-14T06:00:00+00:00 [running]> on host 0009f5fb76aa
[2025-03-19T17:39:00.204+0000] {taskinstance.py:1660} INFO - Exporting env vars: AIRFLOW_CTX_DAG_OWNER='***' AIRFLOW_CTX_DAG_ID='faud_detection_pipeline' AIRFLOW_CTX_TASK_ID='load_data_hive' AIRFLOW_CTX_EXECUTION_DATE='2023-10-14T06:00:00+00:00' AIRFLOW_CTX_TRY_NUMBER='1' AIRFLOW_CTX_DAG_RUN_ID='scheduled__2023-10-14T06:00:00+00:00'
[2025-03-19T17:39:00.222+0000] {subprocess.py:63} INFO - Tmp dir root location: /tmp
[2025-03-19T17:39:00.224+0000] {subprocess.py:75} INFO - Running command: ['/bin/bash', '-c', 'docker exec hive hive -f /home/hive_script.hql']
[2025-03-19T17:39:00.254+0000] {subprocess.py:86} INFO - Output:
[2025-03-19T17:39:07.396+0000] {subprocess.py:93} INFO - SLF4J: Class path contains multiple SLF4J bindings.
[2025-03-19T17:39:07.397+0000] {subprocess.py:93} INFO - SLF4J: Found binding in [jar:file:/opt/hive/lib/log4j-slf4j-impl-2.6.2.jar!/org/slf4j/impl/StaticLoggerBinder.class]
[2025-03-19T17:39:07.398+0000] {subprocess.py:93} INFO - SLF4J: Found binding in [jar:file:/opt/hadoop-2.7.4/share/hadoop/common/lib/slf4j-log4j12-1.7.10.jar!/org/slf4j/impl/StaticLoggerBinder.class]
[2025-03-19T17:39:07.399+0000] {subprocess.py:93} INFO - SLF4J: See http://www.slf4j.org/codes.html#multiple_bindings for an explanation.
[2025-03-19T17:39:07.406+0000] {subprocess.py:93} INFO - SLF4J: Actual binding is of type [org.apache.logging.slf4j.Log4jLoggerFactory]
[2025-03-19T17:39:12.229+0000] {subprocess.py:93} INFO - 
[2025-03-19T17:39:12.230+0000] {subprocess.py:93} INFO - Logging initialized using configuration in file:/opt/hive/conf/hive-log4j2.properties Async: true
[2025-03-19T19:10:48.983+0000] {local_task_job_runner.py:294} WARNING - State of this instance has been externally set to up_for_retry. Terminating instance.
[2025-03-19T19:10:49.009+0000] {process_utils.py:131} INFO - Sending 15 to group 36554. PIDs of all processes in the group: [36556, 36554]
[2025-03-19T19:10:49.060+0000] {process_utils.py:86} INFO - Sending the signal 15 to group 36554
[2025-03-19T19:10:49.085+0000] {taskinstance.py:1630} ERROR - Received SIGTERM. Terminating subprocesses.
[2025-03-19T19:10:49.089+0000] {subprocess.py:104} INFO - Sending SIGTERM signal to process group
[2025-03-19T19:10:49.193+0000] {taskinstance.py:1935} ERROR - Task failed with exception
Traceback (most recent call last):
  File "/home/airflow/.local/lib/python3.8/site-packages/airflow/operators/bash.py", line 201, in execute
    result = self.subprocess_hook.run_command(
  File "/home/airflow/.local/lib/python3.8/site-packages/airflow/hooks/subprocess.py", line 91, in run_command
    for raw_line in iter(self.sub_process.stdout.readline, b""):
  File "/home/airflow/.local/lib/python3.8/site-packages/airflow/models/taskinstance.py", line 1632, in signal_handler
    raise AirflowException("Task received SIGTERM signal")
airflow.exceptions.AirflowException: Task received SIGTERM signal
[2025-03-19T19:10:49.220+0000] {taskinstance.py:1398} INFO - Marking task as FAILED. dag_id=faud_detection_pipeline, task_id=load_data_hive, execution_date=20231014T060000, start_date=20250319T173859, end_date=20250319T191049
[2025-03-19T19:10:49.285+0000] {standard_task_runner.py:104} ERROR - Failed to execute job 2447 for task load_data_hive (Task received SIGTERM signal; 36554)
[2025-03-19T19:10:49.351+0000] {process_utils.py:79} INFO - Process psutil.Process(pid=36554, status='terminated', exitcode=1, started='17:38:58') (36554) terminated with exit code 1
[2025-03-19T19:10:49.367+0000] {process_utils.py:79} INFO - Process psutil.Process(pid=36556, status='terminated', started='17:38:59') (36556) terminated with exit code None
