[2025-03-19T15:14:32.992+0000] {taskinstance.py:1157} INFO - Dependencies all met for dep_context=non-requeueable deps ti=<TaskInstance: faud_detection_pipeline.store_data_hdfs scheduled__2023-10-01T03:00:00+00:00 [queued]>
[2025-03-19T15:14:33.029+0000] {taskinstance.py:1157} INFO - Dependencies all met for dep_context=requeueable deps ti=<TaskInstance: faud_detection_pipeline.store_data_hdfs scheduled__2023-10-01T03:00:00+00:00 [queued]>
[2025-03-19T15:14:33.031+0000] {taskinstance.py:1359} INFO - Starting attempt 2 of 2
[2025-03-19T15:14:33.291+0000] {taskinstance.py:1380} INFO - Executing <Task(BashOperator): store_data_hdfs> on 2023-10-01 03:00:00+00:00
[2025-03-19T15:14:33.305+0000] {standard_task_runner.py:57} INFO - Started process 8944 to run task
[2025-03-19T15:14:33.314+0000] {standard_task_runner.py:84} INFO - Running: ['***', 'tasks', 'run', 'faud_detection_pipeline', 'store_data_hdfs', 'scheduled__2023-10-01T03:00:00+00:00', '--job-id', '1226', '--raw', '--subdir', 'DAGS_FOLDER/dag_1.py', '--cfg-path', '/tmp/tmp7wh3sepx']
[2025-03-19T15:14:33.324+0000] {standard_task_runner.py:85} INFO - Job 1226: Subtask store_data_hdfs
[2025-03-19T15:14:33.496+0000] {task_command.py:415} INFO - Running <TaskInstance: faud_detection_pipeline.store_data_hdfs scheduled__2023-10-01T03:00:00+00:00 [running]> on host 0009f5fb76aa
[2025-03-19T15:14:33.718+0000] {taskinstance.py:1660} INFO - Exporting env vars: AIRFLOW_CTX_DAG_OWNER='***' AIRFLOW_CTX_DAG_ID='faud_detection_pipeline' AIRFLOW_CTX_TASK_ID='store_data_hdfs' AIRFLOW_CTX_EXECUTION_DATE='2023-10-01T03:00:00+00:00' AIRFLOW_CTX_TRY_NUMBER='2' AIRFLOW_CTX_DAG_RUN_ID='scheduled__2023-10-01T03:00:00+00:00'
[2025-03-19T15:14:33.722+0000] {subprocess.py:63} INFO - Tmp dir root location: /tmp
[2025-03-19T15:14:33.724+0000] {subprocess.py:75} INFO - Running command: ['/bin/bash', '-c', 'docker cp /tmp/transactions.json namenode:/tmp/transactions.json && docker cp /tmp/customers.json namenode:/tmp/customers.json && docker cp /tmp/external_data.json namenode:/tmp/external_data.json && docker exec namenode bash -c "hdfs dfs -mkdir -p /data && hdfs dfs -put -f /tmp/transactions.json /data/transactions/transactions.json && hdfs dfs -put -f /tmp/customers.json /data/customers/customers.json && hdfs dfs -put -f /tmp/external_data.json /data/external_data/external_data.json  "']
[2025-03-19T15:14:33.755+0000] {subprocess.py:86} INFO - Output:
[2025-03-19T15:14:59.684+0000] {subprocess.py:93} INFO - put: `/data/transactions/transactions.json': No such file or directory: `hdfs://namenode:9000/data/transactions/transactions.json'
[2025-03-19T15:15:00.386+0000] {subprocess.py:97} INFO - Command exited with return code 1
[2025-03-19T15:15:00.431+0000] {taskinstance.py:1935} ERROR - Task failed with exception
Traceback (most recent call last):
  File "/home/airflow/.local/lib/python3.8/site-packages/airflow/operators/bash.py", line 210, in execute
    raise AirflowException(
airflow.exceptions.AirflowException: Bash command failed. The command returned a non-zero exit code 1.
[2025-03-19T15:15:00.451+0000] {taskinstance.py:1398} INFO - Marking task as FAILED. dag_id=faud_detection_pipeline, task_id=store_data_hdfs, execution_date=20231001T030000, start_date=20250319T151432, end_date=20250319T151500
[2025-03-19T15:15:00.517+0000] {standard_task_runner.py:104} ERROR - Failed to execute job 1226 for task store_data_hdfs (Bash command failed. The command returned a non-zero exit code 1.; 8944)
[2025-03-19T15:15:00.575+0000] {local_task_job_runner.py:228} INFO - Task exited with return code 1
[2025-03-19T15:15:00.708+0000] {taskinstance.py:2776} INFO - 0 downstream tasks scheduled from follow-on schedule check
