[2025-03-19T11:58:59.570+0000] {taskinstance.py:1157} INFO - Dependencies all met for dep_context=non-requeueable deps ti=<TaskInstance: fraud_detection_pipeline.load_data_hive scheduled__2023-10-06T09:00:00+00:00 [queued]>
[2025-03-19T11:58:59.590+0000] {taskinstance.py:1157} INFO - Dependencies all met for dep_context=requeueable deps ti=<TaskInstance: fraud_detection_pipeline.load_data_hive scheduled__2023-10-06T09:00:00+00:00 [queued]>
[2025-03-19T11:58:59.591+0000] {taskinstance.py:1359} INFO - Starting attempt 2 of 2
[2025-03-19T11:58:59.620+0000] {taskinstance.py:1380} INFO - Executing <Task(BashOperator): load_data_hive> on 2023-10-06 09:00:00+00:00
[2025-03-19T11:58:59.632+0000] {standard_task_runner.py:57} INFO - Started process 2510 to run task
[2025-03-19T11:58:59.640+0000] {standard_task_runner.py:84} INFO - Running: ['***', 'tasks', 'run', 'fraud_detection_pipeline', 'load_data_hive', 'scheduled__2023-10-06T09:00:00+00:00', '--job-id', '424', '--raw', '--subdir', 'DAGS_FOLDER/dag_1.py', '--cfg-path', '/tmp/tmp_6qep07w']
[2025-03-19T11:58:59.645+0000] {standard_task_runner.py:85} INFO - Job 424: Subtask load_data_hive
[2025-03-19T11:58:59.776+0000] {task_command.py:415} INFO - Running <TaskInstance: fraud_detection_pipeline.load_data_hive scheduled__2023-10-06T09:00:00+00:00 [running]> on host 0009f5fb76aa
[2025-03-19T11:58:59.918+0000] {taskinstance.py:1660} INFO - Exporting env vars: AIRFLOW_CTX_DAG_OWNER='***' AIRFLOW_CTX_DAG_ID='fraud_detection_pipeline' AIRFLOW_CTX_TASK_ID='load_data_hive' AIRFLOW_CTX_EXECUTION_DATE='2023-10-06T09:00:00+00:00' AIRFLOW_CTX_TRY_NUMBER='2' AIRFLOW_CTX_DAG_RUN_ID='scheduled__2023-10-06T09:00:00+00:00'
[2025-03-19T11:58:59.921+0000] {subprocess.py:63} INFO - Tmp dir root location: /tmp
[2025-03-19T11:58:59.923+0000] {subprocess.py:75} INFO - Running command: ['/bin/bash', '-c', 'docker exec hive -f /home/hive_script.hql']
[2025-03-19T11:58:59.940+0000] {subprocess.py:86} INFO - Output:
[2025-03-19T11:59:00.081+0000] {subprocess.py:93} INFO - OCI runtime exec failed: exec failed: unable to start container process: exec: "-f": executable file not found in $PATH: unknown
[2025-03-19T11:59:00.093+0000] {subprocess.py:97} INFO - Command exited with return code 126
[2025-03-19T11:59:00.121+0000] {taskinstance.py:1935} ERROR - Task failed with exception
Traceback (most recent call last):
  File "/home/airflow/.local/lib/python3.8/site-packages/airflow/operators/bash.py", line 210, in execute
    raise AirflowException(
airflow.exceptions.AirflowException: Bash command failed. The command returned a non-zero exit code 126.
[2025-03-19T11:59:00.136+0000] {taskinstance.py:1398} INFO - Marking task as FAILED. dag_id=fraud_detection_pipeline, task_id=load_data_hive, execution_date=20231006T090000, start_date=20250319T115859, end_date=20250319T115900
[2025-03-19T11:59:00.177+0000] {standard_task_runner.py:104} ERROR - Failed to execute job 424 for task load_data_hive (Bash command failed. The command returned a non-zero exit code 126.; 2510)
[2025-03-19T11:59:00.228+0000] {local_task_job_runner.py:228} INFO - Task exited with return code 1
[2025-03-19T11:59:00.302+0000] {taskinstance.py:2776} INFO - 0 downstream tasks scheduled from follow-on schedule check
