[2025-03-21T20:17:18.843+0000] {taskinstance.py:1157} INFO - Dependencies all met for dep_context=non-requeueable deps ti=<TaskInstance: fraud_detection_pipeline.store_data_hdfs manual__2025-03-21T20:17:10+00:00 [queued]>
[2025-03-21T20:17:18.857+0000] {taskinstance.py:1157} INFO - Dependencies all met for dep_context=requeueable deps ti=<TaskInstance: fraud_detection_pipeline.store_data_hdfs manual__2025-03-21T20:17:10+00:00 [queued]>
[2025-03-21T20:17:18.858+0000] {taskinstance.py:1359} INFO - Starting attempt 1 of 4
[2025-03-21T20:17:18.876+0000] {taskinstance.py:1380} INFO - Executing <Task(BashOperator): store_data_hdfs> on 2025-03-21 20:17:10+00:00
[2025-03-21T20:17:18.883+0000] {standard_task_runner.py:57} INFO - Started process 390 to run task
[2025-03-21T20:17:18.887+0000] {standard_task_runner.py:84} INFO - Running: ['***', 'tasks', 'run', 'fraud_detection_pipeline', 'store_data_hdfs', 'manual__2025-03-21T20:17:10+00:00', '--job-id', '3634', '--raw', '--subdir', 'DAGS_FOLDER/dag_1.py', '--cfg-path', '/tmp/tmphcng8hmp']
[2025-03-21T20:17:18.891+0000] {standard_task_runner.py:85} INFO - Job 3634: Subtask store_data_hdfs
[2025-03-21T20:17:18.961+0000] {task_command.py:415} INFO - Running <TaskInstance: fraud_detection_pipeline.store_data_hdfs manual__2025-03-21T20:17:10+00:00 [running]> on host f665883f3a95
[2025-03-21T20:17:19.063+0000] {taskinstance.py:1660} INFO - Exporting env vars: AIRFLOW_CTX_DAG_EMAIL='abelchaguermohamed@gmail.com' AIRFLOW_CTX_DAG_OWNER='***' AIRFLOW_CTX_DAG_ID='fraud_detection_pipeline' AIRFLOW_CTX_TASK_ID='store_data_hdfs' AIRFLOW_CTX_EXECUTION_DATE='2025-03-21T20:17:10+00:00' AIRFLOW_CTX_TRY_NUMBER='1' AIRFLOW_CTX_DAG_RUN_ID='manual__2025-03-21T20:17:10+00:00'
[2025-03-21T20:17:19.065+0000] {subprocess.py:63} INFO - Tmp dir root location: /tmp
[2025-03-21T20:17:19.067+0000] {subprocess.py:75} INFO - Running command: ['/bin/bash', '-c', 'docker cp /tmp/transactions.csv namenode:/tmp/transactions.csv && docker cp /tmp/customers.csv namenode:/tmp/customers.csv && docker cp /tmp/external_data.csv namenode:/tmp/external_data.csv && docker exec namenode bash -c "hdfs dfs -mkdir -p /data/transactions && hdfs dfs -mkdir -p /data/customers && hdfs dfs -mkdir -p /data/external_data && hdfs dfs -put -f /tmp/transactions.csv /data/transactions/transactions.csv && hdfs dfs -put -f /tmp/customers.csv /data/customers/customers.csv && hdfs dfs -put -f /tmp/external_data.csv /data/external_data/external_data.csv && rm -rf /tmp/transactions.csv /tmp/customers.csv /tmp/external_data.csv"']
[2025-03-21T20:17:19.078+0000] {subprocess.py:86} INFO - Output:
[2025-03-21T20:17:27.823+0000] {subprocess.py:93} INFO - 2025-03-21 20:17:27,821 INFO sasl.SaslDataTransferClient: SASL encryption trust check: localHostTrusted = false, remoteHostTrusted = false
[2025-03-21T20:17:30.437+0000] {subprocess.py:93} INFO - 2025-03-21 20:17:30,435 INFO sasl.SaslDataTransferClient: SASL encryption trust check: localHostTrusted = false, remoteHostTrusted = false
[2025-03-21T20:17:31.247+0000] {subprocess.py:93} INFO - 2025-03-21 20:17:31,244 INFO sasl.SaslDataTransferClient: SASL encryption trust check: localHostTrusted = false, remoteHostTrusted = false
[2025-03-21T20:17:31.933+0000] {subprocess.py:97} INFO - Command exited with return code 0
[2025-03-21T20:17:31.965+0000] {taskinstance.py:1398} INFO - Marking task as SUCCESS. dag_id=fraud_detection_pipeline, task_id=store_data_hdfs, execution_date=20250321T201710, start_date=20250321T201718, end_date=20250321T201731
[2025-03-21T20:17:31.983+0000] {logging_mixin.py:151} WARNING - /home/***/.local/lib/python3.8/site-packages/***/utils/email.py:154 RemovedInAirflow3Warning: Fetching SMTP credentials from configuration variables will be deprecated in a future release. Please set credentials using a connection instead.
[2025-03-21T20:17:31.984+0000] {email.py:270} INFO - Email alerting: attempt 1
[2025-03-21T20:17:33.116+0000] {taskinstance.py:1703} ERROR - Error when executing notify_success callback
Traceback (most recent call last):
  File "/home/airflow/.local/lib/python3.8/site-packages/airflow/models/taskinstance.py", line 1700, in _run_finished_callback
    callback(context)
  File "/opt/airflow/dags/dag_1.py", line 29, in notify_success
    send_email(to=email, subject=subject, html_content=html_content)
  File "/home/airflow/.local/lib/python3.8/site-packages/airflow/utils/email.py", line 80, in send_email
    return backend(
  File "/home/airflow/.local/lib/python3.8/site-packages/airflow/utils/email.py", line 154, in send_email_smtp
    send_mime_email(e_from=mail_from, e_to=recipients, mime_msg=msg, conn_id=conn_id, dryrun=dryrun)
  File "/home/airflow/.local/lib/python3.8/site-packages/airflow/utils/email.py", line 281, in send_mime_email
    smtp_conn.login(smtp_user, smtp_password)
  File "/usr/local/lib/python3.8/smtplib.py", line 748, in login
    raise last_exception
  File "/usr/local/lib/python3.8/smtplib.py", line 737, in login
    (code, resp) = self.auth(
  File "/usr/local/lib/python3.8/smtplib.py", line 660, in auth
    raise SMTPAuthenticationError(code, resp)
smtplib.SMTPAuthenticationError: (535, b'5.7.8 Username and Password not accepted. For more information, go to\n5.7.8  https://support.google.com/mail/?p=BadCredentials 5b1f17b1804b1-43d4fd27b59sm36589265e9.23 - gsmtp')
[2025-03-21T20:17:33.963+0000] {local_task_job_runner.py:228} INFO - Task exited with return code 0
[2025-03-21T20:17:33.993+0000] {taskinstance.py:2776} INFO - 0 downstream tasks scheduled from follow-on schedule check
