[2025-03-19T19:53:08.649+0000] {taskinstance.py:1157} INFO - Dependencies all met for dep_context=non-requeueable deps ti=<TaskInstance: faud_detection_pipeline.load_data_hive scheduled__2023-10-17T19:00:00+00:00 [queued]>
[2025-03-19T19:53:08.665+0000] {taskinstance.py:1157} INFO - Dependencies all met for dep_context=requeueable deps ti=<TaskInstance: faud_detection_pipeline.load_data_hive scheduled__2023-10-17T19:00:00+00:00 [queued]>
[2025-03-19T19:53:08.666+0000] {taskinstance.py:1359} INFO - Starting attempt 1 of 2
[2025-03-19T19:53:08.692+0000] {taskinstance.py:1380} INFO - Executing <Task(BashOperator): load_data_hive> on 2023-10-17 19:00:00+00:00
[2025-03-19T19:53:08.701+0000] {standard_task_runner.py:57} INFO - Started process 45254 to run task
[2025-03-19T19:53:08.707+0000] {standard_task_runner.py:84} INFO - Running: ['***', 'tasks', 'run', 'faud_detection_pipeline', 'load_data_hive', 'scheduled__2023-10-17T19:00:00+00:00', '--job-id', '2794', '--raw', '--subdir', 'DAGS_FOLDER/dag_1.py', '--cfg-path', '/tmp/tmp3vno4z36']
[2025-03-19T19:53:08.711+0000] {standard_task_runner.py:85} INFO - Job 2794: Subtask load_data_hive
[2025-03-19T19:53:08.782+0000] {task_command.py:415} INFO - Running <TaskInstance: faud_detection_pipeline.load_data_hive scheduled__2023-10-17T19:00:00+00:00 [running]> on host 0009f5fb76aa
[2025-03-19T19:53:08.882+0000] {taskinstance.py:1660} INFO - Exporting env vars: AIRFLOW_CTX_DAG_OWNER='***' AIRFLOW_CTX_DAG_ID='faud_detection_pipeline' AIRFLOW_CTX_TASK_ID='load_data_hive' AIRFLOW_CTX_EXECUTION_DATE='2023-10-17T19:00:00+00:00' AIRFLOW_CTX_TRY_NUMBER='1' AIRFLOW_CTX_DAG_RUN_ID='scheduled__2023-10-17T19:00:00+00:00'
[2025-03-19T19:53:08.885+0000] {subprocess.py:63} INFO - Tmp dir root location: /tmp
[2025-03-19T19:53:08.886+0000] {subprocess.py:75} INFO - Running command: ['/bin/bash', '-c', 'docker exec hive hive -f /home/hive_script.hql']
[2025-03-19T19:53:08.901+0000] {subprocess.py:86} INFO - Output:
[2025-03-19T19:53:09.115+0000] {subprocess.py:93} INFO - SLF4J: Class path contains multiple SLF4J bindings.
[2025-03-19T19:53:09.118+0000] {subprocess.py:93} INFO - SLF4J: Found binding in [jar:file:/opt/hive/lib/log4j-slf4j-impl-2.6.2.jar!/org/slf4j/impl/StaticLoggerBinder.class]
[2025-03-19T19:53:09.120+0000] {subprocess.py:93} INFO - SLF4J: Found binding in [jar:file:/opt/hadoop-2.7.4/share/hadoop/common/lib/slf4j-log4j12-1.7.10.jar!/org/slf4j/impl/StaticLoggerBinder.class]
[2025-03-19T19:53:09.121+0000] {subprocess.py:93} INFO - SLF4J: See http://www.slf4j.org/codes.html#multiple_bindings for an explanation.
[2025-03-19T19:53:09.122+0000] {subprocess.py:93} INFO - SLF4J: Actual binding is of type [org.apache.logging.slf4j.Log4jLoggerFactory]
[2025-03-19T19:53:11.169+0000] {subprocess.py:93} INFO - 
[2025-03-19T19:53:11.170+0000] {subprocess.py:93} INFO - Logging initialized using configuration in file:/opt/hive/conf/hive-log4j2.properties Async: true
[2025-03-19T19:53:31.879+0000] {subprocess.py:93} INFO - OK
[2025-03-19T19:53:31.885+0000] {subprocess.py:93} INFO - Time taken: 17.412 seconds
[2025-03-19T19:53:32.829+0000] {subprocess.py:93} INFO - OK
[2025-03-19T19:53:32.830+0000] {subprocess.py:93} INFO - Time taken: 0.936 seconds
[2025-03-19T19:53:32.916+0000] {subprocess.py:93} INFO - OK
[2025-03-19T19:53:32.918+0000] {subprocess.py:93} INFO - Time taken: 0.086 seconds
[2025-03-19T19:53:33.592+0000] {subprocess.py:97} INFO - Command exited with return code 0
[2025-03-19T19:53:33.700+0000] {taskinstance.py:1398} INFO - Marking task as SUCCESS. dag_id=faud_detection_pipeline, task_id=load_data_hive, execution_date=20231017T190000, start_date=20250319T195308, end_date=20250319T195333
[2025-03-19T19:53:34.196+0000] {local_task_job_runner.py:228} INFO - Task exited with return code 0
[2025-03-19T19:53:34.263+0000] {taskinstance.py:2776} INFO - 0 downstream tasks scheduled from follow-on schedule check
