[2025-03-23T14:50:09.732+0000] {taskinstance.py:1157} INFO - Dependencies all met for dep_context=non-requeueable deps ti=<TaskInstance: fraud_detection_pipeline_2.store_data_hdfs manual__2025-03-23T14:49:59+00:00 [queued]>
[2025-03-23T14:50:09.744+0000] {taskinstance.py:1157} INFO - Dependencies all met for dep_context=requeueable deps ti=<TaskInstance: fraud_detection_pipeline_2.store_data_hdfs manual__2025-03-23T14:49:59+00:00 [queued]>
[2025-03-23T14:50:09.745+0000] {taskinstance.py:1359} INFO - Starting attempt 1 of 4
[2025-03-23T14:50:09.759+0000] {taskinstance.py:1380} INFO - Executing <Task(BashOperator): store_data_hdfs> on 2025-03-23 14:49:59+00:00
[2025-03-23T14:50:09.768+0000] {standard_task_runner.py:57} INFO - Started process 10440 to run task
[2025-03-23T14:50:09.771+0000] {standard_task_runner.py:84} INFO - Running: ['***', 'tasks', 'run', 'fraud_detection_pipeline_2', 'store_data_hdfs', 'manual__2025-03-23T14:49:59+00:00', '--job-id', '120', '--raw', '--subdir', 'DAGS_FOLDER/dag_2.py', '--cfg-path', '/tmp/tmp4ocrfclh']
[2025-03-23T14:50:09.776+0000] {standard_task_runner.py:85} INFO - Job 120: Subtask store_data_hdfs
[2025-03-23T14:50:09.834+0000] {task_command.py:415} INFO - Running <TaskInstance: fraud_detection_pipeline_2.store_data_hdfs manual__2025-03-23T14:49:59+00:00 [running]> on host 4ece88aec9a9
[2025-03-23T14:50:09.931+0000] {taskinstance.py:1660} INFO - Exporting env vars: AIRFLOW_CTX_DAG_EMAIL='abelchaguermohmaed@gmail.com' AIRFLOW_CTX_DAG_OWNER='***' AIRFLOW_CTX_DAG_ID='fraud_detection_pipeline_2' AIRFLOW_CTX_TASK_ID='store_data_hdfs' AIRFLOW_CTX_EXECUTION_DATE='2025-03-23T14:49:59+00:00' AIRFLOW_CTX_TRY_NUMBER='1' AIRFLOW_CTX_DAG_RUN_ID='manual__2025-03-23T14:49:59+00:00'
[2025-03-23T14:50:09.934+0000] {subprocess.py:63} INFO - Tmp dir root location: /tmp
[2025-03-23T14:50:09.936+0000] {subprocess.py:75} INFO - Running command: ['/bin/bash', '-c', 'docker cp /tmp/transactions.csv namenode:/tmp/transactions.csv && docker cp /tmp/customers.csv namenode:/tmp/customers.csv && docker cp /tmp/external_data.csv namenode:/tmp/external_data.csv && docker exec namenode bash -c "hdfs dfs -mkdir -p /data/transactions && hdfs dfs -mkdir -p /data/customers && hdfs dfs -mkdir -p /data/external_data && hdfs dfs -put -f /tmp/transactions.csv /data/transactions/transactions.csv && hdfs dfs -put -f /tmp/customers.csv /data/customers/customers.csv && hdfs dfs -put -f /tmp/external_data.csv /data/external_data/external_data.csv && rm -rf /tmp/transactions.csv /tmp/customers.csv /tmp/external_data.csv"']
[2025-03-23T14:50:09.949+0000] {subprocess.py:86} INFO - Output:
[2025-03-23T14:50:17.351+0000] {subprocess.py:93} INFO - 2025-03-23 14:50:17,349 INFO sasl.SaslDataTransferClient: SASL encryption trust check: localHostTrusted = false, remoteHostTrusted = false
[2025-03-23T14:50:19.842+0000] {subprocess.py:93} INFO - 2025-03-23 14:50:19,840 INFO sasl.SaslDataTransferClient: SASL encryption trust check: localHostTrusted = false, remoteHostTrusted = false
[2025-03-23T14:50:22.290+0000] {subprocess.py:93} INFO - 2025-03-23 14:50:22,288 INFO sasl.SaslDataTransferClient: SASL encryption trust check: localHostTrusted = false, remoteHostTrusted = false
[2025-03-23T14:50:22.902+0000] {subprocess.py:97} INFO - Command exited with return code 0
[2025-03-23T14:50:22.936+0000] {taskinstance.py:1398} INFO - Marking task as SUCCESS. dag_id=fraud_detection_pipeline_2, task_id=store_data_hdfs, execution_date=20250323T144959, start_date=20250323T145009, end_date=20250323T145022
[2025-03-23T14:50:22.952+0000] {logging_mixin.py:151} WARNING - /home/***/.local/lib/python3.8/site-packages/***/utils/email.py:154 RemovedInAirflow3Warning: Fetching SMTP credentials from configuration variables will be deprecated in a future release. Please set credentials using a connection instead.
[2025-03-23T14:50:22.953+0000] {email.py:270} INFO - Email alerting: attempt 1
[2025-03-23T14:50:23.708+0000] {email.py:282} INFO - Sent an alert email to ['abelchaguermohmaed@gmail.com']
[2025-03-23T14:50:25.035+0000] {local_task_job_runner.py:228} INFO - Task exited with return code 0
[2025-03-23T14:50:25.058+0000] {taskinstance.py:2776} INFO - 1 downstream tasks scheduled from follow-on schedule check
