[2025-03-23T01:05:14.735+0000] {taskinstance.py:1157} INFO - Dependencies all met for dep_context=non-requeueable deps ti=<TaskInstance: fraud_detection_pipeline.store_data_hdfs scheduled__2025-03-22T00:00:00+00:00 [queued]>
[2025-03-23T01:05:14.747+0000] {taskinstance.py:1157} INFO - Dependencies all met for dep_context=requeueable deps ti=<TaskInstance: fraud_detection_pipeline.store_data_hdfs scheduled__2025-03-22T00:00:00+00:00 [queued]>
[2025-03-23T01:05:14.748+0000] {taskinstance.py:1359} INFO - Starting attempt 4 of 4
[2025-03-23T01:05:14.766+0000] {taskinstance.py:1380} INFO - Executing <Task(BashOperator): store_data_hdfs> on 2025-03-22 00:00:00+00:00
[2025-03-23T01:05:14.775+0000] {standard_task_runner.py:57} INFO - Started process 6445 to run task
[2025-03-23T01:05:14.782+0000] {standard_task_runner.py:84} INFO - Running: ['***', 'tasks', 'run', 'fraud_detection_pipeline', 'store_data_hdfs', 'scheduled__2025-03-22T00:00:00+00:00', '--job-id', '109', '--raw', '--subdir', 'DAGS_FOLDER/dag_1.py', '--cfg-path', '/tmp/tmpx_eb7ptg']
[2025-03-23T01:05:14.792+0000] {standard_task_runner.py:85} INFO - Job 109: Subtask store_data_hdfs
[2025-03-23T01:05:14.880+0000] {task_command.py:415} INFO - Running <TaskInstance: fraud_detection_pipeline.store_data_hdfs scheduled__2025-03-22T00:00:00+00:00 [running]> on host 4ece88aec9a9
[2025-03-23T01:05:14.984+0000] {taskinstance.py:1660} INFO - Exporting env vars: AIRFLOW_CTX_DAG_EMAIL='abelchaguermohamed@gmail.com' AIRFLOW_CTX_DAG_OWNER='***' AIRFLOW_CTX_DAG_ID='fraud_detection_pipeline' AIRFLOW_CTX_TASK_ID='store_data_hdfs' AIRFLOW_CTX_EXECUTION_DATE='2025-03-22T00:00:00+00:00' AIRFLOW_CTX_TRY_NUMBER='4' AIRFLOW_CTX_DAG_RUN_ID='scheduled__2025-03-22T00:00:00+00:00'
[2025-03-23T01:05:14.987+0000] {subprocess.py:63} INFO - Tmp dir root location: /tmp
[2025-03-23T01:05:14.989+0000] {subprocess.py:75} INFO - Running command: ['/bin/bash', '-c', 'docker cp /tmp/transactions.csv namenode:/tmp/transactions.csv && docker cp /tmp/customers.csv namenode:/tmp/customers.csv && docker cp /tmp/external_data.csv namenode:/tmp/external_data.csv && docker exec namenode bash -c "hdfs dfs -mkdir -p /data/transactions && hdfs dfs -mkdir -p /data/customers && hdfs dfs -mkdir -p /data/external_data && hdfs dfs -put -f /tmp/transactions.csv /data/transactions/transactions.csv && hdfs dfs -put -f /tmp/customers.csv /data/customers/customers.csv && hdfs dfs -put -f /tmp/external_data.csv /data/external_data/external_data.csv && rm -rf /tmp/transactions.csv /tmp/customers.csv /tmp/external_data.csv"']
[2025-03-23T01:05:15.005+0000] {subprocess.py:86} INFO - Output:
[2025-03-23T01:05:24.639+0000] {subprocess.py:93} INFO - 2025-03-23 01:05:24,636 INFO sasl.SaslDataTransferClient: SASL encryption trust check: localHostTrusted = false, remoteHostTrusted = false
[2025-03-23T01:05:24.824+0000] {subprocess.py:93} INFO - put: File does not exist: /data/transactions/transactions.csv._COPYING_ (inode 19129) Holder DFSClient_NONMAPREDUCE_163284071_1 does not have any open files.
[2025-03-23T01:05:24.503+0000] {subprocess.py:97} INFO - Command exited with return code 1
[2025-03-23T01:05:24.516+0000] {taskinstance.py:1935} ERROR - Task failed with exception
Traceback (most recent call last):
  File "/home/airflow/.local/lib/python3.8/site-packages/airflow/operators/bash.py", line 210, in execute
    raise AirflowException(
airflow.exceptions.AirflowException: Bash command failed. The command returned a non-zero exit code 1.
[2025-03-23T01:05:24.521+0000] {taskinstance.py:1398} INFO - Marking task as FAILED. dag_id=fraud_detection_pipeline, task_id=store_data_hdfs, execution_date=20250322T000000, start_date=20250323T010514, end_date=20250323T010524
[2025-03-23T01:05:24.552+0000] {logging_mixin.py:151} WARNING - /home/***/.local/lib/python3.8/site-packages/***/utils/email.py:154 RemovedInAirflow3Warning: Fetching SMTP credentials from configuration variables will be deprecated in a future release. Please set credentials using a connection instead.
[2025-03-23T01:05:24.554+0000] {email.py:270} INFO - Email alerting: attempt 1
[2025-03-23T01:05:25.539+0000] {email.py:282} INFO - Sent an alert email to ['abelchaguermohamed@gmail.com']
[2025-03-23T01:05:27.288+0000] {email.py:270} INFO - Email alerting: attempt 1
[2025-03-23T01:05:28.181+0000] {email.py:282} INFO - Sent an alert email to ['abelchaguerm@gmail.com']
[2025-03-23T01:05:30.058+0000] {standard_task_runner.py:104} ERROR - Failed to execute job 109 for task store_data_hdfs (Bash command failed. The command returned a non-zero exit code 1.; 6445)
[2025-03-23T01:05:30.093+0000] {local_task_job_runner.py:228} INFO - Task exited with return code 1
[2025-03-23T01:05:30.116+0000] {taskinstance.py:2776} INFO - 0 downstream tasks scheduled from follow-on schedule check
