[2025-03-19T15:02:47.759+0000] {taskinstance.py:1157} INFO - Dependencies all met for dep_context=non-requeueable deps ti=<TaskInstance: fraud_detection_pipeline.store_data_hdfs scheduled__2023-10-02T06:00:00+00:00 [queued]>
[2025-03-19T15:02:47.922+0000] {taskinstance.py:1157} INFO - Dependencies all met for dep_context=requeueable deps ti=<TaskInstance: fraud_detection_pipeline.store_data_hdfs scheduled__2023-10-02T06:00:00+00:00 [queued]>
[2025-03-19T15:02:47.950+0000] {taskinstance.py:1359} INFO - Starting attempt 1 of 2
[2025-03-19T15:02:48.088+0000] {taskinstance.py:1380} INFO - Executing <Task(BashOperator): store_data_hdfs> on 2023-10-02 06:00:00+00:00
[2025-03-19T15:02:48.155+0000] {standard_task_runner.py:57} INFO - Started process 6601 to run task
[2025-03-19T15:02:48.187+0000] {standard_task_runner.py:84} INFO - Running: ['***', 'tasks', 'run', 'fraud_detection_pipeline', 'store_data_hdfs', 'scheduled__2023-10-02T06:00:00+00:00', '--job-id', '1156', '--raw', '--subdir', 'DAGS_FOLDER/dag_1.py', '--cfg-path', '/tmp/tmprtgpnh7i']
[2025-03-19T15:02:48.237+0000] {standard_task_runner.py:85} INFO - Job 1156: Subtask store_data_hdfs
[2025-03-19T15:02:48.816+0000] {task_command.py:415} INFO - Running <TaskInstance: fraud_detection_pipeline.store_data_hdfs scheduled__2023-10-02T06:00:00+00:00 [running]> on host 0009f5fb76aa
[2025-03-19T15:02:49.657+0000] {taskinstance.py:1660} INFO - Exporting env vars: AIRFLOW_CTX_DAG_OWNER='***' AIRFLOW_CTX_DAG_ID='fraud_detection_pipeline' AIRFLOW_CTX_TASK_ID='store_data_hdfs' AIRFLOW_CTX_EXECUTION_DATE='2023-10-02T06:00:00+00:00' AIRFLOW_CTX_TRY_NUMBER='1' AIRFLOW_CTX_DAG_RUN_ID='scheduled__2023-10-02T06:00:00+00:00'
[2025-03-19T15:02:49.673+0000] {subprocess.py:63} INFO - Tmp dir root location: /tmp
[2025-03-19T15:02:49.704+0000] {subprocess.py:75} INFO - Running command: ['/bin/bash', '-c', 'docker cp /tmp/transactions.json namenode:/tmp/transactions.json && docker cp /tmp/customers.json namenode:/tmp/customers.json && docker cp /tmp/external_data.json namenode:/tmp/external_data.json && docker exec namenode bash -c "hdfs dfs -mkdir -p /data && hdfs dfs -put -f /tmp/transactions.json /data/transactions/transactions.json && hdfs dfs -put -f /tmp/customers.json /data/customers/customers.json && hdfs dfs -put -f /tmp/external_data.json /data/external_data/external_data.json && rm -rf /tmp/external_data.json "']
[2025-03-19T15:02:49.772+0000] {subprocess.py:86} INFO - Output:
[2025-03-19T15:03:12.424+0000] {subprocess.py:93} INFO - put: `/data/transactions/transactions.json': No such file or directory: `hdfs://namenode:9000/data/transactions/transactions.json'
[2025-03-19T15:03:12.926+0000] {subprocess.py:97} INFO - Command exited with return code 1
[2025-03-19T15:03:12.949+0000] {taskinstance.py:1935} ERROR - Task failed with exception
Traceback (most recent call last):
  File "/home/airflow/.local/lib/python3.8/site-packages/airflow/operators/bash.py", line 210, in execute
    raise AirflowException(
airflow.exceptions.AirflowException: Bash command failed. The command returned a non-zero exit code 1.
[2025-03-19T15:03:12.956+0000] {taskinstance.py:1398} INFO - Marking task as UP_FOR_RETRY. dag_id=fraud_detection_pipeline, task_id=store_data_hdfs, execution_date=20231002T060000, start_date=20250319T150247, end_date=20250319T150312
[2025-03-19T15:03:12.988+0000] {standard_task_runner.py:104} ERROR - Failed to execute job 1156 for task store_data_hdfs (Bash command failed. The command returned a non-zero exit code 1.; 6601)
[2025-03-19T15:03:13.020+0000] {local_task_job_runner.py:228} INFO - Task exited with return code 1
[2025-03-19T15:03:13.051+0000] {taskinstance.py:2776} INFO - 0 downstream tasks scheduled from follow-on schedule check
[2025-03-19T21:26:03.026+0000] {taskinstance.py:1157} INFO - Dependencies all met for dep_context=non-requeueable deps ti=<TaskInstance: fraud_detection_pipeline.store_data_hdfs scheduled__2023-10-02T06:00:00+00:00 [queued]>
[2025-03-19T21:26:03.116+0000] {taskinstance.py:1157} INFO - Dependencies all met for dep_context=requeueable deps ti=<TaskInstance: fraud_detection_pipeline.store_data_hdfs scheduled__2023-10-02T06:00:00+00:00 [queued]>
[2025-03-19T21:26:03.123+0000] {taskinstance.py:1359} INFO - Starting attempt 1 of 1
[2025-03-19T21:26:04.004+0000] {taskinstance.py:1380} INFO - Executing <Task(BashOperator): store_data_hdfs> on 2023-10-02 06:00:00+00:00
[2025-03-19T21:26:04.049+0000] {standard_task_runner.py:57} INFO - Started process 9872 to run task
[2025-03-19T21:26:04.088+0000] {standard_task_runner.py:84} INFO - Running: ['***', 'tasks', 'run', 'fraud_detection_pipeline', 'store_data_hdfs', 'scheduled__2023-10-02T06:00:00+00:00', '--job-id', '3417', '--raw', '--subdir', 'DAGS_FOLDER/dag_1.py', '--cfg-path', '/tmp/tmp8vmsfy_h']
[2025-03-19T21:26:04.173+0000] {standard_task_runner.py:85} INFO - Job 3417: Subtask store_data_hdfs
[2025-03-19T21:26:04.418+0000] {task_command.py:415} INFO - Running <TaskInstance: fraud_detection_pipeline.store_data_hdfs scheduled__2023-10-02T06:00:00+00:00 [running]> on host 445fc0f18383
[2025-03-19T21:26:04.914+0000] {taskinstance.py:1660} INFO - Exporting env vars: AIRFLOW_CTX_DAG_OWNER='***' AIRFLOW_CTX_DAG_ID='fraud_detection_pipeline' AIRFLOW_CTX_TASK_ID='store_data_hdfs' AIRFLOW_CTX_EXECUTION_DATE='2023-10-02T06:00:00+00:00' AIRFLOW_CTX_TRY_NUMBER='1' AIRFLOW_CTX_DAG_RUN_ID='scheduled__2023-10-02T06:00:00+00:00'
[2025-03-19T21:26:04.932+0000] {subprocess.py:63} INFO - Tmp dir root location: /tmp
[2025-03-19T21:26:04.952+0000] {subprocess.py:75} INFO - Running command: ['/bin/bash', '-c', 'docker cp /tmp/transactions.csv namenode:/tmp/transactions.csv && docker cp /tmp/customers.csv namenode:/tmp/customers.csv && docker cp /tmp/external_data.csv namenode:/tmp/external_data.csv && docker exec namenode bash -c "hdfs dfs -mkdir -p /data/transactions && hdfs dfs -mkdir -p /data/customers && hdfs dfs -mkdir -p /data/external_data && hdfs dfs -put -f /tmp/transactions.csv /data/transactions/transactions.csv && hdfs dfs -put -f /tmp/customers.csv /data/customers/customers.csv && hdfs dfs -put -f /tmp/external_data.csv /data/external_data/external_data.csv && rm -rf /tmp/transactions.csv /tmp/customers.csv /tmp/external_data.csv"']
[2025-03-19T21:26:05.045+0000] {subprocess.py:86} INFO - Output:
[2025-03-19T21:26:57.780+0000] {subprocess.py:93} INFO - put: `/tmp/transactions.csv': No such file or directory
[2025-03-19T21:26:58.312+0000] {subprocess.py:97} INFO - Command exited with return code 1
[2025-03-19T21:26:58.346+0000] {taskinstance.py:1935} ERROR - Task failed with exception
Traceback (most recent call last):
  File "/home/airflow/.local/lib/python3.8/site-packages/airflow/operators/bash.py", line 210, in execute
    raise AirflowException(
airflow.exceptions.AirflowException: Bash command failed. The command returned a non-zero exit code 1.
[2025-03-19T21:26:58.361+0000] {taskinstance.py:1398} INFO - Marking task as FAILED. dag_id=fraud_detection_pipeline, task_id=store_data_hdfs, execution_date=20231002T060000, start_date=20250319T212603, end_date=20250319T212658
[2025-03-19T21:26:58.515+0000] {standard_task_runner.py:104} ERROR - Failed to execute job 3417 for task store_data_hdfs (Bash command failed. The command returned a non-zero exit code 1.; 9872)
[2025-03-19T21:26:58.555+0000] {local_task_job_runner.py:228} INFO - Task exited with return code 1
[2025-03-19T21:26:58.618+0000] {taskinstance.py:2776} INFO - 0 downstream tasks scheduled from follow-on schedule check
