[2025-03-19T19:57:26.367+0000] {taskinstance.py:1157} INFO - Dependencies all met for dep_context=non-requeueable deps ti=<TaskInstance: fraud_detection_pipeline.store_data_hdfs scheduled__2023-10-02T13:00:00+00:00 [queued]>
[2025-03-19T19:57:26.440+0000] {taskinstance.py:1157} INFO - Dependencies all met for dep_context=requeueable deps ti=<TaskInstance: fraud_detection_pipeline.store_data_hdfs scheduled__2023-10-02T13:00:00+00:00 [queued]>
[2025-03-19T19:57:26.444+0000] {taskinstance.py:1359} INFO - Starting attempt 2 of 2
[2025-03-19T19:57:26.642+0000] {taskinstance.py:1380} INFO - Executing <Task(BashOperator): store_data_hdfs> on 2023-10-02 13:00:00+00:00
[2025-03-19T19:57:26.701+0000] {standard_task_runner.py:57} INFO - Started process 46342 to run task
[2025-03-19T19:57:26.744+0000] {standard_task_runner.py:84} INFO - Running: ['***', 'tasks', 'run', 'fraud_detection_pipeline', 'store_data_hdfs', 'scheduled__2023-10-02T13:00:00+00:00', '--job-id', '2846', '--raw', '--subdir', 'DAGS_FOLDER/dag_1.py', '--cfg-path', '/tmp/tmpudpydqx6']
[2025-03-19T19:57:26.778+0000] {standard_task_runner.py:85} INFO - Job 2846: Subtask store_data_hdfs
[2025-03-19T19:57:27.118+0000] {task_command.py:415} INFO - Running <TaskInstance: fraud_detection_pipeline.store_data_hdfs scheduled__2023-10-02T13:00:00+00:00 [running]> on host 0009f5fb76aa
[2025-03-19T19:57:28.678+0000] {taskinstance.py:1660} INFO - Exporting env vars: AIRFLOW_CTX_DAG_OWNER='***' AIRFLOW_CTX_DAG_ID='fraud_detection_pipeline' AIRFLOW_CTX_TASK_ID='store_data_hdfs' AIRFLOW_CTX_EXECUTION_DATE='2023-10-02T13:00:00+00:00' AIRFLOW_CTX_TRY_NUMBER='2' AIRFLOW_CTX_DAG_RUN_ID='scheduled__2023-10-02T13:00:00+00:00'
[2025-03-19T19:57:28.719+0000] {subprocess.py:63} INFO - Tmp dir root location: /tmp
[2025-03-19T19:57:28.725+0000] {subprocess.py:75} INFO - Running command: ['/bin/bash', '-c', 'docker cp /tmp/transactions.csv namenode:/tmp/transactions.csv && docker cp /tmp/customers.csv namenode:/tmp/customers.csv && docker cp /tmp/external_data.csv namenode:/tmp/external_data.csv && docker exec namenode bash -c "hdfs dfs -mkdir -p /data/transactions && hdfs dfs -mkdir -p /data/customers && hdfs dfs -mkdir -p /data/external_data && hdfs dfs -put -f /tmp/transactions.csv /data/transactions/transactions.csv && hdfs dfs -put -f /tmp/customers.csv /data/customers/customers.csv && hdfs dfs -put -f /tmp/external_data.csv /data/external_data/external_data.csv && rm -rf /tmp/transactions.csv /tmp/customers.csv /tmp/external_data.csv"']
[2025-03-19T19:57:28.926+0000] {subprocess.py:86} INFO - Output:
[2025-03-19T19:58:00.314+0000] {local_task_job_runner.py:294} WARNING - State of this instance has been externally set to None. Terminating instance.
[2025-03-19T19:58:00.340+0000] {process_utils.py:131} INFO - Sending 15 to group 46342. PIDs of all processes in the group: [46404, 46342]
[2025-03-19T19:58:00.355+0000] {process_utils.py:86} INFO - Sending the signal 15 to group 46342
[2025-03-19T19:58:00.367+0000] {taskinstance.py:1630} ERROR - Received SIGTERM. Terminating subprocesses.
[2025-03-19T19:58:00.372+0000] {subprocess.py:104} INFO - Sending SIGTERM signal to process group
[2025-03-19T19:58:00.555+0000] {taskinstance.py:1935} ERROR - Task failed with exception
Traceback (most recent call last):
  File "/home/airflow/.local/lib/python3.8/site-packages/airflow/operators/bash.py", line 201, in execute
    result = self.subprocess_hook.run_command(
  File "/home/airflow/.local/lib/python3.8/site-packages/airflow/hooks/subprocess.py", line 91, in run_command
    for raw_line in iter(self.sub_process.stdout.readline, b""):
  File "/home/airflow/.local/lib/python3.8/site-packages/airflow/models/taskinstance.py", line 1632, in signal_handler
    raise AirflowException("Task received SIGTERM signal")
airflow.exceptions.AirflowException: Task received SIGTERM signal
[2025-03-19T19:58:00.697+0000] {taskinstance.py:1398} INFO - Marking task as FAILED. dag_id=fraud_detection_pipeline, task_id=store_data_hdfs, execution_date=20231002T130000, start_date=20250319T195726, end_date=20250319T195800
[2025-03-19T19:58:00.939+0000] {standard_task_runner.py:104} ERROR - Failed to execute job 2846 for task store_data_hdfs ((psycopg2.errors.ForeignKeyViolation) insert or update on table "task_fail" violates foreign key constraint "task_fail_ti_fkey"
DETAIL:  Key (dag_id, task_id, run_id, map_index)=(fraud_detection_pipeline, store_data_hdfs, scheduled__2023-10-02T13:00:00+00:00, -1) is not present in table "task_instance".

[SQL: INSERT INTO task_fail (task_id, dag_id, run_id, map_index, start_date, end_date, duration) VALUES (%(task_id)s, %(dag_id)s, %(run_id)s, %(map_index)s, %(start_date)s, %(end_date)s, %(duration)s) RETURNING task_fail.id]
[parameters: {'task_id': 'store_data_hdfs', 'dag_id': 'fraud_detection_pipeline', 'run_id': 'scheduled__2023-10-02T13:00:00+00:00', 'map_index': -1, 'start_date': datetime.datetime(2025, 3, 19, 19, 57, 26, 368942, tzinfo=Timezone('UTC')), 'end_date': datetime.datetime(2025, 3, 19, 19, 58, 0, 691629, tzinfo=Timezone('UTC')), 'duration': 34}]
(Background on this error at: https://sqlalche.me/e/14/gkpj); 46342)
[2025-03-19T19:58:01.069+0000] {process_utils.py:79} INFO - Process psutil.Process(pid=46404, status='terminated', started='19:57:28') (46404) terminated with exit code None
[2025-03-19T19:58:01.075+0000] {process_utils.py:79} INFO - Process psutil.Process(pid=46342, status='terminated', exitcode=1, started='19:57:26') (46342) terminated with exit code 1
