[2025-03-19T21:36:53.515+0000] {taskinstance.py:1157} INFO - Dependencies all met for dep_context=non-requeueable deps ti=<TaskInstance: fraud_detection_pipeline.load_data_hive manual__2025-03-19T21:36:35.945015+00:00 [queued]>
[2025-03-19T21:36:53.551+0000] {taskinstance.py:1157} INFO - Dependencies all met for dep_context=requeueable deps ti=<TaskInstance: fraud_detection_pipeline.load_data_hive manual__2025-03-19T21:36:35.945015+00:00 [queued]>
[2025-03-19T21:36:53.556+0000] {taskinstance.py:1359} INFO - Starting attempt 1 of 1
[2025-03-19T21:36:53.599+0000] {taskinstance.py:1380} INFO - Executing <Task(BashOperator): load_data_hive> on 2025-03-19 21:36:35.945015+00:00
[2025-03-19T21:36:53.612+0000] {standard_task_runner.py:57} INFO - Started process 12084 to run task
[2025-03-19T21:36:53.618+0000] {standard_task_runner.py:84} INFO - Running: ['***', 'tasks', 'run', 'fraud_detection_pipeline', 'load_data_hive', 'manual__2025-03-19T21:36:35.945015+00:00', '--job-id', '3504', '--raw', '--subdir', 'DAGS_FOLDER/dag_1.py', '--cfg-path', '/tmp/tmperyml9t8']
[2025-03-19T21:36:53.621+0000] {standard_task_runner.py:85} INFO - Job 3504: Subtask load_data_hive
[2025-03-19T21:36:53.674+0000] {task_command.py:415} INFO - Running <TaskInstance: fraud_detection_pipeline.load_data_hive manual__2025-03-19T21:36:35.945015+00:00 [running]> on host 445fc0f18383
[2025-03-19T21:36:53.775+0000] {taskinstance.py:1660} INFO - Exporting env vars: AIRFLOW_CTX_DAG_OWNER='***' AIRFLOW_CTX_DAG_ID='fraud_detection_pipeline' AIRFLOW_CTX_TASK_ID='load_data_hive' AIRFLOW_CTX_EXECUTION_DATE='2025-03-19T21:36:35.945015+00:00' AIRFLOW_CTX_TRY_NUMBER='1' AIRFLOW_CTX_DAG_RUN_ID='manual__2025-03-19T21:36:35.945015+00:00'
[2025-03-19T21:36:53.777+0000] {subprocess.py:63} INFO - Tmp dir root location: /tmp
[2025-03-19T21:36:53.779+0000] {subprocess.py:75} INFO - Running command: ['/bin/bash', '-c', 'docker exec hive hive -f /home/hive_script.hql']
[2025-03-19T21:36:53.786+0000] {subprocess.py:86} INFO - Output:
[2025-03-19T21:36:55.360+0000] {subprocess.py:93} INFO - SLF4J: Class path contains multiple SLF4J bindings.
[2025-03-19T21:36:55.361+0000] {subprocess.py:93} INFO - SLF4J: Found binding in [jar:file:/opt/hive/lib/log4j-slf4j-impl-2.6.2.jar!/org/slf4j/impl/StaticLoggerBinder.class]
[2025-03-19T21:36:55.361+0000] {subprocess.py:93} INFO - SLF4J: Found binding in [jar:file:/opt/hadoop-2.7.4/share/hadoop/common/lib/slf4j-log4j12-1.7.10.jar!/org/slf4j/impl/StaticLoggerBinder.class]
[2025-03-19T21:36:55.362+0000] {subprocess.py:93} INFO - SLF4J: See http://www.slf4j.org/codes.html#multiple_bindings for an explanation.
[2025-03-19T21:36:55.363+0000] {subprocess.py:93} INFO - SLF4J: Actual binding is of type [org.apache.logging.slf4j.Log4jLoggerFactory]
[2025-03-19T21:36:56.797+0000] {subprocess.py:93} INFO - 
[2025-03-19T21:36:56.798+0000] {subprocess.py:93} INFO - Logging initialized using configuration in file:/opt/hive/conf/hive-log4j2.properties Async: true
[2025-03-19T21:37:06.410+0000] {subprocess.py:93} INFO - OK
[2025-03-19T21:37:06.413+0000] {subprocess.py:93} INFO - Time taken: 7.321 seconds
[2025-03-19T21:37:06.690+0000] {subprocess.py:93} INFO - OK
[2025-03-19T21:37:06.691+0000] {subprocess.py:93} INFO - Time taken: 0.277 seconds
[2025-03-19T21:37:06.720+0000] {subprocess.py:93} INFO - OK
[2025-03-19T21:37:06.720+0000] {subprocess.py:93} INFO - Time taken: 0.028 seconds
[2025-03-19T21:37:07.214+0000] {subprocess.py:97} INFO - Command exited with return code 0
[2025-03-19T21:37:07.246+0000] {taskinstance.py:1398} INFO - Marking task as SUCCESS. dag_id=fraud_detection_pipeline, task_id=load_data_hive, execution_date=20250319T213635, start_date=20250319T213653, end_date=20250319T213707
[2025-03-19T21:37:07.284+0000] {local_task_job_runner.py:228} INFO - Task exited with return code 0
[2025-03-19T21:37:07.306+0000] {taskinstance.py:2776} INFO - 1 downstream tasks scheduled from follow-on schedule check
