[2025-03-19T11:26:30.389+0000] {taskinstance.py:1157} INFO - Dependencies all met for dep_context=non-requeueable deps ti=<TaskInstance: fraud_detection_pipeline.store_data_hdfs scheduled__2023-10-02T22:00:00+00:00 [queued]>
[2025-03-19T11:26:30.400+0000] {taskinstance.py:1157} INFO - Dependencies all met for dep_context=requeueable deps ti=<TaskInstance: fraud_detection_pipeline.store_data_hdfs scheduled__2023-10-02T22:00:00+00:00 [queued]>
[2025-03-19T11:26:30.401+0000] {taskinstance.py:1359} INFO - Starting attempt 1 of 2
[2025-03-19T11:26:30.418+0000] {taskinstance.py:1380} INFO - Executing <Task(BashOperator): store_data_hdfs> on 2023-10-02 22:00:00+00:00
[2025-03-19T11:26:30.426+0000] {standard_task_runner.py:57} INFO - Started process 5010 to run task
[2025-03-19T11:26:30.431+0000] {standard_task_runner.py:84} INFO - Running: ['***', 'tasks', 'run', 'fraud_detection_pipeline', 'store_data_hdfs', 'scheduled__2023-10-02T22:00:00+00:00', '--job-id', '115', '--raw', '--subdir', 'DAGS_FOLDER/dag_1.py', '--cfg-path', '/tmp/tmpp33ixlbn']
[2025-03-19T11:26:30.434+0000] {standard_task_runner.py:85} INFO - Job 115: Subtask store_data_hdfs
[2025-03-19T11:26:30.500+0000] {task_command.py:415} INFO - Running <TaskInstance: fraud_detection_pipeline.store_data_hdfs scheduled__2023-10-02T22:00:00+00:00 [running]> on host 0009f5fb76aa
[2025-03-19T11:26:30.595+0000] {taskinstance.py:1660} INFO - Exporting env vars: AIRFLOW_CTX_DAG_OWNER='***' AIRFLOW_CTX_DAG_ID='fraud_detection_pipeline' AIRFLOW_CTX_TASK_ID='store_data_hdfs' AIRFLOW_CTX_EXECUTION_DATE='2023-10-02T22:00:00+00:00' AIRFLOW_CTX_TRY_NUMBER='1' AIRFLOW_CTX_DAG_RUN_ID='scheduled__2023-10-02T22:00:00+00:00'
[2025-03-19T11:26:30.608+0000] {subprocess.py:63} INFO - Tmp dir root location: /tmp
[2025-03-19T11:26:30.610+0000] {subprocess.py:75} INFO - Running command: ['/bin/bash', '-c', 'hdfs dfs -put /tmp/transactions.json /data/transactions.json && hdfs dfs -put /tmp/customers.json /data/customers.json && hdfs dfs -put /tmp/external_data.json /data/external_data.json']
[2025-03-19T11:26:30.626+0000] {subprocess.py:86} INFO - Output:
[2025-03-19T11:26:30.647+0000] {subprocess.py:93} INFO - /bin/bash: line 1: hdfs: command not found
[2025-03-19T11:26:30.648+0000] {subprocess.py:97} INFO - Command exited with return code 127
[2025-03-19T11:26:30.666+0000] {taskinstance.py:1935} ERROR - Task failed with exception
Traceback (most recent call last):
  File "/home/airflow/.local/lib/python3.8/site-packages/airflow/operators/bash.py", line 210, in execute
    raise AirflowException(
airflow.exceptions.AirflowException: Bash command failed. The command returned a non-zero exit code 127.
[2025-03-19T11:26:30.679+0000] {taskinstance.py:1398} INFO - Marking task as UP_FOR_RETRY. dag_id=fraud_detection_pipeline, task_id=store_data_hdfs, execution_date=20231002T220000, start_date=20250319T112630, end_date=20250319T112630
[2025-03-19T11:26:30.699+0000] {standard_task_runner.py:104} ERROR - Failed to execute job 115 for task store_data_hdfs (Bash command failed. The command returned a non-zero exit code 127.; 5010)
[2025-03-19T11:26:30.727+0000] {local_task_job_runner.py:228} INFO - Task exited with return code 1
[2025-03-19T11:26:30.768+0000] {taskinstance.py:2776} INFO - 0 downstream tasks scheduled from follow-on schedule check
[2025-03-19T21:31:19.649+0000] {taskinstance.py:1157} INFO - Dependencies all met for dep_context=non-requeueable deps ti=<TaskInstance: fraud_detection_pipeline.store_data_hdfs scheduled__2023-10-02T22:00:00+00:00 [queued]>
[2025-03-19T21:31:19.723+0000] {taskinstance.py:1157} INFO - Dependencies all met for dep_context=requeueable deps ti=<TaskInstance: fraud_detection_pipeline.store_data_hdfs scheduled__2023-10-02T22:00:00+00:00 [queued]>
[2025-03-19T21:31:19.727+0000] {taskinstance.py:1359} INFO - Starting attempt 1 of 1
[2025-03-19T21:31:20.294+0000] {taskinstance.py:1380} INFO - Executing <Task(BashOperator): store_data_hdfs> on 2023-10-02 22:00:00+00:00
[2025-03-19T21:31:20.306+0000] {standard_task_runner.py:57} INFO - Started process 11407 to run task
[2025-03-19T21:31:20.316+0000] {standard_task_runner.py:84} INFO - Running: ['***', 'tasks', 'run', 'fraud_detection_pipeline', 'store_data_hdfs', 'scheduled__2023-10-02T22:00:00+00:00', '--job-id', '3482', '--raw', '--subdir', 'DAGS_FOLDER/dag_1.py', '--cfg-path', '/tmp/tmpnlix7bvx']
[2025-03-19T21:31:20.350+0000] {standard_task_runner.py:85} INFO - Job 3482: Subtask store_data_hdfs
[2025-03-19T21:31:20.659+0000] {task_command.py:415} INFO - Running <TaskInstance: fraud_detection_pipeline.store_data_hdfs scheduled__2023-10-02T22:00:00+00:00 [running]> on host 445fc0f18383
[2025-03-19T21:31:21.164+0000] {taskinstance.py:1660} INFO - Exporting env vars: AIRFLOW_CTX_DAG_OWNER='***' AIRFLOW_CTX_DAG_ID='fraud_detection_pipeline' AIRFLOW_CTX_TASK_ID='store_data_hdfs' AIRFLOW_CTX_EXECUTION_DATE='2023-10-02T22:00:00+00:00' AIRFLOW_CTX_TRY_NUMBER='1' AIRFLOW_CTX_DAG_RUN_ID='scheduled__2023-10-02T22:00:00+00:00'
[2025-03-19T21:31:21.169+0000] {subprocess.py:63} INFO - Tmp dir root location: /tmp
[2025-03-19T21:31:21.180+0000] {subprocess.py:75} INFO - Running command: ['/bin/bash', '-c', 'docker cp /tmp/transactions.csv namenode:/tmp/transactions.csv && docker cp /tmp/customers.csv namenode:/tmp/customers.csv && docker cp /tmp/external_data.csv namenode:/tmp/external_data.csv && docker exec namenode bash -c "hdfs dfs -mkdir -p /data/transactions && hdfs dfs -mkdir -p /data/customers && hdfs dfs -mkdir -p /data/external_data && hdfs dfs -put -f /tmp/transactions.csv /data/transactions/transactions.csv && hdfs dfs -put -f /tmp/customers.csv /data/customers/customers.csv && hdfs dfs -put -f /tmp/external_data.csv /data/external_data/external_data.csv && rm -rf /tmp/transactions.csv /tmp/customers.csv /tmp/external_data.csv"']
[2025-03-19T21:31:21.249+0000] {subprocess.py:86} INFO - Output:
[2025-03-19T21:31:57.589+0000] {subprocess.py:93} INFO - 2025-03-19 21:31:57,586 INFO sasl.SaslDataTransferClient: SASL encryption trust check: localHostTrusted = false, remoteHostTrusted = false
[2025-03-19T21:31:57.909+0000] {subprocess.py:93} INFO - put: File does not exist: /data/transactions/transactions.csv._COPYING_ (inode 18193) Holder DFSClient_NONMAPREDUCE_-390086447_1 does not have any open files.
[2025-03-19T21:31:58.418+0000] {subprocess.py:97} INFO - Command exited with return code 1
[2025-03-19T21:31:58.464+0000] {taskinstance.py:1935} ERROR - Task failed with exception
Traceback (most recent call last):
  File "/home/airflow/.local/lib/python3.8/site-packages/airflow/operators/bash.py", line 210, in execute
    raise AirflowException(
airflow.exceptions.AirflowException: Bash command failed. The command returned a non-zero exit code 1.
[2025-03-19T21:31:58.472+0000] {taskinstance.py:1398} INFO - Marking task as FAILED. dag_id=fraud_detection_pipeline, task_id=store_data_hdfs, execution_date=20231002T220000, start_date=20250319T213119, end_date=20250319T213158
[2025-03-19T21:31:58.607+0000] {standard_task_runner.py:104} ERROR - Failed to execute job 3482 for task store_data_hdfs (Bash command failed. The command returned a non-zero exit code 1.; 11407)
[2025-03-19T21:31:58.658+0000] {local_task_job_runner.py:228} INFO - Task exited with return code 1
[2025-03-19T21:31:58.700+0000] {taskinstance.py:2776} INFO - 0 downstream tasks scheduled from follow-on schedule check
