[2025-03-19T12:11:05.020+0000] {taskinstance.py:1157} INFO - Dependencies all met for dep_context=non-requeueable deps ti=<TaskInstance: fraud_detection_pipeline.load_data_hive scheduled__2023-10-08T09:00:00+00:00 [queued]>
[2025-03-19T12:11:05.031+0000] {taskinstance.py:1157} INFO - Dependencies all met for dep_context=requeueable deps ti=<TaskInstance: fraud_detection_pipeline.load_data_hive scheduled__2023-10-08T09:00:00+00:00 [queued]>
[2025-03-19T12:11:05.032+0000] {taskinstance.py:1359} INFO - Starting attempt 1 of 2
[2025-03-19T12:11:05.053+0000] {taskinstance.py:1380} INFO - Executing <Task(BashOperator): load_data_hive> on 2023-10-08 09:00:00+00:00
[2025-03-19T12:11:05.061+0000] {standard_task_runner.py:57} INFO - Started process 4582 to run task
[2025-03-19T12:11:05.064+0000] {standard_task_runner.py:84} INFO - Running: ['***', 'tasks', 'run', 'fraud_detection_pipeline', 'load_data_hive', 'scheduled__2023-10-08T09:00:00+00:00', '--job-id', '546', '--raw', '--subdir', 'DAGS_FOLDER/dag_1.py', '--cfg-path', '/tmp/tmpndi7tc4y']
[2025-03-19T12:11:05.067+0000] {standard_task_runner.py:85} INFO - Job 546: Subtask load_data_hive
[2025-03-19T12:11:05.120+0000] {task_command.py:415} INFO - Running <TaskInstance: fraud_detection_pipeline.load_data_hive scheduled__2023-10-08T09:00:00+00:00 [running]> on host 0009f5fb76aa
[2025-03-19T12:11:05.203+0000] {taskinstance.py:1660} INFO - Exporting env vars: AIRFLOW_CTX_DAG_OWNER='***' AIRFLOW_CTX_DAG_ID='fraud_detection_pipeline' AIRFLOW_CTX_TASK_ID='load_data_hive' AIRFLOW_CTX_EXECUTION_DATE='2023-10-08T09:00:00+00:00' AIRFLOW_CTX_TRY_NUMBER='1' AIRFLOW_CTX_DAG_RUN_ID='scheduled__2023-10-08T09:00:00+00:00'
[2025-03-19T12:11:05.205+0000] {subprocess.py:63} INFO - Tmp dir root location: /tmp
[2025-03-19T12:11:05.207+0000] {subprocess.py:75} INFO - Running command: ['/bin/bash', '-c', 'docker exec hive hive -f /home/hive_script.hql']
[2025-03-19T12:11:05.219+0000] {subprocess.py:86} INFO - Output:
[2025-03-19T12:11:05.371+0000] {subprocess.py:93} INFO - SLF4J: Class path contains multiple SLF4J bindings.
[2025-03-19T12:11:05.372+0000] {subprocess.py:93} INFO - SLF4J: Found binding in [jar:file:/opt/hive/lib/log4j-slf4j-impl-2.6.2.jar!/org/slf4j/impl/StaticLoggerBinder.class]
[2025-03-19T12:11:05.373+0000] {subprocess.py:93} INFO - SLF4J: Found binding in [jar:file:/opt/hadoop-2.7.4/share/hadoop/common/lib/slf4j-log4j12-1.7.10.jar!/org/slf4j/impl/StaticLoggerBinder.class]
[2025-03-19T12:11:05.374+0000] {subprocess.py:93} INFO - SLF4J: See http://www.slf4j.org/codes.html#multiple_bindings for an explanation.
[2025-03-19T12:11:05.375+0000] {subprocess.py:93} INFO - SLF4J: Actual binding is of type [org.apache.logging.slf4j.Log4jLoggerFactory]
[2025-03-19T12:11:06.773+0000] {subprocess.py:93} INFO - 
[2025-03-19T12:11:06.774+0000] {subprocess.py:93} INFO - Logging initialized using configuration in file:/opt/hive/conf/hive-log4j2.properties Async: true
[2025-03-19T12:11:15.389+0000] {subprocess.py:93} INFO - OK
[2025-03-19T12:11:15.391+0000] {subprocess.py:93} INFO - Time taken: 7.743 seconds
[2025-03-19T12:11:15.632+0000] {subprocess.py:93} INFO - OK
[2025-03-19T12:11:15.633+0000] {subprocess.py:93} INFO - Time taken: 0.239 seconds
[2025-03-19T12:11:15.670+0000] {subprocess.py:93} INFO - OK
[2025-03-19T12:11:15.671+0000] {subprocess.py:93} INFO - Time taken: 0.036 seconds
[2025-03-19T12:11:15.745+0000] {subprocess.py:97} INFO - Command exited with return code 0
[2025-03-19T12:11:15.782+0000] {taskinstance.py:1398} INFO - Marking task as SUCCESS. dag_id=fraud_detection_pipeline, task_id=load_data_hive, execution_date=20231008T090000, start_date=20250319T121105, end_date=20250319T121115
[2025-03-19T12:11:15.904+0000] {local_task_job_runner.py:228} INFO - Task exited with return code 0
[2025-03-19T12:11:15.932+0000] {taskinstance.py:2776} INFO - 1 downstream tasks scheduled from follow-on schedule check
