[2025-03-23T14:45:50.422+0000] {taskinstance.py:1157} INFO - Dependencies all met for dep_context=non-requeueable deps ti=<TaskInstance: fraud_detection_pipeline_2.store_data_hdfs manual__2025-03-23T14:45:40+00:00 [queued]>
[2025-03-23T14:45:50.436+0000] {taskinstance.py:1157} INFO - Dependencies all met for dep_context=requeueable deps ti=<TaskInstance: fraud_detection_pipeline_2.store_data_hdfs manual__2025-03-23T14:45:40+00:00 [queued]>
[2025-03-23T14:45:50.437+0000] {taskinstance.py:1359} INFO - Starting attempt 1 of 4
[2025-03-23T14:45:50.458+0000] {taskinstance.py:1380} INFO - Executing <Task(BashOperator): store_data_hdfs> on 2025-03-23 14:45:40+00:00
[2025-03-23T14:45:50.465+0000] {standard_task_runner.py:57} INFO - Started process 10259 to run task
[2025-03-23T14:45:50.471+0000] {standard_task_runner.py:84} INFO - Running: ['***', 'tasks', 'run', 'fraud_detection_pipeline_2', 'store_data_hdfs', 'manual__2025-03-23T14:45:40+00:00', '--job-id', '116', '--raw', '--subdir', 'DAGS_FOLDER/dag_2.py', '--cfg-path', '/tmp/tmpnl2ddzj3']
[2025-03-23T14:45:50.487+0000] {standard_task_runner.py:85} INFO - Job 116: Subtask store_data_hdfs
[2025-03-23T14:45:50.551+0000] {task_command.py:415} INFO - Running <TaskInstance: fraud_detection_pipeline_2.store_data_hdfs manual__2025-03-23T14:45:40+00:00 [running]> on host 4ece88aec9a9
[2025-03-23T14:45:50.647+0000] {taskinstance.py:1660} INFO - Exporting env vars: AIRFLOW_CTX_DAG_EMAIL='abelchaguermohmaed@gmail.com' AIRFLOW_CTX_DAG_OWNER='***' AIRFLOW_CTX_DAG_ID='fraud_detection_pipeline_2' AIRFLOW_CTX_TASK_ID='store_data_hdfs' AIRFLOW_CTX_EXECUTION_DATE='2025-03-23T14:45:40+00:00' AIRFLOW_CTX_TRY_NUMBER='1' AIRFLOW_CTX_DAG_RUN_ID='manual__2025-03-23T14:45:40+00:00'
[2025-03-23T14:45:50.649+0000] {subprocess.py:63} INFO - Tmp dir root location: /tmp
[2025-03-23T14:45:50.650+0000] {subprocess.py:75} INFO - Running command: ['/bin/bash', '-c', 'docker cp /tmp/transactions.csv namenode:/tmp/transactions.csv && docker cp /tmp/customers.csv namenode:/tmp/customers.csv && docker cp /tmp/external_data.csv namenode:/tmp/external_data.csv && docker exec namenode bash -c "hdfs dfs -mkdir -p /data/transactions && hdfs dfs -mkdir -p /data/customers && hdfs dfs -mkdir -p /data/external_data && hdfs dfs -put -f /tmp/transactions.csv /data/transactions/transactions.csv && hdfs dfs -put -f /tmp/customers.csv /data/customers/customers.csv && hdfs dfs -put -f /tmp/external_data.csv /data/external_data/external_data.csv && rm -rf /tmp/transactions.csv /tmp/customers.csv /tmp/external_data.csv"']
[2025-03-23T14:45:50.662+0000] {subprocess.py:86} INFO - Output:
[2025-03-23T14:45:58.978+0000] {subprocess.py:93} INFO - 2025-03-23 14:45:58,974 INFO sasl.SaslDataTransferClient: SASL encryption trust check: localHostTrusted = false, remoteHostTrusted = false
[2025-03-23T14:46:01.954+0000] {subprocess.py:93} INFO - 2025-03-23 14:46:01,952 INFO sasl.SaslDataTransferClient: SASL encryption trust check: localHostTrusted = false, remoteHostTrusted = false
[2025-03-23T14:46:06.284+0000] {subprocess.py:93} INFO - 2025-03-23 14:46:06,266 INFO sasl.SaslDataTransferClient: SASL encryption trust check: localHostTrusted = false, remoteHostTrusted = false
[2025-03-23T14:46:07.193+0000] {subprocess.py:97} INFO - Command exited with return code 0
[2025-03-23T14:46:07.241+0000] {taskinstance.py:1398} INFO - Marking task as SUCCESS. dag_id=fraud_detection_pipeline_2, task_id=store_data_hdfs, execution_date=20250323T144540, start_date=20250323T144550, end_date=20250323T144607
[2025-03-23T14:46:07.283+0000] {logging_mixin.py:151} WARNING - /home/***/.local/lib/python3.8/site-packages/***/utils/email.py:154 RemovedInAirflow3Warning: Fetching SMTP credentials from configuration variables will be deprecated in a future release. Please set credentials using a connection instead.
[2025-03-23T14:46:07.285+0000] {email.py:270} INFO - Email alerting: attempt 1
[2025-03-23T14:46:08.042+0000] {email.py:282} INFO - Sent an alert email to ['abelchaguermohmaed@gmail.com']
[2025-03-23T14:46:09.046+0000] {local_task_job_runner.py:228} INFO - Task exited with return code 0
[2025-03-23T14:46:09.071+0000] {taskinstance.py:2776} INFO - 1 downstream tasks scheduled from follow-on schedule check
