[2025-03-19T21:11:27.682+0000] {taskinstance.py:1157} INFO - Dependencies all met for dep_context=non-requeueable deps ti=<TaskInstance: faud_detection_pipeline.load_data_hive scheduled__2023-10-20T23:00:00+00:00 [queued]>
[2025-03-19T21:11:27.710+0000] {taskinstance.py:1157} INFO - Dependencies all met for dep_context=requeueable deps ti=<TaskInstance: faud_detection_pipeline.load_data_hive scheduled__2023-10-20T23:00:00+00:00 [queued]>
[2025-03-19T21:11:27.711+0000] {taskinstance.py:1359} INFO - Starting attempt 1 of 1
[2025-03-19T21:11:27.748+0000] {taskinstance.py:1380} INFO - Executing <Task(BashOperator): load_data_hive> on 2023-10-20 23:00:00+00:00
[2025-03-19T21:11:27.756+0000] {standard_task_runner.py:57} INFO - Started process 3262 to run task
[2025-03-19T21:11:27.763+0000] {standard_task_runner.py:84} INFO - Running: ['***', 'tasks', 'run', 'faud_detection_pipeline', 'load_data_hive', 'scheduled__2023-10-20T23:00:00+00:00', '--job-id', '3074', '--raw', '--subdir', 'DAGS_FOLDER/dag_1.py', '--cfg-path', '/tmp/tmp9_ix8875']
[2025-03-19T21:11:27.768+0000] {standard_task_runner.py:85} INFO - Job 3074: Subtask load_data_hive
[2025-03-19T21:11:27.858+0000] {task_command.py:415} INFO - Running <TaskInstance: faud_detection_pipeline.load_data_hive scheduled__2023-10-20T23:00:00+00:00 [running]> on host 445fc0f18383
[2025-03-19T21:11:28.017+0000] {taskinstance.py:1660} INFO - Exporting env vars: AIRFLOW_CTX_DAG_OWNER='***' AIRFLOW_CTX_DAG_ID='faud_detection_pipeline' AIRFLOW_CTX_TASK_ID='load_data_hive' AIRFLOW_CTX_EXECUTION_DATE='2023-10-20T23:00:00+00:00' AIRFLOW_CTX_TRY_NUMBER='1' AIRFLOW_CTX_DAG_RUN_ID='scheduled__2023-10-20T23:00:00+00:00'
[2025-03-19T21:11:28.020+0000] {subprocess.py:63} INFO - Tmp dir root location: /tmp
[2025-03-19T21:11:28.021+0000] {subprocess.py:75} INFO - Running command: ['/bin/bash', '-c', 'docker exec hive hive -f /home/hive_script.hql']
[2025-03-19T21:11:28.037+0000] {subprocess.py:86} INFO - Output:
[2025-03-19T21:11:30.880+0000] {subprocess.py:93} INFO - SLF4J: Class path contains multiple SLF4J bindings.
[2025-03-19T21:11:30.881+0000] {subprocess.py:93} INFO - SLF4J: Found binding in [jar:file:/opt/hive/lib/log4j-slf4j-impl-2.6.2.jar!/org/slf4j/impl/StaticLoggerBinder.class]
[2025-03-19T21:11:30.882+0000] {subprocess.py:93} INFO - SLF4J: Found binding in [jar:file:/opt/hadoop-2.7.4/share/hadoop/common/lib/slf4j-log4j12-1.7.10.jar!/org/slf4j/impl/StaticLoggerBinder.class]
[2025-03-19T21:11:30.882+0000] {subprocess.py:93} INFO - SLF4J: See http://www.slf4j.org/codes.html#multiple_bindings for an explanation.
[2025-03-19T21:11:30.884+0000] {subprocess.py:93} INFO - SLF4J: Actual binding is of type [org.apache.logging.slf4j.Log4jLoggerFactory]
[2025-03-19T21:11:32.726+0000] {subprocess.py:93} INFO - 
[2025-03-19T21:11:32.728+0000] {subprocess.py:93} INFO - Logging initialized using configuration in file:/opt/hive/conf/hive-log4j2.properties Async: true
[2025-03-19T21:11:52.969+0000] {subprocess.py:93} INFO - OK
[2025-03-19T21:11:52.999+0000] {subprocess.py:93} INFO - Time taken: 17.296 seconds
[2025-03-19T21:11:53.841+0000] {subprocess.py:93} INFO - OK
[2025-03-19T21:11:53.843+0000] {subprocess.py:93} INFO - Time taken: 0.83 seconds
[2025-03-19T21:11:54.037+0000] {subprocess.py:93} INFO - OK
[2025-03-19T21:11:54.046+0000] {subprocess.py:93} INFO - Time taken: 0.196 seconds
[2025-03-19T21:11:54.741+0000] {subprocess.py:97} INFO - Command exited with return code 0
[2025-03-19T21:11:54.871+0000] {taskinstance.py:1398} INFO - Marking task as SUCCESS. dag_id=faud_detection_pipeline, task_id=load_data_hive, execution_date=20231020T230000, start_date=20250319T211127, end_date=20250319T211154
[2025-03-19T21:11:55.250+0000] {local_task_job_runner.py:228} INFO - Task exited with return code 0
[2025-03-19T21:11:55.372+0000] {taskinstance.py:2776} INFO - 1 downstream tasks scheduled from follow-on schedule check
