[2025-03-22T21:43:23.289+0000] {taskinstance.py:1157} INFO - Dependencies all met for dep_context=non-requeueable deps ti=<TaskInstance: fraud_detection_pipeline.load_data_hive manual__2025-03-22T21:43:00+00:00 [queued]>
[2025-03-22T21:43:23.298+0000] {taskinstance.py:1157} INFO - Dependencies all met for dep_context=requeueable deps ti=<TaskInstance: fraud_detection_pipeline.load_data_hive manual__2025-03-22T21:43:00+00:00 [queued]>
[2025-03-22T21:43:23.299+0000] {taskinstance.py:1359} INFO - Starting attempt 1 of 4
[2025-03-22T21:43:23.315+0000] {taskinstance.py:1380} INFO - Executing <Task(BashOperator): load_data_hive> on 2025-03-22 21:43:00+00:00
[2025-03-22T21:43:23.322+0000] {standard_task_runner.py:57} INFO - Started process 2176 to run task
[2025-03-22T21:43:23.325+0000] {standard_task_runner.py:84} INFO - Running: ['***', 'tasks', 'run', 'fraud_detection_pipeline', 'load_data_hive', 'manual__2025-03-22T21:43:00+00:00', '--job-id', '42', '--raw', '--subdir', 'DAGS_FOLDER/dag_1.py', '--cfg-path', '/tmp/tmpfqd9nksu']
[2025-03-22T21:43:23.328+0000] {standard_task_runner.py:85} INFO - Job 42: Subtask load_data_hive
[2025-03-22T21:43:23.389+0000] {task_command.py:415} INFO - Running <TaskInstance: fraud_detection_pipeline.load_data_hive manual__2025-03-22T21:43:00+00:00 [running]> on host 4ece88aec9a9
[2025-03-22T21:43:23.475+0000] {taskinstance.py:1660} INFO - Exporting env vars: AIRFLOW_CTX_DAG_EMAIL='abelchaguermohamed@gmail.com' AIRFLOW_CTX_DAG_OWNER='***' AIRFLOW_CTX_DAG_ID='fraud_detection_pipeline' AIRFLOW_CTX_TASK_ID='load_data_hive' AIRFLOW_CTX_EXECUTION_DATE='2025-03-22T21:43:00+00:00' AIRFLOW_CTX_TRY_NUMBER='1' AIRFLOW_CTX_DAG_RUN_ID='manual__2025-03-22T21:43:00+00:00'
[2025-03-22T21:43:23.477+0000] {subprocess.py:63} INFO - Tmp dir root location: /tmp
[2025-03-22T21:43:23.478+0000] {subprocess.py:75} INFO - Running command: ['/bin/bash', '-c', 'docker exec hive hive -f /home/hive_script.hql']
[2025-03-22T21:43:23.489+0000] {subprocess.py:86} INFO - Output:
[2025-03-22T21:43:25.602+0000] {subprocess.py:93} INFO - SLF4J: Class path contains multiple SLF4J bindings.
[2025-03-22T21:43:25.603+0000] {subprocess.py:93} INFO - SLF4J: Found binding in [jar:file:/opt/hive/lib/log4j-slf4j-impl-2.6.2.jar!/org/slf4j/impl/StaticLoggerBinder.class]
[2025-03-22T21:43:25.604+0000] {subprocess.py:93} INFO - SLF4J: Found binding in [jar:file:/opt/hadoop-2.7.4/share/hadoop/common/lib/slf4j-log4j12-1.7.10.jar!/org/slf4j/impl/StaticLoggerBinder.class]
[2025-03-22T21:43:25.605+0000] {subprocess.py:93} INFO - SLF4J: See http://www.slf4j.org/codes.html#multiple_bindings for an explanation.
[2025-03-22T21:43:25.605+0000] {subprocess.py:93} INFO - SLF4J: Actual binding is of type [org.apache.logging.slf4j.Log4jLoggerFactory]
[2025-03-22T21:43:27.055+0000] {subprocess.py:93} INFO - 
[2025-03-22T21:43:27.056+0000] {subprocess.py:93} INFO - Logging initialized using configuration in file:/opt/hive/conf/hive-log4j2.properties Async: true
[2025-03-22T21:43:40.786+0000] {subprocess.py:93} INFO - OK
[2025-03-22T21:43:40.791+0000] {subprocess.py:93} INFO - Time taken: 11.574 seconds
[2025-03-22T21:43:41.099+0000] {subprocess.py:93} INFO - OK
[2025-03-22T21:43:41.100+0000] {subprocess.py:93} INFO - Time taken: 0.307 seconds
[2025-03-22T21:43:41.141+0000] {subprocess.py:93} INFO - OK
[2025-03-22T21:43:41.142+0000] {subprocess.py:93} INFO - Time taken: 0.04 seconds
[2025-03-22T21:43:41.194+0000] {subprocess.py:93} INFO - OK
[2025-03-22T21:43:41.195+0000] {subprocess.py:93} INFO - Time taken: 0.05 seconds
[2025-03-22T21:43:41.742+0000] {subprocess.py:97} INFO - Command exited with return code 0
[2025-03-22T21:43:41.784+0000] {taskinstance.py:1398} INFO - Marking task as SUCCESS. dag_id=fraud_detection_pipeline, task_id=load_data_hive, execution_date=20250322T214300, start_date=20250322T214323, end_date=20250322T214341
[2025-03-22T21:43:41.805+0000] {logging_mixin.py:151} WARNING - /home/***/.local/lib/python3.8/site-packages/***/utils/email.py:154 RemovedInAirflow3Warning: Fetching SMTP credentials from configuration variables will be deprecated in a future release. Please set credentials using a connection instead.
[2025-03-22T21:43:41.807+0000] {email.py:270} INFO - Email alerting: attempt 1
[2025-03-22T21:43:42.380+0000] {email.py:282} INFO - Sent an alert email to ['abelchaguermohamed@gmail.com']
[2025-03-22T21:44:04.841+0000] {taskinstance.py:1703} ERROR - Error when executing notify_success callback
Traceback (most recent call last):
  File "/home/airflow/.local/lib/python3.8/site-packages/airflow/models/taskinstance.py", line 1700, in _run_finished_callback
    callback(context)
  File "/opt/airflow/dags/dag_1.py", line 29, in notify_success
    send_email(to=email, subject=subject, html_content=html_content)
  File "/home/airflow/.local/lib/python3.8/site-packages/airflow/utils/email.py", line 80, in send_email
    return backend(
  File "/home/airflow/.local/lib/python3.8/site-packages/airflow/utils/email.py", line 154, in send_email_smtp
    send_mime_email(e_from=mail_from, e_to=recipients, mime_msg=msg, conn_id=conn_id, dryrun=dryrun)
  File "/home/airflow/.local/lib/python3.8/site-packages/airflow/utils/email.py", line 284, in send_mime_email
    smtp_conn.quit()
  File "/usr/local/lib/python3.8/smtplib.py", line 1002, in quit
    res = self.docmd("quit")
  File "/usr/local/lib/python3.8/smtplib.py", line 430, in docmd
    return self.getreply()
  File "/usr/local/lib/python3.8/smtplib.py", line 403, in getreply
    raise SMTPServerDisconnected("Connection unexpectedly closed")
smtplib.SMTPServerDisconnected: Connection unexpectedly closed
[2025-03-22T21:44:04.989+0000] {local_task_job_runner.py:228} INFO - Task exited with return code 0
[2025-03-22T21:44:05.062+0000] {taskinstance.py:2776} INFO - 1 downstream tasks scheduled from follow-on schedule check
