[2025-03-19T12:49:53.233+0000] {taskinstance.py:1157} INFO - Dependencies all met for dep_context=non-requeueable deps ti=<TaskInstance: fraud_detection_pipeline.load_data_hive scheduled__2023-10-12T15:00:00+00:00 [queued]>
[2025-03-19T12:49:53.243+0000] {taskinstance.py:1157} INFO - Dependencies all met for dep_context=requeueable deps ti=<TaskInstance: fraud_detection_pipeline.load_data_hive scheduled__2023-10-12T15:00:00+00:00 [queued]>
[2025-03-19T12:49:53.244+0000] {taskinstance.py:1359} INFO - Starting attempt 1 of 2
[2025-03-19T12:49:53.264+0000] {taskinstance.py:1380} INFO - Executing <Task(BashOperator): load_data_hive> on 2023-10-12 15:00:00+00:00
[2025-03-19T12:49:53.274+0000] {standard_task_runner.py:57} INFO - Started process 11573 to run task
[2025-03-19T12:49:53.279+0000] {standard_task_runner.py:84} INFO - Running: ['***', 'tasks', 'run', 'fraud_detection_pipeline', 'load_data_hive', 'scheduled__2023-10-12T15:00:00+00:00', '--job-id', '946', '--raw', '--subdir', 'DAGS_FOLDER/dag_1.py', '--cfg-path', '/tmp/tmplo341fci']
[2025-03-19T12:49:53.283+0000] {standard_task_runner.py:85} INFO - Job 946: Subtask load_data_hive
[2025-03-19T12:49:53.347+0000] {task_command.py:415} INFO - Running <TaskInstance: fraud_detection_pipeline.load_data_hive scheduled__2023-10-12T15:00:00+00:00 [running]> on host 0009f5fb76aa
[2025-03-19T12:49:53.448+0000] {taskinstance.py:1660} INFO - Exporting env vars: AIRFLOW_CTX_DAG_OWNER='***' AIRFLOW_CTX_DAG_ID='fraud_detection_pipeline' AIRFLOW_CTX_TASK_ID='load_data_hive' AIRFLOW_CTX_EXECUTION_DATE='2023-10-12T15:00:00+00:00' AIRFLOW_CTX_TRY_NUMBER='1' AIRFLOW_CTX_DAG_RUN_ID='scheduled__2023-10-12T15:00:00+00:00'
[2025-03-19T12:49:53.451+0000] {subprocess.py:63} INFO - Tmp dir root location: /tmp
[2025-03-19T12:49:53.452+0000] {subprocess.py:75} INFO - Running command: ['/bin/bash', '-c', 'docker exec hive hive -f /home/hive_script.hql']
[2025-03-19T12:49:53.472+0000] {subprocess.py:86} INFO - Output:
[2025-03-19T12:49:55.608+0000] {subprocess.py:93} INFO - SLF4J: Class path contains multiple SLF4J bindings.
[2025-03-19T12:49:55.609+0000] {subprocess.py:93} INFO - SLF4J: Found binding in [jar:file:/opt/hive/lib/log4j-slf4j-impl-2.6.2.jar!/org/slf4j/impl/StaticLoggerBinder.class]
[2025-03-19T12:49:55.610+0000] {subprocess.py:93} INFO - SLF4J: Found binding in [jar:file:/opt/hadoop-2.7.4/share/hadoop/common/lib/slf4j-log4j12-1.7.10.jar!/org/slf4j/impl/StaticLoggerBinder.class]
[2025-03-19T12:49:55.611+0000] {subprocess.py:93} INFO - SLF4J: See http://www.slf4j.org/codes.html#multiple_bindings for an explanation.
[2025-03-19T12:49:55.612+0000] {subprocess.py:93} INFO - SLF4J: Actual binding is of type [org.apache.logging.slf4j.Log4jLoggerFactory]
[2025-03-19T12:49:54.897+0000] {subprocess.py:93} INFO - 
[2025-03-19T12:49:54.898+0000] {subprocess.py:93} INFO - Logging initialized using configuration in file:/opt/hive/conf/hive-log4j2.properties Async: true
[2025-03-19T12:50:04.130+0000] {subprocess.py:93} INFO - OK
[2025-03-19T12:50:04.133+0000] {subprocess.py:93} INFO - Time taken: 8.264 seconds
[2025-03-19T12:50:04.367+0000] {subprocess.py:93} INFO - OK
[2025-03-19T12:50:04.368+0000] {subprocess.py:93} INFO - Time taken: 0.232 seconds
[2025-03-19T12:50:04.402+0000] {subprocess.py:93} INFO - OK
[2025-03-19T12:50:04.403+0000] {subprocess.py:93} INFO - Time taken: 0.033 seconds
[2025-03-19T12:50:04.479+0000] {subprocess.py:97} INFO - Command exited with return code 0
[2025-03-19T12:50:04.516+0000] {taskinstance.py:1398} INFO - Marking task as SUCCESS. dag_id=fraud_detection_pipeline, task_id=load_data_hive, execution_date=20231012T150000, start_date=20250319T124953, end_date=20250319T125004
[2025-03-19T12:50:04.705+0000] {local_task_job_runner.py:228} INFO - Task exited with return code 0
[2025-03-19T12:50:04.730+0000] {taskinstance.py:2776} INFO - 1 downstream tasks scheduled from follow-on schedule check
