[2025-03-19T11:26:48.041+0000] {taskinstance.py:1157} INFO - Dependencies all met for dep_context=non-requeueable deps ti=<TaskInstance: fraud_detection_pipeline.store_data_hdfs scheduled__2023-10-03T12:00:00+00:00 [queued]>
[2025-03-19T11:26:48.063+0000] {taskinstance.py:1157} INFO - Dependencies all met for dep_context=requeueable deps ti=<TaskInstance: fraud_detection_pipeline.store_data_hdfs scheduled__2023-10-03T12:00:00+00:00 [queued]>
[2025-03-19T11:26:48.064+0000] {taskinstance.py:1359} INFO - Starting attempt 1 of 2
[2025-03-19T11:26:48.097+0000] {taskinstance.py:1380} INFO - Executing <Task(BashOperator): store_data_hdfs> on 2023-10-03 12:00:00+00:00
[2025-03-19T11:26:48.108+0000] {standard_task_runner.py:57} INFO - Started process 5100 to run task
[2025-03-19T11:26:48.116+0000] {standard_task_runner.py:84} INFO - Running: ['***', 'tasks', 'run', 'fraud_detection_pipeline', 'store_data_hdfs', 'scheduled__2023-10-03T12:00:00+00:00', '--job-id', '144', '--raw', '--subdir', 'DAGS_FOLDER/dag_1.py', '--cfg-path', '/tmp/tmptkfdzl5s']
[2025-03-19T11:26:48.121+0000] {standard_task_runner.py:85} INFO - Job 144: Subtask store_data_hdfs
[2025-03-19T11:26:48.234+0000] {task_command.py:415} INFO - Running <TaskInstance: fraud_detection_pipeline.store_data_hdfs scheduled__2023-10-03T12:00:00+00:00 [running]> on host 0009f5fb76aa
[2025-03-19T11:26:48.374+0000] {taskinstance.py:1660} INFO - Exporting env vars: AIRFLOW_CTX_DAG_OWNER='***' AIRFLOW_CTX_DAG_ID='fraud_detection_pipeline' AIRFLOW_CTX_TASK_ID='store_data_hdfs' AIRFLOW_CTX_EXECUTION_DATE='2023-10-03T12:00:00+00:00' AIRFLOW_CTX_TRY_NUMBER='1' AIRFLOW_CTX_DAG_RUN_ID='scheduled__2023-10-03T12:00:00+00:00'
[2025-03-19T11:26:48.377+0000] {subprocess.py:63} INFO - Tmp dir root location: /tmp
[2025-03-19T11:26:48.380+0000] {subprocess.py:75} INFO - Running command: ['/bin/bash', '-c', 'hdfs dfs -put /tmp/transactions.json /data/transactions.json && hdfs dfs -put /tmp/customers.json /data/customers.json && hdfs dfs -put /tmp/external_data.json /data/external_data.json']
[2025-03-19T11:26:48.399+0000] {subprocess.py:86} INFO - Output:
[2025-03-19T11:26:48.402+0000] {subprocess.py:93} INFO - /bin/bash: line 1: hdfs: command not found
[2025-03-19T11:26:48.403+0000] {subprocess.py:97} INFO - Command exited with return code 127
[2025-03-19T11:26:48.422+0000] {taskinstance.py:1935} ERROR - Task failed with exception
Traceback (most recent call last):
  File "/home/airflow/.local/lib/python3.8/site-packages/airflow/operators/bash.py", line 210, in execute
    raise AirflowException(
airflow.exceptions.AirflowException: Bash command failed. The command returned a non-zero exit code 127.
[2025-03-19T11:26:48.429+0000] {taskinstance.py:1398} INFO - Marking task as UP_FOR_RETRY. dag_id=fraud_detection_pipeline, task_id=store_data_hdfs, execution_date=20231003T120000, start_date=20250319T112648, end_date=20250319T112648
[2025-03-19T11:26:48.452+0000] {standard_task_runner.py:104} ERROR - Failed to execute job 144 for task store_data_hdfs (Bash command failed. The command returned a non-zero exit code 127.; 5100)
[2025-03-19T11:26:48.495+0000] {local_task_job_runner.py:228} INFO - Task exited with return code 1
[2025-03-19T11:26:48.547+0000] {taskinstance.py:2776} INFO - 0 downstream tasks scheduled from follow-on schedule check
