[2025-03-19T15:27:45.941+0000] {taskinstance.py:1157} INFO - Dependencies all met for dep_context=non-requeueable deps ti=<TaskInstance: faud_detection_pipeline.store_data_hdfs scheduled__2023-10-02T11:00:00+00:00 [queued]>
[2025-03-19T15:27:45.962+0000] {taskinstance.py:1157} INFO - Dependencies all met for dep_context=requeueable deps ti=<TaskInstance: faud_detection_pipeline.store_data_hdfs scheduled__2023-10-02T11:00:00+00:00 [queued]>
[2025-03-19T15:27:45.963+0000] {taskinstance.py:1359} INFO - Starting attempt 2 of 2
[2025-03-19T15:27:46.003+0000] {taskinstance.py:1380} INFO - Executing <Task(BashOperator): store_data_hdfs> on 2023-10-02 11:00:00+00:00
[2025-03-19T15:27:46.013+0000] {standard_task_runner.py:57} INFO - Started process 12066 to run task
[2025-03-19T15:27:46.024+0000] {standard_task_runner.py:84} INFO - Running: ['***', 'tasks', 'run', 'faud_detection_pipeline', 'store_data_hdfs', 'scheduled__2023-10-02T11:00:00+00:00', '--job-id', '1340', '--raw', '--subdir', 'DAGS_FOLDER/dag_1.py', '--cfg-path', '/tmp/tmpwkvd62j1']
[2025-03-19T15:27:46.031+0000] {standard_task_runner.py:85} INFO - Job 1340: Subtask store_data_hdfs
[2025-03-19T15:27:46.136+0000] {task_command.py:415} INFO - Running <TaskInstance: faud_detection_pipeline.store_data_hdfs scheduled__2023-10-02T11:00:00+00:00 [running]> on host 0009f5fb76aa
[2025-03-19T15:27:46.310+0000] {taskinstance.py:1660} INFO - Exporting env vars: AIRFLOW_CTX_DAG_OWNER='***' AIRFLOW_CTX_DAG_ID='faud_detection_pipeline' AIRFLOW_CTX_TASK_ID='store_data_hdfs' AIRFLOW_CTX_EXECUTION_DATE='2023-10-02T11:00:00+00:00' AIRFLOW_CTX_TRY_NUMBER='2' AIRFLOW_CTX_DAG_RUN_ID='scheduled__2023-10-02T11:00:00+00:00'
[2025-03-19T15:27:46.313+0000] {subprocess.py:63} INFO - Tmp dir root location: /tmp
[2025-03-19T15:27:46.315+0000] {subprocess.py:75} INFO - Running command: ['/bin/bash', '-c', 'docker cp /tmp/transactions.json namenode:/tmp/transactions.json && docker cp /tmp/customers.json namenode:/tmp/customers.json && docker cp /tmp/external_data.json namenode:/tmp/external_data.json && docker exec namenode bash -c "hdfs dfs -mkdir -p /data/transactions && hdfs dfs -mkdir -p /data/customers && hdfs dfs -mkdir -p /data/external_data && hdfs dfs -put -f /tmp/transactions.json /data/transactions/transactions.json && hdfs dfs -put -f /tmp/customers.json /data/customers/customers.json && hdfs dfs -put -f /tmp/external_data.json /data/external_data/external_data.json && rm -rf /tmp/transactions.json /tmp/customers.json /tmp/external_data.json"']
[2025-03-19T15:27:46.334+0000] {subprocess.py:86} INFO - Output:
[2025-03-19T15:28:27.142+0000] {subprocess.py:93} INFO - 2025-03-19 15:28:27,121 INFO sasl.SaslDataTransferClient: SASL encryption trust check: localHostTrusted = false, remoteHostTrusted = false
[2025-03-19T15:38:07.129+0000] {subprocess.py:93} INFO - 2025-03-19 15:38:07,047 INFO sasl.SaslDataTransferClient: SASL encryption trust check: localHostTrusted = false, remoteHostTrusted = false
[2025-03-19T15:38:27.874+0000] {local_task_job_runner.py:294} WARNING - State of this instance has been externally set to failed. Terminating instance.
[2025-03-19T15:38:27.886+0000] {process_utils.py:131} INFO - Sending 15 to group 12066. PIDs of all processes in the group: [12067, 12066]
[2025-03-19T15:38:27.889+0000] {process_utils.py:86} INFO - Sending the signal 15 to group 12066
[2025-03-19T15:38:27.900+0000] {taskinstance.py:1630} ERROR - Received SIGTERM. Terminating subprocesses.
[2025-03-19T15:38:27.902+0000] {subprocess.py:104} INFO - Sending SIGTERM signal to process group
[2025-03-19T15:38:28.010+0000] {process_utils.py:79} INFO - Process psutil.Process(pid=12067, status='terminated', started='15:27:45') (12067) terminated with exit code None
[2025-03-19T15:38:28.011+0000] {process_utils.py:79} INFO - Process psutil.Process(pid=12066, status='terminated', exitcode=0, started='15:27:45') (12066) terminated with exit code 0
