[2025-03-22T23:05:46.688+0000] {taskinstance.py:1157} INFO - Dependencies all met for dep_context=non-requeueable deps ti=<TaskInstance: fraud_detection_pipeline.load_data_hive manual__2025-03-22T23:05:19+00:00 [queued]>
[2025-03-22T23:05:46.701+0000] {taskinstance.py:1157} INFO - Dependencies all met for dep_context=requeueable deps ti=<TaskInstance: fraud_detection_pipeline.load_data_hive manual__2025-03-22T23:05:19+00:00 [queued]>
[2025-03-22T23:05:46.702+0000] {taskinstance.py:1359} INFO - Starting attempt 1 of 4
[2025-03-22T23:05:46.724+0000] {taskinstance.py:1380} INFO - Executing <Task(BashOperator): load_data_hive> on 2025-03-22 23:05:19+00:00
[2025-03-22T23:05:46.732+0000] {standard_task_runner.py:57} INFO - Started process 4602 to run task
[2025-03-22T23:05:46.738+0000] {standard_task_runner.py:84} INFO - Running: ['***', 'tasks', 'run', 'fraud_detection_pipeline', 'load_data_hive', 'manual__2025-03-22T23:05:19+00:00', '--job-id', '82', '--raw', '--subdir', 'DAGS_FOLDER/dag_1.py', '--cfg-path', '/tmp/tmpa8k1a07g']
[2025-03-22T23:05:46.741+0000] {standard_task_runner.py:85} INFO - Job 82: Subtask load_data_hive
[2025-03-22T23:05:46.797+0000] {task_command.py:415} INFO - Running <TaskInstance: fraud_detection_pipeline.load_data_hive manual__2025-03-22T23:05:19+00:00 [running]> on host 4ece88aec9a9
[2025-03-22T23:05:46.892+0000] {taskinstance.py:1660} INFO - Exporting env vars: AIRFLOW_CTX_DAG_EMAIL='abelchaguermohamed@gmail.com' AIRFLOW_CTX_DAG_OWNER='***' AIRFLOW_CTX_DAG_ID='fraud_detection_pipeline' AIRFLOW_CTX_TASK_ID='load_data_hive' AIRFLOW_CTX_EXECUTION_DATE='2025-03-22T23:05:19+00:00' AIRFLOW_CTX_TRY_NUMBER='1' AIRFLOW_CTX_DAG_RUN_ID='manual__2025-03-22T23:05:19+00:00'
[2025-03-22T23:05:46.895+0000] {subprocess.py:63} INFO - Tmp dir root location: /tmp
[2025-03-22T23:05:46.897+0000] {subprocess.py:75} INFO - Running command: ['/bin/bash', '-c', 'docker exec hive hive -f /home/hive_script.hql']
[2025-03-22T23:05:46.909+0000] {subprocess.py:86} INFO - Output:
[2025-03-22T23:05:50.295+0000] {subprocess.py:93} INFO - SLF4J: Class path contains multiple SLF4J bindings.
[2025-03-22T23:05:50.298+0000] {subprocess.py:93} INFO - SLF4J: Found binding in [jar:file:/opt/hive/lib/log4j-slf4j-impl-2.6.2.jar!/org/slf4j/impl/StaticLoggerBinder.class]
[2025-03-22T23:05:50.298+0000] {subprocess.py:93} INFO - SLF4J: Found binding in [jar:file:/opt/hadoop-2.7.4/share/hadoop/common/lib/slf4j-log4j12-1.7.10.jar!/org/slf4j/impl/StaticLoggerBinder.class]
[2025-03-22T23:05:50.299+0000] {subprocess.py:93} INFO - SLF4J: See http://www.slf4j.org/codes.html#multiple_bindings for an explanation.
[2025-03-22T23:05:50.300+0000] {subprocess.py:93} INFO - SLF4J: Actual binding is of type [org.apache.logging.slf4j.Log4jLoggerFactory]
[2025-03-22T23:05:51.879+0000] {subprocess.py:93} INFO - 
[2025-03-22T23:05:51.880+0000] {subprocess.py:93} INFO - Logging initialized using configuration in file:/opt/hive/conf/hive-log4j2.properties Async: true
[2025-03-22T23:06:02.535+0000] {subprocess.py:93} INFO - OK
[2025-03-22T23:06:02.538+0000] {subprocess.py:93} INFO - Time taken: 8.272 seconds
[2025-03-22T23:06:02.790+0000] {subprocess.py:93} INFO - OK
[2025-03-22T23:06:02.791+0000] {subprocess.py:93} INFO - Time taken: 0.251 seconds
[2025-03-22T23:06:02.824+0000] {subprocess.py:93} INFO - OK
[2025-03-22T23:06:02.825+0000] {subprocess.py:93} INFO - Time taken: 0.033 seconds
[2025-03-22T23:06:02.857+0000] {subprocess.py:93} INFO - OK
[2025-03-22T23:06:02.858+0000] {subprocess.py:93} INFO - Time taken: 0.031 seconds
[2025-03-22T23:06:03.391+0000] {subprocess.py:97} INFO - Command exited with return code 0
[2025-03-22T23:06:03.434+0000] {taskinstance.py:1398} INFO - Marking task as SUCCESS. dag_id=fraud_detection_pipeline, task_id=load_data_hive, execution_date=20250322T230519, start_date=20250322T230546, end_date=20250322T230603
[2025-03-22T23:06:03.475+0000] {logging_mixin.py:151} WARNING - /home/***/.local/lib/python3.8/site-packages/***/utils/email.py:154 RemovedInAirflow3Warning: Fetching SMTP credentials from configuration variables will be deprecated in a future release. Please set credentials using a connection instead.
[2025-03-22T23:06:03.476+0000] {email.py:270} INFO - Email alerting: attempt 1
[2025-03-22T23:06:04.248+0000] {email.py:282} INFO - Sent an alert email to ['abelchaguerm@gmail.com']
[2025-03-22T23:06:05.715+0000] {local_task_job_runner.py:228} INFO - Task exited with return code 0
[2025-03-22T23:06:05.748+0000] {taskinstance.py:2776} INFO - 1 downstream tasks scheduled from follow-on schedule check
