[2025-03-23T01:00:00.672+0000] {taskinstance.py:1157} INFO - Dependencies all met for dep_context=non-requeueable deps ti=<TaskInstance: fraud_detection_pipeline_2.store_data_hdfs scheduled__2025-03-22T00:00:00+00:00 [queued]>
[2025-03-23T01:00:00.693+0000] {taskinstance.py:1157} INFO - Dependencies all met for dep_context=requeueable deps ti=<TaskInstance: fraud_detection_pipeline_2.store_data_hdfs scheduled__2025-03-22T00:00:00+00:00 [queued]>
[2025-03-23T01:00:00.694+0000] {taskinstance.py:1359} INFO - Starting attempt 3 of 4
[2025-03-23T01:00:00.718+0000] {taskinstance.py:1380} INFO - Executing <Task(BashOperator): store_data_hdfs> on 2025-03-22 00:00:00+00:00
[2025-03-23T01:00:00.728+0000] {standard_task_runner.py:57} INFO - Started process 6261 to run task
[2025-03-23T01:00:00.733+0000] {standard_task_runner.py:84} INFO - Running: ['***', 'tasks', 'run', 'fraud_detection_pipeline_2', 'store_data_hdfs', 'scheduled__2025-03-22T00:00:00+00:00', '--job-id', '107', '--raw', '--subdir', 'DAGS_FOLDER/dag_2.py', '--cfg-path', '/tmp/tmpa3ly8xv0']
[2025-03-23T01:00:00.742+0000] {standard_task_runner.py:85} INFO - Job 107: Subtask store_data_hdfs
[2025-03-23T01:00:00.821+0000] {task_command.py:415} INFO - Running <TaskInstance: fraud_detection_pipeline_2.store_data_hdfs scheduled__2025-03-22T00:00:00+00:00 [running]> on host 4ece88aec9a9
[2025-03-23T01:00:00.946+0000] {taskinstance.py:1660} INFO - Exporting env vars: AIRFLOW_CTX_DAG_EMAIL='abelchaguerm@gmail.com' AIRFLOW_CTX_DAG_OWNER='***' AIRFLOW_CTX_DAG_ID='fraud_detection_pipeline_2' AIRFLOW_CTX_TASK_ID='store_data_hdfs' AIRFLOW_CTX_EXECUTION_DATE='2025-03-22T00:00:00+00:00' AIRFLOW_CTX_TRY_NUMBER='3' AIRFLOW_CTX_DAG_RUN_ID='scheduled__2025-03-22T00:00:00+00:00'
[2025-03-23T01:00:00.949+0000] {subprocess.py:63} INFO - Tmp dir root location: /tmp
[2025-03-23T01:00:00.950+0000] {subprocess.py:75} INFO - Running command: ['/bin/bash', '-c', 'docker cp /tmp/transactions.csv namenode:/tmp/transactions.csv && docker cp /tmp/customers.csv namenode:/tmp/customers.csv && docker cp /tmp/external_data.csv namenode:/tmp/external_data.csv && docker exec namenode bash -c "hdfs dfs -mkdir -p /data/transactions && hdfs dfs -mkdir -p /data/customers && hdfs dfs -mkdir -p /data/external_data && hdfs dfs -put -f /tmp/transactions.csv /data/transactions/transactions.csv && hdfs dfs -put -f /tmp/customers.csv /data/customers/customers.csv && hdfs dfs -put -f /tmp/external_data.csv /data/external_data/external_data.csv && rm -rf /tmp/transactions.csv /tmp/customers.csv /tmp/external_data.csv"']
[2025-03-23T01:00:00.964+0000] {subprocess.py:86} INFO - Output:
[2025-03-23T01:00:12.247+0000] {subprocess.py:93} INFO - 2025-03-23 01:00:12,243 INFO sasl.SaslDataTransferClient: SASL encryption trust check: localHostTrusted = false, remoteHostTrusted = false
[2025-03-23T01:00:12.861+0000] {subprocess.py:93} INFO - put: File does not exist: /data/transactions/transactions.csv._COPYING_ (inode 19126) Holder DFSClient_NONMAPREDUCE_1882236650_1 does not have any open files.
[2025-03-23T01:00:13.327+0000] {subprocess.py:97} INFO - Command exited with return code 1
[2025-03-23T01:00:13.345+0000] {taskinstance.py:1935} ERROR - Task failed with exception
Traceback (most recent call last):
  File "/home/airflow/.local/lib/python3.8/site-packages/airflow/operators/bash.py", line 210, in execute
    raise AirflowException(
airflow.exceptions.AirflowException: Bash command failed. The command returned a non-zero exit code 1.
[2025-03-23T01:00:13.353+0000] {taskinstance.py:1398} INFO - Marking task as UP_FOR_RETRY. dag_id=fraud_detection_pipeline_2, task_id=store_data_hdfs, execution_date=20250322T000000, start_date=20250323T010000, end_date=20250323T010013
[2025-03-23T01:00:13.385+0000] {logging_mixin.py:151} WARNING - /home/***/.local/lib/python3.8/site-packages/***/utils/email.py:154 RemovedInAirflow3Warning: Fetching SMTP credentials from configuration variables will be deprecated in a future release. Please set credentials using a connection instead.
[2025-03-23T01:00:13.387+0000] {email.py:270} INFO - Email alerting: attempt 1
[2025-03-23T01:00:14.352+0000] {email.py:282} INFO - Sent an alert email to ['abelchaguerm@gmail.com']
[2025-03-23T01:00:15.468+0000] {standard_task_runner.py:104} ERROR - Failed to execute job 107 for task store_data_hdfs (Bash command failed. The command returned a non-zero exit code 1.; 6261)
[2025-03-23T01:00:15.512+0000] {local_task_job_runner.py:228} INFO - Task exited with return code 1
[2025-03-23T01:00:15.541+0000] {taskinstance.py:2776} INFO - 0 downstream tasks scheduled from follow-on schedule check
