[2025-03-23T00:00:06.283+0000] {taskinstance.py:1157} INFO - Dependencies all met for dep_context=non-requeueable deps ti=<TaskInstance: fraud_detection_pipeline_2.store_data_hdfs scheduled__2025-03-22T00:00:00+00:00 [queued]>
[2025-03-23T00:00:06.320+0000] {taskinstance.py:1157} INFO - Dependencies all met for dep_context=requeueable deps ti=<TaskInstance: fraud_detection_pipeline_2.store_data_hdfs scheduled__2025-03-22T00:00:00+00:00 [queued]>
[2025-03-23T00:00:06.331+0000] {taskinstance.py:1359} INFO - Starting attempt 1 of 4
[2025-03-23T00:00:06.434+0000] {taskinstance.py:1380} INFO - Executing <Task(BashOperator): store_data_hdfs> on 2025-03-22 00:00:00+00:00
[2025-03-23T00:00:06.463+0000] {standard_task_runner.py:57} INFO - Started process 5868 to run task
[2025-03-23T00:00:06.509+0000] {standard_task_runner.py:84} INFO - Running: ['***', 'tasks', 'run', 'fraud_detection_pipeline_2', 'store_data_hdfs', 'scheduled__2025-03-22T00:00:00+00:00', '--job-id', '103', '--raw', '--subdir', 'DAGS_FOLDER/dag_2.py', '--cfg-path', '/tmp/tmp22b58tyu']
[2025-03-23T00:00:06.518+0000] {standard_task_runner.py:85} INFO - Job 103: Subtask store_data_hdfs
[2025-03-23T00:00:06.720+0000] {task_command.py:415} INFO - Running <TaskInstance: fraud_detection_pipeline_2.store_data_hdfs scheduled__2025-03-22T00:00:00+00:00 [running]> on host 4ece88aec9a9
[2025-03-23T00:00:08.028+0000] {taskinstance.py:1660} INFO - Exporting env vars: AIRFLOW_CTX_DAG_EMAIL='abelchaguerm@gmail.com' AIRFLOW_CTX_DAG_OWNER='***' AIRFLOW_CTX_DAG_ID='fraud_detection_pipeline_2' AIRFLOW_CTX_TASK_ID='store_data_hdfs' AIRFLOW_CTX_EXECUTION_DATE='2025-03-22T00:00:00+00:00' AIRFLOW_CTX_TRY_NUMBER='1' AIRFLOW_CTX_DAG_RUN_ID='scheduled__2025-03-22T00:00:00+00:00'
[2025-03-23T00:00:08.217+0000] {subprocess.py:63} INFO - Tmp dir root location: /tmp
[2025-03-23T00:00:08.328+0000] {subprocess.py:75} INFO - Running command: ['/bin/bash', '-c', 'docker cp /tmp/transactions.csv namenode:/tmp/transactions.csv && docker cp /tmp/customers.csv namenode:/tmp/customers.csv && docker cp /tmp/external_data.csv namenode:/tmp/external_data.csv && docker exec namenode bash -c "hdfs dfs -mkdir -p /data/transactions && hdfs dfs -mkdir -p /data/customers && hdfs dfs -mkdir -p /data/external_data && hdfs dfs -put -f /tmp/transactions.csv /data/transactions/transactions.csv && hdfs dfs -put -f /tmp/customers.csv /data/customers/customers.csv && hdfs dfs -put -f /tmp/external_data.csv /data/external_data/external_data.csv && rm -rf /tmp/transactions.csv /tmp/customers.csv /tmp/external_data.csv"']
[2025-03-23T00:00:08.562+0000] {subprocess.py:86} INFO - Output:
[2025-03-23T00:49:47.302+0000] {local_task_job_runner.py:294} WARNING - State of this instance has been externally set to up_for_retry. Terminating instance.
[2025-03-23T00:49:47.307+0000] {process_utils.py:131} INFO - Sending 15 to group 5868. PIDs of all processes in the group: [5878, 5868]
[2025-03-23T00:49:47.308+0000] {process_utils.py:86} INFO - Sending the signal 15 to group 5868
[2025-03-23T00:49:47.309+0000] {taskinstance.py:1630} ERROR - Received SIGTERM. Terminating subprocesses.
[2025-03-23T00:49:47.310+0000] {subprocess.py:104} INFO - Sending SIGTERM signal to process group
[2025-03-23T00:49:47.338+0000] {taskinstance.py:1935} ERROR - Task failed with exception
Traceback (most recent call last):
  File "/home/airflow/.local/lib/python3.8/site-packages/airflow/operators/bash.py", line 201, in execute
    result = self.subprocess_hook.run_command(
  File "/home/airflow/.local/lib/python3.8/site-packages/airflow/hooks/subprocess.py", line 91, in run_command
    for raw_line in iter(self.sub_process.stdout.readline, b""):
  File "/home/airflow/.local/lib/python3.8/site-packages/airflow/models/taskinstance.py", line 1632, in signal_handler
    raise AirflowException("Task received SIGTERM signal")
airflow.exceptions.AirflowException: Task received SIGTERM signal
[2025-03-23T00:49:47.356+0000] {taskinstance.py:1398} INFO - Marking task as UP_FOR_RETRY. dag_id=fraud_detection_pipeline_2, task_id=store_data_hdfs, execution_date=20250322T000000, start_date=20250323T000006, end_date=20250323T004947
[2025-03-23T00:49:47.423+0000] {logging_mixin.py:151} WARNING - /home/***/.local/lib/python3.8/site-packages/***/utils/email.py:154 RemovedInAirflow3Warning: Fetching SMTP credentials from configuration variables will be deprecated in a future release. Please set credentials using a connection instead.
[2025-03-23T00:49:47.426+0000] {email.py:270} INFO - Email alerting: attempt 1
[2025-03-23T00:49:50.295+0000] {email.py:282} INFO - Sent an alert email to ['abelchaguerm@gmail.com']
[2025-03-23T00:49:52.923+0000] {standard_task_runner.py:104} ERROR - Failed to execute job 103 for task store_data_hdfs (Task received SIGTERM signal; 5868)
[2025-03-23T00:49:52.943+0000] {process_utils.py:79} INFO - Process psutil.Process(pid=5868, status='terminated', exitcode=1, started='00:00:06') (5868) terminated with exit code 1
[2025-03-23T00:49:52.946+0000] {process_utils.py:79} INFO - Process psutil.Process(pid=5878, status='terminated', started='00:00:08') (5878) terminated with exit code None
