[2025-03-19T12:43:49.170+0000] {taskinstance.py:1157} INFO - Dependencies all met for dep_context=non-requeueable deps ti=<TaskInstance: fraud_detection_pipeline.load_data_hive scheduled__2023-10-11T23:00:00+00:00 [queued]>
[2025-03-19T12:43:49.180+0000] {taskinstance.py:1157} INFO - Dependencies all met for dep_context=requeueable deps ti=<TaskInstance: fraud_detection_pipeline.load_data_hive scheduled__2023-10-11T23:00:00+00:00 [queued]>
[2025-03-19T12:43:49.181+0000] {taskinstance.py:1359} INFO - Starting attempt 1 of 2
[2025-03-19T12:43:49.199+0000] {taskinstance.py:1380} INFO - Executing <Task(BashOperator): load_data_hive> on 2023-10-11 23:00:00+00:00
[2025-03-19T12:43:49.205+0000] {standard_task_runner.py:57} INFO - Started process 10327 to run task
[2025-03-19T12:43:49.209+0000] {standard_task_runner.py:84} INFO - Running: ['***', 'tasks', 'run', 'fraud_detection_pipeline', 'load_data_hive', 'scheduled__2023-10-11T23:00:00+00:00', '--job-id', '876', '--raw', '--subdir', 'DAGS_FOLDER/dag_1.py', '--cfg-path', '/tmp/tmprnkpbaza']
[2025-03-19T12:43:49.212+0000] {standard_task_runner.py:85} INFO - Job 876: Subtask load_data_hive
[2025-03-19T12:43:49.268+0000] {task_command.py:415} INFO - Running <TaskInstance: fraud_detection_pipeline.load_data_hive scheduled__2023-10-11T23:00:00+00:00 [running]> on host 0009f5fb76aa
[2025-03-19T12:43:49.353+0000] {taskinstance.py:1660} INFO - Exporting env vars: AIRFLOW_CTX_DAG_OWNER='***' AIRFLOW_CTX_DAG_ID='fraud_detection_pipeline' AIRFLOW_CTX_TASK_ID='load_data_hive' AIRFLOW_CTX_EXECUTION_DATE='2023-10-11T23:00:00+00:00' AIRFLOW_CTX_TRY_NUMBER='1' AIRFLOW_CTX_DAG_RUN_ID='scheduled__2023-10-11T23:00:00+00:00'
[2025-03-19T12:43:49.355+0000] {subprocess.py:63} INFO - Tmp dir root location: /tmp
[2025-03-19T12:43:49.357+0000] {subprocess.py:75} INFO - Running command: ['/bin/bash', '-c', 'docker exec hive hive -f /home/hive_script.hql']
[2025-03-19T12:43:49.368+0000] {subprocess.py:86} INFO - Output:
[2025-03-19T12:43:51.486+0000] {subprocess.py:93} INFO - SLF4J: Class path contains multiple SLF4J bindings.
[2025-03-19T12:43:51.486+0000] {subprocess.py:93} INFO - SLF4J: Found binding in [jar:file:/opt/hive/lib/log4j-slf4j-impl-2.6.2.jar!/org/slf4j/impl/StaticLoggerBinder.class]
[2025-03-19T12:43:51.487+0000] {subprocess.py:93} INFO - SLF4J: Found binding in [jar:file:/opt/hadoop-2.7.4/share/hadoop/common/lib/slf4j-log4j12-1.7.10.jar!/org/slf4j/impl/StaticLoggerBinder.class]
[2025-03-19T12:43:51.487+0000] {subprocess.py:93} INFO - SLF4J: See http://www.slf4j.org/codes.html#multiple_bindings for an explanation.
[2025-03-19T12:43:51.488+0000] {subprocess.py:93} INFO - SLF4J: Actual binding is of type [org.apache.logging.slf4j.Log4jLoggerFactory]
[2025-03-19T12:43:52.987+0000] {subprocess.py:93} INFO - 
[2025-03-19T12:43:52.988+0000] {subprocess.py:93} INFO - Logging initialized using configuration in file:/opt/hive/conf/hive-log4j2.properties Async: true
[2025-03-19T12:44:01.554+0000] {subprocess.py:93} INFO - OK
[2025-03-19T12:44:01.558+0000] {subprocess.py:93} INFO - Time taken: 7.672 seconds
[2025-03-19T12:44:02.081+0000] {subprocess.py:93} INFO - OK
[2025-03-19T12:44:02.082+0000] {subprocess.py:93} INFO - Time taken: 0.52 seconds
[2025-03-19T12:44:02.114+0000] {subprocess.py:93} INFO - OK
[2025-03-19T12:44:02.115+0000] {subprocess.py:93} INFO - Time taken: 0.032 seconds
[2025-03-19T12:44:02.173+0000] {subprocess.py:97} INFO - Command exited with return code 0
[2025-03-19T12:44:02.205+0000] {taskinstance.py:1398} INFO - Marking task as SUCCESS. dag_id=fraud_detection_pipeline, task_id=load_data_hive, execution_date=20231011T230000, start_date=20250319T124349, end_date=20250319T124402
[2025-03-19T12:44:02.250+0000] {local_task_job_runner.py:228} INFO - Task exited with return code 0
[2025-03-19T12:44:02.286+0000] {taskinstance.py:2776} INFO - 1 downstream tasks scheduled from follow-on schedule check
