[2025-03-22T21:32:15.094+0000] {taskinstance.py:1157} INFO - Dependencies all met for dep_context=non-requeueable deps ti=<TaskInstance: fraud_detection_pipeline.load_data_hive manual__2025-03-22T21:26:44+00:00 [queued]>
[2025-03-22T21:32:15.107+0000] {taskinstance.py:1157} INFO - Dependencies all met for dep_context=requeueable deps ti=<TaskInstance: fraud_detection_pipeline.load_data_hive manual__2025-03-22T21:26:44+00:00 [queued]>
[2025-03-22T21:32:15.108+0000] {taskinstance.py:1359} INFO - Starting attempt 2 of 4
[2025-03-22T21:32:15.126+0000] {taskinstance.py:1380} INFO - Executing <Task(BashOperator): load_data_hive> on 2025-03-22 21:26:44+00:00
[2025-03-22T21:32:15.132+0000] {standard_task_runner.py:57} INFO - Started process 1641 to run task
[2025-03-22T21:32:15.136+0000] {standard_task_runner.py:84} INFO - Running: ['***', 'tasks', 'run', 'fraud_detection_pipeline', 'load_data_hive', 'manual__2025-03-22T21:26:44+00:00', '--job-id', '29', '--raw', '--subdir', 'DAGS_FOLDER/dag_1.py', '--cfg-path', '/tmp/tmpq2spv4nd']
[2025-03-22T21:32:15.141+0000] {standard_task_runner.py:85} INFO - Job 29: Subtask load_data_hive
[2025-03-22T21:32:15.217+0000] {task_command.py:415} INFO - Running <TaskInstance: fraud_detection_pipeline.load_data_hive manual__2025-03-22T21:26:44+00:00 [running]> on host 4ece88aec9a9
[2025-03-22T21:32:15.320+0000] {taskinstance.py:1660} INFO - Exporting env vars: AIRFLOW_CTX_DAG_EMAIL='elmanser.emad@gmail.com' AIRFLOW_CTX_DAG_OWNER='***' AIRFLOW_CTX_DAG_ID='fraud_detection_pipeline' AIRFLOW_CTX_TASK_ID='load_data_hive' AIRFLOW_CTX_EXECUTION_DATE='2025-03-22T21:26:44+00:00' AIRFLOW_CTX_TRY_NUMBER='2' AIRFLOW_CTX_DAG_RUN_ID='manual__2025-03-22T21:26:44+00:00'
[2025-03-22T21:32:15.323+0000] {subprocess.py:63} INFO - Tmp dir root location: /tmp
[2025-03-22T21:32:15.324+0000] {subprocess.py:75} INFO - Running command: ['/bin/bash', '-c', 'docker exec -it hive schematool -initSchema -dbType postgres && docker exec hive hive -f /home/hive_script.hql']
[2025-03-22T21:32:15.336+0000] {subprocess.py:86} INFO - Output:
[2025-03-22T21:32:15.378+0000] {subprocess.py:93} INFO - the input device is not a TTY
[2025-03-22T21:32:15.380+0000] {subprocess.py:97} INFO - Command exited with return code 1
[2025-03-22T21:32:15.392+0000] {taskinstance.py:1935} ERROR - Task failed with exception
Traceback (most recent call last):
  File "/home/airflow/.local/lib/python3.8/site-packages/airflow/operators/bash.py", line 210, in execute
    raise AirflowException(
airflow.exceptions.AirflowException: Bash command failed. The command returned a non-zero exit code 1.
[2025-03-22T21:32:15.397+0000] {taskinstance.py:1398} INFO - Marking task as UP_FOR_RETRY. dag_id=fraud_detection_pipeline, task_id=load_data_hive, execution_date=20250322T212644, start_date=20250322T213215, end_date=20250322T213215
[2025-03-22T21:32:15.422+0000] {logging_mixin.py:151} WARNING - /home/***/.local/lib/python3.8/site-packages/***/utils/email.py:154 RemovedInAirflow3Warning: Fetching SMTP credentials from configuration variables will be deprecated in a future release. Please set credentials using a connection instead.
[2025-03-22T21:32:15.423+0000] {email.py:270} INFO - Email alerting: attempt 1
[2025-03-22T21:32:16.017+0000] {email.py:282} INFO - Sent an alert email to ['elmanser.emad@gmail.com']
[2025-03-22T21:32:17.535+0000] {standard_task_runner.py:104} ERROR - Failed to execute job 29 for task load_data_hive (Bash command failed. The command returned a non-zero exit code 1.; 1641)
[2025-03-22T21:32:17.576+0000] {local_task_job_runner.py:228} INFO - Task exited with return code 1
[2025-03-22T21:32:17.606+0000] {taskinstance.py:2776} INFO - 0 downstream tasks scheduled from follow-on schedule check
