[2025-03-22T21:27:10.119+0000] {taskinstance.py:1157} INFO - Dependencies all met for dep_context=non-requeueable deps ti=<TaskInstance: fraud_detection_pipeline.load_data_hive manual__2025-03-22T21:26:44+00:00 [queued]>
[2025-03-22T21:27:10.131+0000] {taskinstance.py:1157} INFO - Dependencies all met for dep_context=requeueable deps ti=<TaskInstance: fraud_detection_pipeline.load_data_hive manual__2025-03-22T21:26:44+00:00 [queued]>
[2025-03-22T21:27:10.132+0000] {taskinstance.py:1359} INFO - Starting attempt 1 of 4
[2025-03-22T21:27:10.152+0000] {taskinstance.py:1380} INFO - Executing <Task(BashOperator): load_data_hive> on 2025-03-22 21:26:44+00:00
[2025-03-22T21:27:10.158+0000] {standard_task_runner.py:57} INFO - Started process 1392 to run task
[2025-03-22T21:27:10.162+0000] {standard_task_runner.py:84} INFO - Running: ['***', 'tasks', 'run', 'fraud_detection_pipeline', 'load_data_hive', 'manual__2025-03-22T21:26:44+00:00', '--job-id', '25', '--raw', '--subdir', 'DAGS_FOLDER/dag_1.py', '--cfg-path', '/tmp/tmp41472_jp']
[2025-03-22T21:27:10.166+0000] {standard_task_runner.py:85} INFO - Job 25: Subtask load_data_hive
[2025-03-22T21:27:10.231+0000] {task_command.py:415} INFO - Running <TaskInstance: fraud_detection_pipeline.load_data_hive manual__2025-03-22T21:26:44+00:00 [running]> on host 4ece88aec9a9
[2025-03-22T21:27:10.318+0000] {taskinstance.py:1660} INFO - Exporting env vars: AIRFLOW_CTX_DAG_EMAIL='abelchaguermohamed@gmail.com' AIRFLOW_CTX_DAG_OWNER='***' AIRFLOW_CTX_DAG_ID='fraud_detection_pipeline' AIRFLOW_CTX_TASK_ID='load_data_hive' AIRFLOW_CTX_EXECUTION_DATE='2025-03-22T21:26:44+00:00' AIRFLOW_CTX_TRY_NUMBER='1' AIRFLOW_CTX_DAG_RUN_ID='manual__2025-03-22T21:26:44+00:00'
[2025-03-22T21:27:10.321+0000] {subprocess.py:63} INFO - Tmp dir root location: /tmp
[2025-03-22T21:27:10.323+0000] {subprocess.py:75} INFO - Running command: ['/bin/bash', '-c', 'if ! docker exec hive psql -U *** -d metastore_db -c "SELECT * FROM VERSION" 2>/dev/null; then   docker exec hive schematool -initSchema -dbType postgres; fi && docker exec hive hive -f /home/hive_script.hql']
[2025-03-22T21:27:10.333+0000] {subprocess.py:86} INFO - Output:
[2025-03-22T21:27:10.443+0000] {subprocess.py:93} INFO - OCI runtime exec failed: exec failed: unable to start container process: exec: "psql": executable file not found in $PATH: unknown
[2025-03-22T21:27:12.628+0000] {subprocess.py:93} INFO - SLF4J: Class path contains multiple SLF4J bindings.
[2025-03-22T21:27:12.629+0000] {subprocess.py:93} INFO - SLF4J: Found binding in [jar:file:/opt/hive/lib/log4j-slf4j-impl-2.6.2.jar!/org/slf4j/impl/StaticLoggerBinder.class]
[2025-03-22T21:27:12.630+0000] {subprocess.py:93} INFO - SLF4J: Found binding in [jar:file:/opt/hadoop-2.7.4/share/hadoop/common/lib/slf4j-log4j12-1.7.10.jar!/org/slf4j/impl/StaticLoggerBinder.class]
[2025-03-22T21:27:12.631+0000] {subprocess.py:93} INFO - SLF4J: See http://www.slf4j.org/codes.html#multiple_bindings for an explanation.
[2025-03-22T21:27:12.631+0000] {subprocess.py:93} INFO - SLF4J: Actual binding is of type [org.apache.logging.slf4j.Log4jLoggerFactory]
[2025-03-22T21:27:13.722+0000] {subprocess.py:93} INFO - Metastore connection URL:	 jdbc:postgresql://postgres:5432/metastore_db
[2025-03-22T21:27:13.722+0000] {subprocess.py:93} INFO - Metastore Connection Driver :	 org.postgresql.Driver
[2025-03-22T21:27:13.723+0000] {subprocess.py:93} INFO - Metastore connection User:	 ***
[2025-03-22T21:27:14.046+0000] {subprocess.py:93} INFO - Starting metastore schema initialization to 2.3.0
[2025-03-22T21:27:14.046+0000] {subprocess.py:93} INFO - Initialization script hive-schema-2.3.0.postgres.sql
[2025-03-22T21:27:14.292+0000] {subprocess.py:93} INFO - Error: ERROR: relation "BUCKETING_COLS" already exists (state=42P07,code=0)
[2025-03-22T21:27:14.293+0000] {subprocess.py:93} INFO - org.apache.hadoop.hive.metastore.HiveMetaException: Schema initialization FAILED! Metastore state would be inconsistent !!
[2025-03-22T21:27:14.295+0000] {subprocess.py:93} INFO - Underlying cause: java.io.IOException : Schema script failed, errorcode 2
[2025-03-22T21:27:14.295+0000] {subprocess.py:93} INFO - Use --verbose for detailed stacktrace.
[2025-03-22T21:27:14.296+0000] {subprocess.py:93} INFO - *** schemaTool failed ***
[2025-03-22T21:27:14.332+0000] {subprocess.py:97} INFO - Command exited with return code 1
[2025-03-22T21:27:14.344+0000] {taskinstance.py:1935} ERROR - Task failed with exception
Traceback (most recent call last):
  File "/home/airflow/.local/lib/python3.8/site-packages/airflow/operators/bash.py", line 210, in execute
    raise AirflowException(
airflow.exceptions.AirflowException: Bash command failed. The command returned a non-zero exit code 1.
[2025-03-22T21:27:14.348+0000] {taskinstance.py:1398} INFO - Marking task as UP_FOR_RETRY. dag_id=fraud_detection_pipeline, task_id=load_data_hive, execution_date=20250322T212644, start_date=20250322T212710, end_date=20250322T212714
[2025-03-22T21:27:14.371+0000] {logging_mixin.py:151} WARNING - /home/***/.local/lib/python3.8/site-packages/***/utils/email.py:154 RemovedInAirflow3Warning: Fetching SMTP credentials from configuration variables will be deprecated in a future release. Please set credentials using a connection instead.
[2025-03-22T21:27:14.372+0000] {email.py:270} INFO - Email alerting: attempt 1
[2025-03-22T21:27:14.865+0000] {email.py:282} INFO - Sent an alert email to ['abelchaguermohamed@gmail.com']
[2025-03-22T21:27:16.102+0000] {standard_task_runner.py:104} ERROR - Failed to execute job 25 for task load_data_hive (Bash command failed. The command returned a non-zero exit code 1.; 1392)
[2025-03-22T21:27:16.141+0000] {local_task_job_runner.py:228} INFO - Task exited with return code 1
[2025-03-22T21:27:16.161+0000] {taskinstance.py:2776} INFO - 0 downstream tasks scheduled from follow-on schedule check
