[2025-03-19T17:34:12.539+0000] {taskinstance.py:1157} INFO - Dependencies all met for dep_context=non-requeueable deps ti=<TaskInstance: faud_detection_pipeline.load_data_hive scheduled__2023-10-13T22:00:00+00:00 [queued]>
[2025-03-19T17:34:12.553+0000] {taskinstance.py:1157} INFO - Dependencies all met for dep_context=requeueable deps ti=<TaskInstance: faud_detection_pipeline.load_data_hive scheduled__2023-10-13T22:00:00+00:00 [queued]>
[2025-03-19T17:34:12.554+0000] {taskinstance.py:1359} INFO - Starting attempt 1 of 2
[2025-03-19T17:34:12.576+0000] {taskinstance.py:1380} INFO - Executing <Task(BashOperator): load_data_hive> on 2023-10-13 22:00:00+00:00
[2025-03-19T17:34:12.584+0000] {standard_task_runner.py:57} INFO - Started process 35543 to run task
[2025-03-19T17:34:12.588+0000] {standard_task_runner.py:84} INFO - Running: ['***', 'tasks', 'run', 'faud_detection_pipeline', 'load_data_hive', 'scheduled__2023-10-13T22:00:00+00:00', '--job-id', '2404', '--raw', '--subdir', 'DAGS_FOLDER/dag_1.py', '--cfg-path', '/tmp/tmpjyi6lb53']
[2025-03-19T17:34:12.592+0000] {standard_task_runner.py:85} INFO - Job 2404: Subtask load_data_hive
[2025-03-19T17:34:12.655+0000] {task_command.py:415} INFO - Running <TaskInstance: faud_detection_pipeline.load_data_hive scheduled__2023-10-13T22:00:00+00:00 [running]> on host 0009f5fb76aa
[2025-03-19T17:34:12.755+0000] {taskinstance.py:1660} INFO - Exporting env vars: AIRFLOW_CTX_DAG_OWNER='***' AIRFLOW_CTX_DAG_ID='faud_detection_pipeline' AIRFLOW_CTX_TASK_ID='load_data_hive' AIRFLOW_CTX_EXECUTION_DATE='2023-10-13T22:00:00+00:00' AIRFLOW_CTX_TRY_NUMBER='1' AIRFLOW_CTX_DAG_RUN_ID='scheduled__2023-10-13T22:00:00+00:00'
[2025-03-19T17:34:12.757+0000] {subprocess.py:63} INFO - Tmp dir root location: /tmp
[2025-03-19T17:34:12.759+0000] {subprocess.py:75} INFO - Running command: ['/bin/bash', '-c', 'docker exec hive hive -f /home/hive_script.hql']
[2025-03-19T17:34:12.773+0000] {subprocess.py:86} INFO - Output:
[2025-03-19T17:34:15.324+0000] {subprocess.py:93} INFO - SLF4J: Class path contains multiple SLF4J bindings.
[2025-03-19T17:34:15.325+0000] {subprocess.py:93} INFO - SLF4J: Found binding in [jar:file:/opt/hive/lib/log4j-slf4j-impl-2.6.2.jar!/org/slf4j/impl/StaticLoggerBinder.class]
[2025-03-19T17:34:15.326+0000] {subprocess.py:93} INFO - SLF4J: Found binding in [jar:file:/opt/hadoop-2.7.4/share/hadoop/common/lib/slf4j-log4j12-1.7.10.jar!/org/slf4j/impl/StaticLoggerBinder.class]
[2025-03-19T17:34:15.326+0000] {subprocess.py:93} INFO - SLF4J: See http://www.slf4j.org/codes.html#multiple_bindings for an explanation.
[2025-03-19T17:34:15.327+0000] {subprocess.py:93} INFO - SLF4J: Actual binding is of type [org.apache.logging.slf4j.Log4jLoggerFactory]
[2025-03-19T17:34:16.962+0000] {subprocess.py:93} INFO - 
[2025-03-19T17:34:16.963+0000] {subprocess.py:93} INFO - Logging initialized using configuration in file:/opt/hive/conf/hive-log4j2.properties Async: true
[2025-03-19T17:34:26.470+0000] {subprocess.py:93} INFO - OK
[2025-03-19T17:34:26.474+0000] {subprocess.py:93} INFO - Time taken: 9.205 seconds
[2025-03-19T17:34:26.740+0000] {subprocess.py:93} INFO - OK
[2025-03-19T17:34:26.741+0000] {subprocess.py:93} INFO - Time taken: 0.265 seconds
[2025-03-19T17:34:26.781+0000] {subprocess.py:93} INFO - OK
[2025-03-19T17:34:26.782+0000] {subprocess.py:93} INFO - Time taken: 0.038 seconds
[2025-03-19T17:34:27.296+0000] {subprocess.py:97} INFO - Command exited with return code 0
[2025-03-19T17:34:27.335+0000] {taskinstance.py:1398} INFO - Marking task as SUCCESS. dag_id=faud_detection_pipeline, task_id=load_data_hive, execution_date=20231013T220000, start_date=20250319T173412, end_date=20250319T173427
[2025-03-19T17:34:27.366+0000] {local_task_job_runner.py:228} INFO - Task exited with return code 0
[2025-03-19T17:34:27.393+0000] {taskinstance.py:2776} INFO - 1 downstream tasks scheduled from follow-on schedule check
