[2025-03-19T15:07:20.908+0000] {taskinstance.py:1157} INFO - Dependencies all met for dep_context=non-requeueable deps ti=<TaskInstance: fraud_detection_pipeline.store_data_hdfs scheduled__2023-10-01T21:00:00+00:00 [queued]>
[2025-03-19T15:07:20.932+0000] {taskinstance.py:1157} INFO - Dependencies all met for dep_context=requeueable deps ti=<TaskInstance: fraud_detection_pipeline.store_data_hdfs scheduled__2023-10-01T21:00:00+00:00 [queued]>
[2025-03-19T15:07:20.933+0000] {taskinstance.py:1359} INFO - Starting attempt 2 of 2
[2025-03-19T15:07:20.964+0000] {taskinstance.py:1380} INFO - Executing <Task(BashOperator): store_data_hdfs> on 2023-10-01 21:00:00+00:00
[2025-03-19T15:07:20.974+0000] {standard_task_runner.py:57} INFO - Started process 7143 to run task
[2025-03-19T15:07:20.982+0000] {standard_task_runner.py:84} INFO - Running: ['***', 'tasks', 'run', 'fraud_detection_pipeline', 'store_data_hdfs', 'scheduled__2023-10-01T21:00:00+00:00', '--job-id', '1163', '--raw', '--subdir', 'DAGS_FOLDER/dag_1.py', '--cfg-path', '/tmp/tmpvna2_0qv']
[2025-03-19T15:07:20.990+0000] {standard_task_runner.py:85} INFO - Job 1163: Subtask store_data_hdfs
[2025-03-19T15:07:21.256+0000] {task_command.py:415} INFO - Running <TaskInstance: fraud_detection_pipeline.store_data_hdfs scheduled__2023-10-01T21:00:00+00:00 [running]> on host 0009f5fb76aa
[2025-03-19T15:07:21.436+0000] {taskinstance.py:1660} INFO - Exporting env vars: AIRFLOW_CTX_DAG_OWNER='***' AIRFLOW_CTX_DAG_ID='fraud_detection_pipeline' AIRFLOW_CTX_TASK_ID='store_data_hdfs' AIRFLOW_CTX_EXECUTION_DATE='2023-10-01T21:00:00+00:00' AIRFLOW_CTX_TRY_NUMBER='2' AIRFLOW_CTX_DAG_RUN_ID='scheduled__2023-10-01T21:00:00+00:00'
[2025-03-19T15:07:21.441+0000] {subprocess.py:63} INFO - Tmp dir root location: /tmp
[2025-03-19T15:07:21.443+0000] {subprocess.py:75} INFO - Running command: ['/bin/bash', '-c', 'docker cp /tmp/transactions.json namenode:/tmp/transactions.json && docker cp /tmp/customers.json namenode:/tmp/customers.json && docker cp /tmp/external_data.json namenode:/tmp/external_data.json && docker exec namenode bash -c "hdfs dfs -mkdir -p /data && hdfs dfs -put -f /tmp/transactions.json /data/transactions/transactions.json && hdfs dfs -put -f /tmp/customers.json /data/customers/customers.json && hdfs dfs -put -f /tmp/external_data.json /data/external_data/external_data.json  "']
[2025-03-19T15:07:21.465+0000] {subprocess.py:86} INFO - Output:
[2025-03-19T15:07:37.664+0000] {subprocess.py:93} INFO - put: `/data/transactions/transactions.json': No such file or directory: `hdfs://namenode:9000/data/transactions/transactions.json'
[2025-03-19T15:07:38.120+0000] {subprocess.py:97} INFO - Command exited with return code 1
[2025-03-19T15:07:38.139+0000] {taskinstance.py:1935} ERROR - Task failed with exception
Traceback (most recent call last):
  File "/home/airflow/.local/lib/python3.8/site-packages/airflow/operators/bash.py", line 210, in execute
    raise AirflowException(
airflow.exceptions.AirflowException: Bash command failed. The command returned a non-zero exit code 1.
[2025-03-19T15:07:38.147+0000] {taskinstance.py:1398} INFO - Marking task as FAILED. dag_id=fraud_detection_pipeline, task_id=store_data_hdfs, execution_date=20231001T210000, start_date=20250319T150720, end_date=20250319T150738
[2025-03-19T15:07:38.179+0000] {standard_task_runner.py:104} ERROR - Failed to execute job 1163 for task store_data_hdfs (Bash command failed. The command returned a non-zero exit code 1.; 7143)
[2025-03-19T15:07:38.206+0000] {local_task_job_runner.py:228} INFO - Task exited with return code 1
[2025-03-19T15:07:38.260+0000] {taskinstance.py:2776} INFO - 0 downstream tasks scheduled from follow-on schedule check
[2025-03-19T21:24:16.628+0000] {taskinstance.py:1157} INFO - Dependencies all met for dep_context=non-requeueable deps ti=<TaskInstance: fraud_detection_pipeline.store_data_hdfs scheduled__2023-10-01T21:00:00+00:00 [queued]>
[2025-03-19T21:24:16.697+0000] {taskinstance.py:1157} INFO - Dependencies all met for dep_context=requeueable deps ti=<TaskInstance: fraud_detection_pipeline.store_data_hdfs scheduled__2023-10-01T21:00:00+00:00 [queued]>
[2025-03-19T21:24:16.701+0000] {taskinstance.py:1359} INFO - Starting attempt 2 of 2
[2025-03-19T21:24:16.864+0000] {taskinstance.py:1380} INFO - Executing <Task(BashOperator): store_data_hdfs> on 2023-10-01 21:00:00+00:00
[2025-03-19T21:24:16.945+0000] {standard_task_runner.py:57} INFO - Started process 8897 to run task
[2025-03-19T21:24:17.086+0000] {standard_task_runner.py:84} INFO - Running: ['***', 'tasks', 'run', 'fraud_detection_pipeline', 'store_data_hdfs', 'scheduled__2023-10-01T21:00:00+00:00', '--job-id', '3392', '--raw', '--subdir', 'DAGS_FOLDER/dag_1.py', '--cfg-path', '/tmp/tmpfiuw1kzu']
[2025-03-19T21:24:17.218+0000] {standard_task_runner.py:85} INFO - Job 3392: Subtask store_data_hdfs
[2025-03-19T21:24:18.866+0000] {task_command.py:415} INFO - Running <TaskInstance: fraud_detection_pipeline.store_data_hdfs scheduled__2023-10-01T21:00:00+00:00 [running]> on host 445fc0f18383
[2025-03-19T21:24:20.084+0000] {taskinstance.py:1660} INFO - Exporting env vars: AIRFLOW_CTX_DAG_OWNER='***' AIRFLOW_CTX_DAG_ID='fraud_detection_pipeline' AIRFLOW_CTX_TASK_ID='store_data_hdfs' AIRFLOW_CTX_EXECUTION_DATE='2023-10-01T21:00:00+00:00' AIRFLOW_CTX_TRY_NUMBER='2' AIRFLOW_CTX_DAG_RUN_ID='scheduled__2023-10-01T21:00:00+00:00'
[2025-03-19T21:24:20.146+0000] {subprocess.py:63} INFO - Tmp dir root location: /tmp
[2025-03-19T21:24:20.207+0000] {subprocess.py:75} INFO - Running command: ['/bin/bash', '-c', 'docker cp /tmp/transactions.csv namenode:/tmp/transactions.csv && docker cp /tmp/customers.csv namenode:/tmp/customers.csv && docker cp /tmp/external_data.csv namenode:/tmp/external_data.csv && docker exec namenode bash -c "hdfs dfs -mkdir -p /data/transactions && hdfs dfs -mkdir -p /data/customers && hdfs dfs -mkdir -p /data/external_data && hdfs dfs -put -f /tmp/transactions.csv /data/transactions/transactions.csv && hdfs dfs -put -f /tmp/customers.csv /data/customers/customers.csv && hdfs dfs -put -f /tmp/external_data.csv /data/external_data/external_data.csv && rm -rf /tmp/transactions.csv /tmp/customers.csv /tmp/external_data.csv"']
[2025-03-19T21:24:20.368+0000] {subprocess.py:86} INFO - Output:
[2025-03-19T21:25:40.047+0000] {subprocess.py:93} INFO - put: `/tmp/transactions.csv': No such file or directory
[2025-03-19T21:25:40.697+0000] {subprocess.py:97} INFO - Command exited with return code 1
[2025-03-19T21:25:40.729+0000] {taskinstance.py:1935} ERROR - Task failed with exception
Traceback (most recent call last):
  File "/home/airflow/.local/lib/python3.8/site-packages/airflow/operators/bash.py", line 210, in execute
    raise AirflowException(
airflow.exceptions.AirflowException: Bash command failed. The command returned a non-zero exit code 1.
[2025-03-19T21:25:40.741+0000] {taskinstance.py:1398} INFO - Marking task as FAILED. dag_id=fraud_detection_pipeline, task_id=store_data_hdfs, execution_date=20231001T210000, start_date=20250319T212416, end_date=20250319T212540
[2025-03-19T21:25:40.771+0000] {standard_task_runner.py:104} ERROR - Failed to execute job 3392 for task store_data_hdfs (Bash command failed. The command returned a non-zero exit code 1.; 8897)
[2025-03-19T21:25:40.820+0000] {local_task_job_runner.py:228} INFO - Task exited with return code 1
[2025-03-19T21:25:40.862+0000] {taskinstance.py:2776} INFO - 0 downstream tasks scheduled from follow-on schedule check
