[2025-03-19T17:09:53.601+0000] {taskinstance.py:1157} INFO - Dependencies all met for dep_context=non-requeueable deps ti=<TaskInstance: faud_detection_pipeline.store_data_hdfs scheduled__2023-10-11T09:00:00+00:00 [queued]>
[2025-03-19T17:09:53.630+0000] {taskinstance.py:1157} INFO - Dependencies all met for dep_context=requeueable deps ti=<TaskInstance: faud_detection_pipeline.store_data_hdfs scheduled__2023-10-11T09:00:00+00:00 [queued]>
[2025-03-19T17:09:53.631+0000] {taskinstance.py:1359} INFO - Starting attempt 1 of 2
[2025-03-19T17:09:53.688+0000] {taskinstance.py:1380} INFO - Executing <Task(BashOperator): store_data_hdfs> on 2023-10-11 09:00:00+00:00
[2025-03-19T17:09:53.702+0000] {standard_task_runner.py:57} INFO - Started process 30115 to run task
[2025-03-19T17:09:53.714+0000] {standard_task_runner.py:84} INFO - Running: ['***', 'tasks', 'run', 'faud_detection_pipeline', 'store_data_hdfs', 'scheduled__2023-10-11T09:00:00+00:00', '--job-id', '2152', '--raw', '--subdir', 'DAGS_FOLDER/dag_1.py', '--cfg-path', '/tmp/tmpx95z74od']
[2025-03-19T17:09:53.722+0000] {standard_task_runner.py:85} INFO - Job 2152: Subtask store_data_hdfs
[2025-03-19T17:09:53.836+0000] {task_command.py:415} INFO - Running <TaskInstance: faud_detection_pipeline.store_data_hdfs scheduled__2023-10-11T09:00:00+00:00 [running]> on host 0009f5fb76aa
[2025-03-19T17:09:54.091+0000] {taskinstance.py:1660} INFO - Exporting env vars: AIRFLOW_CTX_DAG_OWNER='***' AIRFLOW_CTX_DAG_ID='faud_detection_pipeline' AIRFLOW_CTX_TASK_ID='store_data_hdfs' AIRFLOW_CTX_EXECUTION_DATE='2023-10-11T09:00:00+00:00' AIRFLOW_CTX_TRY_NUMBER='1' AIRFLOW_CTX_DAG_RUN_ID='scheduled__2023-10-11T09:00:00+00:00'
[2025-03-19T17:09:54.095+0000] {subprocess.py:63} INFO - Tmp dir root location: /tmp
[2025-03-19T17:09:54.097+0000] {subprocess.py:75} INFO - Running command: ['/bin/bash', '-c', 'docker cp /tmp/transactions.csv namenode:/tmp/transactions.csv && docker cp /tmp/customers.csv namenode:/tmp/customers.csv && docker cp /tmp/external_data.csv namenode:/tmp/external_data.csv && docker exec namenode bash -c "hdfs dfs -mkdir -p /data/transactions && hdfs dfs -mkdir -p /data/customers && hdfs dfs -mkdir -p /data/external_data && hdfs dfs -put -f /tmp/transactions.csv /data/transactions/transactions.csv && hdfs dfs -put -f /tmp/customers.csv /data/customers/customers.csv && hdfs dfs -put -f /tmp/external_data.csv /data/external_data/external_data.csv && rm -rf /tmp/transactions.csv /tmp/customers.csv /tmp/external_data.csv"']
[2025-03-19T17:09:54.115+0000] {subprocess.py:86} INFO - Output:
[2025-03-19T17:10:09.109+0000] {subprocess.py:93} INFO - put: `/tmp/transactions.csv': No such file or directory
[2025-03-19T17:10:09.588+0000] {subprocess.py:97} INFO - Command exited with return code 1
[2025-03-19T17:10:09.606+0000] {taskinstance.py:1935} ERROR - Task failed with exception
Traceback (most recent call last):
  File "/home/airflow/.local/lib/python3.8/site-packages/airflow/operators/bash.py", line 210, in execute
    raise AirflowException(
airflow.exceptions.AirflowException: Bash command failed. The command returned a non-zero exit code 1.
[2025-03-19T17:10:09.612+0000] {taskinstance.py:1398} INFO - Marking task as UP_FOR_RETRY. dag_id=faud_detection_pipeline, task_id=store_data_hdfs, execution_date=20231011T090000, start_date=20250319T170953, end_date=20250319T171009
[2025-03-19T17:10:09.789+0000] {standard_task_runner.py:104} ERROR - Failed to execute job 2152 for task store_data_hdfs (Bash command failed. The command returned a non-zero exit code 1.; 30115)
[2025-03-19T17:10:09.813+0000] {local_task_job_runner.py:228} INFO - Task exited with return code 1
[2025-03-19T17:10:09.840+0000] {taskinstance.py:2776} INFO - 0 downstream tasks scheduled from follow-on schedule check
