[2025-03-22T21:28:54.033+0000] {taskinstance.py:1157} INFO - Dependencies all met for dep_context=non-requeueable deps ti=<TaskInstance: fraud_detection_pipeline.load_data_hive manual__2025-03-22T21:23:08+00:00 [queued]>
[2025-03-22T21:28:54.042+0000] {taskinstance.py:1157} INFO - Dependencies all met for dep_context=requeueable deps ti=<TaskInstance: fraud_detection_pipeline.load_data_hive manual__2025-03-22T21:23:08+00:00 [queued]>
[2025-03-22T21:28:54.043+0000] {taskinstance.py:1359} INFO - Starting attempt 1 of 4
[2025-03-22T21:28:54.063+0000] {taskinstance.py:1380} INFO - Executing <Task(BashOperator): load_data_hive> on 2025-03-22 21:23:08+00:00
[2025-03-22T21:28:54.068+0000] {standard_task_runner.py:57} INFO - Started process 1543 to run task
[2025-03-22T21:28:54.071+0000] {standard_task_runner.py:84} INFO - Running: ['***', 'tasks', 'run', 'fraud_detection_pipeline', 'load_data_hive', 'manual__2025-03-22T21:23:08+00:00', '--job-id', '28', '--raw', '--subdir', 'DAGS_FOLDER/dag_1.py', '--cfg-path', '/tmp/tmp_gqu86k1']
[2025-03-22T21:28:54.075+0000] {standard_task_runner.py:85} INFO - Job 28: Subtask load_data_hive
[2025-03-22T21:28:54.131+0000] {task_command.py:415} INFO - Running <TaskInstance: fraud_detection_pipeline.load_data_hive manual__2025-03-22T21:23:08+00:00 [running]> on host 4ece88aec9a9
[2025-03-22T21:28:54.218+0000] {taskinstance.py:1660} INFO - Exporting env vars: AIRFLOW_CTX_DAG_EMAIL='abelchaguermohamed@gmail.com' AIRFLOW_CTX_DAG_OWNER='***' AIRFLOW_CTX_DAG_ID='fraud_detection_pipeline' AIRFLOW_CTX_TASK_ID='load_data_hive' AIRFLOW_CTX_EXECUTION_DATE='2025-03-22T21:23:08+00:00' AIRFLOW_CTX_TRY_NUMBER='1' AIRFLOW_CTX_DAG_RUN_ID='manual__2025-03-22T21:23:08+00:00'
[2025-03-22T21:28:54.220+0000] {subprocess.py:63} INFO - Tmp dir root location: /tmp
[2025-03-22T21:28:54.221+0000] {subprocess.py:75} INFO - Running command: ['/bin/bash', '-c', 'if ! docker exec hive psql -U *** -d metastore_db -c "SELECT * FROM VERSION" 2>/dev/null; then   docker exec hive schematool -initSchema -dbType postgres; fi && docker exec hive hive -f /home/hive_script.hql']
[2025-03-22T21:28:54.231+0000] {subprocess.py:86} INFO - Output:
[2025-03-22T21:28:54.329+0000] {subprocess.py:93} INFO - OCI runtime exec failed: exec failed: unable to start container process: exec: "psql": executable file not found in $PATH: unknown
[2025-03-22T21:28:56.355+0000] {subprocess.py:93} INFO - SLF4J: Class path contains multiple SLF4J bindings.
[2025-03-22T21:28:56.356+0000] {subprocess.py:93} INFO - SLF4J: Found binding in [jar:file:/opt/hive/lib/log4j-slf4j-impl-2.6.2.jar!/org/slf4j/impl/StaticLoggerBinder.class]
[2025-03-22T21:28:56.357+0000] {subprocess.py:93} INFO - SLF4J: Found binding in [jar:file:/opt/hadoop-2.7.4/share/hadoop/common/lib/slf4j-log4j12-1.7.10.jar!/org/slf4j/impl/StaticLoggerBinder.class]
[2025-03-22T21:28:56.358+0000] {subprocess.py:93} INFO - SLF4J: See http://www.slf4j.org/codes.html#multiple_bindings for an explanation.
[2025-03-22T21:28:56.359+0000] {subprocess.py:93} INFO - SLF4J: Actual binding is of type [org.apache.logging.slf4j.Log4jLoggerFactory]
[2025-03-22T21:28:57.490+0000] {subprocess.py:93} INFO - Metastore connection URL:	 jdbc:postgresql://postgres:5432/metastore_db
[2025-03-22T21:28:57.491+0000] {subprocess.py:93} INFO - Metastore Connection Driver :	 org.postgresql.Driver
[2025-03-22T21:28:57.492+0000] {subprocess.py:93} INFO - Metastore connection User:	 ***
[2025-03-22T21:28:57.661+0000] {subprocess.py:93} INFO - Starting metastore schema initialization to 2.3.0
[2025-03-22T21:28:57.662+0000] {subprocess.py:93} INFO - Initialization script hive-schema-2.3.0.postgres.sql
[2025-03-22T21:28:57.703+0000] {subprocess.py:93} INFO - Error: ERROR: relation "BUCKETING_COLS" already exists (state=42P07,code=0)
[2025-03-22T21:28:57.704+0000] {subprocess.py:93} INFO - org.apache.hadoop.hive.metastore.HiveMetaException: Schema initialization FAILED! Metastore state would be inconsistent !!
[2025-03-22T21:28:57.705+0000] {subprocess.py:93} INFO - Underlying cause: java.io.IOException : Schema script failed, errorcode 2
[2025-03-22T21:28:57.706+0000] {subprocess.py:93} INFO - Use --verbose for detailed stacktrace.
[2025-03-22T21:28:57.708+0000] {subprocess.py:93} INFO - *** schemaTool failed ***
[2025-03-22T21:28:57.749+0000] {subprocess.py:97} INFO - Command exited with return code 1
[2025-03-22T21:28:57.761+0000] {taskinstance.py:1935} ERROR - Task failed with exception
Traceback (most recent call last):
  File "/home/airflow/.local/lib/python3.8/site-packages/airflow/operators/bash.py", line 210, in execute
    raise AirflowException(
airflow.exceptions.AirflowException: Bash command failed. The command returned a non-zero exit code 1.
[2025-03-22T21:28:57.765+0000] {taskinstance.py:1398} INFO - Marking task as UP_FOR_RETRY. dag_id=fraud_detection_pipeline, task_id=load_data_hive, execution_date=20250322T212308, start_date=20250322T212854, end_date=20250322T212857
[2025-03-22T21:28:57.797+0000] {logging_mixin.py:151} WARNING - /home/***/.local/lib/python3.8/site-packages/***/utils/email.py:154 RemovedInAirflow3Warning: Fetching SMTP credentials from configuration variables will be deprecated in a future release. Please set credentials using a connection instead.
[2025-03-22T21:28:57.798+0000] {email.py:270} INFO - Email alerting: attempt 1
[2025-03-22T21:28:58.381+0000] {email.py:282} INFO - Sent an alert email to ['abelchaguermohamed@gmail.com']
[2025-03-22T21:28:59.192+0000] {standard_task_runner.py:104} ERROR - Failed to execute job 28 for task load_data_hive (Bash command failed. The command returned a non-zero exit code 1.; 1543)
[2025-03-22T21:28:59.222+0000] {local_task_job_runner.py:228} INFO - Task exited with return code 1
[2025-03-22T21:28:59.245+0000] {taskinstance.py:2776} INFO - 0 downstream tasks scheduled from follow-on schedule check
