[2025-03-19T12:20:04.362+0000] {taskinstance.py:1157} INFO - Dependencies all met for dep_context=non-requeueable deps ti=<TaskInstance: fraud_detection_pipeline.store_data_hdfs scheduled__2023-10-08T14:00:00+00:00 [queued]>
[2025-03-19T12:20:04.376+0000] {taskinstance.py:1157} INFO - Dependencies all met for dep_context=requeueable deps ti=<TaskInstance: fraud_detection_pipeline.store_data_hdfs scheduled__2023-10-08T14:00:00+00:00 [queued]>
[2025-03-19T12:20:04.376+0000] {taskinstance.py:1359} INFO - Starting attempt 2 of 2
[2025-03-19T12:20:04.403+0000] {taskinstance.py:1380} INFO - Executing <Task(BashOperator): store_data_hdfs> on 2023-10-08 14:00:00+00:00
[2025-03-19T12:20:04.411+0000] {standard_task_runner.py:57} INFO - Started process 5574 to run task
[2025-03-19T12:20:04.416+0000] {standard_task_runner.py:84} INFO - Running: ['***', 'tasks', 'run', 'fraud_detection_pipeline', 'store_data_hdfs', 'scheduled__2023-10-08T14:00:00+00:00', '--job-id', '605', '--raw', '--subdir', 'DAGS_FOLDER/dag_1.py', '--cfg-path', '/tmp/tmpitjn5bn3']
[2025-03-19T12:20:04.421+0000] {standard_task_runner.py:85} INFO - Job 605: Subtask store_data_hdfs
[2025-03-19T12:20:04.503+0000] {task_command.py:415} INFO - Running <TaskInstance: fraud_detection_pipeline.store_data_hdfs scheduled__2023-10-08T14:00:00+00:00 [running]> on host 0009f5fb76aa
[2025-03-19T12:20:04.620+0000] {taskinstance.py:1660} INFO - Exporting env vars: AIRFLOW_CTX_DAG_OWNER='***' AIRFLOW_CTX_DAG_ID='fraud_detection_pipeline' AIRFLOW_CTX_TASK_ID='store_data_hdfs' AIRFLOW_CTX_EXECUTION_DATE='2023-10-08T14:00:00+00:00' AIRFLOW_CTX_TRY_NUMBER='2' AIRFLOW_CTX_DAG_RUN_ID='scheduled__2023-10-08T14:00:00+00:00'
[2025-03-19T12:20:04.623+0000] {subprocess.py:63} INFO - Tmp dir root location: /tmp
[2025-03-19T12:20:04.627+0000] {subprocess.py:75} INFO - Running command: ['/bin/bash', '-c', 'docker cp /tmp/transactions.json namenode:/tmp/transactions.json && docker cp /tmp/customers.json namenode:/tmp/customers.json && docker cp /tmp/external_data.json namenode:/tmp/external_data.json && rm -rf /tmp/external_data.json  && rm -rf /tmp/customers.json  && rm -rf /tmp/transactions.json  && docker exec namenode bash -c "hdfs dfs -mkdir -p /data && hdfs dfs -put -f /tmp/transactions.json /data/transactions.json && hdfs dfs -put -f /tmp/customers.json /data/customers.json && hdfs dfs -put -f /tmp/external_data.json /data/external_data.json && rm -rf /tmp/customers.json  && rm -rf /tmp/customers.json  && rm -rf /tmp/external_data.json "']
[2025-03-19T12:20:04.644+0000] {subprocess.py:86} INFO - Output:
[2025-03-19T12:20:04.702+0000] {subprocess.py:93} INFO - lstat /tmp/transactions.json: no such file or directory
[2025-03-19T12:20:04.704+0000] {subprocess.py:97} INFO - Command exited with return code 1
[2025-03-19T12:20:04.720+0000] {taskinstance.py:1935} ERROR - Task failed with exception
Traceback (most recent call last):
  File "/home/airflow/.local/lib/python3.8/site-packages/airflow/operators/bash.py", line 210, in execute
    raise AirflowException(
airflow.exceptions.AirflowException: Bash command failed. The command returned a non-zero exit code 1.
[2025-03-19T12:20:04.726+0000] {taskinstance.py:1398} INFO - Marking task as FAILED. dag_id=fraud_detection_pipeline, task_id=store_data_hdfs, execution_date=20231008T140000, start_date=20250319T122004, end_date=20250319T122004
[2025-03-19T12:20:04.746+0000] {standard_task_runner.py:104} ERROR - Failed to execute job 605 for task store_data_hdfs (Bash command failed. The command returned a non-zero exit code 1.; 5574)
[2025-03-19T12:20:04.791+0000] {local_task_job_runner.py:228} INFO - Task exited with return code 1
[2025-03-19T12:20:04.825+0000] {taskinstance.py:2776} INFO - 0 downstream tasks scheduled from follow-on schedule check
