[2025-03-19T19:57:24.945+0000] {taskinstance.py:1157} INFO - Dependencies all met for dep_context=non-requeueable deps ti=<TaskInstance: fraud_detection_pipeline.store_data_hdfs manual__2025-03-19T15:06:05.833438+00:00 [queued]>
[2025-03-19T19:57:25.226+0000] {taskinstance.py:1157} INFO - Dependencies all met for dep_context=requeueable deps ti=<TaskInstance: fraud_detection_pipeline.store_data_hdfs manual__2025-03-19T15:06:05.833438+00:00 [queued]>
[2025-03-19T19:57:25.241+0000] {taskinstance.py:1359} INFO - Starting attempt 2 of 2
[2025-03-19T19:57:25.604+0000] {taskinstance.py:1380} INFO - Executing <Task(BashOperator): store_data_hdfs> on 2025-03-19 15:06:05.833438+00:00
[2025-03-19T19:57:25.711+0000] {standard_task_runner.py:57} INFO - Started process 46338 to run task
[2025-03-19T19:57:25.742+0000] {standard_task_runner.py:84} INFO - Running: ['***', 'tasks', 'run', 'fraud_detection_pipeline', 'store_data_hdfs', 'manual__2025-03-19T15:06:05.833438+00:00', '--job-id', '2842', '--raw', '--subdir', 'DAGS_FOLDER/dag_1.py', '--cfg-path', '/tmp/tmpr64hy54s']
[2025-03-19T19:57:25.807+0000] {standard_task_runner.py:85} INFO - Job 2842: Subtask store_data_hdfs
[2025-03-19T19:57:26.300+0000] {task_command.py:415} INFO - Running <TaskInstance: fraud_detection_pipeline.store_data_hdfs manual__2025-03-19T15:06:05.833438+00:00 [running]> on host 0009f5fb76aa
[2025-03-19T19:57:27.097+0000] {taskinstance.py:1660} INFO - Exporting env vars: AIRFLOW_CTX_DAG_OWNER='***' AIRFLOW_CTX_DAG_ID='fraud_detection_pipeline' AIRFLOW_CTX_TASK_ID='store_data_hdfs' AIRFLOW_CTX_EXECUTION_DATE='2025-03-19T15:06:05.833438+00:00' AIRFLOW_CTX_TRY_NUMBER='2' AIRFLOW_CTX_DAG_RUN_ID='manual__2025-03-19T15:06:05.833438+00:00'
[2025-03-19T19:57:27.107+0000] {subprocess.py:63} INFO - Tmp dir root location: /tmp
[2025-03-19T19:57:27.111+0000] {subprocess.py:75} INFO - Running command: ['/bin/bash', '-c', 'docker cp /tmp/transactions.csv namenode:/tmp/transactions.csv && docker cp /tmp/customers.csv namenode:/tmp/customers.csv && docker cp /tmp/external_data.csv namenode:/tmp/external_data.csv && docker exec namenode bash -c "hdfs dfs -mkdir -p /data/transactions && hdfs dfs -mkdir -p /data/customers && hdfs dfs -mkdir -p /data/external_data && hdfs dfs -put -f /tmp/transactions.csv /data/transactions/transactions.csv && hdfs dfs -put -f /tmp/customers.csv /data/customers/customers.csv && hdfs dfs -put -f /tmp/external_data.csv /data/external_data/external_data.csv && rm -rf /tmp/transactions.csv /tmp/customers.csv /tmp/external_data.csv"']
[2025-03-19T19:57:27.285+0000] {subprocess.py:86} INFO - Output:
[2025-03-19T19:58:00.348+0000] {local_task_job_runner.py:294} WARNING - State of this instance has been externally set to None. Terminating instance.
[2025-03-19T19:58:00.394+0000] {process_utils.py:131} INFO - Sending 15 to group 46338. PIDs of all processes in the group: [46345, 46338]
[2025-03-19T19:58:00.420+0000] {process_utils.py:86} INFO - Sending the signal 15 to group 46338
[2025-03-19T19:58:00.438+0000] {taskinstance.py:1630} ERROR - Received SIGTERM. Terminating subprocesses.
[2025-03-19T19:58:00.459+0000] {subprocess.py:104} INFO - Sending SIGTERM signal to process group
[2025-03-19T19:58:00.959+0000] {taskinstance.py:1935} ERROR - Task failed with exception
Traceback (most recent call last):
  File "/home/airflow/.local/lib/python3.8/site-packages/airflow/operators/bash.py", line 201, in execute
    result = self.subprocess_hook.run_command(
  File "/home/airflow/.local/lib/python3.8/site-packages/airflow/hooks/subprocess.py", line 91, in run_command
    for raw_line in iter(self.sub_process.stdout.readline, b""):
  File "/home/airflow/.local/lib/python3.8/site-packages/airflow/models/taskinstance.py", line 1632, in signal_handler
    raise AirflowException("Task received SIGTERM signal")
airflow.exceptions.AirflowException: Task received SIGTERM signal
[2025-03-19T19:58:01.088+0000] {taskinstance.py:1398} INFO - Marking task as FAILED. dag_id=fraud_detection_pipeline, task_id=store_data_hdfs, execution_date=20250319T150605, start_date=20250319T195725, end_date=20250319T195801
[2025-03-19T19:58:01.314+0000] {standard_task_runner.py:104} ERROR - Failed to execute job 2842 for task store_data_hdfs ((psycopg2.errors.ForeignKeyViolation) insert or update on table "task_fail" violates foreign key constraint "task_fail_ti_fkey"
DETAIL:  Key (dag_id, task_id, run_id, map_index)=(fraud_detection_pipeline, store_data_hdfs, manual__2025-03-19T15:06:05.833438+00:00, -1) is not present in table "task_instance".

[SQL: INSERT INTO task_fail (task_id, dag_id, run_id, map_index, start_date, end_date, duration) VALUES (%(task_id)s, %(dag_id)s, %(run_id)s, %(map_index)s, %(start_date)s, %(end_date)s, %(duration)s) RETURNING task_fail.id]
[parameters: {'task_id': 'store_data_hdfs', 'dag_id': 'fraud_detection_pipeline', 'run_id': 'manual__2025-03-19T15:06:05.833438+00:00', 'map_index': -1, 'start_date': datetime.datetime(2025, 3, 19, 19, 57, 25, 69919, tzinfo=Timezone('UTC')), 'end_date': datetime.datetime(2025, 3, 19, 19, 58, 1, 83040, tzinfo=Timezone('UTC')), 'duration': 36}]
(Background on this error at: https://sqlalche.me/e/14/gkpj); 46338)
[2025-03-19T19:58:01.509+0000] {process_utils.py:79} INFO - Process psutil.Process(pid=46345, status='terminated', started='19:57:26') (46345) terminated with exit code None
[2025-03-19T19:58:01.535+0000] {process_utils.py:79} INFO - Process psutil.Process(pid=46338, status='terminated', exitcode=1, started='19:57:25') (46338) terminated with exit code 1
