[2025-03-19T17:27:07.949+0000] {taskinstance.py:1157} INFO - Dependencies all met for dep_context=non-requeueable deps ti=<TaskInstance: faud_detection_pipeline.load_data_hive scheduled__2023-10-13T04:00:00+00:00 [queued]>
[2025-03-19T17:27:07.984+0000] {taskinstance.py:1157} INFO - Dependencies all met for dep_context=requeueable deps ti=<TaskInstance: faud_detection_pipeline.load_data_hive scheduled__2023-10-13T04:00:00+00:00 [queued]>
[2025-03-19T17:27:07.987+0000] {taskinstance.py:1359} INFO - Starting attempt 1 of 2
[2025-03-19T17:27:08.048+0000] {taskinstance.py:1380} INFO - Executing <Task(BashOperator): load_data_hive> on 2023-10-13 04:00:00+00:00
[2025-03-19T17:27:08.064+0000] {standard_task_runner.py:57} INFO - Started process 34030 to run task
[2025-03-19T17:27:08.068+0000] {standard_task_runner.py:84} INFO - Running: ['***', 'tasks', 'run', 'faud_detection_pipeline', 'load_data_hive', 'scheduled__2023-10-13T04:00:00+00:00', '--job-id', '2333', '--raw', '--subdir', 'DAGS_FOLDER/dag_1.py', '--cfg-path', '/tmp/tmpyj4gn5n5']
[2025-03-19T17:27:08.075+0000] {standard_task_runner.py:85} INFO - Job 2333: Subtask load_data_hive
[2025-03-19T17:27:08.237+0000] {task_command.py:415} INFO - Running <TaskInstance: faud_detection_pipeline.load_data_hive scheduled__2023-10-13T04:00:00+00:00 [running]> on host 0009f5fb76aa
[2025-03-19T17:27:08.451+0000] {taskinstance.py:1660} INFO - Exporting env vars: AIRFLOW_CTX_DAG_OWNER='***' AIRFLOW_CTX_DAG_ID='faud_detection_pipeline' AIRFLOW_CTX_TASK_ID='load_data_hive' AIRFLOW_CTX_EXECUTION_DATE='2023-10-13T04:00:00+00:00' AIRFLOW_CTX_TRY_NUMBER='1' AIRFLOW_CTX_DAG_RUN_ID='scheduled__2023-10-13T04:00:00+00:00'
[2025-03-19T17:27:08.459+0000] {subprocess.py:63} INFO - Tmp dir root location: /tmp
[2025-03-19T17:27:08.461+0000] {subprocess.py:75} INFO - Running command: ['/bin/bash', '-c', 'docker exec hive hive -f /home/hive_script.hql']
[2025-03-19T17:27:08.484+0000] {subprocess.py:86} INFO - Output:
[2025-03-19T17:27:12.361+0000] {subprocess.py:93} INFO - SLF4J: Class path contains multiple SLF4J bindings.
[2025-03-19T17:27:12.362+0000] {subprocess.py:93} INFO - SLF4J: Found binding in [jar:file:/opt/hive/lib/log4j-slf4j-impl-2.6.2.jar!/org/slf4j/impl/StaticLoggerBinder.class]
[2025-03-19T17:27:12.363+0000] {subprocess.py:93} INFO - SLF4J: Found binding in [jar:file:/opt/hadoop-2.7.4/share/hadoop/common/lib/slf4j-log4j12-1.7.10.jar!/org/slf4j/impl/StaticLoggerBinder.class]
[2025-03-19T17:27:12.364+0000] {subprocess.py:93} INFO - SLF4J: See http://www.slf4j.org/codes.html#multiple_bindings for an explanation.
[2025-03-19T17:27:12.366+0000] {subprocess.py:93} INFO - SLF4J: Actual binding is of type [org.apache.logging.slf4j.Log4jLoggerFactory]
[2025-03-19T17:27:15.069+0000] {subprocess.py:93} INFO - 
[2025-03-19T17:27:15.071+0000] {subprocess.py:93} INFO - Logging initialized using configuration in file:/opt/hive/conf/hive-log4j2.properties Async: true
[2025-03-19T17:27:38.039+0000] {subprocess.py:93} INFO - OK
[2025-03-19T17:27:38.042+0000] {subprocess.py:93} INFO - Time taken: 18.45 seconds
[2025-03-19T17:27:38.315+0000] {subprocess.py:93} INFO - OK
[2025-03-19T17:27:38.316+0000] {subprocess.py:93} INFO - Time taken: 0.27 seconds
[2025-03-19T17:27:38.353+0000] {subprocess.py:93} INFO - OK
[2025-03-19T17:27:38.354+0000] {subprocess.py:93} INFO - Time taken: 0.036 seconds
[2025-03-19T17:27:38.911+0000] {subprocess.py:97} INFO - Command exited with return code 0
[2025-03-19T17:27:38.958+0000] {taskinstance.py:1398} INFO - Marking task as SUCCESS. dag_id=faud_detection_pipeline, task_id=load_data_hive, execution_date=20231013T040000, start_date=20250319T172707, end_date=20250319T172738
[2025-03-19T17:27:39.022+0000] {local_task_job_runner.py:228} INFO - Task exited with return code 0
[2025-03-19T17:27:39.060+0000] {taskinstance.py:2776} INFO - 1 downstream tasks scheduled from follow-on schedule check
